<?xml version="1.0" encoding="utf-8"?>
<pysyslog completed="85/85" status="complete">
	<timestamp>2022-07-26 16:13:05</timestamp>
	<platform>linux</platform>
	<host>m32sd10c</host>
	<root>/home/pi/actions-runner/_work/thin-edge.io/thin-edge.io/tests/PySys</root>
	<xargs/>
	<results cycle="1">
		<result id="c8y_jwt_token_retrieval" outcome="FAILED">
			<outcomeReason>Grep on resp_jwt.out contains &quot;\[c8y/s/dat\] 71,&quot;</outcomeReason>
			<timestamp>2022-07-26 16:13:28</timestamp>
			<descriptor>/home/pi/actions-runner/_work/thin-edge.io/thin-edge.io/tests/PySys/cloud_c8y/c8y_jwt_token_retrieval/pysystest.xml</descriptor>
			<output>/home/pi/actions-runner/_work/thin-edge.io/thin-edge.io/tests/PySys/cloud_c8y/c8y_jwt_token_retrieval/Output/linux</output>
		</result>
		<result id="local_mqtt_pub_sub" outcome="PASSED">
			<outcomeReason>Grep on file tedge_sub.out</outcomeReason>
			<timestamp>2022-07-26 16:13:31</timestamp>
			<descriptor>/home/pi/actions-runner/_work/thin-edge.io/thin-edge.io/tests/PySys/local_mqtt/local_mqtt_pub_sub/pysystest.xml</descriptor>
			<output>/home/pi/actions-runner/_work/thin-edge.io/thin-edge.io/tests/PySys/local_mqtt/local_mqtt_pub_sub/Output/linux</output>
		</result>
		<result id="local_mqtt_pub_sub_retain" outcome="FAILED">
			<outcomeReason>Grep on temp_sensor_sub.out contains &quot;\[test/alarms/temp_sensor\] alarm msg 2&quot; (+1 other failures)</outcomeReason>
			<timestamp>2022-07-26 16:13:36</timestamp>
			<descriptor>/home/pi/actions-runner/_work/thin-edge.io/thin-edge.io/tests/PySys/local_mqtt/local_mqtt_pub_sub_retain/pysystest.xml</descriptor>
			<output>/home/pi/actions-runner/_work/thin-edge.io/thin-edge.io/tests/PySys/local_mqtt/local_mqtt_pub_sub_retain/Output/linux</output>
		</result>
		<result id="log_request_error_messages" outcome="BLOCKED">
			<outcomeReason>TypeError: 'NoneType' object is not subscriptable</outcomeReason>
			<timestamp>2022-07-26 16:14:04</timestamp>
			<descriptor>/home/pi/actions-runner/_work/thin-edge.io/thin-edge.io/tests/PySys/log_request_end_to_end/log_request_error_messages/pysystest.xml</descriptor>
			<output>/home/pi/actions-runner/_work/thin-edge.io/thin-edge.io/tests/PySys/log_request_end_to_end/log_request_error_messages/Output/linux</output>
		</result>
		<result id="log_request_num_lines" outcome="BLOCKED">
			<outcomeReason>TypeError: 'NoneType' object is not subscriptable</outcomeReason>
			<timestamp>2022-07-26 16:14:36</timestamp>
			<descriptor>/home/pi/actions-runner/_work/thin-edge.io/thin-edge.io/tests/PySys/log_request_end_to_end/log_request_num_lines/pysystest.xml</descriptor>
			<output>/home/pi/actions-runner/_work/thin-edge.io/thin-edge.io/tests/PySys/log_request_end_to_end/log_request_num_lines/Output/linux</output>
		</result>
		<result id="custom_init_system" outcome="PASSED">
			<outcomeReason>Grep on file tedge_connect.out</outcomeReason>
			<timestamp>2022-07-26 16:15:06</timestamp>
			<descriptor>/home/pi/actions-runner/_work/thin-edge.io/thin-edge.io/tests/PySys/misc_features/custom_init_system/pysystest.xml</descriptor>
			<output>/home/pi/actions-runner/_work/thin-edge.io/thin-edge.io/tests/PySys/misc_features/custom_init_system/Output/linux</output>
		</result>
		<result id="invalid_device_id" outcome="PASSED">
			<outcomeReason>Grep on file cert_create.err</outcomeReason>
			<timestamp>2022-07-26 16:15:10</timestamp>
			<descriptor>/home/pi/actions-runner/_work/thin-edge.io/thin-edge.io/tests/PySys/misc_features/invalid_device_id/pysystest.xml</descriptor>
			<output>/home/pi/actions-runner/_work/thin-edge.io/thin-edge.io/tests/PySys/misc_features/invalid_device_id/Output/linux</output>
		</result>
		<result id="mqtt_port_change_connection_fails" outcome="PASSED">
			<outcomeReason>Grep on file mqtt_pub.err</outcomeReason>
			<timestamp>2022-07-26 16:15:12</timestamp>
			<descriptor>/home/pi/actions-runner/_work/thin-edge.io/thin-edge.io/tests/PySys/misc_features/mqtt_port_change_connection_fails/pysystest.xml</descriptor>
			<output>/home/pi/actions-runner/_work/thin-edge.io/thin-edge.io/tests/PySys/misc_features/mqtt_port_change_connection_fails/Output/linux</output>
		</result>
		<result id="mqtt_port_change_connection_works" outcome="SKIPPED">
			<outcomeReason>failing intermitently</outcomeReason>
			<timestamp>2022-07-26 16:15:12</timestamp>
			<descriptor>/home/pi/actions-runner/_work/thin-edge.io/thin-edge.io/tests/PySys/misc_features/mqtt_port_change_connection_works/pysystest.xml</descriptor>
			<output>/home/pi/actions-runner/_work/thin-edge.io/thin-edge.io/tests/PySys/misc_features/mqtt_port_change_connection_works/Output/linux</output>
		</result>
		<result id="valid_device_id" outcome="PASSED">
			<outcomeReason>Grep on file tedge_connect_c8y.out</outcomeReason>
			<timestamp>2022-07-26 16:16:00</timestamp>
			<descriptor>/home/pi/actions-runner/_work/thin-edge.io/thin-edge.io/tests/PySys/misc_features/valid_device_id/pysystest.xml</descriptor>
			<output>/home/pi/actions-runner/_work/thin-edge.io/thin-edge.io/tests/PySys/misc_features/valid_device_id/Output/linux</output>
		</result>
		<result id="monitoring_smaller_interval" outcome="BLOCKED">
			<outcomeReason>TypeError: 'int' object is not subscriptable</outcomeReason>
			<timestamp>2022-07-26 16:16:15</timestamp>
			<descriptor>/home/pi/actions-runner/_work/thin-edge.io/thin-edge.io/tests/PySys/monitoring/monitoring_smaller_interval/pysystest.xml</descriptor>
			<output>/home/pi/actions-runner/_work/thin-edge.io/thin-edge.io/tests/PySys/monitoring/monitoring_smaller_interval/Output/linux</output>
		</result>
		<result id="monitoring_with_collectd" outcome="SKIPPED">
			<outcomeReason>Test execution disabled due to #792 (instable)</outcomeReason>
			<timestamp>2022-07-26 16:16:15</timestamp>
			<descriptor>/home/pi/actions-runner/_work/thin-edge.io/thin-edge.io/tests/PySys/monitoring/monitoring_with_collectd/pysystest.xml</descriptor>
			<output>/home/pi/actions-runner/_work/thin-edge.io/thin-edge.io/tests/PySys/monitoring/monitoring_with_collectd/Output/linux</output>
		</result>
		<result id="monitoring_with_simulated_messages" outcome="BLOCKED">
			<outcomeReason>TypeError: 'int' object is not subscriptable</outcomeReason>
			<timestamp>2022-07-26 16:16:19</timestamp>
			<descriptor>/home/pi/actions-runner/_work/thin-edge.io/thin-edge.io/tests/PySys/monitoring/monitoring_with_simulated_messages/pysystest.xml</descriptor>
			<output>/home/pi/actions-runner/_work/thin-edge.io/thin-edge.io/tests/PySys/monitoring/monitoring_with_simulated_messages/Output/linux</output>
		</result>
		<result id="SoftwareManagement.Plugin.apama_plugin_install" outcome="SKIPPED">
			<outcomeReason>Apama plugin tests are disabled by default. Execute `pysys run` with `-XmyPlatform=container` to run these tests</outcomeReason>
			<timestamp>2022-07-26 16:16:19</timestamp>
			<descriptor>/home/pi/actions-runner/_work/thin-edge.io/thin-edge.io/tests/PySys/plugin_apama/apama_plugin_install/pysystest.xml</descriptor>
			<output>/home/pi/actions-runner/_work/thin-edge.io/thin-edge.io/tests/PySys/plugin_apama/apama_plugin_install/Output/linux</output>
		</result>
		<result id="SoftwareManagement.Plugin.apama_plugin_mon_support" outcome="SKIPPED">
			<outcomeReason>Apama plugin tests are disabled by default. Execute `pysys run` with `-XmyPlatform=container` to run these tests</outcomeReason>
			<timestamp>2022-07-26 16:16:19</timestamp>
			<descriptor>/home/pi/actions-runner/_work/thin-edge.io/thin-edge.io/tests/PySys/plugin_apama/apama_plugin_mon_support/pysystest.xml</descriptor>
			<output>/home/pi/actions-runner/_work/thin-edge.io/thin-edge.io/tests/PySys/plugin_apama/apama_plugin_mon_support/Output/linux</output>
		</result>
		<result id="SoftwareManagement.Plugin.apama_plugin_remove" outcome="SKIPPED">
			<outcomeReason>Apama plugin tests are disabled by default. Execute `pysys run` with `-XmyPlatform=container` to run these tests</outcomeReason>
			<timestamp>2022-07-26 16:16:19</timestamp>
			<descriptor>/home/pi/actions-runner/_work/thin-edge.io/thin-edge.io/tests/PySys/plugin_apama/apama_plugin_remove/pysystest.xml</descriptor>
			<output>/home/pi/actions-runner/_work/thin-edge.io/thin-edge.io/tests/PySys/plugin_apama/apama_plugin_remove/Output/linux</output>
		</result>
		<result id="SoftwareManagement.Plugin.apama_plugin_update" outcome="SKIPPED">
			<outcomeReason>Apama plugin tests are disabled by default. Execute `pysys run` with `-XmyPlatform=container` to run these tests</outcomeReason>
			<timestamp>2022-07-26 16:16:20</timestamp>
			<descriptor>/home/pi/actions-runner/_work/thin-edge.io/thin-edge.io/tests/PySys/plugin_apama/apama_plugin_update/pysystest.xml</descriptor>
			<output>/home/pi/actions-runner/_work/thin-edge.io/thin-edge.io/tests/PySys/plugin_apama/apama_plugin_update/Output/linux</output>
		</result>
		<result id="apt_fail_noarg" outcome="SKIPPED">
			<outcomeReason>Testing the apt plugin is not supported on this platform.To run the tests call PySys with -XmyPlatform='container'</outcomeReason>
			<timestamp>2022-07-26 16:16:20</timestamp>
			<descriptor>/home/pi/actions-runner/_work/thin-edge.io/thin-edge.io/tests/PySys/plugin_apt/apt_fail_noarg/pysystest.xml</descriptor>
			<output>/home/pi/actions-runner/_work/thin-edge.io/thin-edge.io/tests/PySys/plugin_apt/apt_fail_noarg/Output/linux</output>
		</result>
		<result id="apt_finalize" outcome="SKIPPED">
			<outcomeReason>Testing the apt plugin is not supported on this platform.To run the tests call PySys with -XmyPlatform='container'</outcomeReason>
			<timestamp>2022-07-26 16:16:20</timestamp>
			<descriptor>/home/pi/actions-runner/_work/thin-edge.io/thin-edge.io/tests/PySys/plugin_apt/apt_finalize/pysystest.xml</descriptor>
			<output>/home/pi/actions-runner/_work/thin-edge.io/thin-edge.io/tests/PySys/plugin_apt/apt_finalize/Output/linux</output>
		</result>
		<result id="apt_install" outcome="SKIPPED">
			<outcomeReason>Testing the apt plugin is not supported on this platform.To run the tests call PySys with -XmyPlatform='container'</outcomeReason>
			<timestamp>2022-07-26 16:16:20</timestamp>
			<descriptor>/home/pi/actions-runner/_work/thin-edge.io/thin-edge.io/tests/PySys/plugin_apt/apt_install/pysystest.xml</descriptor>
			<output>/home/pi/actions-runner/_work/thin-edge.io/thin-edge.io/tests/PySys/plugin_apt/apt_install/Output/linux</output>
		</result>
		<result id="apt_install_fail" outcome="SKIPPED">
			<outcomeReason>Testing the apt plugin is not supported on this platform.To run the tests call PySys with -XmyPlatform='container'</outcomeReason>
			<timestamp>2022-07-26 16:16:20</timestamp>
			<descriptor>/home/pi/actions-runner/_work/thin-edge.io/thin-edge.io/tests/PySys/plugin_apt/apt_install_fail/pysystest.xml</descriptor>
			<output>/home/pi/actions-runner/_work/thin-edge.io/thin-edge.io/tests/PySys/plugin_apt/apt_install_fail/Output/linux</output>
		</result>
		<result id="apt_install_local_file" outcome="SKIPPED">
			<outcomeReason>Testing the apt plugin is not supported on this platform.To run the tests call PySys with -XmyPlatform='container'</outcomeReason>
			<timestamp>2022-07-26 16:16:20</timestamp>
			<descriptor>/home/pi/actions-runner/_work/thin-edge.io/thin-edge.io/tests/PySys/plugin_apt/apt_install_local_file/pysystest.xml</descriptor>
			<output>/home/pi/actions-runner/_work/thin-edge.io/thin-edge.io/tests/PySys/plugin_apt/apt_install_local_file/Output/linux</output>
		</result>
		<result id="apt_install_local_file_fail" outcome="SKIPPED">
			<outcomeReason>Testing the apt plugin is not supported on this platform.To run the tests call PySys with -XmyPlatform='container'</outcomeReason>
			<timestamp>2022-07-26 16:16:20</timestamp>
			<descriptor>/home/pi/actions-runner/_work/thin-edge.io/thin-edge.io/tests/PySys/plugin_apt/apt_install_local_file_fail/pysystest.xml</descriptor>
			<output>/home/pi/actions-runner/_work/thin-edge.io/thin-edge.io/tests/PySys/plugin_apt/apt_install_local_file_fail/Output/linux</output>
		</result>
		<result id="apt_install_local_file_with_version" outcome="SKIPPED">
			<outcomeReason>Testing the apt plugin is not supported on this platform.To run the tests call PySys with -XmyPlatform='container'</outcomeReason>
			<timestamp>2022-07-26 16:16:20</timestamp>
			<descriptor>/home/pi/actions-runner/_work/thin-edge.io/thin-edge.io/tests/PySys/plugin_apt/apt_install_local_file_with_version/pysystest.xml</descriptor>
			<output>/home/pi/actions-runner/_work/thin-edge.io/thin-edge.io/tests/PySys/plugin_apt/apt_install_local_file_with_version/Output/linux</output>
		</result>
		<result id="apt_install_local_file_with_version_fail" outcome="SKIPPED">
			<outcomeReason>Testing the apt plugin is not supported on this platform.To run the tests call PySys with -XmyPlatform='container'</outcomeReason>
			<timestamp>2022-07-26 16:16:20</timestamp>
			<descriptor>/home/pi/actions-runner/_work/thin-edge.io/thin-edge.io/tests/PySys/plugin_apt/apt_install_local_file_with_version_fail/pysystest.xml</descriptor>
			<output>/home/pi/actions-runner/_work/thin-edge.io/thin-edge.io/tests/PySys/plugin_apt/apt_install_local_file_with_version_fail/Output/linux</output>
		</result>
		<result id="apt_list_format" outcome="PASSED">
			<outcomeReason>Grep on file apt_plugin.out</outcomeReason>
			<timestamp>2022-07-26 16:16:23</timestamp>
			<descriptor>/home/pi/actions-runner/_work/thin-edge.io/thin-edge.io/tests/PySys/plugin_apt/apt_list_format/pysystest.xml</descriptor>
			<output>/home/pi/actions-runner/_work/thin-edge.io/thin-edge.io/tests/PySys/plugin_apt/apt_list_format/Output/linux</output>
		</result>
		<result id="apt_prepare" outcome="SKIPPED">
			<outcomeReason>Testing the apt plugin is not supported on this platform.To run the tests call PySys with -XmyPlatform='container'</outcomeReason>
			<timestamp>2022-07-26 16:16:23</timestamp>
			<descriptor>/home/pi/actions-runner/_work/thin-edge.io/thin-edge.io/tests/PySys/plugin_apt/apt_prepare/pysystest.xml</descriptor>
			<output>/home/pi/actions-runner/_work/thin-edge.io/thin-edge.io/tests/PySys/plugin_apt/apt_prepare/Output/linux</output>
		</result>
		<result id="apt_prepare_install_finalize" outcome="SKIPPED">
			<outcomeReason>Testing the apt plugin is not supported on this platform.To run the tests call PySys with -XmyPlatform='container'</outcomeReason>
			<timestamp>2022-07-26 16:16:23</timestamp>
			<descriptor>/home/pi/actions-runner/_work/thin-edge.io/thin-edge.io/tests/PySys/plugin_apt/apt_prepare_install_finalize/pysystest.xml</descriptor>
			<output>/home/pi/actions-runner/_work/thin-edge.io/thin-edge.io/tests/PySys/plugin_apt/apt_prepare_install_finalize/Output/linux</output>
		</result>
		<result id="apt_remove" outcome="SKIPPED">
			<outcomeReason>Testing the apt plugin is not supported on this platform.To run the tests call PySys with -XmyPlatform='container'</outcomeReason>
			<timestamp>2022-07-26 16:16:23</timestamp>
			<descriptor>/home/pi/actions-runner/_work/thin-edge.io/thin-edge.io/tests/PySys/plugin_apt/apt_remove/pysystest.xml</descriptor>
			<output>/home/pi/actions-runner/_work/thin-edge.io/thin-edge.io/tests/PySys/plugin_apt/apt_remove/Output/linux</output>
		</result>
		<result id="apt_remove_fail" outcome="SKIPPED">
			<outcomeReason>Testing the apt plugin is not supported on this platform.To run the tests call PySys with -XmyPlatform='container'</outcomeReason>
			<timestamp>2022-07-26 16:16:23</timestamp>
			<descriptor>/home/pi/actions-runner/_work/thin-edge.io/thin-edge.io/tests/PySys/plugin_apt/apt_remove_fail/pysystest.xml</descriptor>
			<output>/home/pi/actions-runner/_work/thin-edge.io/thin-edge.io/tests/PySys/plugin_apt/apt_remove_fail/Output/linux</output>
		</result>
		<result id="apt_sequence_install_with_version" outcome="SKIPPED">
			<outcomeReason>Testing the apt plugin is not supported on this platform.To run the tests call PySys with -XmyPlatform='container'</outcomeReason>
			<timestamp>2022-07-26 16:16:23</timestamp>
			<descriptor>/home/pi/actions-runner/_work/thin-edge.io/thin-edge.io/tests/PySys/plugin_apt/apt_sequence_install_with_version/pysystest.xml</descriptor>
			<output>/home/pi/actions-runner/_work/thin-edge.io/thin-edge.io/tests/PySys/plugin_apt/apt_sequence_install_with_version/Output/linux</output>
		</result>
		<result id="apt_sequence_install_with_version_fail" outcome="SKIPPED">
			<outcomeReason>Testing the apt plugin is not supported on this platform.To run the tests call PySys with -XmyPlatform='container'</outcomeReason>
			<timestamp>2022-07-26 16:16:23</timestamp>
			<descriptor>/home/pi/actions-runner/_work/thin-edge.io/thin-edge.io/tests/PySys/plugin_apt/apt_sequence_install_with_version_fail/pysystest.xml</descriptor>
			<output>/home/pi/actions-runner/_work/thin-edge.io/thin-edge.io/tests/PySys/plugin_apt/apt_sequence_install_with_version_fail/Output/linux</output>
		</result>
		<result id="apt_sequence_remove" outcome="SKIPPED">
			<outcomeReason>Testing the apt plugin is not supported on this platform.To run the tests call PySys with -XmyPlatform='container'</outcomeReason>
			<timestamp>2022-07-26 16:16:24</timestamp>
			<descriptor>/home/pi/actions-runner/_work/thin-edge.io/thin-edge.io/tests/PySys/plugin_apt/apt_sequence_remove/pysystest.xml</descriptor>
			<output>/home/pi/actions-runner/_work/thin-edge.io/thin-edge.io/tests/PySys/plugin_apt/apt_sequence_remove/Output/linux</output>
		</result>
		<result id="apt_sequence_remove_with_version" outcome="SKIPPED">
			<outcomeReason>Testing the apt plugin is not supported on this platform.To run the tests call PySys with -XmyPlatform='container'</outcomeReason>
			<timestamp>2022-07-26 16:16:24</timestamp>
			<descriptor>/home/pi/actions-runner/_work/thin-edge.io/thin-edge.io/tests/PySys/plugin_apt/apt_sequence_remove_with_version/pysystest.xml</descriptor>
			<output>/home/pi/actions-runner/_work/thin-edge.io/thin-edge.io/tests/PySys/plugin_apt/apt_sequence_remove_with_version/Output/linux</output>
		</result>
		<result id="apt_sequence_remove_with_version_fail" outcome="SKIPPED">
			<outcomeReason>Testing the apt plugin is not supported on this platform.To run the tests call PySys with -XmyPlatform='container'</outcomeReason>
			<timestamp>2022-07-26 16:16:24</timestamp>
			<descriptor>/home/pi/actions-runner/_work/thin-edge.io/thin-edge.io/tests/PySys/plugin_apt/apt_sequence_remove_with_version_fail/pysystest.xml</descriptor>
			<output>/home/pi/actions-runner/_work/thin-edge.io/thin-edge.io/tests/PySys/plugin_apt/apt_sequence_remove_with_version_fail/Output/linux</output>
		</result>
		<result id="apt_update_list" outcome="SKIPPED">
			<outcomeReason>Testing the apt plugin is not supported on this platform.To run the tests call PySys with -XmyPlatform='container'</outcomeReason>
			<timestamp>2022-07-26 16:16:24</timestamp>
			<descriptor>/home/pi/actions-runner/_work/thin-edge.io/thin-edge.io/tests/PySys/plugin_apt/apt_update_list/pysystest.xml</descriptor>
			<output>/home/pi/actions-runner/_work/thin-edge.io/thin-edge.io/tests/PySys/plugin_apt/apt_update_list/Output/linux</output>
		</result>
		<result id="apt_wrong_option" outcome="SKIPPED">
			<outcomeReason>Testing the apt plugin is not supported on this platform.To run the tests call PySys with -XmyPlatform='container'</outcomeReason>
			<timestamp>2022-07-26 16:16:24</timestamp>
			<descriptor>/home/pi/actions-runner/_work/thin-edge.io/thin-edge.io/tests/PySys/plugin_apt/apt_wrong_option/pysystest.xml</descriptor>
			<output>/home/pi/actions-runner/_work/thin-edge.io/thin-edge.io/tests/PySys/plugin_apt/apt_wrong_option/Output/linux</output>
		</result>
		<result id="docker_plugin_finalize" outcome="SKIPPED">
			<outcomeReason>Testing the docker plugin is not supported on this platform.To run it, all the test with -XmyPlatform='container'</outcomeReason>
			<timestamp>2022-07-26 16:16:24</timestamp>
			<descriptor>/home/pi/actions-runner/_work/thin-edge.io/thin-edge.io/tests/PySys/plugin_docker/docker_plugin_finalize/pysystest.xml</descriptor>
			<output>/home/pi/actions-runner/_work/thin-edge.io/thin-edge.io/tests/PySys/plugin_docker/docker_plugin_finalize/Output/linux</output>
		</result>
		<result id="docker_plugin_install" outcome="SKIPPED">
			<outcomeReason>Testing the docker plugin is not supported on this platform.To run it, all the test with -XmyPlatform='container'</outcomeReason>
			<timestamp>2022-07-26 16:16:24</timestamp>
			<descriptor>/home/pi/actions-runner/_work/thin-edge.io/thin-edge.io/tests/PySys/plugin_docker/docker_plugin_install/pysystest.xml</descriptor>
			<output>/home/pi/actions-runner/_work/thin-edge.io/thin-edge.io/tests/PySys/plugin_docker/docker_plugin_install/Output/linux</output>
		</result>
		<result id="docker_plugin_install_with_version" outcome="SKIPPED">
			<outcomeReason>Testing the docker plugin is not supported on this platform.To run it, all the test with -XmyPlatform='container'</outcomeReason>
			<timestamp>2022-07-26 16:16:24</timestamp>
			<descriptor>/home/pi/actions-runner/_work/thin-edge.io/thin-edge.io/tests/PySys/plugin_docker/docker_plugin_install_with_version/pysystest.xml</descriptor>
			<output>/home/pi/actions-runner/_work/thin-edge.io/thin-edge.io/tests/PySys/plugin_docker/docker_plugin_install_with_version/Output/linux</output>
		</result>
		<result id="docker_plugin_remove" outcome="SKIPPED">
			<outcomeReason>Testing the docker plugin is not supported on this platform.To run it, all the test with -XmyPlatform='container'</outcomeReason>
			<timestamp>2022-07-26 16:16:24</timestamp>
			<descriptor>/home/pi/actions-runner/_work/thin-edge.io/thin-edge.io/tests/PySys/plugin_docker/docker_plugin_remove/pysystest.xml</descriptor>
			<output>/home/pi/actions-runner/_work/thin-edge.io/thin-edge.io/tests/PySys/plugin_docker/docker_plugin_remove/Output/linux</output>
		</result>
		<result id="docker_plugin_remove_with_version" outcome="SKIPPED">
			<outcomeReason>Testing the docker plugin is not supported on this platform.To run it, all the test with -XmyPlatform='container'</outcomeReason>
			<timestamp>2022-07-26 16:16:24</timestamp>
			<descriptor>/home/pi/actions-runner/_work/thin-edge.io/thin-edge.io/tests/PySys/plugin_docker/docker_plugin_remove_with_version/pysystest.xml</descriptor>
			<output>/home/pi/actions-runner/_work/thin-edge.io/thin-edge.io/tests/PySys/plugin_docker/docker_plugin_remove_with_version/Output/linux</output>
		</result>
		<result id="docker_plugin_update" outcome="SKIPPED">
			<outcomeReason>Testing the docker plugin is not supported on this platform.To run it, all the test with -XmyPlatform='container'</outcomeReason>
			<timestamp>2022-07-26 16:16:24</timestamp>
			<descriptor>/home/pi/actions-runner/_work/thin-edge.io/thin-edge.io/tests/PySys/plugin_docker/docker_plugin_update/pysystest.xml</descriptor>
			<output>/home/pi/actions-runner/_work/thin-edge.io/thin-edge.io/tests/PySys/plugin_docker/docker_plugin_update/Output/linux</output>
		</result>
		<result id="publish_flux" outcome="NOT VERIFIED">
			<outcomeReason></outcomeReason>
			<timestamp>2022-07-26 16:17:37</timestamp>
			<descriptor>/home/pi/actions-runner/_work/thin-edge.io/thin-edge.io/tests/PySys/smoketests/publish_flux/pysystest.xml</descriptor>
			<output>/home/pi/actions-runner/_work/thin-edge.io/thin-edge.io/tests/PySys/smoketests/publish_flux/Output/linux</output>
		</result>
		<result id="publish_sawmill" outcome="NOT VERIFIED">
			<outcomeReason></outcomeReason>
			<timestamp>2022-07-26 16:18:57</timestamp>
			<descriptor>/home/pi/actions-runner/_work/thin-edge.io/thin-edge.io/tests/PySys/smoketests/publish_sawmill/pysystest.xml</descriptor>
			<output>/home/pi/actions-runner/_work/thin-edge.io/thin-edge.io/tests/PySys/smoketests/publish_sawmill/Output/linux</output>
		</result>
		<result id="smoketest_json" outcome="PASSED">
			<outcomeReason>Grep on file stdout.out</outcomeReason>
			<timestamp>2022-07-26 16:19:43</timestamp>
			<descriptor>/home/pi/actions-runner/_work/thin-edge.io/thin-edge.io/tests/PySys/smoketests/smoketest_json/pysystest.xml</descriptor>
			<output>/home/pi/actions-runner/_work/thin-edge.io/thin-edge.io/tests/PySys/smoketests/smoketest_json/Output/linux</output>
		</result>
		<result id="smoketest_json_400_samples_10ms" outcome="PASSED">
			<outcomeReason>Grep on file stdout.out</outcomeReason>
			<timestamp>2022-07-26 16:20:42</timestamp>
			<descriptor>/home/pi/actions-runner/_work/thin-edge.io/thin-edge.io/tests/PySys/smoketests/smoketest_json_400_samples_10ms/pysystest.xml</descriptor>
			<output>/home/pi/actions-runner/_work/thin-edge.io/thin-edge.io/tests/PySys/smoketests/smoketest_json_400_samples_10ms/Output/linux</output>
		</result>
		<result id="smoketest_json_400_samples_20ms" outcome="BLOCKED">
			<outcomeReason>python3&lt;stdout&gt; returned non-zero exit code 1</outcomeReason>
			<timestamp>2022-07-26 16:21:40</timestamp>
			<descriptor>/home/pi/actions-runner/_work/thin-edge.io/thin-edge.io/tests/PySys/smoketests/smoketest_json_400_samples_20ms/pysystest.xml</descriptor>
			<output>/home/pi/actions-runner/_work/thin-edge.io/thin-edge.io/tests/PySys/smoketests/smoketest_json_400_samples_20ms/Output/linux</output>
		</result>
		<result id="smoketest_smartrest" outcome="PASSED">
			<outcomeReason>Grep on file stdout.out</outcomeReason>
			<timestamp>2022-07-26 16:22:28</timestamp>
			<descriptor>/home/pi/actions-runner/_work/thin-edge.io/thin-edge.io/tests/PySys/smoketests/smoketest_smartrest/pysystest.xml</descriptor>
			<output>/home/pi/actions-runner/_work/thin-edge.io/thin-edge.io/tests/PySys/smoketests/smoketest_smartrest/Output/linux</output>
		</result>
		<result id="smoketest_smartrest_400_samples_1Xms" outcome="PASSED">
			<outcomeReason>Grep on file stdout.out</outcomeReason>
			<timestamp>2022-07-26 16:24:13</timestamp>
			<descriptor>/home/pi/actions-runner/_work/thin-edge.io/thin-edge.io/tests/PySys/smoketests/smoketest_smartrest_400_samples_1Xms/pysystest.xml</descriptor>
			<output>/home/pi/actions-runner/_work/thin-edge.io/thin-edge.io/tests/PySys/smoketests/smoketest_smartrest_400_samples_1Xms/Output/linux</output>
		</result>
		<result id="smoketest_smartrest_400_samples_20ms" outcome="PASSED">
			<outcomeReason>Grep on file stdout.out</outcomeReason>
			<timestamp>2022-07-26 16:25:59</timestamp>
			<descriptor>/home/pi/actions-runner/_work/thin-edge.io/thin-edge.io/tests/PySys/smoketests/smoketest_smartrest_400_samples_20ms/pysystest.xml</descriptor>
			<output>/home/pi/actions-runner/_work/thin-edge.io/thin-edge.io/tests/PySys/smoketests/smoketest_smartrest_400_samples_20ms/Output/linux</output>
		</result>
		<result id="SoftwareManagement.sm_apt_install_download_path" outcome="SKIPPED">
			<outcomeReason>Testing the apt plugin is not supported on this platform.Use parameter -XmyPlatform='container' to enable it</outcomeReason>
			<timestamp>2022-07-26 16:25:59</timestamp>
			<descriptor>/home/pi/actions-runner/_work/thin-edge.io/thin-edge.io/tests/PySys/software_management_end_to_end/sm_apt_install_download_path/pysystest.xml</descriptor>
			<output>/home/pi/actions-runner/_work/thin-edge.io/thin-edge.io/tests/PySys/software_management_end_to_end/sm_apt_install_download_path/Output/linux</output>
		</result>
		<result id="SoftwareManagement.sm_apt_install_fail" outcome="SKIPPED">
			<outcomeReason>Testing the apt plugin is not supported on this platform.Use parameter -XmyPlatform='container' to enable it</outcomeReason>
			<timestamp>2022-07-26 16:25:59</timestamp>
			<descriptor>/home/pi/actions-runner/_work/thin-edge.io/thin-edge.io/tests/PySys/software_management_end_to_end/sm_apt_install_fail/pysystest.xml</descriptor>
			<output>/home/pi/actions-runner/_work/thin-edge.io/thin-edge.io/tests/PySys/software_management_end_to_end/sm_apt_install_fail/Output/linux</output>
		</result>
		<result id="SoftwareManagement.sm_apt_install_remove" outcome="SKIPPED">
			<outcomeReason>Testing the apt plugin is not supported on this platform.Use parameter -XmyPlatform='container' to enable it</outcomeReason>
			<timestamp>2022-07-26 16:25:59</timestamp>
			<descriptor>/home/pi/actions-runner/_work/thin-edge.io/thin-edge.io/tests/PySys/software_management_end_to_end/sm_apt_install_remove/pysystest.xml</descriptor>
			<output>/home/pi/actions-runner/_work/thin-edge.io/thin-edge.io/tests/PySys/software_management_end_to_end/sm_apt_install_remove/Output/linux</output>
		</result>
		<result id="SoftwareManagement.sm_apt_install_remove_default" outcome="SKIPPED">
			<outcomeReason>Testing the apt plugin is not supported on this platform.Use parameter -XmyPlatform='container' to enable it</outcomeReason>
			<timestamp>2022-07-26 16:25:59</timestamp>
			<descriptor>/home/pi/actions-runner/_work/thin-edge.io/thin-edge.io/tests/PySys/software_management_end_to_end/sm_apt_install_remove_default/pysystest.xml</descriptor>
			<output>/home/pi/actions-runner/_work/thin-edge.io/thin-edge.io/tests/PySys/software_management_end_to_end/sm_apt_install_remove_default/Output/linux</output>
		</result>
		<result id="SoftwareManagement.sm_apt_install_remove_multiple" outcome="SKIPPED">
			<outcomeReason>Testing the apt plugin is not supported on this platform.Use parameter -XmyPlatform='container' to enable it</outcomeReason>
			<timestamp>2022-07-26 16:25:59</timestamp>
			<descriptor>/home/pi/actions-runner/_work/thin-edge.io/thin-edge.io/tests/PySys/software_management_end_to_end/sm_apt_install_remove_multiple/pysystest.xml</descriptor>
			<output>/home/pi/actions-runner/_work/thin-edge.io/thin-edge.io/tests/PySys/software_management_end_to_end/sm_apt_install_remove_multiple/Output/linux</output>
		</result>
		<result id="SoftwareManagement.sm_apt_install_remove_multiple_mixed" outcome="SKIPPED">
			<outcomeReason>Testing the apt plugin is not supported on this platform.Use parameter -XmyPlatform='container' to enable it</outcomeReason>
			<timestamp>2022-07-26 16:26:00</timestamp>
			<descriptor>/home/pi/actions-runner/_work/thin-edge.io/thin-edge.io/tests/PySys/software_management_end_to_end/sm_apt_install_remove_multiple_mixed/pysystest.xml</descriptor>
			<output>/home/pi/actions-runner/_work/thin-edge.io/thin-edge.io/tests/PySys/software_management_end_to_end/sm_apt_install_remove_multiple_mixed/Output/linux</output>
		</result>
		<result id="SoftwareManagement.sm_apt_install_remove_with_version" outcome="SKIPPED">
			<outcomeReason>Testing the apt plugin is not supported on this platform.Use parameter -XmyPlatform='container' to enable it</outcomeReason>
			<timestamp>2022-07-26 16:26:00</timestamp>
			<descriptor>/home/pi/actions-runner/_work/thin-edge.io/thin-edge.io/tests/PySys/software_management_end_to_end/sm_apt_install_remove_with_version/pysystest.xml</descriptor>
			<output>/home/pi/actions-runner/_work/thin-edge.io/thin-edge.io/tests/PySys/software_management_end_to_end/sm_apt_install_remove_with_version/Output/linux</output>
		</result>
		<result id="SoftwareManagement.sm_docker_install_remove_multiple" outcome="SKIPPED">
			<outcomeReason>Testing the apt plugin is not supported on this platform.Use parameter -XmyPlatform='container' to enable it</outcomeReason>
			<timestamp>2022-07-26 16:26:00</timestamp>
			<descriptor>/home/pi/actions-runner/_work/thin-edge.io/thin-edge.io/tests/PySys/software_management_end_to_end/sm_docker_install_remove_multiple/pysystest.xml</descriptor>
			<output>/home/pi/actions-runner/_work/thin-edge.io/thin-edge.io/tests/PySys/software_management_end_to_end/sm_docker_install_remove_multiple/Output/linux</output>
		</result>
		<result id="SoftwareManagement.sm_fake_install_remove" outcome="SKIPPED">
			<outcomeReason>Testing the fake plugin is not enabled.Use parameter -Xfakeplugin=fakeplugin to enable it</outcomeReason>
			<timestamp>2022-07-26 16:26:00</timestamp>
			<descriptor>/home/pi/actions-runner/_work/thin-edge.io/thin-edge.io/tests/PySys/software_management_end_to_end/sm_fake_install_remove/pysystest.xml</descriptor>
			<output>/home/pi/actions-runner/_work/thin-edge.io/thin-edge.io/tests/PySys/software_management_end_to_end/sm_fake_install_remove/Output/linux</output>
		</result>
		<result id="SoftwareManagement.sm_fake_install_remove_multiple" outcome="SKIPPED">
			<outcomeReason>Testing the fake plugin is not enabled.Use parameter -Xfakeplugin=fakeplugin to enable it</outcomeReason>
			<timestamp>2022-07-26 16:26:00</timestamp>
			<descriptor>/home/pi/actions-runner/_work/thin-edge.io/thin-edge.io/tests/PySys/software_management_end_to_end/sm_fake_install_remove_multiple/pysystest.xml</descriptor>
			<output>/home/pi/actions-runner/_work/thin-edge.io/thin-edge.io/tests/PySys/software_management_end_to_end/sm_fake_install_remove_multiple/Output/linux</output>
		</result>
		<result id="SoftwareManagement.sm_mapper_fail_and_reconnect" outcome="SKIPPED">
			<outcomeReason>instable https://github.com/thin-edge/thin-edge.io/issues/752</outcomeReason>
			<timestamp>2022-07-26 16:26:00</timestamp>
			<descriptor>/home/pi/actions-runner/_work/thin-edge.io/thin-edge.io/tests/PySys/software_management_end_to_end/sm_mapper_fail_and_reconnect/pysystest.xml</descriptor>
			<output>/home/pi/actions-runner/_work/thin-edge.io/thin-edge.io/tests/PySys/software_management_end_to_end/sm_mapper_fail_and_reconnect/Output/linux</output>
		</result>
		<result id="SoftwareManagement.sm_mixed_install_remove_multiple" outcome="SKIPPED">
			<outcomeReason>Testing the fake plugin is not enabled.Use parameter -Xfakeplugin=fakeplugin to enable it</outcomeReason>
			<timestamp>2022-07-26 16:26:00</timestamp>
			<descriptor>/home/pi/actions-runner/_work/thin-edge.io/thin-edge.io/tests/PySys/software_management_end_to_end/sm_mixed_install_remove_multiple/pysystest.xml</descriptor>
			<output>/home/pi/actions-runner/_work/thin-edge.io/thin-edge.io/tests/PySys/software_management_end_to_end/sm_mixed_install_remove_multiple/Output/linux</output>
		</result>
		<result id="call_tedge_-h" outcome="PASSED">
			<outcomeReason>Grep on file tedge.out</outcomeReason>
			<timestamp>2022-07-26 16:26:01</timestamp>
			<descriptor>/home/pi/actions-runner/_work/thin-edge.io/thin-edge.io/tests/PySys/tedge/call_tedge_-h/pysystest.xml</descriptor>
			<output>/home/pi/actions-runner/_work/thin-edge.io/thin-edge.io/tests/PySys/tedge/call_tedge_-h/Output/linux</output>
		</result>
		<result id="call_tedge_-h_-V" outcome="FAILED">
			<outcomeReason>Grep on tedge.out contains &quot;tedge 0.6&quot;</outcomeReason>
			<timestamp>2022-07-26 16:26:01</timestamp>
			<descriptor>/home/pi/actions-runner/_work/thin-edge.io/thin-edge.io/tests/PySys/tedge/call_tedge_-h_-V/pysystest.xml</descriptor>
			<output>/home/pi/actions-runner/_work/thin-edge.io/thin-edge.io/tests/PySys/tedge/call_tedge_-h_-V/Output/linux</output>
		</result>
		<result id="call_tedge_-V" outcome="PASSED">
			<outcomeReason>Grep on file tedge.out</outcomeReason>
			<timestamp>2022-07-26 16:26:02</timestamp>
			<descriptor>/home/pi/actions-runner/_work/thin-edge.io/thin-edge.io/tests/PySys/tedge/call_tedge_-V/pysystest.xml</descriptor>
			<output>/home/pi/actions-runner/_work/thin-edge.io/thin-edge.io/tests/PySys/tedge/call_tedge_-V/Output/linux</output>
		</result>
		<result id="call_tedge_config_help" outcome="PASSED">
			<outcomeReason>Grep on file tedge.out</outcomeReason>
			<timestamp>2022-07-26 16:26:02</timestamp>
			<descriptor>/home/pi/actions-runner/_work/thin-edge.io/thin-edge.io/tests/PySys/tedge/call_tedge_config_help/pysystest.xml</descriptor>
			<output>/home/pi/actions-runner/_work/thin-edge.io/thin-edge.io/tests/PySys/tedge/call_tedge_config_help/Output/linux</output>
		</result>
		<result id="call_tedge_config_list" outcome="PASSED">
			<outcomeReason>Assert that (expect == valueread) with expect=&quot;/etc/tedge/device-certs/tedge-private-key.pem&quot;, valueread=&quot;/etc/tedge/device-certs/tedge-private-key.pem&quot;</outcomeReason>
			<timestamp>2022-07-26 16:26:26</timestamp>
			<descriptor>/home/pi/actions-runner/_work/thin-edge.io/thin-edge.io/tests/PySys/tedge/call_tedge_config_list/pysystest.xml</descriptor>
			<output>/home/pi/actions-runner/_work/thin-edge.io/thin-edge.io/tests/PySys/tedge/call_tedge_config_list/Output/linux</output>
		</result>
		<result id="tedge_agent_user_sudo_access" outcome="SKIPPED">
			<outcomeReason>#955 Observation: Exit code of the apt plugin when called with no arguments</outcomeReason>
			<timestamp>2022-07-26 16:26:26</timestamp>
			<descriptor>/home/pi/actions-runner/_work/thin-edge.io/thin-edge.io/tests/PySys/tedge/tedge_agent_user_sudo_access/pysystest.xml</descriptor>
			<output>/home/pi/actions-runner/_work/thin-edge.io/thin-edge.io/tests/PySys/tedge/tedge_agent_user_sudo_access/Output/linux</output>
		</result>
		<result id="tedge_software_update" outcome="PASSED">
			<outcomeReason>Grep on file tedge_config_get_new_value.out</outcomeReason>
			<timestamp>2022-07-26 16:26:52</timestamp>
			<descriptor>/home/pi/actions-runner/_work/thin-edge.io/thin-edge.io/tests/PySys/tedge/tedge_software_update/pysystest.xml</descriptor>
			<output>/home/pi/actions-runner/_work/thin-edge.io/thin-edge.io/tests/PySys/tedge/tedge_software_update/Output/linux</output>
		</result>
		<result id="agent_init_session" outcome="PASSED">
			<outcomeReason>Grep on file sub_resp.out</outcomeReason>
			<timestamp>2022-07-26 16:26:58</timestamp>
			<descriptor>/home/pi/actions-runner/_work/thin-edge.io/thin-edge.io/tests/PySys/tedge_agent/agent_init_session/pysystest.xml</descriptor>
			<output>/home/pi/actions-runner/_work/thin-edge.io/thin-edge.io/tests/PySys/tedge_agent/agent_init_session/Output/linux</output>
		</result>
		<result id="c8y_restart_bridge" outcome="PASSED">
			<outcomeReason>Grep on file tedge_connect_c8y.out</outcomeReason>
			<timestamp>2022-07-26 16:27:20</timestamp>
			<descriptor>/home/pi/actions-runner/_work/thin-edge.io/thin-edge.io/tests/PySys/tedge_connect/c8y_restart_bridge/pysystest.xml</descriptor>
			<output>/home/pi/actions-runner/_work/thin-edge.io/thin-edge.io/tests/PySys/tedge_connect/c8y_restart_bridge/Output/linux</output>
		</result>
		<result id="tedge_connect_test_negative" outcome="PASSED">
			<outcomeReason>Grep on file tedge_connect_c8y_test.err</outcomeReason>
			<timestamp>2022-07-26 16:27:21</timestamp>
			<descriptor>/home/pi/actions-runner/_work/thin-edge.io/thin-edge.io/tests/PySys/tedge_connect/tedge_connect_test_negative/pysystest.xml</descriptor>
			<output>/home/pi/actions-runner/_work/thin-edge.io/thin-edge.io/tests/PySys/tedge_connect/tedge_connect_test_negative/Output/linux</output>
		</result>
		<result id="tedge_connect_test_positive" outcome="PASSED">
			<outcomeReason>Grep on file tedge_connect_c8y_test.out</outcomeReason>
			<timestamp>2022-07-26 16:27:51</timestamp>
			<descriptor>/home/pi/actions-runner/_work/thin-edge.io/thin-edge.io/tests/PySys/tedge_connect/tedge_connect_test_positive/pysystest.xml</descriptor>
			<output>/home/pi/actions-runner/_work/thin-edge.io/thin-edge.io/tests/PySys/tedge_connect/tedge_connect_test_positive/Output/linux</output>
		</result>
		<result id="tedge_connect_test_sm_services" outcome="PASSED">
			<outcomeReason>Grep on file tedge_connect_c8y.out</outcomeReason>
			<timestamp>2022-07-26 16:28:20</timestamp>
			<descriptor>/home/pi/actions-runner/_work/thin-edge.io/thin-edge.io/tests/PySys/tedge_connect/tedge_connect_test_sm_services/pysystest.xml</descriptor>
			<output>/home/pi/actions-runner/_work/thin-edge.io/thin-edge.io/tests/PySys/tedge_connect/tedge_connect_test_sm_services/Output/linux</output>
		</result>
		<result id="tedge_disconnect_test_sm_services" outcome="PASSED">
			<outcomeReason>Grep on file tedge_disconnect_c8y.out</outcomeReason>
			<timestamp>2022-07-26 16:28:57</timestamp>
			<descriptor>/home/pi/actions-runner/_work/thin-edge.io/thin-edge.io/tests/PySys/tedge_connect/tedge_disconnect_test_sm_services/pysystest.xml</descriptor>
			<output>/home/pi/actions-runner/_work/thin-edge.io/thin-edge.io/tests/PySys/tedge_connect/tedge_disconnect_test_sm_services/Output/linux</output>
		</result>
		<result id="tedge_mapper_az_negative" outcome="PASSED">
			<outcomeReason>Grep on file tedge_sub.out</outcomeReason>
			<timestamp>2022-07-26 16:29:00</timestamp>
			<descriptor>/home/pi/actions-runner/_work/thin-edge.io/thin-edge.io/tests/PySys/tedge_mapper_az/tedge_mapper_az_negative/pysystest.xml</descriptor>
			<output>/home/pi/actions-runner/_work/thin-edge.io/thin-edge.io/tests/PySys/tedge_mapper_az/tedge_mapper_az_negative/Output/linux</output>
		</result>
		<result id="tedge_mapper_az_with_timestamp" outcome="PASSED">
			<outcomeReason>Assert that (actual == expected) with actual=12.0, expected=12</outcomeReason>
			<timestamp>2022-07-26 16:29:02</timestamp>
			<descriptor>/home/pi/actions-runner/_work/thin-edge.io/thin-edge.io/tests/PySys/tedge_mapper_az/tedge_mapper_az_with_timestamp/pysystest.xml</descriptor>
			<output>/home/pi/actions-runner/_work/thin-edge.io/thin-edge.io/tests/PySys/tedge_mapper_az/tedge_mapper_az_with_timestamp/Output/linux</output>
		</result>
		<result id="tedge_mapper_az_without_timestamp" outcome="PASSED">
			<outcomeReason>Assert that (actual == expected) with actual=12.0, expected=12</outcomeReason>
			<timestamp>2022-07-26 16:29:06</timestamp>
			<descriptor>/home/pi/actions-runner/_work/thin-edge.io/thin-edge.io/tests/PySys/tedge_mapper_az/tedge_mapper_az_without_timestamp/pysystest.xml</descriptor>
			<output>/home/pi/actions-runner/_work/thin-edge.io/thin-edge.io/tests/PySys/tedge_mapper_az/tedge_mapper_az_without_timestamp/Output/linux</output>
		</result>
		<result id="mapper_awaits_before_reconnect" outcome="FAILED">
			<outcomeReason>Line count on tedge_mapper_journal.out for &quot;tedge_mapper::core::mapper: MQTT connection error:&quot; expected &gt;=2 but got 0</outcomeReason>
			<timestamp>2022-07-26 16:29:15</timestamp>
			<descriptor>/home/pi/actions-runner/_work/thin-edge.io/thin-edge.io/tests/PySys/tedge_mapper_c8y/mapper_awaits_before_reconnect/pysystest.xml</descriptor>
			<output>/home/pi/actions-runner/_work/thin-edge.io/thin-edge.io/tests/PySys/tedge_mapper_c8y/mapper_awaits_before_reconnect/Output/linux</output>
		</result>
		<result id="runtime_start_two_mappers" outcome="PASSED">
			<outcomeReason>Grep on file tedge_mapper2.err</outcomeReason>
			<timestamp>2022-07-26 16:29:17</timestamp>
			<descriptor>/home/pi/actions-runner/_work/thin-edge.io/thin-edge.io/tests/PySys/tedge_mapper_c8y/runtime_start_two_mappers/pysystest.xml</descriptor>
			<output>/home/pi/actions-runner/_work/thin-edge.io/thin-edge.io/tests/PySys/tedge_mapper_c8y/runtime_start_two_mappers/Output/linux</output>
		</result>
		<result id="sm_tedge_mapper_init_session" outcome="PASSED">
			<outcomeReason>Grep on file sub_resp.out</outcomeReason>
			<timestamp>2022-07-26 16:29:52</timestamp>
			<descriptor>/home/pi/actions-runner/_work/thin-edge.io/thin-edge.io/tests/PySys/tedge_mapper_c8y/sm_tedge_mapper_init_session/pysystest.xml</descriptor>
			<output>/home/pi/actions-runner/_work/thin-edge.io/thin-edge.io/tests/PySys/tedge_mapper_c8y/sm_tedge_mapper_init_session/Output/linux</output>
		</result>
		<result id="tedge_mapper_c8y_alarms" outcome="PASSED">
			<outcomeReason>Assert that (actual == expected) with actual=&quot;temperature_dangerous&quot;, expected=&quot;temperature_dangerous&quot;</outcomeReason>
			<timestamp>2022-07-26 16:30:18</timestamp>
			<descriptor>/home/pi/actions-runner/_work/thin-edge.io/thin-edge.io/tests/PySys/tedge_mapper_c8y/tedge_mapper_c8y_alarms/pysystest.xml</descriptor>
			<output>/home/pi/actions-runner/_work/thin-edge.io/thin-edge.io/tests/PySys/tedge_mapper_c8y/tedge_mapper_c8y_alarms/Output/linux</output>
		</result>
		<result id="tedge_mapper_c8y_child_device_measurement" outcome="PASSED">
			<outcomeReason>Assert that (actual == expected) with actual=None, expected=None</outcomeReason>
			<timestamp>2022-07-26 16:30:53</timestamp>
			<descriptor>/home/pi/actions-runner/_work/thin-edge.io/thin-edge.io/tests/PySys/tedge_mapper_c8y/tedge_mapper_c8y_child_device_measurement/pysystest.xml</descriptor>
			<output>/home/pi/actions-runner/_work/thin-edge.io/thin-edge.io/tests/PySys/tedge_mapper_c8y/tedge_mapper_c8y_child_device_measurement/Output/linux</output>
		</result>
		<result id="tedge_mapper_c8y_packet_threshold_size" outcome="FAILED">
			<outcomeReason>Grep on tedge_sub.out contains &quot;The size of the message received on tedge/measurements is 20489 which is greater than the threshold size of 16184.&quot;</outcomeReason>
			<timestamp>2022-07-26 16:30:56</timestamp>
			<descriptor>/home/pi/actions-runner/_work/thin-edge.io/thin-edge.io/tests/PySys/tedge_mapper_c8y/tedge_mapper_c8y_packet_threshold_size/pysystest.xml</descriptor>
			<output>/home/pi/actions-runner/_work/thin-edge.io/thin-edge.io/tests/PySys/tedge_mapper_c8y/tedge_mapper_c8y_packet_threshold_size/Output/linux</output>
		</result>
	</results>
</pysyslog>
