<?xml version="1.0" encoding="utf-8"?>
<testsuite failures="1" name="log_request_error_messages" skipped="0" tests="1" time="36.23" timestamp="2022-05-20T11:11:55">
	<testcase classname="LogRequestVerifySearchTextError" name="log_request_error_messages">
		<failure message="FAILED: Assert that (True == value) with value=False" type="FAILED"/>
		<system-out>11:11:18 INFO  ==============================================================
11:11:18 INFO  Id:    log_request_error_messages
11:11:18 INFO  Dir:   log_request_end_to_end/
11:11:18 INFO  Title: Validate end to end behaviour for the log request operation check for error messages
11:11:18 INFO  ==============================================================
11:11:20 INFO  EnvironmentC8y Setup
11:11:21 INFO  Executed systemctl&lt;serv_mapper1&gt;, exit status 3
11:11:21 INFO  Restarting mosquitto too frequently in the last 10 seconds. It was only up for 3 seconds
11:11:21 INFO  Delaying execution by 8 seconds
11:11:43 INFO  Executed sudo&lt;tedge_connect_c8y&gt;, exit status 0, duration 14 secs
11:11:43 INFO  Executed sudo&lt;tedge_connect_c8y_test&gt;, exit status 0
11:11:44 INFO  Executed systemctl&lt;serv_mosq2&gt;, exit status 0
11:11:44 INFO  Executed systemctl&lt;serv_mapper3&gt;, exit status 0
11:11:45 INFO  Executed sudo&lt;rm_logs&gt;, exit status 0
11:11:45 INFO  Executed sudo&lt;move_logs&gt;, exit status 0
11:11:46 INFO  log response None
11:11:46 WARN  retry, retrying in 1 seconds...
11:11:47 INFO  log response https://thin-edge-io.eu-latest.cumulocity.com/event/events/19397541/binaries
11:11:48 WARN  Assert that (True == value) with value=False ... failed [run.py:43]
11:11:48 INFO  
11:11:48 INFO  cleanup:
11:11:49 INFO  Executed sudo&lt;rm_logs&gt;, exit status 0
11:11:49 INFO  Executed sudo&lt;rm_tmp_logs&gt;, exit status 0
11:11:50 INFO  Executed sudo&lt;send_failed&gt;, exit status 0
11:11:54 INFO  Executed sudo&lt;tedge_disconnect_c8y&gt;, exit status 0
11:11:55 INFO  Executed systemctl&lt;serv_mapper5&gt;, exit status 3
11:11:55 INFO  
11:11:55 INFO  Test duration: 36.23 secs
11:11:55 INFO  Test final outcome:  FAILED
11:11:55 INFO  Test outcome reason: Assert that (True == value) with value=False
11:11:55 INFO  
</system-out>
	</testcase>
</testsuite>
