<?xml version="1.0" encoding="utf-8"?>
<testsuite failures="1" name="call_tedge_-h_-V" skipped="0" tests="1" time="0.73" timestamp="2022-07-21T21:39:16">
	<testcase classname="PySysTest" name="call_tedge_-h_-V">
		<failure message="FAILED: Grep on tedge.out contains &quot;tedge 0.6&quot;" type="FAILED"/>
		<system-out>21:39:15 INFO  ==============================================================
21:39:15 INFO  Id:    call_tedge_-h_-V
21:39:15 INFO  Dir:   tedge/
21:39:15 INFO  Title: Validate command line option -h -V
21:39:15 INFO  ==============================================================
21:39:16 INFO  Executed tedge, exit status 0
21:39:16 WARN  Grep on tedge.out contains &quot;tedge 0.6&quot; ... failed [run.py:32]
21:39:16 INFO  Grep on file tedge.out ... passed
21:39:16 INFO  
21:39:16 INFO  Test duration: 0.73 secs
21:39:16 INFO  Test final outcome:  FAILED
21:39:16 INFO  Test outcome reason: Grep on tedge.out contains &quot;tedge 0.6&quot;
21:39:16 INFO  
</system-out>
	</testcase>
</testsuite>
