<?xml version="1.0" encoding="utf-8"?>
<testsuite failures="1" name="valid_device_id" skipped="0" tests="1" time="41.8" timestamp="2022-05-23T14:57:47">
	<testcase classname="ValidateValidDeviceId" name="valid_device_id">
		<failure message="FAILED: Grep on tedge_connect_c8y_test.out contains &quot;successful&quot;" type="FAILED"/>
		<system-out>14:57:05 INFO  ==============================================================
14:57:05 INFO  Id:    valid_device_id
14:57:05 INFO  Dir:   misc_features/
14:57:05 INFO  Title: Valid device ID
14:57:05 INFO  ==============================================================
14:57:05 INFO  Restarting mosquitto too frequently in the last 10 seconds. It was only up for 5 seconds
14:57:05 INFO  Delaying execution by 6 seconds
14:57:11 INFO  Executed sudo&lt;tedge_disconnect_c8y&gt;, exit status 0
14:57:12 INFO  Executed sudo&lt;create_cert_dir&gt;, exit status 0
14:57:13 INFO  Executed sudo&lt;change_owner_of_dir&gt;, exit status 0
14:57:13 INFO  Executed sudo&lt;set_cert_path&gt;, exit status 0
14:57:14 INFO  Executed sudo&lt;set_key_path&gt;, exit status 0
14:57:14 INFO  Executed sudo&lt;cert_create&gt;, exit status 0
14:57:15 INFO  Executed sudo&lt;cert_upload&gt;, exit status 0
14:57:30 INFO  Executed sudo&lt;tedge_connect_c8y&gt;, exit status 0, duration 13 secs
14:57:41 INFO  Executed sudo&lt;tedge_connect_c8y_test&gt;, exit status 0
14:57:41 INFO  Grep on file tedge_connect_c8y.out ... passed
14:57:41 WARN  Grep on tedge_connect_c8y_test.out contains &quot;successful&quot; ... failed [run.py:108]
14:57:41 INFO  
14:57:41 INFO  cleanup:
14:57:45 INFO  Executed sudo&lt;tedge_disconnect_c8y&gt;, exit status 0
14:57:46 INFO  Executed sudo&lt;unset_cert_path&gt;, exit status 0
14:57:46 INFO  Executed sudo&lt;unset_key_path&gt;, exit status 0
14:57:47 INFO  Executed sudo&lt;remove_cert_dir&gt;, exit status 0
14:57:47 INFO  
14:57:47 INFO  Test duration: 41.80 secs
14:57:47 INFO  Test final outcome:  FAILED
14:57:47 INFO  Test outcome reason: Grep on tedge_connect_c8y_test.out contains &quot;successful&quot;
14:57:47 INFO  
</system-out>
	</testcase>
</testsuite>
