<?xml version="1.0" encoding="utf-8"?>
<testsuite failures="1" name="local_mqtt_pub_sub_retain" skipped="0" tests="1" time="6.28" timestamp="2022-07-21T18:26:08">
	<testcase classname="MqttPublishWithRetain" name="local_mqtt_pub_sub_retain">
		<failure message="FAILED: Grep on temp_sensor_sub.out contains &quot;\[test/alarms/temp_sensor\] alarm msg 2&quot; (+1 other failures)" type="FAILED"/>
		<system-out>18:26:02 INFO  ==============================================================
18:26:02 INFO  Id:    local_mqtt_pub_sub_retain
18:26:02 INFO  Dir:   local_mqtt/
18:26:02 INFO  Title: Validate local publishing with retain flag
18:26:02 INFO  ==============================================================
18:26:02 INFO  Executed tedge&lt;pub_to_set_alarm&gt;, exit status 0
18:26:02 INFO  Executed tedge&lt;pub_to_set_alarm&gt;, exit status 0
18:26:03 INFO  Started tedge&lt;temp_sensor_sub&gt; with process id 11247
18:26:04 INFO  Executed tedge&lt;pub_to_clear_alarm&gt;, exit status 0
18:26:05 INFO  Executed sudo&lt;kill_out&gt;, exit status 0
18:26:06 INFO  Executed tedge&lt;pub_to_clear_alarm&gt;, exit status 0
18:26:06 INFO  Started tedge&lt;temp_sensor_empty_message&gt; with process id 11252
18:26:08 INFO  Executed sudo&lt;kill_out&gt;, exit status 0
18:26:08 WARN  Grep on temp_sensor_sub.out contains &quot;\[test/alarms/temp_sensor\] alarm msg 2&quot; ... failed [run.py:139]
18:26:08 WARN  Grep on temp_sensor_sub.out contains &quot;\[test/alarms/temp_sensor\] &quot; ... failed [run.py:142]
18:26:08 INFO  Grep on file temp_sensor_empty_message.out ... passed
18:26:08 INFO  
18:26:08 INFO  Test duration: 6.28 secs
18:26:08 INFO  Test final outcome:  FAILED
18:26:08 INFO  Test outcome reason: Grep on temp_sensor_sub.out contains &quot;\[test/alarms/temp_sensor\] alarm msg 2&quot; (+1 other failures)
18:26:08 INFO  
</system-out>
	</testcase>
</testsuite>
