2022-06-22 19:41:36,081 INFO  ==============================================================
2022-06-22 19:41:36,082 INFO  Id:    SoftwareManagement.sm_apt_install_download_path
2022-06-22 19:41:36,083 INFO  Dir:   software_management_end_to_end/
2022-06-22 19:41:36,084 INFO  Title: Install package to directory specified in tedge config set tmp.path
2022-06-22 19:41:36,085 INFO  ==============================================================
2022-06-22 19:41:37,314 INFO  Using sw id database: {'asciijump': '5475369', 'robotfindskitten': '5474869', 'squirrel3': '5475279', 'rolldice': '5152439', 'moon-buggy': '5439204', 'apple': '5495053', 'banana': '5494888', 'cherry': '5495382', 'watermelon': '5494510', 'registry': '8018911', 'hello-world': '8021526', 'docker/getting-started': '8021973', 'alpine': '7991792'}
2022-06-22 19:41:37,315 INFO  EnvironmentC8y Setup
2022-06-22 19:41:37,880 INFO  Executed systemctl<serv_mapper1>, exit status 3
2022-06-22 19:41:52,254 INFO  Executed sudo<tedge_connect_c8y>, exit status 0, duration 14 secs
2022-06-22 19:41:52,923 INFO  Executed sudo<tedge_connect_c8y_test>, exit status 0
2022-06-22 19:41:53,436 INFO  Executed systemctl<serv_mosq2>, exit status 0
2022-06-22 19:41:53,899 INFO  Executed systemctl<serv_mapper3>, exit status 0
2022-06-22 19:41:56,147 INFO  State of current operation: FAILED
2022-06-22 19:41:56,413 INFO  Assert that (False == value) with value=False ... passed
2022-06-22 19:41:56,925 INFO  Executed sudo, exit status 0
2022-06-22 19:41:57,438 INFO  Executed sudo, exit status 0
2022-06-22 19:41:58,091 INFO  Executed sudo, exit status 0
2022-06-22 19:42:01,939 INFO  Executed sudo<tedge_disconnect_c8y>, exit status 0
2022-06-22 19:42:02,049 INFO  Restarting mosquitto too frequently in the last 10 seconds. It was only up for 3 seconds
2022-06-22 19:42:02,051 INFO  Delaying execution by 8 seconds
2022-06-22 19:42:24,208 INFO  Executed sudo<tedge_connect_c8y>, exit status 0, duration 14 secs
2022-06-22 19:42:24,459 INFO  Response status: 201
2022-06-22 19:42:24,461 INFO  Response to action: {
    "delivery": {
        "log": [],
        "time": "2022-06-22T19:42:24.433Z",
        "status": "PENDING"
    },
    "creationTime": "2022-06-22T19:42:24.416Z",
    "deviceName": "m32sd10d",
    "deviceId": "20418361",
    "self": "https://t493319102.eu-latest.cumulocity.com/devicecontrol/operations/20449430",
    "id": "20449430",
    "status": "PENDING",
    "description": "Apply software changes, triggered from PySys: [{'name': 'rolldice', 'id': '5152439', 'version': '::apt', 'url': 'https://thin-edge-io.eu-latest.cumulocity.com/inventory/binaries/12435463', 'action': 'install'}]",
    "c8y_SoftwareUpdate": [
        {
            "name": "rolldice",
            "action": "install",
            "id": "5152439",
            "version": "::apt",
            "url": "https://thin-edge-io.eu-latest.cumulocity.com/inventory/binaries/12435463"
        }
    ]
}
2022-06-22 19:42:24,462 INFO  Started operation: {'delivery': {'log': [], 'time': '2022-06-22T19:42:24.433Z', 'status': 'PENDING'}, 'creationTime': '2022-06-22T19:42:24.416Z', 'deviceName': 'm32sd10d', 'deviceId': '20418361', 'self': 'https://t493319102.eu-latest.cumulocity.com/devicecontrol/operations/20449430', 'id': '20449430', 'status': 'PENDING', 'description': "Apply software changes, triggered from PySys: [{'name': 'rolldice', 'id': '5152439', 'version': '::apt', 'url': 'https://thin-edge-io.eu-latest.cumulocity.com/inventory/binaries/12435463', 'action': 'install'}]", 'c8y_SoftwareUpdate': [{'name': 'rolldice', 'action': 'install', 'id': '5152439', 'version': '::apt', 'url': 'https://thin-edge-io.eu-latest.cumulocity.com/inventory/binaries/12435463'}]}
2022-06-22 19:42:24,467 WARN  , retrying in 0.5 seconds...
2022-06-22 19:42:24,971 WARN  , retrying in 0.5 seconds...
2022-06-22 19:42:25,473 WARN  , retrying in 0.5 seconds...
2022-06-22 19:42:25,976 WARN  , retrying in 0.5 seconds...
2022-06-22 19:42:26,480 WARN  , retrying in 0.5 seconds...
2022-06-22 19:42:26,983 WARN  , retrying in 0.5 seconds...
2022-06-22 19:42:27,486 WARN  , retrying in 0.5 seconds...
2022-06-22 19:42:27,989 WARN  , retrying in 0.5 seconds...
2022-06-22 19:42:28,492 WARN  , retrying in 0.5 seconds...
2022-06-22 19:42:28,995 WARN  AssertionError occurred while running test - 
Traceback (most recent call last):
  File "/home/pi/env-pysys/lib/python3.7/site-packages/pysys/baserunner.py", line 1294, in __call__
    self.testObj.execute()
  File "/home/pi/actions-runner/_work/thin-edge.io/thin-edge.io/tests/PySys/software_management_end_to_end/sm_apt_install_download_path/run.py", line 83, in execute
    assert_install_in_download_path(install_directory=self.DOWNLOAD_DIR)
  File "/home/pi/env-pysys/lib/python3.7/site-packages/decorator.py", line 232, in fun
    return caller(func, *(extras + args), **kw)
  File "/home/pi/env-pysys/lib/python3.7/site-packages/retry/api.py", line 74, in retry_decorator
    logger)
  File "/home/pi/env-pysys/lib/python3.7/site-packages/retry/api.py", line 33, in __retry_internal
    return f()
  File "/home/pi/actions-runner/_work/thin-edge.io/thin-edge.io/tests/PySys/software_management_end_to_end/sm_apt_install_download_path/run.py", line 28, in assert_install_in_download_path
    assert "rolldice" in os.listdir(f"{install_directory}")
AssertionError
2022-06-22 19:42:29,029 WARN  AssertionError: ... blocked 
2022-06-22 19:42:29,030 INFO  
2022-06-22 19:42:29,031 INFO  cleanup:
2022-06-22 19:42:29,532 INFO  Executed sudo, exit status 0
2022-06-22 19:42:30,101 INFO  Executed sudo, exit status 0
2022-06-22 19:42:34,348 INFO  Executed sudo<tedge_disconnect_c8y>, exit status 0
2022-06-22 19:42:34,457 INFO  Restarting mosquitto too frequently in the last 10 seconds. It was only up for 4 seconds
2022-06-22 19:42:34,459 INFO  Delaying execution by 7 seconds
2022-06-22 19:42:55,462 INFO  Executed sudo<tedge_connect_c8y>, exit status 0, duration 13 secs
2022-06-22 19:42:59,651 INFO  Executed sudo<tedge_disconnect_c8y>, exit status 0
2022-06-22 19:43:00,215 INFO  Executed systemctl<serv_mapper5>, exit status 3
2022-06-22 19:43:00,220 INFO  
2022-06-22 19:43:00,221 INFO  Test duration: 84.15 secs
2022-06-22 19:43:00,222 INFO  Test final outcome:  BLOCKED
2022-06-22 19:43:00,223 INFO  Test outcome reason: AssertionError:
2022-06-22 19:43:00,223 INFO  
