2022-06-22 19:41:23,194 INFO  ==============================================================
2022-06-22 19:41:23,195 INFO  Id:    SoftwareManagement.sm_apt_install_download_path
2022-06-22 19:41:23,196 INFO  Dir:   software_management_end_to_end/
2022-06-22 19:41:23,197 INFO  Title: Install package to directory specified in tedge config set tmp.path
2022-06-22 19:41:23,198 INFO  ==============================================================
2022-06-22 19:41:24,401 INFO  Using sw id database: {'asciijump': '5475369', 'robotfindskitten': '5474869', 'squirrel3': '5475279', 'rolldice': '5152439', 'moon-buggy': '5439204', 'apple': '5495053', 'banana': '5494888', 'cherry': '5495382', 'watermelon': '5494510', 'registry': '8018911', 'hello-world': '8021526', 'docker/getting-started': '8021973', 'alpine': '7991792'}
2022-06-22 19:41:24,402 INFO  EnvironmentC8y Setup
2022-06-22 19:41:24,963 INFO  Executed systemctl<serv_mapper1>, exit status 3
2022-06-22 19:41:39,347 INFO  Executed sudo<tedge_connect_c8y>, exit status 0, duration 14 secs
2022-06-22 19:41:39,963 INFO  Executed sudo<tedge_connect_c8y_test>, exit status 0
2022-06-22 19:41:40,491 INFO  Executed systemctl<serv_mosq2>, exit status 0
2022-06-22 19:41:40,953 INFO  Executed systemctl<serv_mapper3>, exit status 0
2022-06-22 19:41:43,195 INFO  State of current operation: FAILED
2022-06-22 19:41:43,421 INFO  Assert that (False == value) with value=False ... passed
2022-06-22 19:41:43,933 INFO  Executed sudo, exit status 0
2022-06-22 19:41:44,415 INFO  Executed sudo, exit status 0
2022-06-22 19:41:45,060 INFO  Executed sudo, exit status 0
2022-06-22 19:41:48,870 INFO  Executed sudo<tedge_disconnect_c8y>, exit status 0
2022-06-22 19:41:48,975 INFO  Restarting mosquitto too frequently in the last 10 seconds. It was only up for 3 seconds
2022-06-22 19:41:48,976 INFO  Delaying execution by 8 seconds
2022-06-22 19:42:10,651 INFO  Executed sudo<tedge_connect_c8y>, exit status 0, duration 13 secs
2022-06-22 19:42:10,908 INFO  Response status: 201
2022-06-22 19:42:10,912 INFO  Response to action: {
    "delivery": {
        "log": [],
        "time": "2022-06-22T19:42:10.880Z",
        "status": "PENDING"
    },
    "creationTime": "2022-06-22T19:42:10.863Z",
    "deviceName": "m32sd10c",
    "deviceId": "20416696",
    "self": "https://t493319102.eu-latest.cumulocity.com/devicecontrol/operations/20449423",
    "id": "20449423",
    "status": "PENDING",
    "description": "Apply software changes, triggered from PySys: [{'name': 'rolldice', 'id': '5152439', 'version': '::apt', 'url': 'https://thin-edge-io.eu-latest.cumulocity.com/inventory/binaries/12435463', 'action': 'install'}]",
    "c8y_SoftwareUpdate": [
        {
            "name": "rolldice",
            "action": "install",
            "id": "5152439",
            "version": "::apt",
            "url": "https://thin-edge-io.eu-latest.cumulocity.com/inventory/binaries/12435463"
        }
    ]
}
2022-06-22 19:42:10,913 INFO  Started operation: {'delivery': {'log': [], 'time': '2022-06-22T19:42:10.880Z', 'status': 'PENDING'}, 'creationTime': '2022-06-22T19:42:10.863Z', 'deviceName': 'm32sd10c', 'deviceId': '20416696', 'self': 'https://t493319102.eu-latest.cumulocity.com/devicecontrol/operations/20449423', 'id': '20449423', 'status': 'PENDING', 'description': "Apply software changes, triggered from PySys: [{'name': 'rolldice', 'id': '5152439', 'version': '::apt', 'url': 'https://thin-edge-io.eu-latest.cumulocity.com/inventory/binaries/12435463', 'action': 'install'}]", 'c8y_SoftwareUpdate': [{'name': 'rolldice', 'action': 'install', 'id': '5152439', 'version': '::apt', 'url': 'https://thin-edge-io.eu-latest.cumulocity.com/inventory/binaries/12435463'}]}
2022-06-22 19:42:10,918 WARN  , retrying in 0.5 seconds...
2022-06-22 19:42:11,445 WARN  , retrying in 0.5 seconds...
2022-06-22 19:42:11,948 WARN  , retrying in 0.5 seconds...
2022-06-22 19:42:12,451 WARN  , retrying in 0.5 seconds...
2022-06-22 19:42:12,954 WARN  , retrying in 0.5 seconds...
2022-06-22 19:42:13,457 WARN  , retrying in 0.5 seconds...
2022-06-22 19:42:13,959 WARN  , retrying in 0.5 seconds...
2022-06-22 19:42:14,463 WARN  , retrying in 0.5 seconds...
2022-06-22 19:42:14,966 WARN  , retrying in 0.5 seconds...
2022-06-22 19:42:15,469 WARN  AssertionError occurred while running test - 
Traceback (most recent call last):
  File "/home/pi/env-pysys/lib/python3.7/site-packages/pysys/baserunner.py", line 1294, in __call__
    self.testObj.execute()
  File "/home/pi/actions-runner/_work/thin-edge.io/thin-edge.io/tests/PySys/software_management_end_to_end/sm_apt_install_download_path/run.py", line 83, in execute
    assert_install_in_download_path(install_directory=self.DOWNLOAD_DIR)
  File "/home/pi/env-pysys/lib/python3.7/site-packages/decorator.py", line 232, in fun
    return caller(func, *(extras + args), **kw)
  File "/home/pi/env-pysys/lib/python3.7/site-packages/retry/api.py", line 74, in retry_decorator
    logger)
  File "/home/pi/env-pysys/lib/python3.7/site-packages/retry/api.py", line 33, in __retry_internal
    return f()
  File "/home/pi/actions-runner/_work/thin-edge.io/thin-edge.io/tests/PySys/software_management_end_to_end/sm_apt_install_download_path/run.py", line 28, in assert_install_in_download_path
    assert "rolldice" in os.listdir(f"{install_directory}")
AssertionError
2022-06-22 19:42:15,500 WARN  AssertionError: ... blocked 
2022-06-22 19:42:15,501 INFO  
2022-06-22 19:42:15,502 INFO  cleanup:
2022-06-22 19:42:16,019 INFO  Executed sudo, exit status 0
2022-06-22 19:42:16,582 INFO  Executed sudo, exit status 0
2022-06-22 19:42:20,835 INFO  Executed sudo<tedge_disconnect_c8y>, exit status 0
2022-06-22 19:42:20,940 INFO  Restarting mosquitto too frequently in the last 10 seconds. It was only up for 3 seconds
2022-06-22 19:42:20,942 INFO  Delaying execution by 8 seconds
2022-06-22 19:42:43,348 INFO  Executed sudo<tedge_connect_c8y>, exit status 0, duration 14 secs
2022-06-22 19:42:47,617 INFO  Executed sudo<tedge_disconnect_c8y>, exit status 0
2022-06-22 19:42:48,181 INFO  Executed systemctl<serv_mapper5>, exit status 3
2022-06-22 19:42:48,186 INFO  
2022-06-22 19:42:48,187 INFO  Test duration: 85.00 secs
2022-06-22 19:42:48,188 INFO  Test final outcome:  BLOCKED
2022-06-22 19:42:48,189 INFO  Test outcome reason: AssertionError:
2022-06-22 19:42:48,190 INFO  
