<?xml version="1.0" encoding="utf-8"?>
<testsuite failures="1" name="log_request_num_lines" skipped="0" tests="1" time="32.02" timestamp="2022-05-20T13:19:39">
	<testcase classname="LogRequestVerifyNumberOfLines" name="log_request_num_lines">
		<failure message="FAILED: Assert that (True == value) with value=False" type="FAILED"/>
		<system-out>13:19:07 INFO  ==============================================================
13:19:07 INFO  Id:    log_request_num_lines
13:19:07 INFO  Dir:   log_request_end_to_end/
13:19:07 INFO  Title: Validate end to end behaviour for the log request operation check for number of lines
13:19:07 INFO  ==============================================================
13:19:07 INFO  EnvironmentC8y Setup
13:19:07 INFO  Executed systemctl&lt;serv_mapper1&gt;, exit status 3
13:19:07 INFO  Restarting mosquitto too frequently in the last 10 seconds. It was only up for 5 seconds
13:19:07 INFO  Delaying execution by 6 seconds
13:19:28 INFO  Executed sudo&lt;tedge_connect_c8y&gt;, exit status 0, duration 14 secs
13:19:28 INFO  Executed sudo&lt;tedge_connect_c8y_test&gt;, exit status 0
13:19:29 INFO  Executed systemctl&lt;serv_mosq2&gt;, exit status 0
13:19:29 INFO  Executed systemctl&lt;serv_mapper3&gt;, exit status 0
13:19:30 INFO  Executed sudo&lt;rm_logs&gt;, exit status 0
13:19:30 INFO  Executed sudo&lt;move_logs&gt;, exit status 0
13:19:31 INFO  log response None
13:19:31 WARN  retry, retrying in 1 seconds...
13:19:32 INFO  log response https://thin-edge-io.eu-latest.cumulocity.com/event/events/19411151/binaries
13:19:32 INFO  nlines 0
13:19:32 WARN  Assert that (True == value) with value=False ... failed [run.py:44]
13:19:32 INFO  
13:19:32 INFO  cleanup:
13:19:33 INFO  Executed sudo&lt;rm_logs&gt;, exit status 0
13:19:33 INFO  Executed sudo&lt;rm_tmp_logs&gt;, exit status 0
13:19:34 INFO  Executed sudo&lt;send_failed&gt;, exit status 0
13:19:38 INFO  Executed sudo&lt;tedge_disconnect_c8y&gt;, exit status 0
13:19:39 INFO  Executed systemctl&lt;serv_mapper5&gt;, exit status 3
13:19:39 INFO  
13:19:39 INFO  Test duration: 32.02 secs
13:19:39 INFO  Test final outcome:  FAILED
13:19:39 INFO  Test outcome reason: Assert that (True == value) with value=False
13:19:39 INFO  
</system-out>
	</testcase>
</testsuite>
