<?xml version="1.0" encoding="utf-8"?>
<testsuite failures="1" name="log_request_error_messages" skipped="0" tests="1" time="35.86" timestamp="2022-05-20T11:12:15">
	<testcase classname="LogRequestVerifySearchTextError" name="log_request_error_messages">
		<failure message="FAILED: Assert that (True == value) with value=False" type="FAILED"/>
		<system-out>11:11:39 INFO  ==============================================================
11:11:39 INFO  Id:    log_request_error_messages
11:11:39 INFO  Dir:   log_request_end_to_end/
11:11:39 INFO  Title: Validate end to end behaviour for the log request operation check for error messages
11:11:39 INFO  ==============================================================
11:11:40 INFO  EnvironmentC8y Setup
11:11:41 INFO  Executed systemctl&lt;serv_mapper1&gt;, exit status 3
11:11:41 INFO  Restarting mosquitto too frequently in the last 10 seconds. It was only up for 3 seconds
11:11:41 INFO  Delaying execution by 8 seconds
11:12:03 INFO  Executed sudo&lt;tedge_connect_c8y&gt;, exit status 0, duration 14 secs
11:12:04 INFO  Executed sudo&lt;tedge_connect_c8y_test&gt;, exit status 0
11:12:04 INFO  Executed systemctl&lt;serv_mosq2&gt;, exit status 0
11:12:05 INFO  Executed systemctl&lt;serv_mapper3&gt;, exit status 0
11:12:05 INFO  Executed sudo&lt;rm_logs&gt;, exit status 0
11:12:06 INFO  Executed sudo&lt;move_logs&gt;, exit status 0
11:12:07 INFO  log response None
11:12:07 WARN  retry, retrying in 1 seconds...
11:12:08 INFO  log response https://thin-edge-io.eu-latest.cumulocity.com/event/events/19395849/binaries
11:12:09 WARN  Assert that (True == value) with value=False ... failed [run.py:43]
11:12:09 INFO  
11:12:09 INFO  cleanup:
11:12:09 INFO  Executed sudo&lt;rm_logs&gt;, exit status 0
11:12:10 INFO  Executed sudo&lt;rm_tmp_logs&gt;, exit status 0
11:12:10 INFO  Executed sudo&lt;send_failed&gt;, exit status 0
11:12:14 INFO  Executed sudo&lt;tedge_disconnect_c8y&gt;, exit status 0
11:12:15 INFO  Executed systemctl&lt;serv_mapper5&gt;, exit status 3
11:12:15 INFO  
11:12:15 INFO  Test duration: 35.86 secs
11:12:15 INFO  Test final outcome:  FAILED
11:12:15 INFO  Test outcome reason: Assert that (True == value) with value=False
11:12:15 INFO  
</system-out>
	</testcase>
</testsuite>
