<?xml version="1.0" encoding="utf-8"?>
<testsuite failures="1" name="local_mqtt_pub_sub_retain" skipped="0" tests="1" time="6.14" timestamp="2022-06-22T13:51:22">
	<testcase classname="MqttPublishWithRetain" name="local_mqtt_pub_sub_retain">
		<failure message="FAILED: Grep on temp_sensor_sub.out contains &quot;\[test/alarms/temp_sensor\] alarm msg 2&quot; (+1 other failures)" type="FAILED"/>
		<system-out>13:51:16 INFO  ==============================================================
13:51:16 INFO  Id:    local_mqtt_pub_sub_retain
13:51:16 INFO  Dir:   local_mqtt/
13:51:16 INFO  Title: Validate local publishing with retain flag
13:51:16 INFO  ==============================================================
13:51:17 INFO  Executed tedge&lt;pub_to_set_alarm&gt;, exit status 0
13:51:17 INFO  Executed tedge&lt;pub_to_set_alarm&gt;, exit status 0
13:51:18 INFO  Started tedge&lt;temp_sensor_sub&gt; with process id 20307
13:51:19 INFO  Executed tedge&lt;pub_to_clear_alarm&gt;, exit status 0
13:51:20 INFO  Executed sudo&lt;kill_out&gt;, exit status 0
13:51:21 INFO  Executed tedge&lt;pub_to_clear_alarm&gt;, exit status 0
13:51:21 INFO  Started tedge&lt;temp_sensor_empty_message&gt; with process id 20312
13:51:22 INFO  Executed sudo&lt;kill_out&gt;, exit status 0
13:51:22 WARN  Grep on temp_sensor_sub.out contains &quot;\[test/alarms/temp_sensor\] alarm msg 2&quot; ... failed [run.py:139]
13:51:22 WARN  Grep on temp_sensor_sub.out contains &quot;\[test/alarms/temp_sensor\] &quot; ... failed [run.py:142]
13:51:22 INFO  Grep on file temp_sensor_empty_message.out ... passed
13:51:22 INFO  
13:51:22 INFO  Test duration: 6.14 secs
13:51:22 INFO  Test final outcome:  FAILED
13:51:22 INFO  Test outcome reason: Grep on temp_sensor_sub.out contains &quot;\[test/alarms/temp_sensor\] alarm msg 2&quot; (+1 other failures)
13:51:22 INFO  
</system-out>
	</testcase>
</testsuite>
