<?xml version="1.0" encoding="utf-8"?>
<testsuite failures="1" name="call_tedge_-h_-V" skipped="0" tests="1" time="0.51" timestamp="2022-07-21T16:31:01">
	<testcase classname="PySysTest" name="call_tedge_-h_-V">
		<failure message="FAILED: Grep on tedge.out contains &quot;tedge 0.6&quot;" type="FAILED"/>
		<system-out>16:31:00 INFO  ==============================================================
16:31:00 INFO  Id:    call_tedge_-h_-V
16:31:00 INFO  Dir:   tedge/
16:31:00 INFO  Title: Validate command line option -h -V
16:31:00 INFO  ==============================================================
16:31:01 INFO  Executed tedge, exit status 0
16:31:01 WARN  Grep on tedge.out contains &quot;tedge 0.6&quot; ... failed [run.py:32]
16:31:01 INFO  Grep on file tedge.out ... passed
16:31:01 INFO  
16:31:01 INFO  Test duration: 0.51 secs
16:31:01 INFO  Test final outcome:  FAILED
16:31:01 INFO  Test outcome reason: Grep on tedge.out contains &quot;tedge 0.6&quot;
16:31:01 INFO  
</system-out>
	</testcase>
</testsuite>
