<?xml version="1.0" encoding="utf-8"?>
<testsuite failures="1" name="c8y_jwt_token_retrieval" skipped="0" tests="1" time="21.4" timestamp="2022-05-23T14:54:31">
	<testcase classname="ValidateJWTTokenRetrieval" name="c8y_jwt_token_retrieval">
		<failure message="FAILED: Grep on resp_jwt.out contains &quot;\[c8y/s/dat\] 71,&quot;" type="FAILED"/>
		<system-out>14:54:10 INFO  ==============================================================
14:54:10 INFO  Id:    c8y_jwt_token_retrieval
14:54:10 INFO  Dir:   cloud_c8y/
14:54:10 INFO  Title: Validate the Cumulocity JWT Token Retrieval feature
14:54:10 INFO  ==============================================================
14:54:10 INFO  Executed sudo&lt;tedge_disconnect_c8y&gt;, exit status 0
14:54:25 INFO  Executed sudo&lt;tedge_connect_c8y&gt;, exit status 0, duration 14 secs
14:54:25 INFO  Started sudo&lt;resp_jwt&gt; with process id 31576
14:54:26 INFO  Executed sudo&lt;req_jwt&gt;, exit status 0
14:54:27 INFO  Executed sudo&lt;kill_out&gt;, exit status 0
14:54:27 WARN  Grep on resp_jwt.out contains &quot;\[c8y/s/dat\] 71,&quot; ... failed [run.py:60]
14:54:27 INFO  
14:54:27 INFO  cleanup:
14:54:31 INFO  Executed sudo&lt;tedge_disconnect_c8y&gt;, exit status 0
14:54:31 INFO  
14:54:31 INFO  Test duration: 21.40 secs
14:54:31 INFO  Test final outcome:  FAILED
14:54:31 INFO  Test outcome reason: Grep on resp_jwt.out contains &quot;\[c8y/s/dat\] 71,&quot;
14:54:31 INFO  
</system-out>
	</testcase>
</testsuite>
