<?xml version="1.0" encoding="utf-8"?>
<testsuite failures="1" name="log_request_error_messages" skipped="0" tests="1" time="36.7" timestamp="2022-05-20T13:19:04">
	<testcase classname="LogRequestVerifySearchTextError" name="log_request_error_messages">
		<failure message="FAILED: Assert that (True == value) with value=False" type="FAILED"/>
		<system-out>13:18:27 INFO  ==============================================================
13:18:27 INFO  Id:    log_request_error_messages
13:18:27 INFO  Dir:   log_request_end_to_end/
13:18:27 INFO  Title: Validate end to end behaviour for the log request operation check for error messages
13:18:27 INFO  ==============================================================
13:18:28 INFO  EnvironmentC8y Setup
13:18:29 INFO  Executed systemctl&lt;serv_mapper1&gt;, exit status 3
13:18:29 INFO  Restarting mosquitto too frequently in the last 10 seconds. It was only up for 2 seconds
13:18:29 INFO  Delaying execution by 9 seconds
13:18:52 INFO  Executed sudo&lt;tedge_connect_c8y&gt;, exit status 0, duration 14 secs
13:18:53 INFO  Executed sudo&lt;tedge_connect_c8y_test&gt;, exit status 0
13:18:53 INFO  Executed systemctl&lt;serv_mosq2&gt;, exit status 0
13:18:54 INFO  Executed systemctl&lt;serv_mapper3&gt;, exit status 0
13:18:55 INFO  Executed sudo&lt;rm_logs&gt;, exit status 0
13:18:55 INFO  Executed sudo&lt;move_logs&gt;, exit status 0
13:18:56 INFO  log response None
13:18:56 WARN  retry, retrying in 1 seconds...
13:18:57 INFO  log response https://thin-edge-io.eu-latest.cumulocity.com/event/events/19408351/binaries
13:18:58 WARN  Assert that (True == value) with value=False ... failed [run.py:43]
13:18:58 INFO  
13:18:58 INFO  cleanup:
13:18:58 INFO  Executed sudo&lt;rm_logs&gt;, exit status 0
13:18:59 INFO  Executed sudo&lt;rm_tmp_logs&gt;, exit status 0
13:18:59 INFO  Executed sudo&lt;send_failed&gt;, exit status 0
13:19:03 INFO  Executed sudo&lt;tedge_disconnect_c8y&gt;, exit status 0
13:19:04 INFO  Executed systemctl&lt;serv_mapper5&gt;, exit status 3
13:19:04 INFO  
13:19:04 INFO  Test duration: 36.70 secs
13:19:04 INFO  Test final outcome:  FAILED
13:19:04 INFO  Test outcome reason: Assert that (True == value) with value=False
13:19:04 INFO  
</system-out>
	</testcase>
</testsuite>
