<?xml version="1.0" encoding="utf-8"?>
<testsuite failures="1" name="monitoring_with_simulated_messages" skipped="0" tests="1" time="4.62" timestamp="2022-07-22T00:29:54">
	<testcase classname="MonitoringWithSimulatedMessages" name="monitoring_with_simulated_messages">
		<failure message="BLOCKED: TypeError: 'int' object is not subscriptable" type="BLOCKED"/>
		<system-out>00:29:50 INFO  ==============================================================
00:29:50 INFO  Id:    monitoring_with_simulated_messages
00:29:50 INFO  Dir:   monitoring/
00:29:50 INFO  Title: Validate the tedge dm agent messages that are produced from the simulated collectd messages
00:29:50 INFO  ==============================================================
00:29:50 INFO  Executed sudo&lt;collectd&gt;, exit status 0
00:29:51 INFO  Executed sudo&lt;collectd_mapper&gt;, exit status 0
00:29:51 INFO  Started sudo&lt;tedge_sub&gt; with process id 379
00:29:52 INFO  Executed sudo&lt;tedge_temp&gt;, exit status 0
00:29:52 INFO  Executed sudo&lt;tedge_pres&gt;, exit status 0
00:29:54 INFO  Executed sudo&lt;kill_out&gt;, exit status 0
00:29:54 INFO  0

00:29:54 WARN  TypeError occurred while running test - 'int' object is not subscriptable
Traceback (most recent call last):
  File &quot;/home/pi/env-pysys/lib/python3.7/site-packages/pysys/baserunner.py&quot;, line 1296, in __call__
    self.testObj.validate()
  File &quot;/home/pi/actions-runner/_work/thin-edge.io/thin-edge.io/tests/PySys/monitoring/monitoring_with_simulated_messages/run.py&quot;, line 98, in validate
    collectd_msg_validation_result=self.validate_json(),
  File &quot;/home/pi/actions-runner/_work/thin-edge.io/thin-edge.io/tests/PySys/monitoring/monitoring_with_simulated_messages/run.py&quot;, line 108, in validate_json
    if not self.validate_time():
  File &quot;/home/pi/actions-runner/_work/thin-edge.io/thin-edge.io/tests/PySys/monitoring/monitoring_with_simulated_messages/run.py&quot;, line 127, in validate_time
    if self.js_msg[&quot;time&quot;]:
TypeError: 'int' object is not subscriptable
00:29:54 WARN  TypeError: 'int' object is not subscriptable ... blocked 
00:29:54 INFO  
00:29:54 INFO  cleanup:
00:29:54 INFO  monitoring_cleanup
00:29:54 INFO  Executed sudo&lt;collectd_mapper&gt;, exit status 0
00:29:54 INFO  
00:29:54 INFO  Test duration: 4.62 secs
00:29:54 INFO  Test final outcome:  BLOCKED
00:29:54 INFO  Test outcome reason: TypeError: 'int' object is not subscriptable
00:29:54 INFO  
</system-out>
	</testcase>
</testsuite>
