2022-07-21 23:57:17,458 INFO  ==============================================================
2022-07-21 23:57:17,459 INFO  Id:    SoftwareManagement.sm_apt_install_download_path
2022-07-21 23:57:17,460 INFO  Dir:   software_management_end_to_end/
2022-07-21 23:57:17,461 INFO  Title: Install package to directory specified in tedge config set tmp.path
2022-07-21 23:57:17,462 INFO  ==============================================================
2022-07-21 23:57:18,829 INFO  Using sw id database: {'asciijump': '5475369', 'robotfindskitten': '5474869', 'squirrel3': '5475279', 'rolldice': '5152439', 'moon-buggy': '5439204', 'apple': '5495053', 'banana': '5494888', 'cherry': '5495382', 'watermelon': '5494510', 'registry': '8018911', 'hello-world': '8021526', 'docker/getting-started': '8021973', 'alpine': '7991792'}
2022-07-21 23:57:18,830 INFO  EnvironmentC8y Setup
2022-07-21 23:57:19,467 INFO  Executed systemctl<serv_mapper1>, exit status 3
2022-07-21 23:57:34,332 INFO  Executed sudo<tedge_connect_c8y>, exit status 0, duration 14 secs
2022-07-21 23:57:34,949 INFO  Executed sudo<tedge_connect_c8y_test>, exit status 0
2022-07-21 23:57:35,411 INFO  Executed systemctl<serv_mosq2>, exit status 0
2022-07-21 23:57:35,874 INFO  Executed systemctl<serv_mapper3>, exit status 0
2022-07-21 23:57:38,157 INFO  State of current operation: SUCCESSFUL
2022-07-21 23:57:38,429 INFO  Assert that (False == value) with value=False ... passed
2022-07-21 23:57:38,941 INFO  Executed sudo, exit status 0
2022-07-21 23:57:39,453 INFO  Executed sudo, exit status 0
2022-07-21 23:57:40,098 INFO  Executed sudo, exit status 0
2022-07-21 23:57:44,257 INFO  Executed sudo<tedge_disconnect_c8y>, exit status 0
2022-07-21 23:57:44,362 INFO  Restarting mosquitto too frequently in the last 10 seconds. It was only up for 3 seconds
2022-07-21 23:57:44,363 INFO  Delaying execution by 8 seconds
2022-07-21 23:58:06,347 INFO  Executed sudo<tedge_connect_c8y>, exit status 0, duration 13 secs
2022-07-21 23:58:06,609 INFO  Response status: 201
2022-07-21 23:58:06,611 INFO  Response to action: {
    "delivery": {
        "log": [],
        "time": "2022-07-21T23:58:06.576Z",
        "status": "PENDING"
    },
    "creationTime": "2022-07-21T23:58:06.560Z",
    "deviceId": "21166557",
    "deviceName": "m32sd10b",
    "self": "https://t493319102.eu-latest.cumulocity.com/devicecontrol/operations/21210763",
    "id": "21210763",
    "status": "PENDING",
    "description": "Apply software changes, triggered from PySys: [{'name': 'rolldice', 'id': '5152439', 'version': '::apt', 'url': 'https://thin-edge-io.eu-latest.cumulocity.com/inventory/binaries/12435463', 'action': 'install'}]",
    "c8y_SoftwareUpdate": [
        {
            "name": "rolldice",
            "action": "install",
            "id": "5152439",
            "version": "::apt",
            "url": "https://thin-edge-io.eu-latest.cumulocity.com/inventory/binaries/12435463"
        }
    ]
}
2022-07-21 23:58:06,612 INFO  Started operation: {'delivery': {'log': [], 'time': '2022-07-21T23:58:06.576Z', 'status': 'PENDING'}, 'creationTime': '2022-07-21T23:58:06.560Z', 'deviceId': '21166557', 'deviceName': 'm32sd10b', 'self': 'https://t493319102.eu-latest.cumulocity.com/devicecontrol/operations/21210763', 'id': '21210763', 'status': 'PENDING', 'description': "Apply software changes, triggered from PySys: [{'name': 'rolldice', 'id': '5152439', 'version': '::apt', 'url': 'https://thin-edge-io.eu-latest.cumulocity.com/inventory/binaries/12435463', 'action': 'install'}]", 'c8y_SoftwareUpdate': [{'name': 'rolldice', 'action': 'install', 'id': '5152439', 'version': '::apt', 'url': 'https://thin-edge-io.eu-latest.cumulocity.com/inventory/binaries/12435463'}]}
2022-07-21 23:58:06,616 WARN  , retrying in 0.5 seconds...
2022-07-21 23:58:07,120 WARN  , retrying in 0.5 seconds...
2022-07-21 23:58:07,625 WARN  , retrying in 0.5 seconds...
2022-07-21 23:58:08,128 WARN  , retrying in 0.5 seconds...
2022-07-21 23:58:08,631 WARN  , retrying in 0.5 seconds...
2022-07-21 23:58:09,135 WARN  , retrying in 0.5 seconds...
2022-07-21 23:58:09,646 WARN  , retrying in 0.5 seconds...
2022-07-21 23:58:10,149 WARN  , retrying in 0.5 seconds...
2022-07-21 23:58:10,652 WARN  , retrying in 0.5 seconds...
2022-07-21 23:58:11,155 WARN  AssertionError occurred while running test - 
Traceback (most recent call last):
  File "/home/pi/env-pysys/lib/python3.7/site-packages/pysys/baserunner.py", line 1294, in __call__
    self.testObj.execute()
  File "/home/pi/actions-runner/_work/thin-edge.io/thin-edge.io/tests/PySys/software_management_end_to_end/sm_apt_install_download_path/run.py", line 83, in execute
    assert_install_in_download_path(install_directory=self.DOWNLOAD_DIR)
  File "/home/pi/env-pysys/lib/python3.7/site-packages/decorator.py", line 232, in fun
    return caller(func, *(extras + args), **kw)
  File "/home/pi/env-pysys/lib/python3.7/site-packages/retry/api.py", line 74, in retry_decorator
    logger)
  File "/home/pi/env-pysys/lib/python3.7/site-packages/retry/api.py", line 33, in __retry_internal
    return f()
  File "/home/pi/actions-runner/_work/thin-edge.io/thin-edge.io/tests/PySys/software_management_end_to_end/sm_apt_install_download_path/run.py", line 28, in assert_install_in_download_path
    assert "rolldice" in os.listdir(f"{install_directory}")
AssertionError
2022-07-21 23:58:11,187 WARN  AssertionError: ... blocked 
2022-07-21 23:58:11,188 INFO  
2022-07-21 23:58:11,189 INFO  cleanup:
2022-07-21 23:58:11,709 INFO  Executed sudo, exit status 0
2022-07-21 23:58:12,324 INFO  Executed sudo, exit status 0
2022-07-21 23:58:17,045 INFO  Executed sudo<tedge_disconnect_c8y>, exit status 0
2022-07-21 23:58:17,160 INFO  Restarting mosquitto too frequently in the last 10 seconds. It was only up for 4 seconds
2022-07-21 23:58:17,161 INFO  Delaying execution by 7 seconds
2022-07-21 23:58:38,508 INFO  Executed sudo<tedge_connect_c8y>, exit status 0, duration 14 secs
2022-07-21 23:58:42,634 INFO  Executed sudo<tedge_disconnect_c8y>, exit status 0
2022-07-21 23:58:43,198 INFO  Executed systemctl<serv_mapper5>, exit status 3
2022-07-21 23:58:43,202 INFO  
2022-07-21 23:58:43,203 INFO  Test duration: 85.76 secs
2022-07-21 23:58:43,204 INFO  Test final outcome:  BLOCKED
2022-07-21 23:58:43,205 INFO  Test outcome reason: AssertionError:
2022-07-21 23:58:43,206 INFO  
