2022-06-22 19:59:39,330 INFO  ==============================================================
2022-06-22 19:59:39,331 INFO  Id:    SoftwareManagement.sm_mixed_install_remove_multiple
2022-06-22 19:59:39,332 INFO  Dir:   software_management_end_to_end/
2022-06-22 19:59:39,333 INFO  Title: Validate end to end behaviour for the dummy-plugin for multiple packages with mixed versions
2022-06-22 19:59:39,333 INFO  ==============================================================
2022-06-22 19:59:39,342 INFO  Using sw id database: {'asciijump': '5475369', 'robotfindskitten': '5474869', 'squirrel3': '5475279', 'rolldice': '5152439', 'moon-buggy': '5439204', 'apple': '5495053', 'banana': '5494888', 'cherry': '5495382', 'watermelon': '5494510', 'registry': '8018911', 'hello-world': '8021526', 'docker/getting-started': '8021973', 'alpine': '7991792'}
2022-06-22 19:59:39,343 INFO  EnvironmentC8y Setup
2022-06-22 19:59:39,905 INFO  Executed systemctl<serv_mapper1>, exit status 3
2022-06-22 19:59:40,012 INFO  Restarting mosquitto too frequently in the last 10 seconds. It was only up for 4 seconds
2022-06-22 19:59:40,014 INFO  Delaying execution by 7 seconds
2022-06-22 20:00:01,280 INFO  Executed sudo<tedge_connect_c8y>, exit status 0, duration 14 secs
2022-06-22 20:00:01,898 INFO  Executed sudo<tedge_connect_c8y_test>, exit status 0
2022-06-22 20:00:02,367 INFO  Executed systemctl<serv_mosq2>, exit status 0
2022-06-22 20:00:02,829 INFO  Executed systemctl<serv_mapper3>, exit status 0
2022-06-22 20:00:05,053 INFO  State of current operation: SUCCESSFUL
2022-06-22 20:00:05,271 INFO  Package apple is installed
2022-06-22 20:00:05,273 INFO  Assert that (True == value) with value=True ... passed
2022-06-22 20:00:05,489 INFO  Package banana is installed
2022-06-22 20:00:05,491 INFO  Assert that (True == value) with value=True ... passed
2022-06-22 20:00:05,715 INFO  Package cherry is installed
2022-06-22 20:00:05,717 INFO  Assert that (True == value) with value=True ... passed
2022-06-22 20:00:05,944 INFO  Package asciijump is installed
2022-06-22 20:00:05,978 WARN  Assert that (False == value) with value=True ... failed 
2022-06-22 20:00:06,215 INFO  Package registry is installed
2022-06-22 20:00:06,238 WARN  Assert that (False == value) with value=True ... failed 
2022-06-22 20:00:06,477 INFO  Response status: 201
2022-06-22 20:00:06,479 INFO  Response to action: {
    "creationTime": "2022-06-22T20:00:06.425Z",
    "deviceName": "m32sd10c",
    "deviceId": "20416696",
    "self": "https://t493319102.eu-latest.cumulocity.com/devicecontrol/operations/20449629",
    "id": "20449629",
    "status": "PENDING",
    "description": "Apply software changes, triggered from PySys: [{'action': 'install', 'id': '5495053', 'name': 'apple', 'url': ' ', 'version': '::fruits'}, {'action': 'install', 'id': '5494888', 'name': 'banana', 'url': ' ', 'version': '::fruits'}, {'action': 'install', 'id': '5475369', 'name': 'asciijump', 'url': ' ', 'version': '::apt'}, {'action': 'install', 'id': '5495382', 'name': 'cherry', 'url': ' ', 'version': '::fruits'}, {'action': 'install', 'id': '8018911', 'name': 'registry', 'url': ' ', 'version': '::docker'}]",
    "c8y_SoftwareUpdate": [
        {
            "name": "apple",
            "action": "install",
            "id": "5495053",
            "version": "::fruits",
            "url": " "
        },
        {
            "name": "banana",
            "action": "install",
            "id": "5494888",
            "version": "::fruits",
            "url": " "
        },
        {
            "name": "asciijump",
            "action": "install",
            "id": "5475369",
            "version": "::apt",
            "url": " "
        },
        {
            "name": "cherry",
            "action": "install",
            "id": "5495382",
            "version": "::fruits",
            "url": " "
        },
        {
            "name": "registry",
            "action": "install",
            "id": "8018911",
            "version": "::docker",
            "url": " "
        }
    ]
}
2022-06-22 20:00:06,480 INFO  Started operation: {'creationTime': '2022-06-22T20:00:06.425Z', 'deviceName': 'm32sd10c', 'deviceId': '20416696', 'self': 'https://t493319102.eu-latest.cumulocity.com/devicecontrol/operations/20449629', 'id': '20449629', 'status': 'PENDING', 'description': "Apply software changes, triggered from PySys: [{'action': 'install', 'id': '5495053', 'name': 'apple', 'url': ' ', 'version': '::fruits'}, {'action': 'install', 'id': '5494888', 'name': 'banana', 'url': ' ', 'version': '::fruits'}, {'action': 'install', 'id': '5475369', 'name': 'asciijump', 'url': ' ', 'version': '::apt'}, {'action': 'install', 'id': '5495382', 'name': 'cherry', 'url': ' ', 'version': '::fruits'}, {'action': 'install', 'id': '8018911', 'name': 'registry', 'url': ' ', 'version': '::docker'}]", 'c8y_SoftwareUpdate': [{'name': 'apple', 'action': 'install', 'id': '5495053', 'version': '::fruits', 'url': ' '}, {'name': 'banana', 'action': 'install', 'id': '5494888', 'version': '::fruits', 'url': ' '}, {'name': 'asciijump', 'action': 'install', 'id': '5475369', 'version': '::apt', 'url': ' '}, {'name': 'cherry', 'action': 'install', 'id': '5495382', 'version': '::fruits', 'url': ' '}, {'name': 'registry', 'action': 'install', 'id': '8018911', 'version': '::docker', 'url': ' '}]}
2022-06-22 20:00:08,699 INFO  State of operation 20449629 : PENDING
2022-06-22 20:00:10,921 INFO  State of operation 20449629 : EXECUTING
2022-06-22 20:00:13,143 INFO  State of operation 20449629 : EXECUTING
2022-06-22 20:00:15,356 INFO  State of operation 20449629 : EXECUTING
2022-06-22 20:00:17,568 INFO  State of operation 20449629 : EXECUTING
2022-06-22 20:00:19,815 INFO  State of operation 20449629 : EXECUTING
2022-06-22 20:00:22,502 INFO  State of operation 20449629 : EXECUTING
2022-06-22 20:00:25,763 INFO  State of operation 20449629 : EXECUTING
2022-06-22 20:00:28,023 INFO  State of operation 20449629 : EXECUTING
2022-06-22 20:00:30,365 INFO  State of operation 20449629 : EXECUTING
2022-06-22 20:00:32,603 INFO  State of operation 20449629 : EXECUTING
2022-06-22 20:00:34,857 INFO  State of operation 20449629 : EXECUTING
2022-06-22 20:00:37,077 INFO  State of operation 20449629 : EXECUTING
2022-06-22 20:00:39,320 INFO  State of operation 20449629 : EXECUTING
2022-06-22 20:00:41,615 INFO  State of operation 20449629 : EXECUTING
2022-06-22 20:00:43,825 INFO  State of operation 20449629 : EXECUTING
2022-06-22 20:00:46,069 INFO  State of operation 20449629 : EXECUTING
2022-06-22 20:00:48,325 INFO  State of operation 20449629 : EXECUTING
2022-06-22 20:00:50,552 INFO  State of operation 20449629 : EXECUTING
2022-06-22 20:00:52,767 INFO  State of operation 20449629 : FAILED
2022-06-22 20:00:52,768 ERROR Stopping as the operation has failed
2022-06-22 20:00:52,769 WARN  SystemError occurred while running test - The operation has failed
Traceback (most recent call last):
  File "/home/pi/env-pysys/lib/python3.7/site-packages/pysys/baserunner.py", line 1294, in __call__
    self.testObj.execute()
  File "/home/pi/actions-runner/_work/thin-edge.io/thin-edge.io/tests/PySys/software_management_end_to_end/sm_mixed_install_remove_multiple/run.py", line 95, in execute
    self.wait_until_succcess()
  File "/home/pi/actions-runner/_work/thin-edge.io/thin-edge.io/tests/PySys/software_management_end_to_end/environment_sm_management.py", line 324, in wait_until_succcess
    self.wait_until_status("SUCCESSFUL")
  File "/home/pi/actions-runner/_work/thin-edge.io/thin-edge.io/tests/PySys/software_management_end_to_end/environment_sm_management.py", line 361, in wait_until_status
    raise SystemError("The operation has failed")
SystemError: The operation has failed
2022-06-22 20:00:52,790 WARN  SystemError: The operation has failed ... blocked 
2022-06-22 20:00:52,791 INFO  
2022-06-22 20:00:52,791 INFO  cleanup:
2022-06-22 20:00:56,866 INFO  Executed sudo<tedge_disconnect_c8y>, exit status 0
2022-06-22 20:00:57,431 INFO  Executed systemctl<serv_mapper5>, exit status 3
2022-06-22 20:00:57,435 INFO  
2022-06-22 20:00:57,436 INFO  Test duration: 78.11 secs
2022-06-22 20:00:57,438 INFO  Test final outcome:  BLOCKED
2022-06-22 20:00:57,439 INFO  Test outcome reason: SystemError: The operation has failed (+2 other failures)
2022-06-22 20:00:57,440 INFO  
