2022-07-21 14:21:32,174 INFO  ==============================================================
2022-07-21 14:21:32,175 INFO  Id:    SoftwareManagement.sm_apt_install_download_path
2022-07-21 14:21:32,176 INFO  Dir:   software_management_end_to_end/
2022-07-21 14:21:32,177 INFO  Title: Install package to directory specified in tedge config set tmp.path
2022-07-21 14:21:32,178 INFO  ==============================================================
2022-07-21 14:21:33,413 INFO  Using sw id database: {'asciijump': '5475369', 'robotfindskitten': '5474869', 'squirrel3': '5475279', 'rolldice': '5152439', 'moon-buggy': '5439204', 'apple': '5495053', 'banana': '5494888', 'cherry': '5495382', 'watermelon': '5494510', 'registry': '8018911', 'hello-world': '8021526', 'docker/getting-started': '8021973', 'alpine': '7991792'}
2022-07-21 14:21:33,414 INFO  EnvironmentC8y Setup
2022-07-21 14:21:33,975 INFO  Executed systemctl<serv_mapper1>, exit status 3
2022-07-21 14:21:48,017 INFO  Executed sudo<tedge_connect_c8y>, exit status 0, duration 13 secs
2022-07-21 14:21:48,635 INFO  Executed sudo<tedge_connect_c8y_test>, exit status 0
2022-07-21 14:21:49,150 INFO  Executed systemctl<serv_mosq2>, exit status 0
2022-07-21 14:21:49,663 INFO  Executed systemctl<serv_mapper3>, exit status 0
2022-07-21 14:21:51,912 INFO  State of current operation: SUCCESSFUL
2022-07-21 14:21:52,140 INFO  Assert that (False == value) with value=False ... passed
2022-07-21 14:21:52,655 INFO  Executed sudo, exit status 0
2022-07-21 14:21:53,169 INFO  Executed sudo, exit status 0
2022-07-21 14:21:53,812 INFO  Executed sudo, exit status 0
2022-07-21 14:21:57,709 INFO  Executed sudo<tedge_disconnect_c8y>, exit status 0
2022-07-21 14:21:57,814 INFO  Restarting mosquitto too frequently in the last 10 seconds. It was only up for 3 seconds
2022-07-21 14:21:57,815 INFO  Delaying execution by 8 seconds
2022-07-21 14:22:19,738 INFO  Executed sudo<tedge_connect_c8y>, exit status 0, duration 13 secs
2022-07-21 14:22:20,025 INFO  Response status: 201
2022-07-21 14:22:20,027 INFO  Response to action: {
    "delivery": {
        "log": [],
        "time": "2022-07-21T14:22:19.997Z",
        "status": "PENDING"
    },
    "creationTime": "2022-07-21T14:22:19.973Z",
    "deviceId": "21119832",
    "deviceName": "m32sd10a",
    "self": "https://t493319102.eu-latest.cumulocity.com/devicecontrol/operations/21139932",
    "id": "21139932",
    "status": "PENDING",
    "description": "Apply software changes, triggered from PySys: [{'name': 'rolldice', 'id': '5152439', 'version': '::apt', 'url': 'https://thin-edge-io.eu-latest.cumulocity.com/inventory/binaries/12435463', 'action': 'install'}]",
    "c8y_SoftwareUpdate": [
        {
            "name": "rolldice",
            "action": "install",
            "id": "5152439",
            "version": "::apt",
            "url": "https://thin-edge-io.eu-latest.cumulocity.com/inventory/binaries/12435463"
        }
    ]
}
2022-07-21 14:22:20,028 INFO  Started operation: {'delivery': {'log': [], 'time': '2022-07-21T14:22:19.997Z', 'status': 'PENDING'}, 'creationTime': '2022-07-21T14:22:19.973Z', 'deviceId': '21119832', 'deviceName': 'm32sd10a', 'self': 'https://t493319102.eu-latest.cumulocity.com/devicecontrol/operations/21139932', 'id': '21139932', 'status': 'PENDING', 'description': "Apply software changes, triggered from PySys: [{'name': 'rolldice', 'id': '5152439', 'version': '::apt', 'url': 'https://thin-edge-io.eu-latest.cumulocity.com/inventory/binaries/12435463', 'action': 'install'}]", 'c8y_SoftwareUpdate': [{'name': 'rolldice', 'action': 'install', 'id': '5152439', 'version': '::apt', 'url': 'https://thin-edge-io.eu-latest.cumulocity.com/inventory/binaries/12435463'}]}
2022-07-21 14:22:20,033 WARN  , retrying in 0.5 seconds...
2022-07-21 14:22:20,537 WARN  , retrying in 0.5 seconds...
2022-07-21 14:22:21,040 WARN  , retrying in 0.5 seconds...
2022-07-21 14:22:21,543 WARN  , retrying in 0.5 seconds...
2022-07-21 14:22:22,046 WARN  , retrying in 0.5 seconds...
2022-07-21 14:22:22,549 WARN  , retrying in 0.5 seconds...
2022-07-21 14:22:23,051 WARN  , retrying in 0.5 seconds...
2022-07-21 14:22:23,555 WARN  , retrying in 0.5 seconds...
2022-07-21 14:22:24,057 WARN  , retrying in 0.5 seconds...
2022-07-21 14:22:24,561 WARN  AssertionError occurred while running test - 
Traceback (most recent call last):
  File "/home/pi/env-pysys/lib/python3.7/site-packages/pysys/baserunner.py", line 1294, in __call__
    self.testObj.execute()
  File "/home/pi/actions-runner/_work/thin-edge.io/thin-edge.io/tests/PySys/software_management_end_to_end/sm_apt_install_download_path/run.py", line 83, in execute
    assert_install_in_download_path(install_directory=self.DOWNLOAD_DIR)
  File "/home/pi/env-pysys/lib/python3.7/site-packages/decorator.py", line 232, in fun
    return caller(func, *(extras + args), **kw)
  File "/home/pi/env-pysys/lib/python3.7/site-packages/retry/api.py", line 74, in retry_decorator
    logger)
  File "/home/pi/env-pysys/lib/python3.7/site-packages/retry/api.py", line 33, in __retry_internal
    return f()
  File "/home/pi/actions-runner/_work/thin-edge.io/thin-edge.io/tests/PySys/software_management_end_to_end/sm_apt_install_download_path/run.py", line 28, in assert_install_in_download_path
    assert "rolldice" in os.listdir(f"{install_directory}")
AssertionError
2022-07-21 14:22:24,595 WARN  AssertionError: ... blocked 
2022-07-21 14:22:24,596 INFO  
2022-07-21 14:22:24,597 INFO  cleanup:
2022-07-21 14:22:25,111 INFO  Executed sudo, exit status 0
2022-07-21 14:22:25,725 INFO  Executed sudo, exit status 0
2022-07-21 14:22:30,092 INFO  Executed sudo<tedge_disconnect_c8y>, exit status 0
2022-07-21 14:22:30,205 INFO  Restarting mosquitto too frequently in the last 10 seconds. It was only up for 3 seconds
2022-07-21 14:22:30,206 INFO  Delaying execution by 8 seconds
2022-07-21 14:22:52,407 INFO  Executed sudo<tedge_connect_c8y>, exit status 0, duration 14 secs
2022-07-21 14:22:56,452 INFO  Executed sudo<tedge_disconnect_c8y>, exit status 0
2022-07-21 14:22:57,050 INFO  Executed systemctl<serv_mapper5>, exit status 3
2022-07-21 14:22:57,055 INFO  
2022-07-21 14:22:57,056 INFO  Test duration: 84.89 secs
2022-07-21 14:22:57,057 INFO  Test final outcome:  BLOCKED
2022-07-21 14:22:57,058 INFO  Test outcome reason: AssertionError:
2022-07-21 14:22:57,059 INFO  
