<?xml version="1.0" encoding="utf-8"?>
<testsuite failures="1" name="SoftwareManagement.sm_apt_install_download_path" skipped="0" tests="1" time="86.61" timestamp="2022-06-10T13:36:16">
	<testcase classname="AptInstallWithDownloadPath" name="SoftwareManagement.sm_apt_install_download_path">
		<failure message="BLOCKED: AssertionError:" type="BLOCKED"/>
		<system-out>13:34:50 INFO  ==============================================================
13:34:50 INFO  Id:    SoftwareManagement.sm_apt_install_download_path
13:34:50 INFO  Dir:   software_management_end_to_end/
13:34:50 INFO  Title: Install package to directory specified in tedge config set tmp.path
13:34:50 INFO  ==============================================================
13:34:50 INFO  Using sw id database: {'asciijump': '5475369', 'robotfindskitten': '5474869', 'squirrel3': '5475279', 'rolldice': '5152439', 'moon-buggy': '5439204', 'apple': '5495053', 'banana': '5494888', 'cherry': '5495382', 'watermelon': '5494510', 'registry': '8018911', 'hello-world': '8021526', 'docker/getting-started': '8021973', 'alpine': '7991792'}
13:34:50 INFO  EnvironmentC8y Setup
13:34:50 INFO  Executed systemctl&lt;serv_mapper1&gt;, exit status 3
13:35:05 INFO  Executed sudo&lt;tedge_connect_c8y&gt;, exit status 0, duration 14 secs
13:35:07 INFO  Executed sudo&lt;tedge_connect_c8y_test&gt;, exit status 0
13:35:08 INFO  Executed systemctl&lt;serv_mosq2&gt;, exit status 0
13:35:08 INFO  Executed systemctl&lt;serv_mapper3&gt;, exit status 0
13:35:11 ERROR No operations found, assuming it passed
13:35:11 INFO  Assert that (False == value) with value=False ... passed
13:35:11 INFO  Executed sudo, exit status 0
13:35:12 INFO  Executed sudo, exit status 0
13:35:13 INFO  Executed sudo, exit status 0
13:35:16 INFO  Executed sudo&lt;tedge_disconnect_c8y&gt;, exit status 0
13:35:17 INFO  Restarting mosquitto too frequently in the last 10 seconds. It was only up for 3 seconds
13:35:17 INFO  Delaying execution by 8 seconds
13:35:39 INFO  Executed sudo&lt;tedge_connect_c8y&gt;, exit status 0, duration 14 secs
13:35:39 INFO  Response status: 201
13:35:39 INFO  Response to action: {
    &quot;creationTime&quot;: &quot;2022-06-10T13:35:39.394Z&quot;,
    &quot;deviceId&quot;: &quot;20120684&quot;,
    &quot;deviceName&quot;: &quot;m32sd10a&quot;,
    &quot;self&quot;: &quot;https://t493319102.eu-latest.cumulocity.com/devicecontrol/operations/20136203&quot;,
    &quot;id&quot;: &quot;20136203&quot;,
    &quot;status&quot;: &quot;PENDING&quot;,
    &quot;description&quot;: &quot;Apply software changes, triggered from PySys: [{'name': 'rolldice', 'id': '5152439', 'version': '::apt', 'url': 'https://thin-edge-io.eu-latest.cumulocity.com/inventory/binaries/12435463', 'action': 'install'}]&quot;,
    &quot;c8y_SoftwareUpdate&quot;: [
        {
            &quot;name&quot;: &quot;rolldice&quot;,
            &quot;action&quot;: &quot;install&quot;,
            &quot;id&quot;: &quot;5152439&quot;,
            &quot;version&quot;: &quot;::apt&quot;,
            &quot;url&quot;: &quot;https://thin-edge-io.eu-latest.cumulocity.com/inventory/binaries/12435463&quot;
        }
    ]
}
13:35:39 INFO  Started operation: {'creationTime': '2022-06-10T13:35:39.394Z', 'deviceId': '20120684', 'deviceName': 'm32sd10a', 'self': 'https://t493319102.eu-latest.cumulocity.com/devicecontrol/operations/20136203', 'id': '20136203', 'status': 'PENDING', 'description': &quot;Apply software changes, triggered from PySys: [{'name': 'rolldice', 'id': '5152439', 'version': '::apt', 'url': 'https://thin-edge-io.eu-latest.cumulocity.com/inventory/binaries/12435463', 'action': 'install'}]&quot;, 'c8y_SoftwareUpdate': [{'name': 'rolldice', 'action': 'install', 'id': '5152439', 'version': '::apt', 'url': 'https://thin-edge-io.eu-latest.cumulocity.com/inventory/binaries/12435463'}]}
13:35:39 WARN  , retrying in 0.5 seconds...
13:35:39 WARN  , retrying in 0.5 seconds...
13:35:40 WARN  , retrying in 0.5 seconds...
13:35:40 WARN  , retrying in 0.5 seconds...
13:35:41 WARN  , retrying in 0.5 seconds...
13:35:41 WARN  , retrying in 0.5 seconds...
13:35:42 WARN  , retrying in 0.5 seconds...
13:35:42 WARN  , retrying in 0.5 seconds...
13:35:43 WARN  , retrying in 0.5 seconds...
13:35:43 WARN  AssertionError occurred while running test - 
Traceback (most recent call last):
  File &quot;/home/pi/env-pysys/lib/python3.7/site-packages/pysys/baserunner.py&quot;, line 1294, in __call__
    self.testObj.execute()
  File &quot;/home/pi/actions-runner/_work/thin-edge.io/thin-edge.io/tests/PySys/software_management_end_to_end/sm_apt_install_download_path/run.py&quot;, line 83, in execute
    assert_install_in_download_path(install_directory=self.DOWNLOAD_DIR)
  File &quot;/home/pi/env-pysys/lib/python3.7/site-packages/decorator.py&quot;, line 232, in fun
    return caller(func, *(extras + args), **kw)
  File &quot;/home/pi/env-pysys/lib/python3.7/site-packages/retry/api.py&quot;, line 74, in retry_decorator
    logger)
  File &quot;/home/pi/env-pysys/lib/python3.7/site-packages/retry/api.py&quot;, line 33, in __retry_internal
    return f()
  File &quot;/home/pi/actions-runner/_work/thin-edge.io/thin-edge.io/tests/PySys/software_management_end_to_end/sm_apt_install_download_path/run.py&quot;, line 28, in assert_install_in_download_path
    assert &quot;rolldice&quot; in os.listdir(f&quot;{install_directory}&quot;)
AssertionError
13:35:44 WARN  AssertionError: ... blocked 
13:35:44 INFO  
13:35:44 INFO  cleanup:
13:35:45 INFO  Executed sudo, exit status 0
13:35:45 INFO  Executed sudo, exit status 0
13:35:49 INFO  Executed sudo&lt;tedge_disconnect_c8y&gt;, exit status 0
13:35:50 INFO  Restarting mosquitto too frequently in the last 10 seconds. It was only up for 3 seconds
13:35:50 INFO  Delaying execution by 8 seconds
13:36:11 INFO  Executed sudo&lt;tedge_connect_c8y&gt;, exit status 0, duration 13 secs
13:36:16 INFO  Executed sudo&lt;tedge_disconnect_c8y&gt;, exit status 0
13:36:16 INFO  Executed systemctl&lt;serv_mapper5&gt;, exit status 3
13:36:16 INFO  
13:36:16 INFO  Test duration: 86.61 secs
13:36:16 INFO  Test final outcome:  BLOCKED
13:36:16 INFO  Test outcome reason: AssertionError:
13:36:16 INFO  
</system-out>
	</testcase>
</testsuite>
