<?xml version='1.0' encoding='utf-8'?>
<testsuites tests="139" failures="17" errors="0" skipped="45" time="0.0"><testsuite name="SoftwareManagement.Plugin.apama_plugin_install" tests="3" errors="0" failures="0" skipped="1" time="0"><testcase classname="ApamaPluginInstallTest" name="SoftwareManagement.Plugin.apama_plugin_install">
		<skipped message="SKIPPED: Apama plugin tests are disabled by default. Execute `pysys run` with `-XmyPlatform=container` to run these tests" />
		<system-out>18:28:29 INFO  ==============================================================
18:28:29 INFO  Id:    SoftwareManagement.Plugin.apama_plugin_install
18:28:29 INFO  Dir:   plugin_apama/
18:28:29 INFO  Title: Validate apama plugin install
18:28:29 INFO  ==============================================================
18:28:29 INFO  Apama plugin tests are disabled by default. Execute `pysys run` with `-XmyPlatform=container` to run these tests ... skipped
18:28:29 WARN  Aborted test due to SKIPPED outcome
18:28:29 INFO  
18:28:29 INFO  Test duration: 0.04 secs
18:28:29 INFO  Test final outcome:  SKIPPED
18:28:29 INFO  Test outcome reason: Apama plugin tests are disabled by default. Execute `pysys run` with `-XmyPlatform=container` to run these tests
18:28:29 INFO  
</system-out>
	</testcase>
<testcase classname="ApamaPluginInstallTest" name="SoftwareManagement.Plugin.apama_plugin_install" />
<testcase classname="ApamaPluginInstallTest" name="SoftwareManagement.Plugin.apama_plugin_install" />
</testsuite><testsuite name="SoftwareManagement.Plugin.apama_plugin_mon_support" tests="3" errors="0" failures="0" skipped="1" time="0"><testcase classname="ApamaPluginMonSupportTest" name="SoftwareManagement.Plugin.apama_plugin_mon_support">
		<skipped message="SKIPPED: Apama plugin tests are disabled by default. Execute `pysys run` with `-XmyPlatform=container` to run these tests" />
		<system-out>18:28:29 INFO  ==============================================================
18:28:29 INFO  Id:    SoftwareManagement.Plugin.apama_plugin_mon_support
18:28:29 INFO  Dir:   plugin_apama/
18:28:29 INFO  Title: Validate mon file support of apama plugin
18:28:29 INFO  ==============================================================
18:28:29 INFO  Apama plugin tests are disabled by default. Execute `pysys run` with `-XmyPlatform=container` to run these tests ... skipped
18:28:29 WARN  Aborted test due to SKIPPED outcome
18:28:29 INFO  
18:28:29 INFO  Test duration: 0.02 secs
18:28:29 INFO  Test final outcome:  SKIPPED
18:28:29 INFO  Test outcome reason: Apama plugin tests are disabled by default. Execute `pysys run` with `-XmyPlatform=container` to run these tests
18:28:29 INFO  
</system-out>
	</testcase>
<testcase classname="ApamaPluginMonSupportTest" name="SoftwareManagement.Plugin.apama_plugin_mon_support" />
<testcase classname="ApamaPluginMonSupportTest" name="SoftwareManagement.Plugin.apama_plugin_mon_support" />
</testsuite><testsuite name="SoftwareManagement.Plugin.apama_plugin_remove" tests="3" errors="0" failures="0" skipped="1" time="0"><testcase classname="ApamaPluginRemoveTest" name="SoftwareManagement.Plugin.apama_plugin_remove">
		<skipped message="SKIPPED: Apama plugin tests are disabled by default. Execute `pysys run` with `-XmyPlatform=container` to run these tests" />
		<system-out>18:28:29 INFO  ==============================================================
18:28:29 INFO  Id:    SoftwareManagement.Plugin.apama_plugin_remove
18:28:29 INFO  Dir:   plugin_apama/
18:28:29 INFO  Title: Validate apama plugin remove
18:28:29 INFO  ==============================================================
18:28:29 INFO  Apama plugin tests are disabled by default. Execute `pysys run` with `-XmyPlatform=container` to run these tests ... skipped
18:28:29 WARN  Aborted test due to SKIPPED outcome
18:28:29 INFO  
18:28:29 INFO  Test duration: 0.02 secs
18:28:29 INFO  Test final outcome:  SKIPPED
18:28:29 INFO  Test outcome reason: Apama plugin tests are disabled by default. Execute `pysys run` with `-XmyPlatform=container` to run these tests
18:28:29 INFO  
</system-out>
	</testcase>
<testcase classname="ApamaPluginRemoveTest" name="SoftwareManagement.Plugin.apama_plugin_remove" />
<testcase classname="ApamaPluginRemoveTest" name="SoftwareManagement.Plugin.apama_plugin_remove" />
</testsuite><testsuite name="SoftwareManagement.Plugin.apama_plugin_update" tests="3" errors="0" failures="2" skipped="1" time="0"><testcase classname="ApamaPluginUpdateTest" name="SoftwareManagement.Plugin.apama_plugin_update">
		<skipped message="SKIPPED: Apama plugin tests are disabled by default. Execute `pysys run` with `-XmyPlatform=container` to run these tests" />
		<system-out>18:28:29 INFO  ==============================================================
18:28:29 INFO  Id:    SoftwareManagement.Plugin.apama_plugin_update
18:28:29 INFO  Dir:   plugin_apama/
18:28:29 INFO  Title: Validate apama plugin updating one project with another
18:28:29 INFO  ==============================================================
18:28:29 INFO  Apama plugin tests are disabled by default. Execute `pysys run` with `-XmyPlatform=container` to run these tests ... skipped
18:28:29 WARN  Aborted test due to SKIPPED outcome
18:28:29 INFO  
18:28:29 INFO  Test duration: 0.02 secs
18:28:29 INFO  Test final outcome:  SKIPPED
18:28:29 INFO  Test outcome reason: Apama plugin tests are disabled by default. Execute `pysys run` with `-XmyPlatform=container` to run these tests
18:28:29 INFO  
</system-out>
	</testcase>
<testcase classname="ApamaPluginUpdateTest" name="SoftwareManagement.Plugin.apama_plugin_update">
		<failure message="BLOCKED: sudo&lt;plugin_install&gt; returned non-zero exit code 2" type="BLOCKED" />
		<system-out>19:20:15 INFO  ==============================================================
19:20:15 INFO  Id:    SoftwareManagement.Plugin.apama_plugin_update
19:20:15 INFO  Dir:   plugin_apama/
19:20:15 INFO  Title: Validate apama plugin updating one project with another
19:20:15 INFO  ==============================================================
19:20:15 INFO  Assertion that path exists=False for "/etc/tedge/apama/project" ... passed
19:20:15 INFO  Executed sudo&lt;create_project_dir&gt;, exit status 0
19:20:16 INFO  Executed sudo&lt;unzip_apama_project&gt;, exit status 0
19:20:16 INFO  Executed sudo&lt;move_apama_project&gt;, exit status 0
19:20:17 INFO  Executed sudo&lt;restart_apama_service&gt;, exit status 0
19:20:18 INFO  Executed sudo&lt;apama_correlator_wait&gt;, exit status 0
19:20:18 INFO  Assertion that path exists=True for "/etc/tedge/apama/project" ... passed
19:20:19 INFO  Executed sudo&lt;apama_list_monitors&gt;, exit status 0
19:20:19 INFO  Grep on file /home/pi/actions-runner/_work/thin-edge.io/thin-edge.io/tests/PySys/plugin_apama/apama_plugin_update/Output/linux/apama_list_monitors.out ... passed
19:20:19 WARN  Executed sudo&lt;plugin_install&gt;, exit status 2
19:20:19 INFO  Contents of plugin_install.err: 
  ERROR: Directory not empty (os error 39)
  -----

19:20:20 WARN  sudo&lt;plugin_install&gt; returned non-zero exit code 2 ... blocked [run.py:35]
19:20:20 WARN  Aborted test due to BLOCKED outcome
19:20:20 INFO  
19:20:20 INFO  cleanup:
19:20:20 INFO  Removing apama project
19:20:35 INFO  Executed sudo&lt;stop_apama_service&gt;, exit status 0, duration 15 secs
19:20:36 INFO  Executed sudo&lt;remove_apama_project&gt;, exit status 0
19:20:36 INFO  Executed sudo&lt;remove_apama_tmp_dir&gt;, exit status 0
19:20:36 INFO  
19:20:36 INFO  Test duration: 21.30 secs
19:20:36 INFO  Test final outcome:  BLOCKED
19:20:36 INFO  Test outcome reason: sudo&lt;plugin_install&gt; returned non-zero exit code 2
19:20:36 INFO  
</system-out>
	</testcase>
<testcase classname="ApamaPluginUpdateTest" name="SoftwareManagement.Plugin.apama_plugin_update">
		<failure message="BLOCKED: sudo&lt;plugin_install&gt; returned non-zero exit code 2" type="BLOCKED" />
		<system-out>19:28:50 INFO  ==============================================================
19:28:50 INFO  Id:    SoftwareManagement.Plugin.apama_plugin_update
19:28:50 INFO  Dir:   plugin_apama/
19:28:50 INFO  Title: Validate apama plugin updating one project with another
19:28:50 INFO  ==============================================================
19:28:50 INFO  Assertion that path exists=False for "/etc/tedge/apama/project" ... passed
19:28:50 INFO  Executed sudo&lt;create_project_dir&gt;, exit status 0
19:28:51 INFO  Executed sudo&lt;unzip_apama_project&gt;, exit status 0
19:28:51 INFO  Executed sudo&lt;move_apama_project&gt;, exit status 0
19:28:52 INFO  Executed sudo&lt;restart_apama_service&gt;, exit status 0
19:28:53 INFO  Executed sudo&lt;apama_correlator_wait&gt;, exit status 0
19:28:53 INFO  Assertion that path exists=True for "/etc/tedge/apama/project" ... passed
19:28:53 INFO  Executed sudo&lt;apama_list_monitors&gt;, exit status 0
19:28:53 INFO  Grep on file /home/pi/actions-runner/_work/thin-edge.io/thin-edge.io/tests/PySys/plugin_apama/apama_plugin_update/Output/linux/apama_list_monitors.out ... passed
19:28:54 WARN  Executed sudo&lt;plugin_install&gt;, exit status 2
19:28:54 INFO  Contents of plugin_install.err: 
  ERROR: Directory not empty (os error 39)
  -----

19:28:54 WARN  sudo&lt;plugin_install&gt; returned non-zero exit code 2 ... blocked [run.py:35]
19:28:54 WARN  Aborted test due to BLOCKED outcome
19:28:54 INFO  
19:28:54 INFO  cleanup:
19:28:54 INFO  Removing apama project
19:29:11 INFO  Executed sudo&lt;stop_apama_service&gt;, exit status 0, duration 16 secs
19:29:12 INFO  Executed sudo&lt;remove_apama_project&gt;, exit status 0
19:29:12 INFO  Executed sudo&lt;remove_apama_tmp_dir&gt;, exit status 0
19:29:12 INFO  
19:29:12 INFO  Test duration: 22.72 secs
19:29:12 INFO  Test final outcome:  BLOCKED
19:29:12 INFO  Test outcome reason: sudo&lt;plugin_install&gt; returned non-zero exit code 2
19:29:12 INFO  
</system-out>
	</testcase>
</testsuite><testsuite name="SoftwareManagement.sm_apt_install_download_path" tests="3" errors="0" failures="2" skipped="1" time="0"><testcase classname="AptInstallWithDownloadPath" name="SoftwareManagement.sm_apt_install_download_path">
		<skipped message="SKIPPED: Testing the apt plugin is not supported on this platform.Use parameter -XmyPlatform='container' to enable it" />
		<system-out>18:38:11 INFO  ==============================================================
18:38:11 INFO  Id:    SoftwareManagement.sm_apt_install_download_path
18:38:11 INFO  Dir:   software_management_end_to_end/
18:38:11 INFO  Title: Install package to directory specified in tedge config set tmp.path
18:38:11 INFO  ==============================================================
18:38:11 INFO  Testing the apt plugin is not supported on this platform.Use parameter -XmyPlatform='container' to enable it ... skipped
18:38:11 WARN  Aborted test due to SKIPPED outcome
18:38:11 INFO  
18:38:11 INFO  Test duration: 0.06 secs
18:38:11 INFO  Test final outcome:  SKIPPED
18:38:11 INFO  Test outcome reason: Testing the apt plugin is not supported on this platform.Use parameter -XmyPlatform='container' to enable it
18:38:11 INFO  
</system-out>
	</testcase>
<testcase classname="AptInstallWithDownloadPath" name="SoftwareManagement.sm_apt_install_download_path">
		<failure message="BLOCKED: AssertionError:" type="BLOCKED" />
		<system-out>19:00:57 INFO  ==============================================================
19:00:57 INFO  Id:    SoftwareManagement.sm_apt_install_download_path
19:00:57 INFO  Dir:   software_management_end_to_end/
19:00:57 INFO  Title: Install package to directory specified in tedge config set tmp.path
19:00:57 INFO  ==============================================================
19:00:57 INFO  Using sw id database: {'asciijump': '5475369', 'robotfindskitten': '5474869', 'squirrel3': '5475279', 'rolldice': '5152439', 'moon-buggy': '5439204', 'apple': '5495053', 'banana': '5494888', 'cherry': '5495382', 'watermelon': '5494510', 'registry': '8018911', 'hello-world': '8021526', 'docker/getting-started': '8021973', 'alpine': '7991792'}
19:00:57 INFO  EnvironmentC8y Setup
19:00:57 INFO  Executed systemctl&lt;serv_mapper1&gt;, exit status 3
19:01:12 INFO  Executed sudo&lt;tedge_connect_c8y&gt;, exit status 0, duration 14 secs
19:01:14 INFO  Executed sudo&lt;tedge_connect_c8y_test&gt;, exit status 0
19:01:16 INFO  Executed systemctl&lt;serv_mosq2&gt;, exit status 0
19:01:16 INFO  Executed systemctl&lt;serv_mapper3&gt;, exit status 0
19:01:18 ERROR No operations found, assuming it passed
19:01:19 INFO  Assert that (False == value) with value=False ... passed
19:01:19 INFO  Executed sudo, exit status 0
19:01:20 INFO  Executed sudo, exit status 0
19:01:20 INFO  Executed sudo, exit status 0
19:01:24 INFO  Executed sudo&lt;tedge_disconnect_c8y&gt;, exit status 0
19:01:24 INFO  Restarting mosquitto too frequently in the last 10 seconds. It was only up for 3 seconds
19:01:24 INFO  Delaying execution by 8 seconds
19:01:46 INFO  Executed sudo&lt;tedge_connect_c8y&gt;, exit status 0, duration 13 secs
19:01:46 INFO  Response status: 201
19:01:46 INFO  Response to action: {
    "creationTime": "2022-07-21T19:01:46.935Z",
    "deviceId": "21167114",
    "deviceName": "m32sd10c",
    "self": "https://t493319102.eu-latest.cumulocity.com/devicecontrol/operations/21172516",
    "id": "21172516",
    "status": "PENDING",
    "description": "Apply software changes, triggered from PySys: [{'name': 'rolldice', 'id': '5152439', 'version': '::apt', 'url': 'https://thin-edge-io.eu-latest.cumulocity.com/inventory/binaries/12435463', 'action': 'install'}]",
    "c8y_SoftwareUpdate": [
        {
            "name": "rolldice",
            "action": "install",
            "id": "5152439",
            "version": "::apt",
            "url": "https://thin-edge-io.eu-latest.cumulocity.com/inventory/binaries/12435463"
        }
    ]
}
19:01:46 INFO  Started operation: {'creationTime': '2022-07-21T19:01:46.935Z', 'deviceId': '21167114', 'deviceName': 'm32sd10c', 'self': 'https://t493319102.eu-latest.cumulocity.com/devicecontrol/operations/21172516', 'id': '21172516', 'status': 'PENDING', 'description': "Apply software changes, triggered from PySys: [{'name': 'rolldice', 'id': '5152439', 'version': '::apt', 'url': 'https://thin-edge-io.eu-latest.cumulocity.com/inventory/binaries/12435463', 'action': 'install'}]", 'c8y_SoftwareUpdate': [{'name': 'rolldice', 'action': 'install', 'id': '5152439', 'version': '::apt', 'url': 'https://thin-edge-io.eu-latest.cumulocity.com/inventory/binaries/12435463'}]}
19:01:46 WARN  , retrying in 0.5 seconds...
19:01:47 WARN  , retrying in 0.5 seconds...
19:01:48 WARN  , retrying in 0.5 seconds...
19:01:48 WARN  , retrying in 0.5 seconds...
19:01:49 WARN  , retrying in 0.5 seconds...
19:01:49 WARN  , retrying in 0.5 seconds...
19:01:50 WARN  , retrying in 0.5 seconds...
19:01:50 WARN  , retrying in 0.5 seconds...
19:01:51 WARN  , retrying in 0.5 seconds...
19:01:51 WARN  AssertionError occurred while running test - 
Traceback (most recent call last):
  File "/home/pi/env-pysys/lib/python3.7/site-packages/pysys/baserunner.py", line 1294, in __call__
    self.testObj.execute()
  File "/home/pi/actions-runner/_work/thin-edge.io/thin-edge.io/tests/PySys/software_management_end_to_end/sm_apt_install_download_path/run.py", line 83, in execute
    assert_install_in_download_path(install_directory=self.DOWNLOAD_DIR)
  File "/home/pi/env-pysys/lib/python3.7/site-packages/decorator.py", line 232, in fun
    return caller(func, *(extras + args), **kw)
  File "/home/pi/env-pysys/lib/python3.7/site-packages/retry/api.py", line 74, in retry_decorator
    logger)
  File "/home/pi/env-pysys/lib/python3.7/site-packages/retry/api.py", line 33, in __retry_internal
    return f()
  File "/home/pi/actions-runner/_work/thin-edge.io/thin-edge.io/tests/PySys/software_management_end_to_end/sm_apt_install_download_path/run.py", line 28, in assert_install_in_download_path
    assert "rolldice" in os.listdir(f"{install_directory}")
AssertionError
19:01:52 WARN  AssertionError: ... blocked 
19:01:52 INFO  
19:01:52 INFO  cleanup:
19:01:52 INFO  Executed sudo, exit status 0
19:01:53 INFO  Executed sudo, exit status 0
19:01:58 INFO  Executed sudo&lt;tedge_disconnect_c8y&gt;, exit status 0
19:01:58 INFO  Restarting mosquitto too frequently in the last 10 seconds. It was only up for 5 seconds
19:01:58 INFO  Delaying execution by 6 seconds
19:02:19 INFO  Executed sudo&lt;tedge_connect_c8y&gt;, exit status 0, duration 14 secs
19:02:23 INFO  Executed sudo&lt;tedge_disconnect_c8y&gt;, exit status 0
19:02:24 INFO  Executed systemctl&lt;serv_mapper5&gt;, exit status 3
19:02:24 INFO  
19:02:24 INFO  Test duration: 87.02 secs
19:02:24 INFO  Test final outcome:  BLOCKED
19:02:24 INFO  Test outcome reason: AssertionError:
19:02:24 INFO  
</system-out>
	</testcase>
<testcase classname="AptInstallWithDownloadPath" name="SoftwareManagement.sm_apt_install_download_path">
		<failure message="BLOCKED: AssertionError:" type="BLOCKED" />
		<system-out>19:29:12 INFO  ==============================================================
19:29:12 INFO  Id:    SoftwareManagement.sm_apt_install_download_path
19:29:12 INFO  Dir:   software_management_end_to_end/
19:29:12 INFO  Title: Install package to directory specified in tedge config set tmp.path
19:29:12 INFO  ==============================================================
19:29:14 INFO  Using sw id database: {'asciijump': '5475369', 'robotfindskitten': '5474869', 'squirrel3': '5475279', 'rolldice': '5152439', 'moon-buggy': '5439204', 'apple': '5495053', 'banana': '5494888', 'cherry': '5495382', 'watermelon': '5494510', 'registry': '8018911', 'hello-world': '8021526', 'docker/getting-started': '8021973', 'alpine': '7991792'}
19:29:14 INFO  EnvironmentC8y Setup
19:29:14 INFO  Executed systemctl&lt;serv_mapper1&gt;, exit status 3
19:29:29 INFO  Executed sudo&lt;tedge_connect_c8y&gt;, exit status 0, duration 14 secs
19:29:29 INFO  Executed sudo&lt;tedge_connect_c8y_test&gt;, exit status 0
19:29:30 INFO  Executed systemctl&lt;serv_mosq2&gt;, exit status 0
19:29:30 INFO  Executed systemctl&lt;serv_mapper3&gt;, exit status 0
19:29:33 INFO  State of current operation: SUCCESSFUL
19:29:33 INFO  Assert that (False == value) with value=False ... passed
19:29:33 INFO  Executed sudo, exit status 0
19:29:34 INFO  Executed sudo, exit status 0
19:29:34 INFO  Executed sudo, exit status 0
19:29:38 INFO  Executed sudo&lt;tedge_disconnect_c8y&gt;, exit status 0
19:29:38 INFO  Restarting mosquitto too frequently in the last 10 seconds. It was only up for 3 seconds
19:29:38 INFO  Delaying execution by 8 seconds
19:30:01 INFO  Executed sudo&lt;tedge_connect_c8y&gt;, exit status 0, duration 13 secs
19:30:01 INFO  Response status: 201
19:30:01 INFO  Response to action: {
    "creationTime": "2022-07-21T19:30:01.223Z",
    "deviceId": "21167114",
    "deviceName": "m32sd10c",
    "self": "https://t493319102.eu-latest.cumulocity.com/devicecontrol/operations/21172672",
    "id": "21172672",
    "status": "PENDING",
    "description": "Apply software changes, triggered from PySys: [{'name': 'rolldice', 'id': '5152439', 'version': '::apt', 'url': 'https://thin-edge-io.eu-latest.cumulocity.com/inventory/binaries/12435463', 'action': 'install'}]",
    "c8y_SoftwareUpdate": [
        {
            "name": "rolldice",
            "action": "install",
            "id": "5152439",
            "version": "::apt",
            "url": "https://thin-edge-io.eu-latest.cumulocity.com/inventory/binaries/12435463"
        }
    ]
}
19:30:01 INFO  Started operation: {'creationTime': '2022-07-21T19:30:01.223Z', 'deviceId': '21167114', 'deviceName': 'm32sd10c', 'self': 'https://t493319102.eu-latest.cumulocity.com/devicecontrol/operations/21172672', 'id': '21172672', 'status': 'PENDING', 'description': "Apply software changes, triggered from PySys: [{'name': 'rolldice', 'id': '5152439', 'version': '::apt', 'url': 'https://thin-edge-io.eu-latest.cumulocity.com/inventory/binaries/12435463', 'action': 'install'}]", 'c8y_SoftwareUpdate': [{'name': 'rolldice', 'action': 'install', 'id': '5152439', 'version': '::apt', 'url': 'https://thin-edge-io.eu-latest.cumulocity.com/inventory/binaries/12435463'}]}
19:30:01 WARN  , retrying in 0.5 seconds...
19:30:01 WARN  , retrying in 0.5 seconds...
19:30:02 WARN  , retrying in 0.5 seconds...
19:30:02 WARN  , retrying in 0.5 seconds...
19:30:03 WARN  , retrying in 0.5 seconds...
19:30:03 WARN  , retrying in 0.5 seconds...
19:30:04 WARN  , retrying in 0.5 seconds...
19:30:04 WARN  , retrying in 0.5 seconds...
19:30:05 WARN  , retrying in 0.5 seconds...
19:30:05 WARN  AssertionError occurred while running test - 
Traceback (most recent call last):
  File "/home/pi/env-pysys/lib/python3.7/site-packages/pysys/baserunner.py", line 1294, in __call__
    self.testObj.execute()
  File "/home/pi/actions-runner/_work/thin-edge.io/thin-edge.io/tests/PySys/software_management_end_to_end/sm_apt_install_download_path/run.py", line 83, in execute
    assert_install_in_download_path(install_directory=self.DOWNLOAD_DIR)
  File "/home/pi/env-pysys/lib/python3.7/site-packages/decorator.py", line 232, in fun
    return caller(func, *(extras + args), **kw)
  File "/home/pi/env-pysys/lib/python3.7/site-packages/retry/api.py", line 74, in retry_decorator
    logger)
  File "/home/pi/env-pysys/lib/python3.7/site-packages/retry/api.py", line 33, in __retry_internal
    return f()
  File "/home/pi/actions-runner/_work/thin-edge.io/thin-edge.io/tests/PySys/software_management_end_to_end/sm_apt_install_download_path/run.py", line 28, in assert_install_in_download_path
    assert "rolldice" in os.listdir(f"{install_directory}")
AssertionError
19:30:05 WARN  AssertionError: ... blocked 
19:30:05 INFO  
19:30:05 INFO  cleanup:
19:30:06 INFO  Executed sudo, exit status 0
19:30:06 INFO  Executed sudo, exit status 0
19:30:12 INFO  Executed sudo&lt;tedge_disconnect_c8y&gt;, exit status 0
19:30:12 INFO  Restarting mosquitto too frequently in the last 10 seconds. It was only up for 5 seconds
19:30:12 INFO  Delaying execution by 6 seconds
19:30:32 INFO  Executed sudo&lt;tedge_connect_c8y&gt;, exit status 0, duration 14 secs
19:30:37 INFO  Executed sudo&lt;tedge_disconnect_c8y&gt;, exit status 0
19:30:37 INFO  Executed systemctl&lt;serv_mapper5&gt;, exit status 3
19:30:37 INFO  
19:30:37 INFO  Test duration: 85.09 secs
19:30:37 INFO  Test final outcome:  BLOCKED
19:30:37 INFO  Test outcome reason: AssertionError:
19:30:37 INFO  
</system-out>
	</testcase>
</testsuite><testsuite name="SoftwareManagement.sm_apt_install_fail" tests="3" errors="0" failures="0" skipped="1" time="0"><testcase classname="PySysTest" name="SoftwareManagement.sm_apt_install_fail">
		<skipped message="SKIPPED: Testing the apt plugin is not supported on this platform.Use parameter -XmyPlatform='container' to enable it" />
		<system-out>18:38:11 INFO  ==============================================================
18:38:11 INFO  Id:    SoftwareManagement.sm_apt_install_fail
18:38:11 INFO  Dir:   software_management_end_to_end/
18:38:11 INFO  Title: Validate end to end behaviour for a failing installation
18:38:11 INFO  ==============================================================
18:38:11 INFO  Testing the apt plugin is not supported on this platform.Use parameter -XmyPlatform='container' to enable it ... skipped
18:38:11 WARN  Aborted test due to SKIPPED outcome
18:38:11 INFO  
18:38:11 INFO  Test duration: 0.02 secs
18:38:11 INFO  Test final outcome:  SKIPPED
18:38:11 INFO  Test outcome reason: Testing the apt plugin is not supported on this platform.Use parameter -XmyPlatform='container' to enable it
18:38:11 INFO  
</system-out>
	</testcase>
<testcase classname="PySysTest" name="SoftwareManagement.sm_apt_install_fail" />
<testcase classname="PySysTest" name="SoftwareManagement.sm_apt_install_fail" />
</testsuite><testsuite name="SoftwareManagement.sm_apt_install_remove" tests="3" errors="0" failures="0" skipped="1" time="0"><testcase classname="PySysTest" name="SoftwareManagement.sm_apt_install_remove">
		<skipped message="SKIPPED: Testing the apt plugin is not supported on this platform.Use parameter -XmyPlatform='container' to enable it" />
		<system-out>18:38:11 INFO  ==============================================================
18:38:11 INFO  Id:    SoftwareManagement.sm_apt_install_remove
18:38:11 INFO  Dir:   software_management_end_to_end/
18:38:11 INFO  Title: Validate end to end behaviour for the apt plugin for installation and removal of packages
18:38:11 INFO  ==============================================================
18:38:11 INFO  Testing the apt plugin is not supported on this platform.Use parameter -XmyPlatform='container' to enable it ... skipped
18:38:11 WARN  Aborted test due to SKIPPED outcome
18:38:11 INFO  
18:38:11 INFO  Test duration: 0.02 secs
18:38:11 INFO  Test final outcome:  SKIPPED
18:38:11 INFO  Test outcome reason: Testing the apt plugin is not supported on this platform.Use parameter -XmyPlatform='container' to enable it
18:38:11 INFO  
</system-out>
	</testcase>
<testcase classname="PySysTest" name="SoftwareManagement.sm_apt_install_remove" />
<testcase classname="PySysTest" name="SoftwareManagement.sm_apt_install_remove" />
</testsuite><testsuite name="SoftwareManagement.sm_apt_install_remove_default" tests="3" errors="0" failures="0" skipped="1" time="0"><testcase classname="PySysTest" name="SoftwareManagement.sm_apt_install_remove_default">
		<skipped message="SKIPPED: Testing the apt plugin is not supported on this platform.Use parameter -XmyPlatform='container' to enable it" />
		<system-out>18:38:11 INFO  ==============================================================
18:38:11 INFO  Id:    SoftwareManagement.sm_apt_install_remove_default
18:38:11 INFO  Dir:   software_management_end_to_end/
18:38:11 INFO  Title: Validate end to end behaviour for the default plugin for installation and removal of packages
18:38:11 INFO  ==============================================================
18:38:11 INFO  Testing the apt plugin is not supported on this platform.Use parameter -XmyPlatform='container' to enable it ... skipped
18:38:11 WARN  Aborted test due to SKIPPED outcome
18:38:11 INFO  
18:38:11 INFO  Test duration: 0.02 secs
18:38:11 INFO  Test final outcome:  SKIPPED
18:38:11 INFO  Test outcome reason: Testing the apt plugin is not supported on this platform.Use parameter -XmyPlatform='container' to enable it
18:38:11 INFO  
</system-out>
	</testcase>
<testcase classname="PySysTest" name="SoftwareManagement.sm_apt_install_remove_default" />
<testcase classname="PySysTest" name="SoftwareManagement.sm_apt_install_remove_default" />
</testsuite><testsuite name="SoftwareManagement.sm_apt_install_remove_multiple" tests="3" errors="0" failures="1" skipped="1" time="0"><testcase classname="PySysTest" name="SoftwareManagement.sm_apt_install_remove_multiple">
		<skipped message="SKIPPED: Testing the apt plugin is not supported on this platform.Use parameter -XmyPlatform='container' to enable it" />
		<system-out>18:38:11 INFO  ==============================================================
18:38:11 INFO  Id:    SoftwareManagement.sm_apt_install_remove_multiple
18:38:11 INFO  Dir:   software_management_end_to_end/
18:38:11 INFO  Title: Validate end to end behaviour for the apt plugin for multiple packages
18:38:11 INFO  ==============================================================
18:38:11 INFO  Testing the apt plugin is not supported on this platform.Use parameter -XmyPlatform='container' to enable it ... skipped
18:38:11 WARN  Aborted test due to SKIPPED outcome
18:38:11 INFO  
18:38:11 INFO  Test duration: 0.02 secs
18:38:11 INFO  Test final outcome:  SKIPPED
18:38:11 INFO  Test outcome reason: Testing the apt plugin is not supported on this platform.Use parameter -XmyPlatform='container' to enable it
18:38:11 INFO  
</system-out>
	</testcase>
<testcase classname="PySysTest" name="SoftwareManagement.sm_apt_install_remove_multiple" />
<testcase classname="PySysTest" name="SoftwareManagement.sm_apt_install_remove_multiple">
		<failure message="FAILED: Assert that (False == value) with value=True (+2 other failures)" type="FAILED" />
		<system-out>19:37:11 INFO  ==============================================================
19:37:11 INFO  Id:    SoftwareManagement.sm_apt_install_remove_multiple
19:37:11 INFO  Dir:   software_management_end_to_end/
19:37:11 INFO  Title: Validate end to end behaviour for the apt plugin for multiple packages
19:37:11 INFO  ==============================================================
19:37:11 INFO  Using sw id database: {'asciijump': '5475369', 'robotfindskitten': '5474869', 'squirrel3': '5475279', 'rolldice': '5152439', 'moon-buggy': '5439204', 'apple': '5495053', 'banana': '5494888', 'cherry': '5495382', 'watermelon': '5494510', 'registry': '8018911', 'hello-world': '8021526', 'docker/getting-started': '8021973', 'alpine': '7991792'}
19:37:11 INFO  EnvironmentC8y Setup
19:37:12 INFO  Executed systemctl&lt;serv_mapper1&gt;, exit status 3
19:37:12 INFO  Restarting mosquitto too frequently in the last 10 seconds. It was only up for 5 seconds
19:37:12 INFO  Delaying execution by 6 seconds
19:37:32 INFO  Executed sudo&lt;tedge_connect_c8y&gt;, exit status 0, duration 14 secs
19:37:33 INFO  Executed sudo&lt;tedge_connect_c8y_test&gt;, exit status 0
19:37:33 INFO  Executed systemctl&lt;serv_mosq2&gt;, exit status 0
19:37:34 INFO  Executed systemctl&lt;serv_mapper3&gt;, exit status 0
19:37:36 INFO  State of current operation: SUCCESSFUL
19:37:36 INFO  Assert that (False == value) with value=False ... passed
19:37:36 INFO  Package asciijump is installed
19:37:37 WARN  Assert that (False == value) with value=True ... failed 
19:37:37 INFO  Package squirrel3 is installed
19:37:37 WARN  Assert that (False == value) with value=True ... failed 
19:37:37 INFO  Package robotfindskitten is installed
19:37:37 WARN  Assert that (False == value) with value=True ... failed 
19:37:37 INFO  Response status: 201
19:37:37 INFO  Response to action: {
    "creationTime": "2022-07-21T19:37:37.794Z",
    "deviceId": "21167114",
    "deviceName": "m32sd10c",
    "self": "https://t493319102.eu-latest.cumulocity.com/devicecontrol/operations/21172744",
    "id": "21172744",
    "status": "PENDING",
    "description": "Apply software changes, triggered from PySys: [{'action': 'install', 'id': '5475369', 'name': 'asciijump', 'url': ' ', 'version': '::apt'}, {'action': 'install', 'id': '5474869', 'name': 'robotfindskitten', 'url': ' ', 'version': '::apt'}, {'action': 'install', 'id': '5475279', 'name': 'squirrel3', 'url': ' ', 'version': '::apt'}]",
    "c8y_SoftwareUpdate": [
        {
            "name": "asciijump",
            "action": "install",
            "id": "5475369",
            "version": "::apt",
            "url": " "
        },
        {
            "name": "robotfindskitten",
            "action": "install",
            "id": "5474869",
            "version": "::apt",
            "url": " "
        },
        {
            "name": "squirrel3",
            "action": "install",
            "id": "5475279",
            "version": "::apt",
            "url": " "
        }
    ]
}
19:37:37 INFO  Started operation: {'creationTime': '2022-07-21T19:37:37.794Z', 'deviceId': '21167114', 'deviceName': 'm32sd10c', 'self': 'https://t493319102.eu-latest.cumulocity.com/devicecontrol/operations/21172744', 'id': '21172744', 'status': 'PENDING', 'description': "Apply software changes, triggered from PySys: [{'action': 'install', 'id': '5475369', 'name': 'asciijump', 'url': ' ', 'version': '::apt'}, {'action': 'install', 'id': '5474869', 'name': 'robotfindskitten', 'url': ' ', 'version': '::apt'}, {'action': 'install', 'id': '5475279', 'name': 'squirrel3', 'url': ' ', 'version': '::apt'}]", 'c8y_SoftwareUpdate': [{'name': 'asciijump', 'action': 'install', 'id': '5475369', 'version': '::apt', 'url': ' '}, {'name': 'robotfindskitten', 'action': 'install', 'id': '5474869', 'version': '::apt', 'url': ' '}, {'name': 'squirrel3', 'action': 'install', 'id': '5475279', 'version': '::apt', 'url': ' '}]}
19:37:40 INFO  State of operation 21172744 : PENDING
19:37:42 INFO  State of operation 21172744 : EXECUTING
19:37:44 INFO  State of operation 21172744 : EXECUTING
19:37:46 INFO  State of operation 21172744 : EXECUTING
19:37:49 INFO  State of operation 21172744 : EXECUTING
19:37:51 INFO  State of operation 21172744 : EXECUTING
19:37:53 INFO  State of operation 21172744 : EXECUTING
19:37:56 INFO  State of operation 21172744 : EXECUTING
19:37:58 INFO  State of operation 21172744 : EXECUTING
19:38:01 INFO  State of operation 21172744 : EXECUTING
19:38:03 INFO  State of operation 21172744 : EXECUTING
19:38:05 INFO  State of operation 21172744 : EXECUTING
19:38:07 INFO  State of operation 21172744 : EXECUTING
19:38:10 INFO  State of operation 21172744 : EXECUTING
19:38:12 INFO  State of operation 21172744 : EXECUTING
19:38:14 INFO  State of operation 21172744 : SUCCESSFUL
19:38:14 INFO  Assert that (False == value) with value=False ... passed
19:38:15 INFO  Package asciijump is installed
19:38:15 INFO  Assert that (True == value) with value=True ... passed
19:38:15 INFO  Package squirrel3 is installed
19:38:15 INFO  Assert that (True == value) with value=True ... passed
19:38:15 INFO  Package robotfindskitten is installed
19:38:15 INFO  Assert that (True == value) with value=True ... passed
19:38:15 INFO  Response status: 201
19:38:15 INFO  Response to action: {
    "creationTime": "2022-07-21T19:38:15.801Z",
    "deviceId": "21167114",
    "deviceName": "m32sd10c",
    "self": "https://t493319102.eu-latest.cumulocity.com/devicecontrol/operations/21172746",
    "id": "21172746",
    "status": "PENDING",
    "description": "Apply software changes, triggered from PySys: [{'action': 'delete', 'id': '5475369', 'name': 'asciijump', 'url': ' ', 'version': '::apt'}, {'action': 'delete', 'id': '5474869', 'name': 'robotfindskitten', 'url': ' ', 'version': '::apt'}, {'action': 'delete', 'id': '5475279', 'name': 'squirrel3', 'url': ' ', 'version': '::apt'}]",
    "c8y_SoftwareUpdate": [
        {
            "name": "asciijump",
            "action": "delete",
            "id": "5475369",
            "version": "::apt",
            "url": " "
        },
        {
            "name": "robotfindskitten",
            "action": "delete",
            "id": "5474869",
            "version": "::apt",
            "url": " "
        },
        {
            "name": "squirrel3",
            "action": "delete",
            "id": "5475279",
            "version": "::apt",
            "url": " "
        }
    ]
}
19:38:15 INFO  Started operation: {'creationTime': '2022-07-21T19:38:15.801Z', 'deviceId': '21167114', 'deviceName': 'm32sd10c', 'self': 'https://t493319102.eu-latest.cumulocity.com/devicecontrol/operations/21172746', 'id': '21172746', 'status': 'PENDING', 'description': "Apply software changes, triggered from PySys: [{'action': 'delete', 'id': '5475369', 'name': 'asciijump', 'url': ' ', 'version': '::apt'}, {'action': 'delete', 'id': '5474869', 'name': 'robotfindskitten', 'url': ' ', 'version': '::apt'}, {'action': 'delete', 'id': '5475279', 'name': 'squirrel3', 'url': ' ', 'version': '::apt'}]", 'c8y_SoftwareUpdate': [{'name': 'asciijump', 'action': 'delete', 'id': '5475369', 'version': '::apt', 'url': ' '}, {'name': 'robotfindskitten', 'action': 'delete', 'id': '5474869', 'version': '::apt', 'url': ' '}, {'name': 'squirrel3', 'action': 'delete', 'id': '5475279', 'version': '::apt', 'url': ' '}]}
19:38:18 INFO  State of operation 21172746 : PENDING
19:38:20 INFO  State of operation 21172746 : EXECUTING
19:38:22 INFO  State of operation 21172746 : EXECUTING
19:38:24 INFO  State of operation 21172746 : EXECUTING
19:38:26 INFO  State of operation 21172746 : EXECUTING
19:38:29 INFO  State of operation 21172746 : EXECUTING
19:38:31 INFO  State of operation 21172746 : EXECUTING
19:38:34 INFO  State of operation 21172746 : EXECUTING
19:38:37 INFO  State of operation 21172746 : EXECUTING
19:38:39 INFO  State of operation 21172746 : EXECUTING
19:38:41 INFO  State of operation 21172746 : EXECUTING
19:38:44 INFO  State of operation 21172746 : EXECUTING
19:38:46 INFO  State of operation 21172746 : EXECUTING
19:38:48 INFO  State of operation 21172746 : EXECUTING
19:38:50 INFO  State of operation 21172746 : EXECUTING
19:38:53 INFO  State of operation 21172746 : EXECUTING
19:38:55 INFO  State of operation 21172746 : EXECUTING
19:38:57 INFO  State of operation 21172746 : EXECUTING
19:39:00 INFO  State of operation 21172746 : EXECUTING
19:39:02 INFO  State of operation 21172746 : EXECUTING
19:39:04 INFO  State of operation 21172746 : EXECUTING
19:39:07 INFO  State of operation 21172746 : EXECUTING
19:39:09 INFO  State of operation 21172746 : EXECUTING
19:39:11 INFO  State of operation 21172746 : EXECUTING
19:39:13 INFO  State of operation 21172746 : EXECUTING
19:39:16 INFO  State of operation 21172746 : EXECUTING
19:39:19 INFO  State of operation 21172746 : EXECUTING
19:39:21 INFO  State of operation 21172746 : EXECUTING
19:39:23 INFO  State of operation 21172746 : SUCCESSFUL
19:39:23 INFO  Assert that (False == value) with value=False ... passed
19:39:24 INFO  Assert that (False == value) with value=False ... passed
19:39:24 INFO  Assert that (False == value) with value=False ... passed
19:39:24 INFO  Assert that (False == value) with value=False ... passed
19:39:24 INFO  
19:39:24 INFO  cleanup:
19:39:28 INFO  Executed sudo&lt;tedge_disconnect_c8y&gt;, exit status 0
19:39:29 INFO  Executed systemctl&lt;serv_mapper5&gt;, exit status 3
19:39:29 INFO  
19:39:29 INFO  Test duration: 137.46 secs
19:39:29 INFO  Test final outcome:  FAILED
19:39:29 INFO  Test outcome reason: Assert that (False == value) with value=True (+2 other failures)
19:39:29 INFO  
</system-out>
	</testcase>
</testsuite><testsuite name="SoftwareManagement.sm_apt_install_remove_multiple_mixed" tests="3" errors="0" failures="2" skipped="1" time="0"><testcase classname="PySysTest" name="SoftwareManagement.sm_apt_install_remove_multiple_mixed">
		<skipped message="SKIPPED: Testing the apt plugin is not supported on this platform.Use parameter -XmyPlatform='container' to enable it" />
		<system-out>18:38:12 INFO  ==============================================================
18:38:12 INFO  Id:    SoftwareManagement.sm_apt_install_remove_multiple_mixed
18:38:12 INFO  Dir:   software_management_end_to_end/
18:38:12 INFO  Title: Validate end to end behaviour for the apt plugin for multiple packages with mixed versions
18:38:12 INFO  ==============================================================
18:38:12 INFO  Testing the apt plugin is not supported on this platform.Use parameter -XmyPlatform='container' to enable it ... skipped
18:38:12 WARN  Aborted test due to SKIPPED outcome
18:38:12 INFO  
18:38:12 INFO  Test duration: 0.02 secs
18:38:12 INFO  Test final outcome:  SKIPPED
18:38:12 INFO  Test outcome reason: Testing the apt plugin is not supported on this platform.Use parameter -XmyPlatform='container' to enable it
18:38:12 INFO  
</system-out>
	</testcase>
<testcase classname="PySysTest" name="SoftwareManagement.sm_apt_install_remove_multiple_mixed">
		<failure message="BLOCKED: SystemError: Timeout while waiting for status SUCCESSFUL or False" type="BLOCKED" />
		<system-out>19:13:17 INFO  ==============================================================
19:13:17 INFO  Id:    SoftwareManagement.sm_apt_install_remove_multiple_mixed
19:13:17 INFO  Dir:   software_management_end_to_end/
19:13:17 INFO  Title: Validate end to end behaviour for the apt plugin for multiple packages with mixed versions
19:13:17 INFO  ==============================================================
19:13:17 INFO  Using sw id database: {'asciijump': '5475369', 'robotfindskitten': '5474869', 'squirrel3': '5475279', 'rolldice': '5152439', 'moon-buggy': '5439204', 'apple': '5495053', 'banana': '5494888', 'cherry': '5495382', 'watermelon': '5494510', 'registry': '8018911', 'hello-world': '8021526', 'docker/getting-started': '8021973', 'alpine': '7991792'}
19:13:17 INFO  EnvironmentC8y Setup
19:13:18 INFO  Executed systemctl&lt;serv_mapper1&gt;, exit status 3
19:13:18 INFO  Restarting mosquitto too frequently in the last 10 seconds. It was only up for 5 seconds
19:13:18 INFO  Delaying execution by 6 seconds
19:13:38 INFO  Executed sudo&lt;tedge_connect_c8y&gt;, exit status 0, duration 14 secs
19:13:39 INFO  Executed sudo&lt;tedge_connect_c8y_test&gt;, exit status 0
19:13:39 INFO  Executed systemctl&lt;serv_mosq2&gt;, exit status 0
19:13:40 INFO  Executed systemctl&lt;serv_mapper3&gt;, exit status 0
19:13:42 INFO  State of current operation: SUCCESSFUL
19:13:42 INFO  Assert that (False == value) with value=False ... passed
19:13:42 INFO  Assert that (False == value) with value=False ... passed
19:13:43 INFO  Assert that (False == value) with value=False ... passed
19:13:43 INFO  Assert that (False == value) with value=False ... passed
19:13:43 INFO  Assert that (False == value) with value=False ... passed
19:13:44 INFO  Response status: 201
19:13:44 INFO  Response to action: {
    "creationTime": "2022-07-21T19:13:44.815Z",
    "deviceId": "21167114",
    "deviceName": "m32sd10c",
    "self": "https://t493319102.eu-latest.cumulocity.com/devicecontrol/operations/21172576",
    "id": "21172576",
    "status": "PENDING",
    "description": "Apply software changes, triggered from PySys: [{'action': 'install', 'id': '5475369', 'name': 'asciijump', 'url': ' ', 'version': '::apt'}, {'action': 'install', 'id': '5474869', 'name': 'robotfindskitten', 'url': ' ', 'version': ' '}, {'action': 'install', 'id': '5475279', 'name': 'squirrel3', 'url': ' ', 'version': '3.1-7::apt'}, {'action': 'install', 'id': '5152439', 'name': 'rolldice', 'url': ' ', 'version': '1.16-1+b1'}, {'action': 'install', 'id': '5439204', 'name': 'moon-buggy', 'url': ' ', 'version': '1:1.0.51-12'}, {'action': 'install', 'id': '5475369', 'name': 'asciijump', 'url': ' ', 'version': '::apt'}]",
    "c8y_SoftwareUpdate": [
        {
            "name": "asciijump",
            "action": "install",
            "id": "5475369",
            "version": "::apt",
            "url": " "
        },
        {
            "name": "robotfindskitten",
            "action": "install",
            "id": "5474869",
            "version": " ",
            "url": " "
        },
        {
            "name": "squirrel3",
            "action": "install",
            "id": "5475279",
            "version": "3.1-7::apt",
            "url": " "
        },
        {
            "name": "rolldice",
            "action": "install",
            "id": "5152439",
            "version": "1.16-1+b1",
            "url": " "
        },
        {
            "name": "moon-buggy",
            "action": "install",
            "id": "5439204",
            "version": "1:1.0.51-12",
            "url": " "
        },
        {
            "name": "asciijump",
            "action": "install",
            "id": "5475369",
            "version": "::apt",
            "url": " "
        }
    ]
}
19:13:44 INFO  Started operation: {'creationTime': '2022-07-21T19:13:44.815Z', 'deviceId': '21167114', 'deviceName': 'm32sd10c', 'self': 'https://t493319102.eu-latest.cumulocity.com/devicecontrol/operations/21172576', 'id': '21172576', 'status': 'PENDING', 'description': "Apply software changes, triggered from PySys: [{'action': 'install', 'id': '5475369', 'name': 'asciijump', 'url': ' ', 'version': '::apt'}, {'action': 'install', 'id': '5474869', 'name': 'robotfindskitten', 'url': ' ', 'version': ' '}, {'action': 'install', 'id': '5475279', 'name': 'squirrel3', 'url': ' ', 'version': '3.1-7::apt'}, {'action': 'install', 'id': '5152439', 'name': 'rolldice', 'url': ' ', 'version': '1.16-1+b1'}, {'action': 'install', 'id': '5439204', 'name': 'moon-buggy', 'url': ' ', 'version': '1:1.0.51-12'}, {'action': 'install', 'id': '5475369', 'name': 'asciijump', 'url': ' ', 'version': '::apt'}]", 'c8y_SoftwareUpdate': [{'name': 'asciijump', 'action': 'install', 'id': '5475369', 'version': '::apt', 'url': ' '}, {'name': 'robotfindskitten', 'action': 'install', 'id': '5474869', 'version': ' ', 'url': ' '}, {'name': 'squirrel3', 'action': 'install', 'id': '5475279', 'version': '3.1-7::apt', 'url': ' '}, {'name': 'rolldice', 'action': 'install', 'id': '5152439', 'version': '1.16-1+b1', 'url': ' '}, {'name': 'moon-buggy', 'action': 'install', 'id': '5439204', 'version': '1:1.0.51-12', 'url': ' '}, {'name': 'asciijump', 'action': 'install', 'id': '5475369', 'version': '::apt', 'url': ' '}]}
19:13:47 INFO  State of operation 21172576 : PENDING
19:13:49 INFO  State of operation 21172576 : EXECUTING
19:13:51 INFO  State of operation 21172576 : EXECUTING
19:13:53 INFO  State of operation 21172576 : EXECUTING
19:13:56 INFO  State of operation 21172576 : EXECUTING
19:13:58 INFO  State of operation 21172576 : EXECUTING
19:14:01 INFO  State of operation 21172576 : EXECUTING
19:14:03 INFO  State of operation 21172576 : EXECUTING
19:14:06 INFO  State of operation 21172576 : EXECUTING
19:14:08 INFO  State of operation 21172576 : EXECUTING
19:14:11 INFO  State of operation 21172576 : EXECUTING
19:14:13 INFO  State of operation 21172576 : EXECUTING
19:14:15 INFO  State of operation 21172576 : EXECUTING
19:14:17 INFO  State of operation 21172576 : EXECUTING
19:14:20 INFO  State of operation 21172576 : EXECUTING
19:14:22 INFO  State of operation 21172576 : EXECUTING
19:14:24 INFO  State of operation 21172576 : EXECUTING
19:14:27 INFO  State of operation 21172576 : EXECUTING
19:14:29 INFO  State of operation 21172576 : EXECUTING
19:14:31 INFO  State of operation 21172576 : EXECUTING
19:14:34 INFO  State of operation 21172576 : EXECUTING
19:14:36 INFO  State of operation 21172576 : EXECUTING
19:14:39 INFO  State of operation 21172576 : EXECUTING
19:14:42 INFO  State of operation 21172576 : EXECUTING
19:14:45 INFO  State of operation 21172576 : EXECUTING
19:14:47 INFO  State of operation 21172576 : EXECUTING
19:14:50 INFO  State of operation 21172576 : EXECUTING
19:14:52 INFO  State of operation 21172576 : EXECUTING
19:14:55 INFO  State of operation 21172576 : EXECUTING
19:14:57 INFO  State of operation 21172576 : EXECUTING
19:14:59 INFO  State of operation 21172576 : EXECUTING
19:15:01 INFO  State of operation 21172576 : EXECUTING
19:15:04 INFO  State of operation 21172576 : EXECUTING
19:15:06 INFO  State of operation 21172576 : EXECUTING
19:15:08 INFO  State of operation 21172576 : EXECUTING
19:15:10 INFO  State of operation 21172576 : EXECUTING
19:15:13 INFO  State of operation 21172576 : EXECUTING
19:15:15 INFO  State of operation 21172576 : EXECUTING
19:15:18 INFO  State of operation 21172576 : EXECUTING
19:15:20 INFO  State of operation 21172576 : EXECUTING
19:15:23 INFO  State of operation 21172576 : EXECUTING
19:15:25 INFO  State of operation 21172576 : EXECUTING
19:15:27 INFO  State of operation 21172576 : EXECUTING
19:15:29 INFO  State of operation 21172576 : EXECUTING
19:15:32 INFO  State of operation 21172576 : EXECUTING
19:15:34 INFO  State of operation 21172576 : EXECUTING
19:15:36 INFO  State of operation 21172576 : EXECUTING
19:15:38 INFO  State of operation 21172576 : EXECUTING
19:15:41 INFO  State of operation 21172576 : EXECUTING
19:15:43 INFO  State of operation 21172576 : EXECUTING
19:15:47 INFO  State of operation 21172576 : EXECUTING
19:15:49 INFO  State of operation 21172576 : EXECUTING
19:15:51 INFO  State of operation 21172576 : EXECUTING
19:15:53 INFO  State of operation 21172576 : EXECUTING
19:15:56 INFO  State of operation 21172576 : EXECUTING
19:15:58 INFO  State of operation 21172576 : EXECUTING
19:16:01 INFO  State of operation 21172576 : EXECUTING
19:16:03 INFO  State of operation 21172576 : EXECUTING
19:16:06 INFO  State of operation 21172576 : EXECUTING
19:16:08 INFO  State of operation 21172576 : EXECUTING
19:16:11 INFO  State of operation 21172576 : EXECUTING
19:16:13 WARN  SystemError occurred while running test - Timeout while waiting for status SUCCESSFUL or False
Traceback (most recent call last):
  File "/home/pi/env-pysys/lib/python3.7/site-packages/pysys/baserunner.py", line 1294, in __call__
    self.testObj.execute()
  File "/home/pi/actions-runner/_work/thin-edge.io/thin-edge.io/tests/PySys/software_management_end_to_end/sm_apt_install_remove_multiple_mixed/run.py", line 89, in execute
    self.wait_until_succcess()
  File "/home/pi/actions-runner/_work/thin-edge.io/thin-edge.io/tests/PySys/software_management_end_to_end/environment_sm_management.py", line 324, in wait_until_succcess
    self.wait_until_status("SUCCESSFUL")
  File "/home/pi/actions-runner/_work/thin-edge.io/thin-edge.io/tests/PySys/software_management_end_to_end/environment_sm_management.py", line 381, in wait_until_status
    "Timeout while waiting for status %s or %s" % (status, status2)
SystemError: Timeout while waiting for status SUCCESSFUL or False
19:16:13 WARN  SystemError: Timeout while waiting for status SUCCESSFUL or False ... blocked 
19:16:13 INFO  
19:16:13 INFO  cleanup:
19:16:20 INFO  Executed sudo&lt;tedge_disconnect_c8y&gt;, exit status 0
19:16:21 INFO  Executed systemctl&lt;serv_mapper5&gt;, exit status 3
19:16:21 INFO  
19:16:21 INFO  Test duration: 183.69 secs
19:16:21 INFO  Test final outcome:  BLOCKED
19:16:21 INFO  Test outcome reason: SystemError: Timeout while waiting for status SUCCESSFUL or False
19:16:21 INFO  
</system-out>
	</testcase>
<testcase classname="PySysTest" name="SoftwareManagement.sm_apt_install_remove_multiple_mixed">
		<failure message="BLOCKED: SystemError: Timeout while waiting for status SUCCESSFUL or False (+1 other failures)" type="BLOCKED" />
		<system-out>19:39:29 INFO  ==============================================================
19:39:29 INFO  Id:    SoftwareManagement.sm_apt_install_remove_multiple_mixed
19:39:29 INFO  Dir:   software_management_end_to_end/
19:39:29 INFO  Title: Validate end to end behaviour for the apt plugin for multiple packages with mixed versions
19:39:29 INFO  ==============================================================
19:39:29 INFO  Using sw id database: {'asciijump': '5475369', 'robotfindskitten': '5474869', 'squirrel3': '5475279', 'rolldice': '5152439', 'moon-buggy': '5439204', 'apple': '5495053', 'banana': '5494888', 'cherry': '5495382', 'watermelon': '5494510', 'registry': '8018911', 'hello-world': '8021526', 'docker/getting-started': '8021973', 'alpine': '7991792'}
19:39:29 INFO  EnvironmentC8y Setup
19:39:29 INFO  Executed systemctl&lt;serv_mapper1&gt;, exit status 3
19:39:29 INFO  Restarting mosquitto too frequently in the last 10 seconds. It was only up for 4 seconds
19:39:29 INFO  Delaying execution by 7 seconds
19:39:50 INFO  Executed sudo&lt;tedge_connect_c8y&gt;, exit status 0, duration 13 secs
19:39:51 INFO  Executed sudo&lt;tedge_connect_c8y_test&gt;, exit status 0
19:39:51 INFO  Executed systemctl&lt;serv_mosq2&gt;, exit status 0
19:39:52 INFO  Executed systemctl&lt;serv_mapper3&gt;, exit status 0
19:39:54 INFO  State of current operation: SUCCESSFUL
19:39:54 INFO  Assert that (False == value) with value=False ... passed
19:39:55 INFO  Assert that (False == value) with value=False ... passed
19:39:55 INFO  Assert that (False == value) with value=False ... passed
19:39:55 INFO  Assert that (False == value) with value=False ... passed
19:39:55 INFO  Package moon-buggy is installed
19:39:55 WARN  Assert that (False == value) with value=True ... failed 
19:39:57 INFO  Response status: 201
19:39:57 INFO  Response to action: {
    "creationTime": "2022-07-21T19:39:56.980Z",
    "deviceId": "21167114",
    "deviceName": "m32sd10c",
    "self": "https://t493319102.eu-latest.cumulocity.com/devicecontrol/operations/21172754",
    "id": "21172754",
    "status": "PENDING",
    "description": "Apply software changes, triggered from PySys: [{'action': 'install', 'id': '5475369', 'name': 'asciijump', 'url': ' ', 'version': '::apt'}, {'action': 'install', 'id': '5474869', 'name': 'robotfindskitten', 'url': ' ', 'version': ' '}, {'action': 'install', 'id': '5475279', 'name': 'squirrel3', 'url': ' ', 'version': '3.1-7::apt'}, {'action': 'install', 'id': '5152439', 'name': 'rolldice', 'url': ' ', 'version': '1.16-1+b1'}, {'action': 'install', 'id': '5439204', 'name': 'moon-buggy', 'url': ' ', 'version': '1:1.0.51-12'}, {'action': 'install', 'id': '5475369', 'name': 'asciijump', 'url': ' ', 'version': '::apt'}]",
    "c8y_SoftwareUpdate": [
        {
            "name": "asciijump",
            "action": "install",
            "id": "5475369",
            "version": "::apt",
            "url": " "
        },
        {
            "name": "robotfindskitten",
            "action": "install",
            "id": "5474869",
            "version": " ",
            "url": " "
        },
        {
            "name": "squirrel3",
            "action": "install",
            "id": "5475279",
            "version": "3.1-7::apt",
            "url": " "
        },
        {
            "name": "rolldice",
            "action": "install",
            "id": "5152439",
            "version": "1.16-1+b1",
            "url": " "
        },
        {
            "name": "moon-buggy",
            "action": "install",
            "id": "5439204",
            "version": "1:1.0.51-12",
            "url": " "
        },
        {
            "name": "asciijump",
            "action": "install",
            "id": "5475369",
            "version": "::apt",
            "url": " "
        }
    ]
}
19:39:57 INFO  Started operation: {'creationTime': '2022-07-21T19:39:56.980Z', 'deviceId': '21167114', 'deviceName': 'm32sd10c', 'self': 'https://t493319102.eu-latest.cumulocity.com/devicecontrol/operations/21172754', 'id': '21172754', 'status': 'PENDING', 'description': "Apply software changes, triggered from PySys: [{'action': 'install', 'id': '5475369', 'name': 'asciijump', 'url': ' ', 'version': '::apt'}, {'action': 'install', 'id': '5474869', 'name': 'robotfindskitten', 'url': ' ', 'version': ' '}, {'action': 'install', 'id': '5475279', 'name': 'squirrel3', 'url': ' ', 'version': '3.1-7::apt'}, {'action': 'install', 'id': '5152439', 'name': 'rolldice', 'url': ' ', 'version': '1.16-1+b1'}, {'action': 'install', 'id': '5439204', 'name': 'moon-buggy', 'url': ' ', 'version': '1:1.0.51-12'}, {'action': 'install', 'id': '5475369', 'name': 'asciijump', 'url': ' ', 'version': '::apt'}]", 'c8y_SoftwareUpdate': [{'name': 'asciijump', 'action': 'install', 'id': '5475369', 'version': '::apt', 'url': ' '}, {'name': 'robotfindskitten', 'action': 'install', 'id': '5474869', 'version': ' ', 'url': ' '}, {'name': 'squirrel3', 'action': 'install', 'id': '5475279', 'version': '3.1-7::apt', 'url': ' '}, {'name': 'rolldice', 'action': 'install', 'id': '5152439', 'version': '1.16-1+b1', 'url': ' '}, {'name': 'moon-buggy', 'action': 'install', 'id': '5439204', 'version': '1:1.0.51-12', 'url': ' '}, {'name': 'asciijump', 'action': 'install', 'id': '5475369', 'version': '::apt', 'url': ' '}]}
19:39:59 INFO  State of operation 21172754 : PENDING
19:40:01 INFO  State of operation 21172754 : EXECUTING
19:40:03 INFO  State of operation 21172754 : EXECUTING
19:40:05 INFO  State of operation 21172754 : EXECUTING
19:40:08 INFO  State of operation 21172754 : EXECUTING
19:40:10 INFO  State of operation 21172754 : EXECUTING
19:40:13 INFO  State of operation 21172754 : EXECUTING
19:40:15 INFO  State of operation 21172754 : EXECUTING
19:40:18 INFO  State of operation 21172754 : EXECUTING
19:40:20 INFO  State of operation 21172754 : EXECUTING
19:40:22 INFO  State of operation 21172754 : EXECUTING
19:40:25 INFO  State of operation 21172754 : EXECUTING
19:40:27 INFO  State of operation 21172754 : EXECUTING
19:40:29 INFO  State of operation 21172754 : EXECUTING
19:40:31 INFO  State of operation 21172754 : EXECUTING
19:40:34 INFO  State of operation 21172754 : EXECUTING
19:40:36 INFO  State of operation 21172754 : EXECUTING
19:40:38 INFO  State of operation 21172754 : EXECUTING
19:40:41 INFO  State of operation 21172754 : EXECUTING
19:40:43 INFO  State of operation 21172754 : EXECUTING
19:40:46 INFO  State of operation 21172754 : EXECUTING
19:40:48 INFO  State of operation 21172754 : EXECUTING
19:40:50 INFO  State of operation 21172754 : EXECUTING
19:40:53 INFO  State of operation 21172754 : EXECUTING
19:40:55 INFO  State of operation 21172754 : EXECUTING
19:40:57 INFO  State of operation 21172754 : EXECUTING
19:41:00 INFO  State of operation 21172754 : EXECUTING
19:41:02 INFO  State of operation 21172754 : EXECUTING
19:41:05 INFO  State of operation 21172754 : EXECUTING
19:41:07 INFO  State of operation 21172754 : EXECUTING
19:41:09 INFO  State of operation 21172754 : EXECUTING
19:41:11 INFO  State of operation 21172754 : EXECUTING
19:41:14 INFO  State of operation 21172754 : EXECUTING
19:41:16 INFO  State of operation 21172754 : EXECUTING
19:41:18 INFO  State of operation 21172754 : EXECUTING
19:41:20 INFO  State of operation 21172754 : EXECUTING
19:41:23 INFO  State of operation 21172754 : EXECUTING
19:41:25 INFO  State of operation 21172754 : EXECUTING
19:41:28 INFO  State of operation 21172754 : EXECUTING
19:41:30 INFO  State of operation 21172754 : EXECUTING
19:41:33 INFO  State of operation 21172754 : EXECUTING
19:41:35 INFO  State of operation 21172754 : EXECUTING
19:41:37 INFO  State of operation 21172754 : EXECUTING
19:41:39 INFO  State of operation 21172754 : EXECUTING
19:41:42 INFO  State of operation 21172754 : EXECUTING
19:41:44 INFO  State of operation 21172754 : EXECUTING
19:41:46 INFO  State of operation 21172754 : EXECUTING
19:41:49 INFO  State of operation 21172754 : EXECUTING
19:41:51 INFO  State of operation 21172754 : EXECUTING
19:41:54 INFO  State of operation 21172754 : EXECUTING
19:41:56 INFO  State of operation 21172754 : EXECUTING
19:41:58 INFO  State of operation 21172754 : EXECUTING
19:42:01 INFO  State of operation 21172754 : EXECUTING
19:42:03 INFO  State of operation 21172754 : EXECUTING
19:42:06 INFO  State of operation 21172754 : EXECUTING
19:42:08 INFO  State of operation 21172754 : EXECUTING
19:42:10 INFO  State of operation 21172754 : EXECUTING
19:42:12 INFO  State of operation 21172754 : EXECUTING
19:42:15 INFO  State of operation 21172754 : EXECUTING
19:42:17 INFO  State of operation 21172754 : EXECUTING
19:42:20 INFO  State of operation 21172754 : EXECUTING
19:42:22 WARN  SystemError occurred while running test - Timeout while waiting for status SUCCESSFUL or False
Traceback (most recent call last):
  File "/home/pi/env-pysys/lib/python3.7/site-packages/pysys/baserunner.py", line 1294, in __call__
    self.testObj.execute()
  File "/home/pi/actions-runner/_work/thin-edge.io/thin-edge.io/tests/PySys/software_management_end_to_end/sm_apt_install_remove_multiple_mixed/run.py", line 89, in execute
    self.wait_until_succcess()
  File "/home/pi/actions-runner/_work/thin-edge.io/thin-edge.io/tests/PySys/software_management_end_to_end/environment_sm_management.py", line 324, in wait_until_succcess
    self.wait_until_status("SUCCESSFUL")
  File "/home/pi/actions-runner/_work/thin-edge.io/thin-edge.io/tests/PySys/software_management_end_to_end/environment_sm_management.py", line 381, in wait_until_status
    "Timeout while waiting for status %s or %s" % (status, status2)
SystemError: Timeout while waiting for status SUCCESSFUL or False
19:42:22 WARN  SystemError: Timeout while waiting for status SUCCESSFUL or False ... blocked 
19:42:22 INFO  
19:42:22 INFO  cleanup:
19:42:26 INFO  Executed sudo&lt;tedge_disconnect_c8y&gt;, exit status 0
19:42:27 INFO  Executed systemctl&lt;serv_mapper5&gt;, exit status 3
19:42:27 INFO  
19:42:27 INFO  Test duration: 178.05 secs
19:42:27 INFO  Test final outcome:  BLOCKED
19:42:27 INFO  Test outcome reason: SystemError: Timeout while waiting for status SUCCESSFUL or False (+1 other failures)
19:42:27 INFO  
</system-out>
	</testcase>
</testsuite><testsuite name="SoftwareManagement.sm_apt_install_remove_with_version" tests="3" errors="0" failures="0" skipped="1" time="0"><testcase classname="PySysTest" name="SoftwareManagement.sm_apt_install_remove_with_version">
		<skipped message="SKIPPED: Testing the apt plugin is not supported on this platform.Use parameter -XmyPlatform='container' to enable it" />
		<system-out>18:38:12 INFO  ==============================================================
18:38:12 INFO  Id:    SoftwareManagement.sm_apt_install_remove_with_version
18:38:12 INFO  Dir:   software_management_end_to_end/
18:38:12 INFO  Title: Validate end to end behaviour for the apt plugin for packages with version
18:38:12 INFO  ==============================================================
18:38:12 INFO  Testing the apt plugin is not supported on this platform.Use parameter -XmyPlatform='container' to enable it ... skipped
18:38:12 WARN  Aborted test due to SKIPPED outcome
18:38:12 INFO  
18:38:12 INFO  Test duration: 0.04 secs
18:38:12 INFO  Test final outcome:  SKIPPED
18:38:12 INFO  Test outcome reason: Testing the apt plugin is not supported on this platform.Use parameter -XmyPlatform='container' to enable it
18:38:12 INFO  
</system-out>
	</testcase>
<testcase classname="PySysTest" name="SoftwareManagement.sm_apt_install_remove_with_version" />
<testcase classname="PySysTest" name="SoftwareManagement.sm_apt_install_remove_with_version" />
</testsuite><testsuite name="SoftwareManagement.sm_docker_install_remove_multiple" tests="3" errors="0" failures="0" skipped="1" time="0"><testcase classname="SMDockerInstallRemove" name="SoftwareManagement.sm_docker_install_remove_multiple">
		<skipped message="SKIPPED: Testing the apt plugin is not supported on this platform.Use parameter -XmyPlatform='container' to enable it" />
		<system-out>18:38:12 INFO  ==============================================================
18:38:12 INFO  Id:    SoftwareManagement.sm_docker_install_remove_multiple
18:38:12 INFO  Dir:   software_management_end_to_end/
18:38:12 INFO  Title: Validate end to end behaviour for the docker plugin for multiple docker images with mixed versions
18:38:12 INFO  ==============================================================
18:38:12 INFO  Testing the apt plugin is not supported on this platform.Use parameter -XmyPlatform='container' to enable it ... skipped
18:38:12 WARN  Aborted test due to SKIPPED outcome
18:38:12 INFO  
18:38:12 INFO  Test duration: 0.02 secs
18:38:12 INFO  Test final outcome:  SKIPPED
18:38:12 INFO  Test outcome reason: Testing the apt plugin is not supported on this platform.Use parameter -XmyPlatform='container' to enable it
18:38:12 INFO  
</system-out>
	</testcase>
<testcase classname="SMDockerInstallRemove" name="SoftwareManagement.sm_docker_install_remove_multiple" />
<testcase classname="SMDockerInstallRemove" name="SoftwareManagement.sm_docker_install_remove_multiple" />
</testsuite><testsuite name="SoftwareManagement.sm_fake_install_remove" tests="2" errors="0" failures="0" skipped="1" time="0"><testcase classname="PySysTest" name="SoftwareManagement.sm_fake_install_remove">
		<skipped message="SKIPPED: Testing the fake plugin is not enabled.Use parameter -Xfakeplugin=fakeplugin to enable it" />
		<system-out>18:38:12 INFO  ==============================================================
18:38:12 INFO  Id:    SoftwareManagement.sm_fake_install_remove
18:38:12 INFO  Dir:   software_management_end_to_end/
18:38:12 INFO  Title: Validate end to end behaviour for the dummy plugin for installation and removal of packages
18:38:12 INFO  ==============================================================
18:38:12 INFO  Testing the fake plugin is not enabled.Use parameter -Xfakeplugin=fakeplugin to enable it ... skipped
18:38:12 WARN  Aborted test due to SKIPPED outcome
18:38:12 INFO  
18:38:12 INFO  Test duration: 0.02 secs
18:38:12 INFO  Test final outcome:  SKIPPED
18:38:12 INFO  Test outcome reason: Testing the fake plugin is not enabled.Use parameter -Xfakeplugin=fakeplugin to enable it
18:38:12 INFO  
</system-out>
	</testcase>
<testcase classname="PySysTest" name="SoftwareManagement.sm_fake_install_remove" />
</testsuite><testsuite name="SoftwareManagement.sm_fake_install_remove_multiple" tests="2" errors="0" failures="0" skipped="1" time="0"><testcase classname="PySysTest" name="SoftwareManagement.sm_fake_install_remove_multiple">
		<skipped message="SKIPPED: Testing the fake plugin is not enabled.Use parameter -Xfakeplugin=fakeplugin to enable it" />
		<system-out>18:38:12 INFO  ==============================================================
18:38:12 INFO  Id:    SoftwareManagement.sm_fake_install_remove_multiple
18:38:12 INFO  Dir:   software_management_end_to_end/
18:38:12 INFO  Title: Validate end to end behaviour for the dummy-plugin for multiple packages
18:38:12 INFO  ==============================================================
18:38:12 INFO  Testing the fake plugin is not enabled.Use parameter -Xfakeplugin=fakeplugin to enable it ... skipped
18:38:12 WARN  Aborted test due to SKIPPED outcome
18:38:12 INFO  
18:38:12 INFO  Test duration: 0.02 secs
18:38:12 INFO  Test final outcome:  SKIPPED
18:38:12 INFO  Test outcome reason: Testing the fake plugin is not enabled.Use parameter -Xfakeplugin=fakeplugin to enable it
18:38:12 INFO  
</system-out>
	</testcase>
<testcase classname="PySysTest" name="SoftwareManagement.sm_fake_install_remove_multiple" />
</testsuite><testsuite name="SoftwareManagement.sm_mapper_fail_and_reconnect" tests="2" errors="0" failures="0" skipped="2" time="0"><testcase classname="MapperC8yReceiveLastMessageOnRestart" name="SoftwareManagement.sm_mapper_fail_and_reconnect">
		<skipped message="SKIPPED: instable https://github.com/thin-edge/thin-edge.io/issues/752" />
		<system-out>18:38:12 INFO  ==============================================================
18:38:12 INFO  Id:    SoftwareManagement.sm_mapper_fail_and_reconnect
18:38:12 INFO  Dir:   software_management_end_to_end/
18:38:12 INFO  Title: Validate the tedge-mapper-sm-c8y for receiving the last message on restart
18:38:12 INFO  ==============================================================
18:38:12 INFO  instable https://github.com/thin-edge/thin-edge.io/issues/752 ... skipped
18:38:12 INFO  
18:38:12 INFO  Test duration: 0.02 secs
18:38:12 INFO  Test final outcome:  SKIPPED
18:38:12 INFO  Test outcome reason: instable https://github.com/thin-edge/thin-edge.io/issues/752
18:38:12 INFO  
</system-out>
	</testcase>
<testcase classname="MapperC8yReceiveLastMessageOnRestart" name="SoftwareManagement.sm_mapper_fail_and_reconnect">
		<skipped message="SKIPPED: instable https://github.com/thin-edge/thin-edge.io/issues/752" />
		<system-out>19:49:10 INFO  ==============================================================
19:49:10 INFO  Id:    SoftwareManagement.sm_mapper_fail_and_reconnect
19:49:10 INFO  Dir:   software_management_end_to_end/
19:49:10 INFO  Title: Validate the tedge-mapper-sm-c8y for receiving the last message on restart
19:49:10 INFO  ==============================================================
19:49:10 INFO  instable https://github.com/thin-edge/thin-edge.io/issues/752 ... skipped
19:49:10 INFO  
19:49:10 INFO  Test duration: 0.03 secs
19:49:10 INFO  Test final outcome:  SKIPPED
19:49:10 INFO  Test outcome reason: instable https://github.com/thin-edge/thin-edge.io/issues/752
19:49:10 INFO  
</system-out>
	</testcase>
</testsuite><testsuite name="SoftwareManagement.sm_mixed_install_remove_multiple" tests="2" errors="0" failures="1" skipped="1" time="0"><testcase classname="PySysTest" name="SoftwareManagement.sm_mixed_install_remove_multiple">
		<skipped message="SKIPPED: Testing the fake plugin is not enabled.Use parameter -Xfakeplugin=fakeplugin to enable it" />
		<system-out>18:38:12 INFO  ==============================================================
18:38:12 INFO  Id:    SoftwareManagement.sm_mixed_install_remove_multiple
18:38:12 INFO  Dir:   software_management_end_to_end/
18:38:12 INFO  Title: Validate end to end behaviour for the dummy-plugin for multiple packages with mixed versions
18:38:12 INFO  ==============================================================
18:38:12 INFO  Testing the fake plugin is not enabled.Use parameter -Xfakeplugin=fakeplugin to enable it ... skipped
18:38:12 WARN  Aborted test due to SKIPPED outcome
18:38:12 INFO  
18:38:12 INFO  Test duration: 0.03 secs
18:38:12 INFO  Test final outcome:  SKIPPED
18:38:12 INFO  Test outcome reason: Testing the fake plugin is not enabled.Use parameter -Xfakeplugin=fakeplugin to enable it
18:38:12 INFO  
</system-out>
	</testcase>
<testcase classname="PySysTest" name="SoftwareManagement.sm_mixed_install_remove_multiple">
		<failure message="FAILED: Assert that (False == value) with value=True" type="FAILED" />
		<system-out>19:49:10 INFO  ==============================================================
19:49:10 INFO  Id:    SoftwareManagement.sm_mixed_install_remove_multiple
19:49:10 INFO  Dir:   software_management_end_to_end/
19:49:10 INFO  Title: Validate end to end behaviour for the dummy-plugin for multiple packages with mixed versions
19:49:10 INFO  ==============================================================
19:49:10 INFO  Using sw id database: {'asciijump': '5475369', 'robotfindskitten': '5474869', 'squirrel3': '5475279', 'rolldice': '5152439', 'moon-buggy': '5439204', 'apple': '5495053', 'banana': '5494888', 'cherry': '5495382', 'watermelon': '5494510', 'registry': '8018911', 'hello-world': '8021526', 'docker/getting-started': '8021973', 'alpine': '7991792'}
19:49:10 INFO  EnvironmentC8y Setup
19:49:10 INFO  Executed systemctl&lt;serv_mapper1&gt;, exit status 3
19:49:11 INFO  Restarting mosquitto too frequently in the last 10 seconds. It was only up for 5 seconds
19:49:11 INFO  Delaying execution by 6 seconds
19:49:30 INFO  Executed sudo&lt;tedge_connect_c8y&gt;, exit status 0, duration 13 secs
19:49:31 INFO  Executed sudo&lt;tedge_connect_c8y_test&gt;, exit status 0
19:49:32 INFO  Executed systemctl&lt;serv_mosq2&gt;, exit status 0
19:49:32 INFO  Executed systemctl&lt;serv_mapper3&gt;, exit status 0
19:49:34 INFO  State of current operation: SUCCESSFUL
19:49:35 INFO  Package apple is installed
19:49:35 INFO  Assert that (True == value) with value=True ... passed
19:49:35 INFO  Package banana is installed
19:49:35 INFO  Assert that (True == value) with value=True ... passed
19:49:35 INFO  Package cherry is installed
19:49:35 INFO  Assert that (True == value) with value=True ... passed
19:49:35 INFO  Package asciijump is installed
19:49:35 WARN  Assert that (False == value) with value=True ... failed 
19:49:36 INFO  Assert that (False == value) with value=False ... passed
19:49:36 INFO  Response status: 201
19:49:36 INFO  Response to action: {
    "creationTime": "2022-07-21T19:49:36.226Z",
    "deviceId": "21167114",
    "deviceName": "m32sd10c",
    "self": "https://t493319102.eu-latest.cumulocity.com/devicecontrol/operations/21172862",
    "id": "21172862",
    "status": "PENDING",
    "description": "Apply software changes, triggered from PySys: [{'action': 'install', 'id': '5495053', 'name': 'apple', 'url': ' ', 'version': '::fruits'}, {'action': 'install', 'id': '5494888', 'name': 'banana', 'url': ' ', 'version': '::fruits'}, {'action': 'install', 'id': '5475369', 'name': 'asciijump', 'url': ' ', 'version': '::apt'}, {'action': 'install', 'id': '5495382', 'name': 'cherry', 'url': ' ', 'version': '::fruits'}, {'action': 'install', 'id': '8018911', 'name': 'registry', 'url': ' ', 'version': '::docker'}]",
    "c8y_SoftwareUpdate": [
        {
            "name": "apple",
            "action": "install",
            "id": "5495053",
            "version": "::fruits",
            "url": " "
        },
        {
            "name": "banana",
            "action": "install",
            "id": "5494888",
            "version": "::fruits",
            "url": " "
        },
        {
            "name": "asciijump",
            "action": "install",
            "id": "5475369",
            "version": "::apt",
            "url": " "
        },
        {
            "name": "cherry",
            "action": "install",
            "id": "5495382",
            "version": "::fruits",
            "url": " "
        },
        {
            "name": "registry",
            "action": "install",
            "id": "8018911",
            "version": "::docker",
            "url": " "
        }
    ]
}
19:49:36 INFO  Started operation: {'creationTime': '2022-07-21T19:49:36.226Z', 'deviceId': '21167114', 'deviceName': 'm32sd10c', 'self': 'https://t493319102.eu-latest.cumulocity.com/devicecontrol/operations/21172862', 'id': '21172862', 'status': 'PENDING', 'description': "Apply software changes, triggered from PySys: [{'action': 'install', 'id': '5495053', 'name': 'apple', 'url': ' ', 'version': '::fruits'}, {'action': 'install', 'id': '5494888', 'name': 'banana', 'url': ' ', 'version': '::fruits'}, {'action': 'install', 'id': '5475369', 'name': 'asciijump', 'url': ' ', 'version': '::apt'}, {'action': 'install', 'id': '5495382', 'name': 'cherry', 'url': ' ', 'version': '::fruits'}, {'action': 'install', 'id': '8018911', 'name': 'registry', 'url': ' ', 'version': '::docker'}]", 'c8y_SoftwareUpdate': [{'name': 'apple', 'action': 'install', 'id': '5495053', 'version': '::fruits', 'url': ' '}, {'name': 'banana', 'action': 'install', 'id': '5494888', 'version': '::fruits', 'url': ' '}, {'name': 'asciijump', 'action': 'install', 'id': '5475369', 'version': '::apt', 'url': ' '}, {'name': 'cherry', 'action': 'install', 'id': '5495382', 'version': '::fruits', 'url': ' '}, {'name': 'registry', 'action': 'install', 'id': '8018911', 'version': '::docker', 'url': ' '}]}
19:49:38 INFO  State of operation 21172862 : PENDING
19:49:40 INFO  State of operation 21172862 : EXECUTING
19:49:42 INFO  State of operation 21172862 : EXECUTING
19:49:45 INFO  State of operation 21172862 : EXECUTING
19:49:47 INFO  State of operation 21172862 : EXECUTING
19:49:49 INFO  State of operation 21172862 : EXECUTING
19:49:53 INFO  State of operation 21172862 : EXECUTING
19:49:56 INFO  State of operation 21172862 : EXECUTING
19:49:58 INFO  State of operation 21172862 : EXECUTING
19:50:00 INFO  State of operation 21172862 : EXECUTING
19:50:03 INFO  State of operation 21172862 : EXECUTING
19:50:05 INFO  State of operation 21172862 : EXECUTING
19:50:07 INFO  State of operation 21172862 : EXECUTING
19:50:10 INFO  State of operation 21172862 : EXECUTING
19:50:12 INFO  State of operation 21172862 : EXECUTING
19:50:14 INFO  State of operation 21172862 : EXECUTING
19:50:16 INFO  State of operation 21172862 : EXECUTING
19:50:19 INFO  State of operation 21172862 : EXECUTING
19:50:21 INFO  State of operation 21172862 : EXECUTING
19:50:23 INFO  State of operation 21172862 : EXECUTING
19:50:25 INFO  State of operation 21172862 : EXECUTING
19:50:28 INFO  State of operation 21172862 : EXECUTING
19:50:30 INFO  State of operation 21172862 : EXECUTING
19:50:33 INFO  State of operation 21172862 : EXECUTING
19:50:35 INFO  State of operation 21172862 : EXECUTING
19:50:37 INFO  State of operation 21172862 : SUCCESSFUL
19:50:37 INFO  Package apple is installed
19:50:37 INFO  Assert that (True == value) with value=True ... passed
19:50:38 INFO  Package banana is installed
19:50:38 INFO  Assert that (True == value) with value=True ... passed
19:50:38 INFO  Package cherry is installed
19:50:38 INFO  Assert that (True == value) with value=True ... passed
19:50:38 INFO  Package asciijump is installed
19:50:38 INFO  Assert that (True == value) with value=True ... passed
19:50:38 INFO  Package registry is installed
19:50:38 INFO  Assert that (True == value) with value=True ... passed
19:50:38 INFO  Response status: 201
19:50:38 INFO  Response to action: {
    "creationTime": "2022-07-21T19:50:38.935Z",
    "deviceId": "21167114",
    "deviceName": "m32sd10c",
    "self": "https://t493319102.eu-latest.cumulocity.com/devicecontrol/operations/21172864",
    "id": "21172864",
    "status": "PENDING",
    "description": "Apply software changes, triggered from PySys: [{'action': 'delete', 'id': '5495053', 'name': 'apple', 'url': ' ', 'version': '::fruits'}, {'action': 'delete', 'id': '5494888', 'name': 'banana', 'url': ' ', 'version': '::fruits'}, {'action': 'delete', 'id': '5475369', 'name': 'asciijump', 'url': ' ', 'version': '::apt'}, {'action': 'delete', 'id': '5495382', 'name': 'cherry', 'url': ' ', 'version': '::fruits'}, {'action': 'delete', 'id': '8018911', 'name': 'registry', 'url': ' ', 'version': '::docker'}]",
    "c8y_SoftwareUpdate": [
        {
            "name": "apple",
            "action": "delete",
            "id": "5495053",
            "version": "::fruits",
            "url": " "
        },
        {
            "name": "banana",
            "action": "delete",
            "id": "5494888",
            "version": "::fruits",
            "url": " "
        },
        {
            "name": "asciijump",
            "action": "delete",
            "id": "5475369",
            "version": "::apt",
            "url": " "
        },
        {
            "name": "cherry",
            "action": "delete",
            "id": "5495382",
            "version": "::fruits",
            "url": " "
        },
        {
            "name": "registry",
            "action": "delete",
            "id": "8018911",
            "version": "::docker",
            "url": " "
        }
    ]
}
19:50:38 INFO  Started operation: {'creationTime': '2022-07-21T19:50:38.935Z', 'deviceId': '21167114', 'deviceName': 'm32sd10c', 'self': 'https://t493319102.eu-latest.cumulocity.com/devicecontrol/operations/21172864', 'id': '21172864', 'status': 'PENDING', 'description': "Apply software changes, triggered from PySys: [{'action': 'delete', 'id': '5495053', 'name': 'apple', 'url': ' ', 'version': '::fruits'}, {'action': 'delete', 'id': '5494888', 'name': 'banana', 'url': ' ', 'version': '::fruits'}, {'action': 'delete', 'id': '5475369', 'name': 'asciijump', 'url': ' ', 'version': '::apt'}, {'action': 'delete', 'id': '5495382', 'name': 'cherry', 'url': ' ', 'version': '::fruits'}, {'action': 'delete', 'id': '8018911', 'name': 'registry', 'url': ' ', 'version': '::docker'}]", 'c8y_SoftwareUpdate': [{'name': 'apple', 'action': 'delete', 'id': '5495053', 'version': '::fruits', 'url': ' '}, {'name': 'banana', 'action': 'delete', 'id': '5494888', 'version': '::fruits', 'url': ' '}, {'name': 'asciijump', 'action': 'delete', 'id': '5475369', 'version': '::apt', 'url': ' '}, {'name': 'cherry', 'action': 'delete', 'id': '5495382', 'version': '::fruits', 'url': ' '}, {'name': 'registry', 'action': 'delete', 'id': '8018911', 'version': '::docker', 'url': ' '}]}
19:50:41 INFO  State of operation 21172864 : PENDING
19:50:43 INFO  State of operation 21172864 : EXECUTING
19:50:45 INFO  State of operation 21172864 : EXECUTING
19:50:47 INFO  State of operation 21172864 : EXECUTING
19:50:50 INFO  State of operation 21172864 : EXECUTING
19:50:52 INFO  State of operation 21172864 : EXECUTING
19:50:55 INFO  State of operation 21172864 : EXECUTING
19:50:57 INFO  State of operation 21172864 : EXECUTING
19:51:00 INFO  State of operation 21172864 : EXECUTING
19:51:02 INFO  State of operation 21172864 : EXECUTING
19:51:04 INFO  State of operation 21172864 : EXECUTING
19:51:07 INFO  State of operation 21172864 : EXECUTING
19:51:09 INFO  State of operation 21172864 : EXECUTING
19:51:11 INFO  State of operation 21172864 : EXECUTING
19:51:13 INFO  State of operation 21172864 : EXECUTING
19:51:16 INFO  State of operation 21172864 : EXECUTING
19:51:19 INFO  State of operation 21172864 : EXECUTING
19:51:21 INFO  State of operation 21172864 : EXECUTING
19:51:23 INFO  State of operation 21172864 : EXECUTING
19:51:26 INFO  State of operation 21172864 : EXECUTING
19:51:28 INFO  State of operation 21172864 : EXECUTING
19:51:30 INFO  State of operation 21172864 : EXECUTING
19:51:32 INFO  State of operation 21172864 : EXECUTING
19:51:35 INFO  State of operation 21172864 : EXECUTING
19:51:37 INFO  State of operation 21172864 : EXECUTING
19:51:39 INFO  State of operation 21172864 : EXECUTING
19:51:42 INFO  State of operation 21172864 : EXECUTING
19:51:44 INFO  State of operation 21172864 : EXECUTING
19:51:46 INFO  State of operation 21172864 : EXECUTING
19:51:48 INFO  State of operation 21172864 : EXECUTING
19:51:51 INFO  State of operation 21172864 : SUCCESSFUL
19:51:51 INFO  Package apple is installed
19:51:51 INFO  Assert that (True == value) with value=True ... passed
19:51:51 INFO  Package banana is installed
19:51:51 INFO  Assert that (True == value) with value=True ... passed
19:51:51 INFO  Package cherry is installed
19:51:51 INFO  Assert that (True == value) with value=True ... passed
19:51:52 INFO  Assert that (False == value) with value=False ... passed
19:51:52 INFO  Assert that (False == value) with value=False ... passed
19:51:52 INFO  
19:51:52 INFO  cleanup:
19:51:56 INFO  Executed sudo&lt;tedge_disconnect_c8y&gt;, exit status 0
19:51:56 INFO  Executed systemctl&lt;serv_mapper5&gt;, exit status 3
19:51:56 INFO  
19:51:56 INFO  Test duration: 166.56 secs
19:51:56 INFO  Test final outcome:  FAILED
19:51:56 INFO  Test outcome reason: Assert that (False == value) with value=True
19:51:56 INFO  
</system-out>
	</testcase>
</testsuite><testsuite name="agent_init_session" tests="1" errors="0" failures="1" skipped="0" time="0"><testcase classname="AgentInitSession" name="agent_init_session">
		<failure message="FAILED: Grep on sub_resp.out contains &quot;Ld3KgqpcLDlrYH6sfpG7w&quot;" type="FAILED" />
		<system-out>18:39:07 INFO  ==============================================================
18:39:07 INFO  Id:    agent_init_session
18:39:07 INFO  Dir:   tedge_agent/
18:39:07 INFO  Title: Validate tedge agent init session feature
18:39:07 INFO  ==============================================================
18:39:07 INFO  Executed sudo&lt;remove_lock&gt;, exit status 0
18:39:08 INFO  Executed sudo&lt;agent_clear&gt;, exit status 0
18:39:09 INFO  Executed sudo&lt;agent_init&gt;, exit status 0
18:39:09 INFO  Executed sudo&lt;pub_req&gt;, exit status 0
18:39:09 INFO  Started sudo&lt;sub_resp&gt; with process id 15000
18:39:10 INFO  Executed sudo&lt;agent_start&gt;, exit status 0
18:39:10 INFO  Waiting for 2.0 seconds
18:39:12 INFO  Executed sudo&lt;agent_stop&gt;, exit status 0
18:39:13 INFO  Executed sudo&lt;sub_stop&gt;, exit status 0
18:39:13 WARN  Grep on sub_resp.out contains "Ld3KgqpcLDlrYH6sfpG7w" ... failed [run.py:87]
18:39:13 INFO  
18:39:13 INFO  Test duration: 6.05 secs
18:39:13 INFO  Test final outcome:  FAILED
18:39:13 INFO  Test outcome reason: Grep on sub_resp.out contains "Ld3KgqpcLDlrYH6sfpG7w"
18:39:13 INFO  
</system-out>
	</testcase>
</testsuite><testsuite name="apt_fail_noarg" tests="2" errors="0" failures="0" skipped="1" time="0"><testcase classname="AptPluginFailNoArg" name="apt_fail_noarg">
		<skipped message="SKIPPED: Testing the apt plugin is not supported on this platform.To run the tests call PySys with -XmyPlatform='container'" />
		<system-out>18:28:29 INFO  ==============================================================
18:28:29 INFO  Id:    apt_fail_noarg
18:28:29 INFO  Dir:   plugin_apt/
18:28:29 INFO  Title: Validate apt plugin fetures(prepare, list, install, remove finalize) without arguments
18:28:29 INFO  ==============================================================
18:28:29 INFO  Testing the apt plugin is not supported on this platform.To run the tests call PySys with -XmyPlatform='container' ... skipped
18:28:29 WARN  Aborted test due to SKIPPED outcome
18:28:30 INFO  
18:28:30 INFO  Test duration: 0.09 secs
18:28:30 INFO  Test final outcome:  SKIPPED
18:28:30 INFO  Test outcome reason: Testing the apt plugin is not supported on this platform.To run the tests call PySys with -XmyPlatform='container'
18:28:30 INFO  
</system-out>
	</testcase>
<testcase classname="AptPluginFailNoArg" name="apt_fail_noarg" />
</testsuite><testsuite name="apt_finalize" tests="2" errors="0" failures="0" skipped="1" time="0"><testcase classname="AptPluginFinalize" name="apt_finalize">
		<skipped message="SKIPPED: Testing the apt plugin is not supported on this platform.To run the tests call PySys with -XmyPlatform='container'" />
		<system-out>18:28:30 INFO  ==============================================================
18:28:30 INFO  Id:    apt_finalize
18:28:30 INFO  Dir:   plugin_apt/
18:28:30 INFO  Title: Validate apt plugin finalize - dense version
18:28:30 INFO  ==============================================================
18:28:30 INFO  Testing the apt plugin is not supported on this platform.To run the tests call PySys with -XmyPlatform='container' ... skipped
18:28:30 WARN  Aborted test due to SKIPPED outcome
18:28:30 INFO  
18:28:30 INFO  Test duration: 0.02 secs
18:28:30 INFO  Test final outcome:  SKIPPED
18:28:30 INFO  Test outcome reason: Testing the apt plugin is not supported on this platform.To run the tests call PySys with -XmyPlatform='container'
18:28:30 INFO  
</system-out>
	</testcase>
<testcase classname="AptPluginFinalize" name="apt_finalize" />
</testsuite><testsuite name="apt_install" tests="2" errors="0" failures="0" skipped="1" time="0"><testcase classname="AptPluginInstallDense" name="apt_install">
		<skipped message="SKIPPED: Testing the apt plugin is not supported on this platform.To run the tests call PySys with -XmyPlatform='container'" />
		<system-out>18:28:30 INFO  ==============================================================
18:28:30 INFO  Id:    apt_install
18:28:30 INFO  Dir:   plugin_apt/
18:28:30 INFO  Title: Validate apt plugin prepare - dense version
18:28:30 INFO  ==============================================================
18:28:30 INFO  Testing the apt plugin is not supported on this platform.To run the tests call PySys with -XmyPlatform='container' ... skipped
18:28:30 WARN  Aborted test due to SKIPPED outcome
18:28:30 INFO  
18:28:30 INFO  Test duration: 0.02 secs
18:28:30 INFO  Test final outcome:  SKIPPED
18:28:30 INFO  Test outcome reason: Testing the apt plugin is not supported on this platform.To run the tests call PySys with -XmyPlatform='container'
18:28:30 INFO  
</system-out>
	</testcase>
<testcase classname="AptPluginInstallDense" name="apt_install" />
</testsuite><testsuite name="apt_install_fail" tests="2" errors="0" failures="0" skipped="1" time="0"><testcase classname="AptPluginInstallFail" name="apt_install_fail">
		<skipped message="SKIPPED: Testing the apt plugin is not supported on this platform.To run the tests call PySys with -XmyPlatform='container'" />
		<system-out>18:28:30 INFO  ==============================================================
18:28:30 INFO  Id:    apt_install_fail
18:28:30 INFO  Dir:   plugin_apt/
18:28:30 INFO  Title: Validate apt plugin prepare - failing
18:28:30 INFO  ==============================================================
18:28:30 INFO  Testing the apt plugin is not supported on this platform.To run the tests call PySys with -XmyPlatform='container' ... skipped
18:28:30 WARN  Aborted test due to SKIPPED outcome
18:28:30 INFO  
18:28:30 INFO  Test duration: 0.02 secs
18:28:30 INFO  Test final outcome:  SKIPPED
18:28:30 INFO  Test outcome reason: Testing the apt plugin is not supported on this platform.To run the tests call PySys with -XmyPlatform='container'
18:28:30 INFO  
</system-out>
	</testcase>
<testcase classname="AptPluginInstallFail" name="apt_install_fail" />
</testsuite><testsuite name="apt_install_local_file" tests="2" errors="0" failures="0" skipped="1" time="0"><testcase classname="AptPluginInstallFromLocalFile" name="apt_install_local_file">
		<skipped message="SKIPPED: Testing the apt plugin is not supported on this platform.To run the tests call PySys with -XmyPlatform='container'" />
		<system-out>18:28:30 INFO  ==============================================================
18:28:30 INFO  Id:    apt_install_local_file
18:28:30 INFO  Dir:   plugin_apt/
18:28:30 INFO  Title: Validate apt plugin install from local file - SUCCESS case
18:28:30 INFO  ==============================================================
18:28:30 INFO  Testing the apt plugin is not supported on this platform.To run the tests call PySys with -XmyPlatform='container' ... skipped
18:28:30 WARN  Aborted test due to SKIPPED outcome
18:28:30 INFO  
18:28:30 INFO  Test duration: 0.02 secs
18:28:30 INFO  Test final outcome:  SKIPPED
18:28:30 INFO  Test outcome reason: Testing the apt plugin is not supported on this platform.To run the tests call PySys with -XmyPlatform='container'
18:28:30 INFO  
</system-out>
	</testcase>
<testcase classname="AptPluginInstallFromLocalFile" name="apt_install_local_file" />
</testsuite><testsuite name="apt_install_local_file_fail" tests="2" errors="0" failures="0" skipped="1" time="0"><testcase classname="AptPluginInstallFromLocalFileFail" name="apt_install_local_file_fail">
		<skipped message="SKIPPED: Testing the apt plugin is not supported on this platform.To run the tests call PySys with -XmyPlatform='container'" />
		<system-out>18:28:30 INFO  ==============================================================
18:28:30 INFO  Id:    apt_install_local_file_fail
18:28:30 INFO  Dir:   plugin_apt/
18:28:30 INFO  Title: Validate apt plugin install from local file - FAIL case
18:28:30 INFO  ==============================================================
18:28:30 INFO  Testing the apt plugin is not supported on this platform.To run the tests call PySys with -XmyPlatform='container' ... skipped
18:28:30 WARN  Aborted test due to SKIPPED outcome
18:28:30 INFO  
18:28:30 INFO  Test duration: 0.02 secs
18:28:30 INFO  Test final outcome:  SKIPPED
18:28:30 INFO  Test outcome reason: Testing the apt plugin is not supported on this platform.To run the tests call PySys with -XmyPlatform='container'
18:28:30 INFO  
</system-out>
	</testcase>
<testcase classname="AptPluginInstallFromLocalFileFail" name="apt_install_local_file_fail" />
</testsuite><testsuite name="apt_install_local_file_with_version" tests="2" errors="0" failures="0" skipped="1" time="0"><testcase classname="AptPluginInstallFromLocalFileWithVersion" name="apt_install_local_file_with_version">
		<skipped message="SKIPPED: Testing the apt plugin is not supported on this platform.To run the tests call PySys with -XmyPlatform='container'" />
		<system-out>18:28:30 INFO  ==============================================================
18:28:30 INFO  Id:    apt_install_local_file_with_version
18:28:30 INFO  Dir:   plugin_apt/
18:28:30 INFO  Title: Validate apt plugin install from local file AND with a version - SUCCESS case
18:28:30 INFO  ==============================================================
18:28:30 INFO  Testing the apt plugin is not supported on this platform.To run the tests call PySys with -XmyPlatform='container' ... skipped
18:28:30 WARN  Aborted test due to SKIPPED outcome
18:28:30 INFO  
18:28:30 INFO  Test duration: 0.02 secs
18:28:30 INFO  Test final outcome:  SKIPPED
18:28:30 INFO  Test outcome reason: Testing the apt plugin is not supported on this platform.To run the tests call PySys with -XmyPlatform='container'
18:28:30 INFO  
</system-out>
	</testcase>
<testcase classname="AptPluginInstallFromLocalFileWithVersion" name="apt_install_local_file_with_version" />
</testsuite><testsuite name="apt_install_local_file_with_version_fail" tests="2" errors="0" failures="0" skipped="1" time="0"><testcase classname="AptPluginInstallFromLocalFileWithVersionFail" name="apt_install_local_file_with_version_fail">
		<skipped message="SKIPPED: Testing the apt plugin is not supported on this platform.To run the tests call PySys with -XmyPlatform='container'" />
		<system-out>18:28:30 INFO  ==============================================================
18:28:30 INFO  Id:    apt_install_local_file_with_version_fail
18:28:30 INFO  Dir:   plugin_apt/
18:28:30 INFO  Title: Validate apt plugin install from local file AND with a version - FAIL case
18:28:30 INFO  ==============================================================
18:28:30 INFO  Testing the apt plugin is not supported on this platform.To run the tests call PySys with -XmyPlatform='container' ... skipped
18:28:30 WARN  Aborted test due to SKIPPED outcome
18:28:30 INFO  
18:28:30 INFO  Test duration: 0.02 secs
18:28:30 INFO  Test final outcome:  SKIPPED
18:28:30 INFO  Test outcome reason: Testing the apt plugin is not supported on this platform.To run the tests call PySys with -XmyPlatform='container'
18:28:30 INFO  
</system-out>
	</testcase>
<testcase classname="AptPluginInstallFromLocalFileWithVersionFail" name="apt_install_local_file_with_version_fail" />
</testsuite><testsuite name="apt_list_format" tests="2" errors="0" failures="0" skipped="0" time="0"><testcase classname="AptPluginListFormat" name="apt_list_format" />
<testcase classname="AptPluginListFormat" name="apt_list_format" />
</testsuite><testsuite name="apt_prepare" tests="2" errors="0" failures="0" skipped="1" time="0"><testcase classname="AptPluginPrepare" name="apt_prepare">
		<skipped message="SKIPPED: Testing the apt plugin is not supported on this platform.To run the tests call PySys with -XmyPlatform='container'" />
		<system-out>18:28:33 INFO  ==============================================================
18:28:33 INFO  Id:    apt_prepare
18:28:33 INFO  Dir:   plugin_apt/
18:28:33 INFO  Title: Validate apt plugin install - dense version
18:28:33 INFO  ==============================================================
18:28:33 INFO  Testing the apt plugin is not supported on this platform.To run the tests call PySys with -XmyPlatform='container' ... skipped
18:28:33 WARN  Aborted test due to SKIPPED outcome
18:28:33 INFO  
18:28:33 INFO  Test duration: 0.02 secs
18:28:33 INFO  Test final outcome:  SKIPPED
18:28:33 INFO  Test outcome reason: Testing the apt plugin is not supported on this platform.To run the tests call PySys with -XmyPlatform='container'
18:28:33 INFO  
</system-out>
	</testcase>
<testcase classname="AptPluginPrepare" name="apt_prepare" />
</testsuite><testsuite name="apt_prepare_install_finalize" tests="2" errors="0" failures="0" skipped="1" time="0"><testcase classname="AptPluginPrepareInstallFinalize" name="apt_prepare_install_finalize">
		<skipped message="SKIPPED: Testing the apt plugin is not supported on this platform.To run the tests call PySys with -XmyPlatform='container'" />
		<system-out>18:28:33 INFO  ==============================================================
18:28:33 INFO  Id:    apt_prepare_install_finalize
18:28:33 INFO  Dir:   plugin_apt/
18:28:33 INFO  Title: Validate apt plugin install use case
18:28:33 INFO  ==============================================================
18:28:33 INFO  Testing the apt plugin is not supported on this platform.To run the tests call PySys with -XmyPlatform='container' ... skipped
18:28:33 WARN  Aborted test due to SKIPPED outcome
18:28:33 INFO  
18:28:33 INFO  Test duration: 0.02 secs
18:28:33 INFO  Test final outcome:  SKIPPED
18:28:33 INFO  Test outcome reason: Testing the apt plugin is not supported on this platform.To run the tests call PySys with -XmyPlatform='container'
18:28:33 INFO  
</system-out>
	</testcase>
<testcase classname="AptPluginPrepareInstallFinalize" name="apt_prepare_install_finalize" />
</testsuite><testsuite name="apt_remove" tests="2" errors="0" failures="0" skipped="1" time="0"><testcase classname="AptPluginRemoveDense" name="apt_remove">
		<skipped message="SKIPPED: Testing the apt plugin is not supported on this platform.To run the tests call PySys with -XmyPlatform='container'" />
		<system-out>18:28:33 INFO  ==============================================================
18:28:33 INFO  Id:    apt_remove
18:28:33 INFO  Dir:   plugin_apt/
18:28:33 INFO  Title: Validate apt plugin prepare - dense version
18:28:33 INFO  ==============================================================
18:28:33 INFO  Testing the apt plugin is not supported on this platform.To run the tests call PySys with -XmyPlatform='container' ... skipped
18:28:33 WARN  Aborted test due to SKIPPED outcome
18:28:33 INFO  
18:28:33 INFO  Test duration: 0.02 secs
18:28:33 INFO  Test final outcome:  SKIPPED
18:28:33 INFO  Test outcome reason: Testing the apt plugin is not supported on this platform.To run the tests call PySys with -XmyPlatform='container'
18:28:33 INFO  
</system-out>
	</testcase>
<testcase classname="AptPluginRemoveDense" name="apt_remove" />
</testsuite><testsuite name="apt_remove_fail" tests="2" errors="0" failures="0" skipped="1" time="0"><testcase classname="AptPluginRemoveFails" name="apt_remove_fail">
		<skipped message="SKIPPED: Testing the apt plugin is not supported on this platform.To run the tests call PySys with -XmyPlatform='container'" />
		<system-out>18:28:33 INFO  ==============================================================
18:28:33 INFO  Id:    apt_remove_fail
18:28:33 INFO  Dir:   plugin_apt/
18:28:33 INFO  Title: Validate apt plugin prepare - failing
18:28:33 INFO  ==============================================================
18:28:33 INFO  Testing the apt plugin is not supported on this platform.To run the tests call PySys with -XmyPlatform='container' ... skipped
18:28:33 WARN  Aborted test due to SKIPPED outcome
18:28:33 INFO  
18:28:33 INFO  Test duration: 0.02 secs
18:28:33 INFO  Test final outcome:  SKIPPED
18:28:33 INFO  Test outcome reason: Testing the apt plugin is not supported on this platform.To run the tests call PySys with -XmyPlatform='container'
18:28:33 INFO  
</system-out>
	</testcase>
<testcase classname="AptPluginRemoveFails" name="apt_remove_fail" />
</testsuite><testsuite name="apt_sequence_install_with_version" tests="2" errors="0" failures="0" skipped="1" time="0"><testcase classname="AptPluginPrepInstallWithVersionFinalize" name="apt_sequence_install_with_version">
		<skipped message="SKIPPED: Testing the apt plugin is not supported on this platform.To run the tests call PySys with -XmyPlatform='container'" />
		<system-out>18:28:33 INFO  ==============================================================
18:28:33 INFO  Id:    apt_sequence_install_with_version
18:28:33 INFO  Dir:   plugin_apt/
18:28:33 INFO  Title: Validate apt plugin install with version use case
18:28:33 INFO  ==============================================================
18:28:33 INFO  Testing the apt plugin is not supported on this platform.To run the tests call PySys with -XmyPlatform='container' ... skipped
18:28:33 WARN  Aborted test due to SKIPPED outcome
18:28:33 INFO  
18:28:33 INFO  Test duration: 0.02 secs
18:28:33 INFO  Test final outcome:  SKIPPED
18:28:33 INFO  Test outcome reason: Testing the apt plugin is not supported on this platform.To run the tests call PySys with -XmyPlatform='container'
18:28:33 INFO  
</system-out>
	</testcase>
<testcase classname="AptPluginPrepInstallWithVersionFinalize" name="apt_sequence_install_with_version" />
</testsuite><testsuite name="apt_sequence_install_with_version_fail" tests="2" errors="0" failures="0" skipped="1" time="0"><testcase classname="AptPluginInstallWithVersionFails" name="apt_sequence_install_with_version_fail">
		<skipped message="SKIPPED: Testing the apt plugin is not supported on this platform.To run the tests call PySys with -XmyPlatform='container'" />
		<system-out>18:28:33 INFO  ==============================================================
18:28:33 INFO  Id:    apt_sequence_install_with_version_fail
18:28:33 INFO  Dir:   plugin_apt/
18:28:33 INFO  Title: Validate apt plugin install with version fails use case
18:28:33 INFO  ==============================================================
18:28:33 INFO  Testing the apt plugin is not supported on this platform.To run the tests call PySys with -XmyPlatform='container' ... skipped
18:28:33 WARN  Aborted test due to SKIPPED outcome
18:28:33 INFO  
18:28:33 INFO  Test duration: 0.02 secs
18:28:33 INFO  Test final outcome:  SKIPPED
18:28:33 INFO  Test outcome reason: Testing the apt plugin is not supported on this platform.To run the tests call PySys with -XmyPlatform='container'
18:28:33 INFO  
</system-out>
	</testcase>
<testcase classname="AptPluginInstallWithVersionFails" name="apt_sequence_install_with_version_fail" />
</testsuite><testsuite name="apt_sequence_remove" tests="2" errors="0" failures="0" skipped="1" time="0"><testcase classname="AptPluginInstallPrepareRemoveFinalize" name="apt_sequence_remove">
		<skipped message="SKIPPED: Testing the apt plugin is not supported on this platform.To run the tests call PySys with -XmyPlatform='container'" />
		<system-out>18:28:33 INFO  ==============================================================
18:28:33 INFO  Id:    apt_sequence_remove
18:28:33 INFO  Dir:   plugin_apt/
18:28:33 INFO  Title: Validate apt plugin prepare install remove finalize use case
18:28:33 INFO  ==============================================================
18:28:33 INFO  Testing the apt plugin is not supported on this platform.To run the tests call PySys with -XmyPlatform='container' ... skipped
18:28:33 WARN  Aborted test due to SKIPPED outcome
18:28:33 INFO  
18:28:33 INFO  Test duration: 0.02 secs
18:28:33 INFO  Test final outcome:  SKIPPED
18:28:33 INFO  Test outcome reason: Testing the apt plugin is not supported on this platform.To run the tests call PySys with -XmyPlatform='container'
18:28:33 INFO  
</system-out>
	</testcase>
<testcase classname="AptPluginInstallPrepareRemoveFinalize" name="apt_sequence_remove" />
</testsuite><testsuite name="apt_sequence_remove_with_version" tests="2" errors="0" failures="0" skipped="1" time="0"><testcase classname="AptPluginRemoveWithVersion" name="apt_sequence_remove_with_version">
		<skipped message="SKIPPED: Testing the apt plugin is not supported on this platform.To run the tests call PySys with -XmyPlatform='container'" />
		<system-out>18:28:33 INFO  ==============================================================
18:28:33 INFO  Id:    apt_sequence_remove_with_version
18:28:33 INFO  Dir:   plugin_apt/
18:28:33 INFO  Title: Validate apt plugin remove with version use case
18:28:33 INFO  ==============================================================
18:28:33 INFO  Testing the apt plugin is not supported on this platform.To run the tests call PySys with -XmyPlatform='container' ... skipped
18:28:33 WARN  Aborted test due to SKIPPED outcome
18:28:33 INFO  
18:28:33 INFO  Test duration: 0.02 secs
18:28:33 INFO  Test final outcome:  SKIPPED
18:28:33 INFO  Test outcome reason: Testing the apt plugin is not supported on this platform.To run the tests call PySys with -XmyPlatform='container'
18:28:33 INFO  
</system-out>
	</testcase>
<testcase classname="AptPluginRemoveWithVersion" name="apt_sequence_remove_with_version" />
</testsuite><testsuite name="apt_sequence_remove_with_version_fail" tests="2" errors="0" failures="0" skipped="1" time="0"><testcase classname="AptPluginRemoveWithVersionFails" name="apt_sequence_remove_with_version_fail">
		<skipped message="SKIPPED: Testing the apt plugin is not supported on this platform.To run the tests call PySys with -XmyPlatform='container'" />
		<system-out>18:28:34 INFO  ==============================================================
18:28:34 INFO  Id:    apt_sequence_remove_with_version_fail
18:28:34 INFO  Dir:   plugin_apt/
18:28:34 INFO  Title: Validate apt plugin remove with version fails when the version not found
18:28:34 INFO  ==============================================================
18:28:34 INFO  Testing the apt plugin is not supported on this platform.To run the tests call PySys with -XmyPlatform='container' ... skipped
18:28:34 WARN  Aborted test due to SKIPPED outcome
18:28:34 INFO  
18:28:34 INFO  Test duration: 0.02 secs
18:28:34 INFO  Test final outcome:  SKIPPED
18:28:34 INFO  Test outcome reason: Testing the apt plugin is not supported on this platform.To run the tests call PySys with -XmyPlatform='container'
18:28:34 INFO  
</system-out>
	</testcase>
<testcase classname="AptPluginRemoveWithVersionFails" name="apt_sequence_remove_with_version_fail" />
</testsuite><testsuite name="apt_update_list" tests="2" errors="0" failures="0" skipped="1" time="0"><testcase classname="AptPluginUpdateList" name="apt_update_list">
		<skipped message="SKIPPED: Testing the apt plugin is not supported on this platform.To run the tests call PySys with -XmyPlatform='container'" />
		<system-out>18:28:34 INFO  ==============================================================
18:28:34 INFO  Id:    apt_update_list
18:28:34 INFO  Dir:   plugin_apt/
18:28:34 INFO  Title: Validate apt plugin update-list command use case
18:28:34 INFO  ==============================================================
18:28:34 INFO  Testing the apt plugin is not supported on this platform.To run the tests call PySys with -XmyPlatform='container' ... skipped
18:28:34 WARN  Aborted test due to SKIPPED outcome
18:28:34 INFO  
18:28:34 INFO  Test duration: 0.02 secs
18:28:34 INFO  Test final outcome:  SKIPPED
18:28:34 INFO  Test outcome reason: Testing the apt plugin is not supported on this platform.To run the tests call PySys with -XmyPlatform='container'
18:28:34 INFO  
</system-out>
	</testcase>
<testcase classname="AptPluginUpdateList" name="apt_update_list" />
</testsuite><testsuite name="apt_wrong_option" tests="2" errors="0" failures="0" skipped="1" time="0"><testcase classname="AptPluginWrongOption" name="apt_wrong_option">
		<skipped message="SKIPPED: Testing the apt plugin is not supported on this platform.To run the tests call PySys with -XmyPlatform='container'" />
		<system-out>18:28:34 INFO  ==============================================================
18:28:34 INFO  Id:    apt_wrong_option
18:28:34 INFO  Dir:   plugin_apt/
18:28:34 INFO  Title: Validate apt plugin install
18:28:34 INFO  ==============================================================
18:28:34 INFO  Testing the apt plugin is not supported on this platform.To run the tests call PySys with -XmyPlatform='container' ... skipped
18:28:34 WARN  Aborted test due to SKIPPED outcome
18:28:34 INFO  
18:28:34 INFO  Test duration: 0.02 secs
18:28:34 INFO  Test final outcome:  SKIPPED
18:28:34 INFO  Test outcome reason: Testing the apt plugin is not supported on this platform.To run the tests call PySys with -XmyPlatform='container'
18:28:34 INFO  
</system-out>
	</testcase>
<testcase classname="AptPluginWrongOption" name="apt_wrong_option" />
</testsuite><testsuite name="c8y_jwt_token_retrieval" tests="1" errors="0" failures="0" skipped="0" time="0"><testcase classname="ValidateJWTTokenRetrieval" name="c8y_jwt_token_retrieval" />
</testsuite><testsuite name="c8y_restart_bridge" tests="1" errors="0" failures="0" skipped="0" time="0"><testcase classname="RestartBridge" name="c8y_restart_bridge" />
</testsuite><testsuite name="call_tedge_-V" tests="1" errors="0" failures="0" skipped="0" time="0"><testcase classname="PySysTest" name="call_tedge_-V" />
</testsuite><testsuite name="call_tedge_-h" tests="1" errors="0" failures="0" skipped="0" time="0"><testcase classname="PySysTest" name="call_tedge_-h" />
</testsuite><testsuite name="call_tedge_-h_-V" tests="1" errors="0" failures="1" skipped="0" time="0"><testcase classname="PySysTest" name="call_tedge_-h_-V">
		<failure message="FAILED: Grep on tedge.out contains &quot;tedge 0.6&quot;" type="FAILED" />
		<system-out>18:38:13 INFO  ==============================================================
18:38:13 INFO  Id:    call_tedge_-h_-V
18:38:13 INFO  Dir:   tedge/
18:38:13 INFO  Title: Validate command line option -h -V
18:38:13 INFO  ==============================================================
18:38:13 INFO  Executed tedge, exit status 0
18:38:13 WARN  Grep on tedge.out contains "tedge 0.6" ... failed [run.py:32]
18:38:13 INFO  Grep on file tedge.out ... passed
18:38:13 INFO  
18:38:13 INFO  Test duration: 0.74 secs
18:38:13 INFO  Test final outcome:  FAILED
18:38:13 INFO  Test outcome reason: Grep on tedge.out contains "tedge 0.6"
18:38:13 INFO  
</system-out>
	</testcase>
</testsuite><testsuite name="call_tedge_config_help" tests="1" errors="0" failures="0" skipped="0" time="0"><testcase classname="PySysTest" name="call_tedge_config_help" />
</testsuite><testsuite name="call_tedge_config_list" tests="1" errors="0" failures="0" skipped="0" time="0"><testcase classname="PySysTest" name="call_tedge_config_list" />
</testsuite><testsuite name="custom_init_system" tests="1" errors="0" failures="0" skipped="0" time="0"><testcase classname="CustomInitSystem" name="custom_init_system" />
</testsuite><testsuite name="docker_plugin_finalize" tests="2" errors="0" failures="0" skipped="1" time="0"><testcase classname="DockerPluginFinalizeTest" name="docker_plugin_finalize">
		<skipped message="SKIPPED: Testing the docker plugin is not supported on this platform.To run it, all the test with -XmyPlatform='container'" />
		<system-out>18:28:34 INFO  ==============================================================
18:28:34 INFO  Id:    docker_plugin_finalize
18:28:34 INFO  Dir:   plugin_docker/
18:28:34 INFO  Title: Validate docker plugin finalize command
18:28:34 INFO  ==============================================================
18:28:34 INFO  Testing the docker plugin is not supported on this platform.To run it, all the test with -XmyPlatform='container' ... skipped
18:28:34 WARN  Aborted test due to SKIPPED outcome
18:28:34 INFO  
18:28:34 INFO  Test duration: 0.05 secs
18:28:34 INFO  Test final outcome:  SKIPPED
18:28:34 INFO  Test outcome reason: Testing the docker plugin is not supported on this platform.To run it, all the test with -XmyPlatform='container'
18:28:34 INFO  
</system-out>
	</testcase>
<testcase classname="DockerPluginFinalizeTest" name="docker_plugin_finalize" />
</testsuite><testsuite name="docker_plugin_install" tests="2" errors="0" failures="0" skipped="1" time="0"><testcase classname="DockerPluginInstallTest" name="docker_plugin_install">
		<skipped message="SKIPPED: Testing the docker plugin is not supported on this platform.To run it, all the test with -XmyPlatform='container'" />
		<system-out>18:28:34 INFO  ==============================================================
18:28:34 INFO  Id:    docker_plugin_install
18:28:34 INFO  Dir:   plugin_docker/
18:28:34 INFO  Title: Validate docker plugin install
18:28:34 INFO  ==============================================================
18:28:34 INFO  Testing the docker plugin is not supported on this platform.To run it, all the test with -XmyPlatform='container' ... skipped
18:28:34 WARN  Aborted test due to SKIPPED outcome
18:28:34 INFO  
18:28:34 INFO  Test duration: 0.02 secs
18:28:34 INFO  Test final outcome:  SKIPPED
18:28:34 INFO  Test outcome reason: Testing the docker plugin is not supported on this platform.To run it, all the test with -XmyPlatform='container'
18:28:34 INFO  
</system-out>
	</testcase>
<testcase classname="DockerPluginInstallTest" name="docker_plugin_install" />
</testsuite><testsuite name="docker_plugin_install_with_version" tests="2" errors="0" failures="0" skipped="1" time="0"><testcase classname="DockerPluginInstallWithVersionTest" name="docker_plugin_install_with_version">
		<skipped message="SKIPPED: Testing the docker plugin is not supported on this platform.To run it, all the test with -XmyPlatform='container'" />
		<system-out>18:28:34 INFO  ==============================================================
18:28:34 INFO  Id:    docker_plugin_install_with_version
18:28:34 INFO  Dir:   plugin_docker/
18:28:34 INFO  Title: Validate docker plugin install
18:28:34 INFO  ==============================================================
18:28:34 INFO  Testing the docker plugin is not supported on this platform.To run it, all the test with -XmyPlatform='container' ... skipped
18:28:34 WARN  Aborted test due to SKIPPED outcome
18:28:34 INFO  
18:28:34 INFO  Test duration: 0.02 secs
18:28:34 INFO  Test final outcome:  SKIPPED
18:28:34 INFO  Test outcome reason: Testing the docker plugin is not supported on this platform.To run it, all the test with -XmyPlatform='container'
18:28:34 INFO  
</system-out>
	</testcase>
<testcase classname="DockerPluginInstallWithVersionTest" name="docker_plugin_install_with_version" />
</testsuite><testsuite name="docker_plugin_remove" tests="2" errors="0" failures="0" skipped="1" time="0"><testcase classname="DockerPluginRemoveTest" name="docker_plugin_remove">
		<skipped message="SKIPPED: Testing the docker plugin is not supported on this platform.To run it, all the test with -XmyPlatform='container'" />
		<system-out>18:28:34 INFO  ==============================================================
18:28:34 INFO  Id:    docker_plugin_remove
18:28:34 INFO  Dir:   plugin_docker/
18:28:34 INFO  Title: Validate docker plugin remove
18:28:34 INFO  ==============================================================
18:28:34 INFO  Testing the docker plugin is not supported on this platform.To run it, all the test with -XmyPlatform='container' ... skipped
18:28:34 WARN  Aborted test due to SKIPPED outcome
18:28:34 INFO  
18:28:34 INFO  Test duration: 0.02 secs
18:28:34 INFO  Test final outcome:  SKIPPED
18:28:34 INFO  Test outcome reason: Testing the docker plugin is not supported on this platform.To run it, all the test with -XmyPlatform='container'
18:28:34 INFO  
</system-out>
	</testcase>
<testcase classname="DockerPluginRemoveTest" name="docker_plugin_remove" />
</testsuite><testsuite name="docker_plugin_remove_with_version" tests="2" errors="0" failures="0" skipped="1" time="0"><testcase classname="DockerPluginRemoveWithVersionTest" name="docker_plugin_remove_with_version">
		<skipped message="SKIPPED: Testing the docker plugin is not supported on this platform.To run it, all the test with -XmyPlatform='container'" />
		<system-out>18:28:34 INFO  ==============================================================
18:28:34 INFO  Id:    docker_plugin_remove_with_version
18:28:34 INFO  Dir:   plugin_docker/
18:28:34 INFO  Title: Validate docker plugin remove with version
18:28:34 INFO  ==============================================================
18:28:34 INFO  Testing the docker plugin is not supported on this platform.To run it, all the test with -XmyPlatform='container' ... skipped
18:28:34 WARN  Aborted test due to SKIPPED outcome
18:28:34 INFO  
18:28:34 INFO  Test duration: 0.02 secs
18:28:34 INFO  Test final outcome:  SKIPPED
18:28:34 INFO  Test outcome reason: Testing the docker plugin is not supported on this platform.To run it, all the test with -XmyPlatform='container'
18:28:34 INFO  
</system-out>
	</testcase>
<testcase classname="DockerPluginRemoveWithVersionTest" name="docker_plugin_remove_with_version" />
</testsuite><testsuite name="docker_plugin_update" tests="2" errors="0" failures="0" skipped="1" time="0"><testcase classname="DockerPluginUpdateTest" name="docker_plugin_update">
		<skipped message="SKIPPED: Testing the docker plugin is not supported on this platform.To run it, all the test with -XmyPlatform='container'" />
		<system-out>18:28:34 INFO  ==============================================================
18:28:34 INFO  Id:    docker_plugin_update
18:28:34 INFO  Dir:   plugin_docker/
18:28:34 INFO  Title: Validate docker plugin install updates existing containers
18:28:34 INFO  ==============================================================
18:28:34 INFO  Testing the docker plugin is not supported on this platform.To run it, all the test with -XmyPlatform='container' ... skipped
18:28:34 WARN  Aborted test due to SKIPPED outcome
18:28:34 INFO  
18:28:34 INFO  Test duration: 0.02 secs
18:28:34 INFO  Test final outcome:  SKIPPED
18:28:34 INFO  Test outcome reason: Testing the docker plugin is not supported on this platform.To run it, all the test with -XmyPlatform='container'
18:28:34 INFO  
</system-out>
	</testcase>
<testcase classname="DockerPluginUpdateTest" name="docker_plugin_update" />
</testsuite><testsuite name="invalid_device_id" tests="1" errors="0" failures="0" skipped="0" time="0"><testcase classname="InvalidDeviceId" name="invalid_device_id" />
</testsuite><testsuite name="local_mqtt_pub_sub" tests="1" errors="0" failures="0" skipped="0" time="0"><testcase classname="PySysTest" name="local_mqtt_pub_sub" />
</testsuite><testsuite name="local_mqtt_pub_sub_retain" tests="1" errors="0" failures="1" skipped="0" time="0"><testcase classname="MqttPublishWithRetain" name="local_mqtt_pub_sub_retain">
		<failure message="FAILED: Grep on temp_sensor_sub.out contains &quot;\[test/alarms/temp_sensor\] alarm msg 2&quot; (+1 other failures)" type="FAILED" />
		<system-out>18:26:02 INFO  ==============================================================
18:26:02 INFO  Id:    local_mqtt_pub_sub_retain
18:26:02 INFO  Dir:   local_mqtt/
18:26:02 INFO  Title: Validate local publishing with retain flag
18:26:02 INFO  ==============================================================
18:26:02 INFO  Executed tedge&lt;pub_to_set_alarm&gt;, exit status 0
18:26:02 INFO  Executed tedge&lt;pub_to_set_alarm&gt;, exit status 0
18:26:03 INFO  Started tedge&lt;temp_sensor_sub&gt; with process id 11247
18:26:04 INFO  Executed tedge&lt;pub_to_clear_alarm&gt;, exit status 0
18:26:05 INFO  Executed sudo&lt;kill_out&gt;, exit status 0
18:26:06 INFO  Executed tedge&lt;pub_to_clear_alarm&gt;, exit status 0
18:26:06 INFO  Started tedge&lt;temp_sensor_empty_message&gt; with process id 11252
18:26:08 INFO  Executed sudo&lt;kill_out&gt;, exit status 0
18:26:08 WARN  Grep on temp_sensor_sub.out contains "\[test/alarms/temp_sensor\] alarm msg 2" ... failed [run.py:139]
18:26:08 WARN  Grep on temp_sensor_sub.out contains "\[test/alarms/temp_sensor\] " ... failed [run.py:142]
18:26:08 INFO  Grep on file temp_sensor_empty_message.out ... passed
18:26:08 INFO  
18:26:08 INFO  Test duration: 6.28 secs
18:26:08 INFO  Test final outcome:  FAILED
18:26:08 INFO  Test outcome reason: Grep on temp_sensor_sub.out contains "\[test/alarms/temp_sensor\] alarm msg 2" (+1 other failures)
18:26:08 INFO  
</system-out>
	</testcase>
</testsuite><testsuite name="log_request_error_messages" tests="1" errors="0" failures="1" skipped="0" time="0"><testcase classname="LogRequestVerifySearchTextError" name="log_request_error_messages">
		<failure message="BLOCKED: TypeError: 'NoneType' object is not subscriptable" type="BLOCKED" />
		<system-out>18:26:08 INFO  ==============================================================
18:26:08 INFO  Id:    log_request_error_messages
18:26:08 INFO  Dir:   log_request_end_to_end/
18:26:08 INFO  Title: Validate end to end behaviour for the log request operation check for error messages
18:26:08 INFO  ==============================================================
18:26:09 INFO  EnvironmentC8y Setup
18:26:10 INFO  Executed systemctl&lt;serv_mapper1&gt;, exit status 3
18:26:24 INFO  Executed sudo&lt;tedge_connect_c8y&gt;, exit status 0, duration 13 secs
18:26:24 INFO  Executed sudo&lt;tedge_connect_c8y_test&gt;, exit status 0
18:26:25 INFO  Executed systemctl&lt;serv_mosq2&gt;, exit status 0
18:26:25 INFO  Executed systemctl&lt;serv_mapper3&gt;, exit status 0
18:26:26 INFO  Executed sudo&lt;rm_logs&gt;, exit status 0
18:26:26 INFO  Executed sudo&lt;move_logs&gt;, exit status 0
18:26:27 INFO  Executed sudo&lt;log_file_daemon&gt;, exit status 0
18:26:28 WARN  TypeError occurred while running test - 'NoneType' object is not subscriptable
Traceback (most recent call last):
  File "/home/pi/env-pysys/lib/python3.7/site-packages/pysys/baserunner.py", line 1294, in __call__
    self.testObj.execute()
  File "/home/pi/actions-runner/_work/thin-edge.io/thin-edge.io/tests/PySys/log_request_end_to_end/log_request_error_messages/run.py", line 47, in execute
    log_file_request_payload, self.project.deviceid
  File "/home/pi/actions-runner/_work/thin-edge.io/thin-edge.io/tests/PySys/environments/cumulocity.py", line 101, in trigger_log_request
    "deviceId": self.device_fragment["id"],
TypeError: 'NoneType' object is not subscriptable
18:26:28 WARN  TypeError: 'NoneType' object is not subscriptable ... blocked 
18:26:28 INFO  
18:26:28 INFO  cleanup:
18:26:28 INFO  Executed sudo&lt;rm_logs&gt;, exit status 0
18:26:29 INFO  Executed sudo&lt;rm_tmp_logs&gt;, exit status 0
18:26:29 INFO  Executed sudo&lt;send_failed&gt;, exit status 0
18:26:30 INFO  Executed sudo&lt;log_file_daemon&gt;, exit status 0
18:26:34 INFO  Executed sudo&lt;tedge_disconnect_c8y&gt;, exit status 0
18:26:34 INFO  Executed systemctl&lt;serv_mapper5&gt;, exit status 3
18:26:34 INFO  
18:26:34 INFO  Test duration: 26.33 secs
18:26:34 INFO  Test final outcome:  BLOCKED
18:26:34 INFO  Test outcome reason: TypeError: 'NoneType' object is not subscriptable
18:26:34 INFO  
</system-out>
	</testcase>
</testsuite><testsuite name="log_request_num_lines" tests="1" errors="0" failures="1" skipped="0" time="0"><testcase classname="LogRequestVerifyNumberOfLines" name="log_request_num_lines">
		<failure message="BLOCKED: TypeError: 'NoneType' object is not subscriptable" type="BLOCKED" />
		<system-out>18:26:34 INFO  ==============================================================
18:26:34 INFO  Id:    log_request_num_lines
18:26:34 INFO  Dir:   log_request_end_to_end/
18:26:34 INFO  Title: Validate end to end behaviour for the log request operation check for number of lines
18:26:34 INFO  ==============================================================
18:26:34 INFO  EnvironmentC8y Setup
18:26:35 INFO  Executed systemctl&lt;serv_mapper1&gt;, exit status 3
18:26:35 INFO  Restarting mosquitto too frequently in the last 10 seconds. It was only up for 5 seconds
18:26:35 INFO  Delaying execution by 6 seconds
18:26:56 INFO  Executed sudo&lt;tedge_connect_c8y&gt;, exit status 0, duration 14 secs
18:26:56 INFO  Executed sudo&lt;tedge_connect_c8y_test&gt;, exit status 0
18:26:57 INFO  Executed systemctl&lt;serv_mosq2&gt;, exit status 0
18:26:57 INFO  Executed systemctl&lt;serv_mapper3&gt;, exit status 0
18:26:58 INFO  Executed sudo&lt;rm_logs&gt;, exit status 0
18:26:59 INFO  Executed sudo&lt;move_logs&gt;, exit status 0
18:26:59 INFO  Executed sudo&lt;log_file_daemon&gt;, exit status 0
18:27:00 WARN  TypeError occurred while running test - 'NoneType' object is not subscriptable
Traceback (most recent call last):
  File "/home/pi/env-pysys/lib/python3.7/site-packages/pysys/baserunner.py", line 1294, in __call__
    self.testObj.execute()
  File "/home/pi/actions-runner/_work/thin-edge.io/thin-edge.io/tests/PySys/log_request_end_to_end/log_request_num_lines/run.py", line 46, in execute
    log_file_request_payload, self.project.deviceid
  File "/home/pi/actions-runner/_work/thin-edge.io/thin-edge.io/tests/PySys/environments/cumulocity.py", line 101, in trigger_log_request
    "deviceId": self.device_fragment["id"],
TypeError: 'NoneType' object is not subscriptable
18:27:00 WARN  TypeError: 'NoneType' object is not subscriptable ... blocked 
18:27:00 INFO  
18:27:00 INFO  cleanup:
18:27:00 INFO  Executed sudo&lt;rm_logs&gt;, exit status 0
18:27:01 INFO  Executed sudo&lt;rm_tmp_logs&gt;, exit status 0
18:27:01 INFO  Executed sudo&lt;send_failed&gt;, exit status 0
18:27:02 INFO  Executed sudo&lt;log_file_daemon&gt;, exit status 0
18:27:06 INFO  Executed sudo&lt;tedge_disconnect_c8y&gt;, exit status 0
18:27:07 INFO  Executed systemctl&lt;serv_mapper5&gt;, exit status 3
18:27:07 INFO  
18:27:07 INFO  Test duration: 32.48 secs
18:27:07 INFO  Test final outcome:  BLOCKED
18:27:07 INFO  Test outcome reason: TypeError: 'NoneType' object is not subscriptable
18:27:07 INFO  
</system-out>
	</testcase>
</testsuite><testsuite name="mapper_awaits_before_reconnect" tests="1" errors="0" failures="1" skipped="0" time="0"><testcase classname="MapperReconnectAwait" name="mapper_awaits_before_reconnect">
		<failure message="FAILED: Line count on tedge_mapper_journal.out for &quot;tedge_mapper::core::mapper: MQTT connection error:&quot; expected &gt;=2 but got 0" type="FAILED" />
		<system-out>18:41:19 INFO  ==============================================================
18:41:19 INFO  Id:    mapper_awaits_before_reconnect
18:41:19 INFO  Dir:   tedge_mapper_c8y/
18:41:19 INFO  Title: Validate mapper doesn't reconnect too often
18:41:19 INFO  ==============================================================
18:41:19 INFO  Started mosquitto_sub with process id 15755
18:41:19 INFO  Waiting for 0.1 seconds
18:41:19 INFO  Executed sudo&lt;tedge_mapper&gt;, exit status 0
18:41:19 INFO  Waiting for 5.0 seconds
18:41:25 INFO  Executed sudo&lt;tedge_mapper&gt;, exit status 0
18:41:27 INFO  Executed sudo&lt;tedge_mapper_journal&gt;, exit status 0
18:41:27 WARN  Grep on tedge_mapper_journal.out contains "ERROR" ... failed [run.py:67]
18:41:27 INFO  Line count on file tedge_mapper_journal.out ... passed
18:41:27 WARN  Line count on tedge_mapper_journal.out for "tedge_mapper::core::mapper: MQTT connection error:" expected &gt;=2 but got 0 ... failed [run.py:78]
18:41:27 WARN  Aborted test due to FAILED outcome
18:41:27 INFO  
18:41:27 INFO  Test duration: 8.86 secs
18:41:27 INFO  Test final outcome:  FAILED
18:41:27 INFO  Test outcome reason: Line count on tedge_mapper_journal.out for "tedge_mapper::core::mapper: MQTT connection error:" expected &gt;=2 but got 0
18:41:27 INFO  
</system-out>
	</testcase>
</testsuite><testsuite name="monitoring_smaller_interval" tests="1" errors="0" failures="1" skipped="0" time="0"><testcase classname="MonitoringSmallInterval" name="monitoring_smaller_interval">
		<failure message="BLOCKED: TypeError: 'int' object is not subscriptable" type="BLOCKED" />
		<system-out>18:28:10 INFO  ==============================================================
18:28:10 INFO  Id:    monitoring_smaller_interval
18:28:10 INFO  Dir:   monitoring/
18:28:10 INFO  Title: Validate the tedge dm agent messages that are produced with smaller sampling interval than the batching window. Here the simulated collectd messages are used
18:28:10 INFO  ==============================================================
18:28:10 INFO  Executed sudo&lt;collectd&gt;, exit status 0
18:28:11 INFO  Executed sudo&lt;collectd_mapper&gt;, exit status 0
18:28:11 INFO  Started sudo&lt;tedge_sub&gt; with process id 11894
18:28:12 INFO  Executed sudo&lt;tedge_temp&gt;, exit status 0
18:28:12 INFO  Executed sudo&lt;tedge_pres&gt;, exit status 0
18:28:13 INFO  Executed sudo&lt;tedge_temp&gt;, exit status 0
18:28:13 INFO  Executed sudo&lt;tedge_pres&gt;, exit status 0
18:28:14 INFO  Executed sudo&lt;tedge_temp&gt;, exit status 0
18:28:14 INFO  Executed sudo&lt;tedge_pres&gt;, exit status 0
18:28:15 INFO  Executed sudo&lt;tedge_temp&gt;, exit status 0
18:28:16 INFO  Executed sudo&lt;tedge_pres&gt;, exit status 0
18:28:16 INFO  Executed sudo&lt;tedge_temp&gt;, exit status 0
18:28:17 INFO  Executed sudo&lt;tedge_pres&gt;, exit status 0
18:28:17 INFO  Executed sudo&lt;tedge_temp&gt;, exit status 0
18:28:18 INFO  Executed sudo&lt;tedge_pres&gt;, exit status 0
18:28:18 INFO  Executed sudo&lt;tedge_temp&gt;, exit status 0
18:28:19 INFO  Executed sudo&lt;tedge_pres&gt;, exit status 0
18:28:20 INFO  Executed sudo&lt;tedge_temp&gt;, exit status 0
18:28:20 INFO  Executed sudo&lt;tedge_pres&gt;, exit status 0
18:28:21 INFO  Executed sudo&lt;tedge_temp&gt;, exit status 0
18:28:21 INFO  Executed sudo&lt;tedge_pres&gt;, exit status 0
18:28:22 INFO  Executed sudo&lt;tedge_temp&gt;, exit status 0
18:28:22 INFO  Executed sudo&lt;tedge_pres&gt;, exit status 0
18:28:24 INFO  Executed sudo&lt;kill_out&gt;, exit status 0
18:28:24 INFO  0

18:28:24 WARN  TypeError occurred while running test - 'int' object is not subscriptable
Traceback (most recent call last):
  File "/home/pi/env-pysys/lib/python3.7/site-packages/pysys/baserunner.py", line 1296, in __call__
    self.testObj.validate()
  File "/home/pi/actions-runner/_work/thin-edge.io/thin-edge.io/tests/PySys/monitoring/monitoring_smaller_interval/run.py", line 104, in validate
    collectd_msg_validation_result=self.validate_json(),
  File "/home/pi/actions-runner/_work/thin-edge.io/thin-edge.io/tests/PySys/monitoring/monitoring_smaller_interval/run.py", line 114, in validate_json
    if not self.validate_time():
  File "/home/pi/actions-runner/_work/thin-edge.io/thin-edge.io/tests/PySys/monitoring/monitoring_smaller_interval/run.py", line 134, in validate_time
    if self.js_msg["time"]:
TypeError: 'int' object is not subscriptable
18:28:24 WARN  TypeError: 'int' object is not subscriptable ... blocked 
18:28:24 INFO  
18:28:24 INFO  cleanup:
18:28:24 INFO  monitoring_cleanup
18:28:25 INFO  Executed sudo&lt;collectd_mapper&gt;, exit status 0
18:28:25 INFO  
18:28:25 INFO  Test duration: 14.90 secs
18:28:25 INFO  Test final outcome:  BLOCKED
18:28:25 INFO  Test outcome reason: TypeError: 'int' object is not subscriptable
18:28:25 INFO  
</system-out>
	</testcase>
</testsuite><testsuite name="monitoring_with_collectd" tests="1" errors="0" failures="0" skipped="1" time="0"><testcase classname="MonitoringWithCollectd" name="monitoring_with_collectd">
		<skipped message="SKIPPED: Test execution disabled due to #792 (instable)" />
		<system-out>18:28:25 INFO  ==============================================================
18:28:25 INFO  Id:    monitoring_with_collectd
18:28:25 INFO  Dir:   monitoring/
18:28:25 INFO  Title: Validate tedge dm agent messages that are produced by batching the collectd messages
18:28:25 INFO  ==============================================================
18:28:25 INFO  Test execution disabled due to #792 (instable) ... skipped
18:28:25 INFO  
18:28:25 INFO  Test duration: 0.02 secs
18:28:25 INFO  Test final outcome:  SKIPPED
18:28:25 INFO  Test outcome reason: Test execution disabled due to #792 (instable)
18:28:25 INFO  
</system-out>
	</testcase>
</testsuite><testsuite name="monitoring_with_simulated_messages" tests="1" errors="0" failures="1" skipped="0" time="0"><testcase classname="MonitoringWithSimulatedMessages" name="monitoring_with_simulated_messages">
		<failure message="BLOCKED: TypeError: 'int' object is not subscriptable" type="BLOCKED" />
		<system-out>18:28:25 INFO  ==============================================================
18:28:25 INFO  Id:    monitoring_with_simulated_messages
18:28:25 INFO  Dir:   monitoring/
18:28:25 INFO  Title: Validate the tedge dm agent messages that are produced from the simulated collectd messages
18:28:25 INFO  ==============================================================
18:28:25 INFO  Executed sudo&lt;collectd&gt;, exit status 0
18:28:26 INFO  Executed sudo&lt;collectd_mapper&gt;, exit status 0
18:28:26 INFO  Started sudo&lt;tedge_sub&gt; with process id 11966
18:28:26 INFO  Executed sudo&lt;tedge_temp&gt;, exit status 0
18:28:27 INFO  Executed sudo&lt;tedge_pres&gt;, exit status 0
18:28:29 INFO  Executed sudo&lt;kill_out&gt;, exit status 0
18:28:29 INFO  0

18:28:29 WARN  TypeError occurred while running test - 'int' object is not subscriptable
Traceback (most recent call last):
  File "/home/pi/env-pysys/lib/python3.7/site-packages/pysys/baserunner.py", line 1296, in __call__
    self.testObj.validate()
  File "/home/pi/actions-runner/_work/thin-edge.io/thin-edge.io/tests/PySys/monitoring/monitoring_with_simulated_messages/run.py", line 98, in validate
    collectd_msg_validation_result=self.validate_json(),
  File "/home/pi/actions-runner/_work/thin-edge.io/thin-edge.io/tests/PySys/monitoring/monitoring_with_simulated_messages/run.py", line 108, in validate_json
    if not self.validate_time():
  File "/home/pi/actions-runner/_work/thin-edge.io/thin-edge.io/tests/PySys/monitoring/monitoring_with_simulated_messages/run.py", line 127, in validate_time
    if self.js_msg["time"]:
TypeError: 'int' object is not subscriptable
18:28:29 WARN  TypeError: 'int' object is not subscriptable ... blocked 
18:28:29 INFO  
18:28:29 INFO  cleanup:
18:28:29 INFO  monitoring_cleanup
18:28:29 INFO  Executed sudo&lt;collectd_mapper&gt;, exit status 0
18:28:29 INFO  
18:28:29 INFO  Test duration: 4.50 secs
18:28:29 INFO  Test final outcome:  BLOCKED
18:28:29 INFO  Test outcome reason: TypeError: 'int' object is not subscriptable
18:28:29 INFO  
</system-out>
	</testcase>
</testsuite><testsuite name="mqtt_port_change_connection_fails" tests="1" errors="0" failures="0" skipped="0" time="0"><testcase classname="MqttPortChangeConnectionFails" name="mqtt_port_change_connection_fails" />
</testsuite><testsuite name="mqtt_port_change_connection_works" tests="1" errors="0" failures="0" skipped="1" time="0"><testcase classname="MqttPortChangeConnectionWorks" name="mqtt_port_change_connection_works">
		<skipped message="SKIPPED: failing intermitently" />
		<system-out>18:27:43 INFO  ==============================================================
18:27:43 INFO  Id:    mqtt_port_change_connection_works
18:27:43 INFO  Dir:   misc_features/
18:27:43 INFO  Title: mqtt port change connection works for all the thin-edge services that use the mosquitto broker
18:27:43 INFO  ==============================================================
18:27:43 INFO  failing intermitently ... skipped
18:27:43 INFO  
18:27:43 INFO  Test duration: 0.02 secs
18:27:43 INFO  Test final outcome:  SKIPPED
18:27:43 INFO  Test outcome reason: failing intermitently
18:27:43 INFO  
</system-out>
	</testcase>
</testsuite><testsuite name="publish_flux" tests="1" errors="0" failures="0" skipped="0" time="0"><testcase classname="PublishFlux" name="publish_flux" />
</testsuite><testsuite name="publish_sawmill" tests="1" errors="0" failures="0" skipped="0" time="0"><testcase classname="PublishSawmill" name="publish_sawmill" />
</testsuite><testsuite name="runtime_start_two_mappers" tests="1" errors="0" failures="0" skipped="0" time="0"><testcase classname="RuntimeMultiMappers" name="runtime_start_two_mappers" />
</testsuite><testsuite name="sm_tedge_mapper_init_session" tests="1" errors="0" failures="0" skipped="0" time="0"><testcase classname="TedgeSMMapperInitSession" name="sm_tedge_mapper_init_session" />
</testsuite><testsuite name="smoketest_json" tests="1" errors="0" failures="0" skipped="0" time="0"><testcase classname="SmokeTestJson" name="smoketest_json" />
</testsuite><testsuite name="smoketest_json_400_samples_10ms" tests="1" errors="0" failures="0" skipped="0" time="0"><testcase classname="SmoketestJson400Samples10ms" name="smoketest_json_400_samples_10ms" />
</testsuite><testsuite name="smoketest_json_400_samples_20ms" tests="1" errors="0" failures="0" skipped="0" time="0"><testcase classname="SmoketestJson400Samples20ms" name="smoketest_json_400_samples_20ms" />
</testsuite><testsuite name="smoketest_smartrest" tests="1" errors="0" failures="0" skipped="0" time="0"><testcase classname="SmoketestSmartRest" name="smoketest_smartrest" />
</testsuite><testsuite name="smoketest_smartrest_400_samples_1Xms" tests="1" errors="0" failures="0" skipped="0" time="0"><testcase classname="SmoketestSmartRest400Samples1Xms" name="smoketest_smartrest_400_samples_1Xms" />
</testsuite><testsuite name="smoketest_smartrest_400_samples_20ms" tests="1" errors="0" failures="0" skipped="0" time="0"><testcase classname="SmoketestSmartRest400Samples20ms" name="smoketest_smartrest_400_samples_20ms" />
</testsuite><testsuite name="tedge_agent_user_sudo_access" tests="1" errors="0" failures="0" skipped="1" time="0"><testcase classname="TedgeAgentUserSudoAccess" name="tedge_agent_user_sudo_access">
		<skipped message="SKIPPED: #955 Observation: Exit code of the apt plugin when called with no arguments" />
		<system-out>18:38:39 INFO  ==============================================================
18:38:39 INFO  Id:    tedge_agent_user_sudo_access
18:38:39 INFO  Dir:   tedge/
18:38:39 INFO  Title: Validate tedge-agent user has a limited sudo right
18:38:39 INFO  ==============================================================
18:38:39 INFO  #955 Observation: Exit code of the apt plugin when called with no arguments ... skipped
18:38:39 INFO  
18:38:39 INFO  Test duration: 0.02 secs
18:38:39 INFO  Test final outcome:  SKIPPED
18:38:39 INFO  Test outcome reason: #955 Observation: Exit code of the apt plugin when called with no arguments
18:38:39 INFO  
</system-out>
	</testcase>
</testsuite><testsuite name="tedge_connect_test_negative" tests="1" errors="0" failures="0" skipped="0" time="0"><testcase classname="TedgeConnectTestNegative" name="tedge_connect_test_negative" />
</testsuite><testsuite name="tedge_connect_test_positive" tests="1" errors="0" failures="0" skipped="0" time="0"><testcase classname="TedgeConnectTestPositive" name="tedge_connect_test_positive" />
</testsuite><testsuite name="tedge_connect_test_sm_services" tests="1" errors="0" failures="0" skipped="0" time="0"><testcase classname="TedgeConnectTestSMServices" name="tedge_connect_test_sm_services" />
</testsuite><testsuite name="tedge_disconnect_test_sm_services" tests="1" errors="0" failures="0" skipped="0" time="0"><testcase classname="TedgeDisConnectTestSMServices" name="tedge_disconnect_test_sm_services" />
</testsuite><testsuite name="tedge_mapper_az_negative" tests="1" errors="0" failures="0" skipped="0" time="0"><testcase classname="TedgeMapperAzError" name="tedge_mapper_az_negative" />
</testsuite><testsuite name="tedge_mapper_az_with_timestamp" tests="1" errors="0" failures="0" skipped="0" time="0"><testcase classname="TedgeMapperAzWithTimestamp" name="tedge_mapper_az_with_timestamp" />
</testsuite><testsuite name="tedge_mapper_az_without_timestamp" tests="1" errors="0" failures="0" skipped="0" time="0"><testcase classname="TedgeMapperAzWithoutTimestamp" name="tedge_mapper_az_without_timestamp" />
</testsuite><testsuite name="tedge_mapper_c8y_alarms" tests="1" errors="0" failures="0" skipped="0" time="0"><testcase classname="TedgeMapperC8yAlarm" name="tedge_mapper_c8y_alarms" />
</testsuite><testsuite name="tedge_mapper_c8y_child_device_measurement" tests="1" errors="0" failures="0" skipped="0" time="0"><testcase classname="TedgeMapperC8yChildDevice" name="tedge_mapper_c8y_child_device_measurement" />
</testsuite><testsuite name="tedge_mapper_c8y_packet_threshold_size" tests="1" errors="0" failures="1" skipped="0" time="0"><testcase classname="TedgeMapperC8yThresholdPacketSize" name="tedge_mapper_c8y_packet_threshold_size">
		<failure message="FAILED: Grep on tedge_sub.out contains &quot;The size of the message received on tedge/measurements is 20489 which is greater than the threshold size of 16184.&quot;" type="FAILED" />
		<system-out>18:43:05 INFO  ==============================================================
18:43:05 INFO  Id:    tedge_mapper_c8y_packet_threshold_size
18:43:05 INFO  Dir:   tedge_mapper_c8y/
18:43:05 INFO  Title: Validate the Cumulocity Mapper accepted threshold packet size when it receives a message on tedge/measurements
18:43:05 INFO  ==============================================================
18:43:05 INFO  Executed sudo&lt;tedge_mapper_c8y&gt;, exit status 0
18:43:05 INFO  Started sudo&lt;tedge_sub&gt; with process id 16353
18:43:06 INFO  Executed sudo&lt;tedge_msg&gt;, exit status 0
18:43:06 INFO  Executed sudo&lt;tedge_pub&gt;, exit status 0
18:43:07 INFO  Executed sudo&lt;kill_out&gt;, exit status 0
18:43:07 WARN  Grep on tedge_sub.out contains "The size of the message received on tedge/measurements is 20489 which is greater than the threshold size of 16184." ... failed [run.py:88]
18:43:07 INFO  
18:43:07 INFO  cleanup:
18:43:07 INFO  mapper_cleanup
18:43:08 INFO  Executed sudo&lt;tedge_mapper_c8y&gt;, exit status 0
18:43:08 INFO  
18:43:08 INFO  Test duration: 2.91 secs
18:43:08 INFO  Test final outcome:  FAILED
18:43:08 INFO  Test outcome reason: Grep on tedge_sub.out contains "The size of the message received on tedge/measurements is 20489 which is greater than the threshold size of 16184."
18:43:08 INFO  
</system-out>
	</testcase>
</testsuite><testsuite name="tedge_software_update" tests="1" errors="0" failures="0" skipped="0" time="0"><testcase classname="PySysTest" name="tedge_software_update" />
</testsuite><testsuite name="valid_device_id" tests="1" errors="0" failures="0" skipped="0" time="0"><testcase classname="ValidateValidDeviceId" name="valid_device_id" />
</testsuite></testsuites>