<?xml version='1.0' encoding='utf-8'?>
<testsuites tests="139" failures="15" errors="0" skipped="45" time="0.0"><testsuite name="SoftwareManagement.Plugin.apama_plugin_install" tests="3" errors="0" failures="0" skipped="1" time="0"><testcase classname="ApamaPluginInstallTest" name="SoftwareManagement.Plugin.apama_plugin_install">
		<skipped message="SKIPPED: Apama plugin tests are disabled by default. Execute `pysys run` with `-XmyPlatform=container` to run these tests" />
		<system-out>13:59:00 INFO  ==============================================================
13:59:00 INFO  Id:    SoftwareManagement.Plugin.apama_plugin_install
13:59:00 INFO  Dir:   plugin_apama/
13:59:00 INFO  Title: Validate apama plugin install
13:59:00 INFO  ==============================================================
13:59:00 INFO  Apama plugin tests are disabled by default. Execute `pysys run` with `-XmyPlatform=container` to run these tests ... skipped
13:59:00 WARN  Aborted test due to SKIPPED outcome
13:59:00 INFO  
13:59:00 INFO  Test duration: 0.05 secs
13:59:00 INFO  Test final outcome:  SKIPPED
13:59:00 INFO  Test outcome reason: Apama plugin tests are disabled by default. Execute `pysys run` with `-XmyPlatform=container` to run these tests
13:59:00 INFO  
</system-out>
	</testcase>
<testcase classname="ApamaPluginInstallTest" name="SoftwareManagement.Plugin.apama_plugin_install" />
<testcase classname="ApamaPluginInstallTest" name="SoftwareManagement.Plugin.apama_plugin_install" />
</testsuite><testsuite name="SoftwareManagement.Plugin.apama_plugin_mon_support" tests="3" errors="0" failures="0" skipped="1" time="0"><testcase classname="ApamaPluginMonSupportTest" name="SoftwareManagement.Plugin.apama_plugin_mon_support">
		<skipped message="SKIPPED: Apama plugin tests are disabled by default. Execute `pysys run` with `-XmyPlatform=container` to run these tests" />
		<system-out>13:59:00 INFO  ==============================================================
13:59:00 INFO  Id:    SoftwareManagement.Plugin.apama_plugin_mon_support
13:59:00 INFO  Dir:   plugin_apama/
13:59:00 INFO  Title: Validate mon file support of apama plugin
13:59:00 INFO  ==============================================================
13:59:00 INFO  Apama plugin tests are disabled by default. Execute `pysys run` with `-XmyPlatform=container` to run these tests ... skipped
13:59:00 WARN  Aborted test due to SKIPPED outcome
13:59:00 INFO  
13:59:00 INFO  Test duration: 0.02 secs
13:59:00 INFO  Test final outcome:  SKIPPED
13:59:00 INFO  Test outcome reason: Apama plugin tests are disabled by default. Execute `pysys run` with `-XmyPlatform=container` to run these tests
13:59:00 INFO  
</system-out>
	</testcase>
<testcase classname="ApamaPluginMonSupportTest" name="SoftwareManagement.Plugin.apama_plugin_mon_support" />
<testcase classname="ApamaPluginMonSupportTest" name="SoftwareManagement.Plugin.apama_plugin_mon_support" />
</testsuite><testsuite name="SoftwareManagement.Plugin.apama_plugin_remove" tests="3" errors="0" failures="0" skipped="1" time="0"><testcase classname="ApamaPluginRemoveTest" name="SoftwareManagement.Plugin.apama_plugin_remove">
		<skipped message="SKIPPED: Apama plugin tests are disabled by default. Execute `pysys run` with `-XmyPlatform=container` to run these tests" />
		<system-out>13:59:00 INFO  ==============================================================
13:59:00 INFO  Id:    SoftwareManagement.Plugin.apama_plugin_remove
13:59:00 INFO  Dir:   plugin_apama/
13:59:00 INFO  Title: Validate apama plugin remove
13:59:00 INFO  ==============================================================
13:59:00 INFO  Apama plugin tests are disabled by default. Execute `pysys run` with `-XmyPlatform=container` to run these tests ... skipped
13:59:00 WARN  Aborted test due to SKIPPED outcome
13:59:00 INFO  
13:59:00 INFO  Test duration: 0.02 secs
13:59:00 INFO  Test final outcome:  SKIPPED
13:59:00 INFO  Test outcome reason: Apama plugin tests are disabled by default. Execute `pysys run` with `-XmyPlatform=container` to run these tests
13:59:00 INFO  
</system-out>
	</testcase>
<testcase classname="ApamaPluginRemoveTest" name="SoftwareManagement.Plugin.apama_plugin_remove" />
<testcase classname="ApamaPluginRemoveTest" name="SoftwareManagement.Plugin.apama_plugin_remove" />
</testsuite><testsuite name="SoftwareManagement.Plugin.apama_plugin_update" tests="3" errors="0" failures="2" skipped="1" time="0"><testcase classname="ApamaPluginUpdateTest" name="SoftwareManagement.Plugin.apama_plugin_update">
		<skipped message="SKIPPED: Apama plugin tests are disabled by default. Execute `pysys run` with `-XmyPlatform=container` to run these tests" />
		<system-out>13:59:00 INFO  ==============================================================
13:59:00 INFO  Id:    SoftwareManagement.Plugin.apama_plugin_update
13:59:00 INFO  Dir:   plugin_apama/
13:59:00 INFO  Title: Validate apama plugin updating one project with another
13:59:00 INFO  ==============================================================
13:59:00 INFO  Apama plugin tests are disabled by default. Execute `pysys run` with `-XmyPlatform=container` to run these tests ... skipped
13:59:00 WARN  Aborted test due to SKIPPED outcome
13:59:00 INFO  
13:59:00 INFO  Test duration: 0.02 secs
13:59:00 INFO  Test final outcome:  SKIPPED
13:59:00 INFO  Test outcome reason: Apama plugin tests are disabled by default. Execute `pysys run` with `-XmyPlatform=container` to run these tests
13:59:00 INFO  
</system-out>
	</testcase>
<testcase classname="ApamaPluginUpdateTest" name="SoftwareManagement.Plugin.apama_plugin_update">
		<failure message="BLOCKED: sudo&lt;plugin_install&gt; returned non-zero exit code 2" type="BLOCKED" />
		<system-out>14:53:25 INFO  ==============================================================
14:53:25 INFO  Id:    SoftwareManagement.Plugin.apama_plugin_update
14:53:25 INFO  Dir:   plugin_apama/
14:53:25 INFO  Title: Validate apama plugin updating one project with another
14:53:25 INFO  ==============================================================
14:53:25 INFO  Assertion that path exists=False for "/etc/tedge/apama/project" ... passed
14:53:26 INFO  Executed sudo&lt;create_project_dir&gt;, exit status 0
14:53:27 INFO  Executed sudo&lt;unzip_apama_project&gt;, exit status 0
14:53:27 INFO  Executed sudo&lt;move_apama_project&gt;, exit status 0
14:53:28 INFO  Executed sudo&lt;restart_apama_service&gt;, exit status 0
14:53:29 INFO  Executed sudo&lt;apama_correlator_wait&gt;, exit status 0
14:53:29 INFO  Assertion that path exists=True for "/etc/tedge/apama/project" ... passed
14:53:29 INFO  Executed sudo&lt;apama_list_monitors&gt;, exit status 0
14:53:29 INFO  Grep on file /home/pi/actions-runner/_work/thin-edge.io/thin-edge.io/tests/PySys/plugin_apama/apama_plugin_update/Output/linux/apama_list_monitors.out ... passed
14:53:30 WARN  Executed sudo&lt;plugin_install&gt;, exit status 2
14:53:30 INFO  Contents of plugin_install.err: 
  ERROR: Directory not empty (os error 39)
  -----

14:53:30 WARN  sudo&lt;plugin_install&gt; returned non-zero exit code 2 ... blocked [run.py:35]
14:53:30 WARN  Aborted test due to BLOCKED outcome
14:53:30 INFO  
14:53:30 INFO  cleanup:
14:53:30 INFO  Removing apama project
14:53:46 INFO  Executed sudo&lt;stop_apama_service&gt;, exit status 0, duration 15 secs
14:53:47 INFO  Executed sudo&lt;remove_apama_project&gt;, exit status 0
14:53:47 INFO  Executed sudo&lt;remove_apama_tmp_dir&gt;, exit status 0
14:53:47 INFO  
14:53:47 INFO  Test duration: 21.63 secs
14:53:47 INFO  Test final outcome:  BLOCKED
14:53:47 INFO  Test outcome reason: sudo&lt;plugin_install&gt; returned non-zero exit code 2
14:53:47 INFO  
</system-out>
	</testcase>
<testcase classname="ApamaPluginUpdateTest" name="SoftwareManagement.Plugin.apama_plugin_update">
		<failure message="BLOCKED: sudo&lt;plugin_install&gt; returned non-zero exit code 2" type="BLOCKED" />
		<system-out>15:02:20 INFO  ==============================================================
15:02:20 INFO  Id:    SoftwareManagement.Plugin.apama_plugin_update
15:02:20 INFO  Dir:   plugin_apama/
15:02:20 INFO  Title: Validate apama plugin updating one project with another
15:02:20 INFO  ==============================================================
15:02:20 INFO  Assertion that path exists=False for "/etc/tedge/apama/project" ... passed
15:02:21 INFO  Executed sudo&lt;create_project_dir&gt;, exit status 0
15:02:21 INFO  Executed sudo&lt;unzip_apama_project&gt;, exit status 0
15:02:22 INFO  Executed sudo&lt;move_apama_project&gt;, exit status 0
15:02:23 INFO  Executed sudo&lt;restart_apama_service&gt;, exit status 0
15:02:23 INFO  Executed sudo&lt;apama_correlator_wait&gt;, exit status 0
15:02:23 INFO  Assertion that path exists=True for "/etc/tedge/apama/project" ... passed
15:02:24 INFO  Executed sudo&lt;apama_list_monitors&gt;, exit status 0
15:02:24 INFO  Grep on file /home/pi/actions-runner/_work/thin-edge.io/thin-edge.io/tests/PySys/plugin_apama/apama_plugin_update/Output/linux/apama_list_monitors.out ... passed
15:02:25 WARN  Executed sudo&lt;plugin_install&gt;, exit status 2
15:02:25 INFO  Contents of plugin_install.err: 
  ERROR: Directory not empty (os error 39)
  -----

15:02:25 WARN  sudo&lt;plugin_install&gt; returned non-zero exit code 2 ... blocked [run.py:35]
15:02:25 WARN  Aborted test due to BLOCKED outcome
15:02:25 INFO  
15:02:25 INFO  cleanup:
15:02:25 INFO  Removing apama project
15:02:41 INFO  Executed sudo&lt;stop_apama_service&gt;, exit status 0, duration 15 secs
15:02:41 INFO  Executed sudo&lt;remove_apama_project&gt;, exit status 0
15:02:42 INFO  Executed sudo&lt;remove_apama_tmp_dir&gt;, exit status 0
15:02:42 INFO  
15:02:42 INFO  Test duration: 21.35 secs
15:02:42 INFO  Test final outcome:  BLOCKED
15:02:42 INFO  Test outcome reason: sudo&lt;plugin_install&gt; returned non-zero exit code 2
15:02:42 INFO  
</system-out>
	</testcase>
</testsuite><testsuite name="SoftwareManagement.sm_apt_install_download_path" tests="3" errors="0" failures="2" skipped="1" time="0"><testcase classname="AptInstallWithDownloadPath" name="SoftwareManagement.sm_apt_install_download_path">
		<skipped message="SKIPPED: Testing the apt plugin is not supported on this platform.Use parameter -XmyPlatform='container' to enable it" />
		<system-out>14:08:37 INFO  ==============================================================
14:08:37 INFO  Id:    SoftwareManagement.sm_apt_install_download_path
14:08:37 INFO  Dir:   software_management_end_to_end/
14:08:37 INFO  Title: Install package to directory specified in tedge config set tmp.path
14:08:37 INFO  ==============================================================
14:08:37 INFO  Testing the apt plugin is not supported on this platform.Use parameter -XmyPlatform='container' to enable it ... skipped
14:08:37 WARN  Aborted test due to SKIPPED outcome
14:08:37 INFO  
14:08:37 INFO  Test duration: 0.06 secs
14:08:37 INFO  Test final outcome:  SKIPPED
14:08:37 INFO  Test outcome reason: Testing the apt plugin is not supported on this platform.Use parameter -XmyPlatform='container' to enable it
14:08:37 INFO  
</system-out>
	</testcase>
<testcase classname="AptInstallWithDownloadPath" name="SoftwareManagement.sm_apt_install_download_path">
		<failure message="BLOCKED: AssertionError:" type="BLOCKED" />
		<system-out>14:32:22 INFO  ==============================================================
14:32:22 INFO  Id:    SoftwareManagement.sm_apt_install_download_path
14:32:22 INFO  Dir:   software_management_end_to_end/
14:32:22 INFO  Title: Install package to directory specified in tedge config set tmp.path
14:32:22 INFO  ==============================================================
14:32:22 INFO  Using sw id database: {'asciijump': '5475369', 'robotfindskitten': '5474869', 'squirrel3': '5475279', 'rolldice': '5152439', 'moon-buggy': '5439204', 'apple': '5495053', 'banana': '5494888', 'cherry': '5495382', 'watermelon': '5494510', 'registry': '8018911', 'hello-world': '8021526', 'docker/getting-started': '8021973', 'alpine': '7991792'}
14:32:22 INFO  EnvironmentC8y Setup
14:32:23 INFO  Executed systemctl&lt;serv_mapper1&gt;, exit status 3
14:32:38 INFO  Executed sudo&lt;tedge_connect_c8y&gt;, exit status 0, duration 14 secs
14:32:39 INFO  Executed sudo&lt;tedge_connect_c8y_test&gt;, exit status 0
14:32:41 INFO  Executed systemctl&lt;serv_mosq2&gt;, exit status 0
14:32:41 INFO  Executed systemctl&lt;serv_mapper3&gt;, exit status 0
14:32:43 ERROR No operations found, assuming it passed
14:32:44 INFO  Assert that (False == value) with value=False ... passed
14:32:44 INFO  Executed sudo, exit status 0
14:32:45 INFO  Executed sudo, exit status 0
14:32:45 INFO  Executed sudo, exit status 0
14:32:49 INFO  Executed sudo&lt;tedge_disconnect_c8y&gt;, exit status 0
14:32:49 INFO  Restarting mosquitto too frequently in the last 10 seconds. It was only up for 3 seconds
14:32:49 INFO  Delaying execution by 8 seconds
14:33:11 INFO  Executed sudo&lt;tedge_connect_c8y&gt;, exit status 0, duration 13 secs
14:33:12 INFO  Response status: 201
14:33:12 INFO  Response to action: {
    "creationTime": "2022-07-18T14:33:11.958Z",
    "deviceName": "m32sd10b",
    "deviceId": "21006952",
    "self": "https://t493319102.eu-latest.cumulocity.com/devicecontrol/operations/21015714",
    "id": "21015714",
    "status": "PENDING",
    "description": "Apply software changes, triggered from PySys: [{'name': 'rolldice', 'id': '5152439', 'version': '::apt', 'url': 'https://thin-edge-io.eu-latest.cumulocity.com/inventory/binaries/12435463', 'action': 'install'}]",
    "c8y_SoftwareUpdate": [
        {
            "name": "rolldice",
            "action": "install",
            "id": "5152439",
            "version": "::apt",
            "url": "https://thin-edge-io.eu-latest.cumulocity.com/inventory/binaries/12435463"
        }
    ]
}
14:33:12 INFO  Started operation: {'creationTime': '2022-07-18T14:33:11.958Z', 'deviceName': 'm32sd10b', 'deviceId': '21006952', 'self': 'https://t493319102.eu-latest.cumulocity.com/devicecontrol/operations/21015714', 'id': '21015714', 'status': 'PENDING', 'description': "Apply software changes, triggered from PySys: [{'name': 'rolldice', 'id': '5152439', 'version': '::apt', 'url': 'https://thin-edge-io.eu-latest.cumulocity.com/inventory/binaries/12435463', 'action': 'install'}]", 'c8y_SoftwareUpdate': [{'name': 'rolldice', 'action': 'install', 'id': '5152439', 'version': '::apt', 'url': 'https://thin-edge-io.eu-latest.cumulocity.com/inventory/binaries/12435463'}]}
14:33:12 WARN  , retrying in 0.5 seconds...
14:33:12 WARN  , retrying in 0.5 seconds...
14:33:13 WARN  , retrying in 0.5 seconds...
14:33:13 WARN  , retrying in 0.5 seconds...
14:33:14 WARN  , retrying in 0.5 seconds...
14:33:14 WARN  , retrying in 0.5 seconds...
14:33:15 WARN  , retrying in 0.5 seconds...
14:33:15 WARN  , retrying in 0.5 seconds...
14:33:16 WARN  , retrying in 0.5 seconds...
14:33:16 WARN  AssertionError occurred while running test - 
Traceback (most recent call last):
  File "/home/pi/env-pysys/lib/python3.7/site-packages/pysys/baserunner.py", line 1294, in __call__
    self.testObj.execute()
  File "/home/pi/actions-runner/_work/thin-edge.io/thin-edge.io/tests/PySys/software_management_end_to_end/sm_apt_install_download_path/run.py", line 83, in execute
    assert_install_in_download_path(install_directory=self.DOWNLOAD_DIR)
  File "/home/pi/env-pysys/lib/python3.7/site-packages/decorator.py", line 232, in fun
    return caller(func, *(extras + args), **kw)
  File "/home/pi/env-pysys/lib/python3.7/site-packages/retry/api.py", line 74, in retry_decorator
    logger)
  File "/home/pi/env-pysys/lib/python3.7/site-packages/retry/api.py", line 33, in __retry_internal
    return f()
  File "/home/pi/actions-runner/_work/thin-edge.io/thin-edge.io/tests/PySys/software_management_end_to_end/sm_apt_install_download_path/run.py", line 28, in assert_install_in_download_path
    assert "rolldice" in os.listdir(f"{install_directory}")
AssertionError
14:33:17 WARN  AssertionError: ... blocked 
14:33:17 INFO  
14:33:17 INFO  cleanup:
14:33:17 INFO  Executed sudo, exit status 0
14:33:18 INFO  Executed sudo, exit status 0
14:33:22 INFO  Executed sudo&lt;tedge_disconnect_c8y&gt;, exit status 0
14:33:22 INFO  Restarting mosquitto too frequently in the last 10 seconds. It was only up for 3 seconds
14:33:22 INFO  Delaying execution by 8 seconds
14:33:44 INFO  Executed sudo&lt;tedge_connect_c8y&gt;, exit status 0, duration 14 secs
14:33:48 INFO  Executed sudo&lt;tedge_disconnect_c8y&gt;, exit status 0
14:33:49 INFO  Executed systemctl&lt;serv_mapper5&gt;, exit status 3
14:33:49 INFO  
14:33:49 INFO  Test duration: 87.08 secs
14:33:49 INFO  Test final outcome:  BLOCKED
14:33:49 INFO  Test outcome reason: AssertionError:
14:33:49 INFO  
</system-out>
	</testcase>
<testcase classname="AptInstallWithDownloadPath" name="SoftwareManagement.sm_apt_install_download_path">
		<failure message="BLOCKED: AssertionError:" type="BLOCKED" />
		<system-out>15:02:42 INFO  ==============================================================
15:02:42 INFO  Id:    SoftwareManagement.sm_apt_install_download_path
15:02:42 INFO  Dir:   software_management_end_to_end/
15:02:42 INFO  Title: Install package to directory specified in tedge config set tmp.path
15:02:42 INFO  ==============================================================
15:02:43 INFO  Using sw id database: {'asciijump': '5475369', 'robotfindskitten': '5474869', 'squirrel3': '5475279', 'rolldice': '5152439', 'moon-buggy': '5439204', 'apple': '5495053', 'banana': '5494888', 'cherry': '5495382', 'watermelon': '5494510', 'registry': '8018911', 'hello-world': '8021526', 'docker/getting-started': '8021973', 'alpine': '7991792'}
15:02:43 INFO  EnvironmentC8y Setup
15:02:43 INFO  Executed systemctl&lt;serv_mapper1&gt;, exit status 3
15:02:58 INFO  Executed sudo&lt;tedge_connect_c8y&gt;, exit status 0, duration 14 secs
15:02:59 INFO  Executed sudo&lt;tedge_connect_c8y_test&gt;, exit status 0
15:02:59 INFO  Executed systemctl&lt;serv_mosq2&gt;, exit status 0
15:03:00 INFO  Executed systemctl&lt;serv_mapper3&gt;, exit status 0
15:03:02 INFO  State of current operation: SUCCESSFUL
15:03:02 INFO  Assert that (False == value) with value=False ... passed
15:03:03 INFO  Executed sudo, exit status 0
15:03:03 INFO  Executed sudo, exit status 0
15:03:04 INFO  Executed sudo, exit status 0
15:03:08 INFO  Executed sudo&lt;tedge_disconnect_c8y&gt;, exit status 0
15:03:08 INFO  Restarting mosquitto too frequently in the last 10 seconds. It was only up for 3 seconds
15:03:08 INFO  Delaying execution by 8 seconds
15:03:30 INFO  Executed sudo&lt;tedge_connect_c8y&gt;, exit status 0, duration 14 secs
15:03:30 INFO  Response status: 201
15:03:30 INFO  Response to action: {
    "creationTime": "2022-07-18T15:03:30.808Z",
    "deviceName": "m32sd10b",
    "deviceId": "21006952",
    "self": "https://t493319102.eu-latest.cumulocity.com/devicecontrol/operations/21015920",
    "id": "21015920",
    "status": "PENDING",
    "description": "Apply software changes, triggered from PySys: [{'name': 'rolldice', 'id': '5152439', 'version': '::apt', 'url': 'https://thin-edge-io.eu-latest.cumulocity.com/inventory/binaries/12435463', 'action': 'install'}]",
    "c8y_SoftwareUpdate": [
        {
            "name": "rolldice",
            "action": "install",
            "id": "5152439",
            "version": "::apt",
            "url": "https://thin-edge-io.eu-latest.cumulocity.com/inventory/binaries/12435463"
        }
    ]
}
15:03:30 INFO  Started operation: {'creationTime': '2022-07-18T15:03:30.808Z', 'deviceName': 'm32sd10b', 'deviceId': '21006952', 'self': 'https://t493319102.eu-latest.cumulocity.com/devicecontrol/operations/21015920', 'id': '21015920', 'status': 'PENDING', 'description': "Apply software changes, triggered from PySys: [{'name': 'rolldice', 'id': '5152439', 'version': '::apt', 'url': 'https://thin-edge-io.eu-latest.cumulocity.com/inventory/binaries/12435463', 'action': 'install'}]", 'c8y_SoftwareUpdate': [{'name': 'rolldice', 'action': 'install', 'id': '5152439', 'version': '::apt', 'url': 'https://thin-edge-io.eu-latest.cumulocity.com/inventory/binaries/12435463'}]}
15:03:30 WARN  , retrying in 0.5 seconds...
15:03:31 WARN  , retrying in 0.5 seconds...
15:03:31 WARN  , retrying in 0.5 seconds...
15:03:32 WARN  , retrying in 0.5 seconds...
15:03:32 WARN  , retrying in 0.5 seconds...
15:03:33 WARN  , retrying in 0.5 seconds...
15:03:33 WARN  , retrying in 0.5 seconds...
15:03:34 WARN  , retrying in 0.5 seconds...
15:03:34 WARN  , retrying in 0.5 seconds...
15:03:35 WARN  AssertionError occurred while running test - 
Traceback (most recent call last):
  File "/home/pi/env-pysys/lib/python3.7/site-packages/pysys/baserunner.py", line 1294, in __call__
    self.testObj.execute()
  File "/home/pi/actions-runner/_work/thin-edge.io/thin-edge.io/tests/PySys/software_management_end_to_end/sm_apt_install_download_path/run.py", line 83, in execute
    assert_install_in_download_path(install_directory=self.DOWNLOAD_DIR)
  File "/home/pi/env-pysys/lib/python3.7/site-packages/decorator.py", line 232, in fun
    return caller(func, *(extras + args), **kw)
  File "/home/pi/env-pysys/lib/python3.7/site-packages/retry/api.py", line 74, in retry_decorator
    logger)
  File "/home/pi/env-pysys/lib/python3.7/site-packages/retry/api.py", line 33, in __retry_internal
    return f()
  File "/home/pi/actions-runner/_work/thin-edge.io/thin-edge.io/tests/PySys/software_management_end_to_end/sm_apt_install_download_path/run.py", line 28, in assert_install_in_download_path
    assert "rolldice" in os.listdir(f"{install_directory}")
AssertionError
15:03:35 WARN  AssertionError: ... blocked 
15:03:35 INFO  
15:03:35 INFO  cleanup:
15:03:35 INFO  Executed sudo, exit status 0
15:03:36 INFO  Executed sudo, exit status 0
15:03:41 INFO  Executed sudo&lt;tedge_disconnect_c8y&gt;, exit status 0
15:03:41 INFO  Restarting mosquitto too frequently in the last 10 seconds. It was only up for 3 seconds
15:03:41 INFO  Delaying execution by 8 seconds
15:04:03 INFO  Executed sudo&lt;tedge_connect_c8y&gt;, exit status 0, duration 14 secs
15:04:07 INFO  Executed sudo&lt;tedge_disconnect_c8y&gt;, exit status 0
15:04:08 INFO  Executed systemctl&lt;serv_mapper5&gt;, exit status 3
15:04:08 INFO  
15:04:08 INFO  Test duration: 86.38 secs
15:04:08 INFO  Test final outcome:  BLOCKED
15:04:08 INFO  Test outcome reason: AssertionError:
15:04:08 INFO  
</system-out>
	</testcase>
</testsuite><testsuite name="SoftwareManagement.sm_apt_install_fail" tests="3" errors="0" failures="0" skipped="1" time="0"><testcase classname="PySysTest" name="SoftwareManagement.sm_apt_install_fail">
		<skipped message="SKIPPED: Testing the apt plugin is not supported on this platform.Use parameter -XmyPlatform='container' to enable it" />
		<system-out>14:08:37 INFO  ==============================================================
14:08:37 INFO  Id:    SoftwareManagement.sm_apt_install_fail
14:08:37 INFO  Dir:   software_management_end_to_end/
14:08:37 INFO  Title: Validate end to end behaviour for a failing installation
14:08:37 INFO  ==============================================================
14:08:37 INFO  Testing the apt plugin is not supported on this platform.Use parameter -XmyPlatform='container' to enable it ... skipped
14:08:37 WARN  Aborted test due to SKIPPED outcome
14:08:37 INFO  
14:08:37 INFO  Test duration: 0.02 secs
14:08:37 INFO  Test final outcome:  SKIPPED
14:08:37 INFO  Test outcome reason: Testing the apt plugin is not supported on this platform.Use parameter -XmyPlatform='container' to enable it
14:08:37 INFO  
</system-out>
	</testcase>
<testcase classname="PySysTest" name="SoftwareManagement.sm_apt_install_fail" />
<testcase classname="PySysTest" name="SoftwareManagement.sm_apt_install_fail" />
</testsuite><testsuite name="SoftwareManagement.sm_apt_install_remove" tests="3" errors="0" failures="0" skipped="1" time="0"><testcase classname="PySysTest" name="SoftwareManagement.sm_apt_install_remove">
		<skipped message="SKIPPED: Testing the apt plugin is not supported on this platform.Use parameter -XmyPlatform='container' to enable it" />
		<system-out>14:08:37 INFO  ==============================================================
14:08:37 INFO  Id:    SoftwareManagement.sm_apt_install_remove
14:08:37 INFO  Dir:   software_management_end_to_end/
14:08:37 INFO  Title: Validate end to end behaviour for the apt plugin for installation and removal of packages
14:08:37 INFO  ==============================================================
14:08:37 INFO  Testing the apt plugin is not supported on this platform.Use parameter -XmyPlatform='container' to enable it ... skipped
14:08:37 WARN  Aborted test due to SKIPPED outcome
14:08:37 INFO  
14:08:37 INFO  Test duration: 0.02 secs
14:08:37 INFO  Test final outcome:  SKIPPED
14:08:37 INFO  Test outcome reason: Testing the apt plugin is not supported on this platform.Use parameter -XmyPlatform='container' to enable it
14:08:37 INFO  
</system-out>
	</testcase>
<testcase classname="PySysTest" name="SoftwareManagement.sm_apt_install_remove" />
<testcase classname="PySysTest" name="SoftwareManagement.sm_apt_install_remove" />
</testsuite><testsuite name="SoftwareManagement.sm_apt_install_remove_default" tests="3" errors="0" failures="0" skipped="1" time="0"><testcase classname="PySysTest" name="SoftwareManagement.sm_apt_install_remove_default">
		<skipped message="SKIPPED: Testing the apt plugin is not supported on this platform.Use parameter -XmyPlatform='container' to enable it" />
		<system-out>14:08:37 INFO  ==============================================================
14:08:37 INFO  Id:    SoftwareManagement.sm_apt_install_remove_default
14:08:37 INFO  Dir:   software_management_end_to_end/
14:08:37 INFO  Title: Validate end to end behaviour for the default plugin for installation and removal of packages
14:08:37 INFO  ==============================================================
14:08:37 INFO  Testing the apt plugin is not supported on this platform.Use parameter -XmyPlatform='container' to enable it ... skipped
14:08:37 WARN  Aborted test due to SKIPPED outcome
14:08:37 INFO  
14:08:37 INFO  Test duration: 0.02 secs
14:08:37 INFO  Test final outcome:  SKIPPED
14:08:37 INFO  Test outcome reason: Testing the apt plugin is not supported on this platform.Use parameter -XmyPlatform='container' to enable it
14:08:37 INFO  
</system-out>
	</testcase>
<testcase classname="PySysTest" name="SoftwareManagement.sm_apt_install_remove_default" />
<testcase classname="PySysTest" name="SoftwareManagement.sm_apt_install_remove_default" />
</testsuite><testsuite name="SoftwareManagement.sm_apt_install_remove_multiple" tests="3" errors="0" failures="1" skipped="1" time="0"><testcase classname="PySysTest" name="SoftwareManagement.sm_apt_install_remove_multiple">
		<skipped message="SKIPPED: Testing the apt plugin is not supported on this platform.Use parameter -XmyPlatform='container' to enable it" />
		<system-out>14:08:38 INFO  ==============================================================
14:08:38 INFO  Id:    SoftwareManagement.sm_apt_install_remove_multiple
14:08:38 INFO  Dir:   software_management_end_to_end/
14:08:38 INFO  Title: Validate end to end behaviour for the apt plugin for multiple packages
14:08:38 INFO  ==============================================================
14:08:38 INFO  Testing the apt plugin is not supported on this platform.Use parameter -XmyPlatform='container' to enable it ... skipped
14:08:38 WARN  Aborted test due to SKIPPED outcome
14:08:38 INFO  
14:08:38 INFO  Test duration: 0.02 secs
14:08:38 INFO  Test final outcome:  SKIPPED
14:08:38 INFO  Test outcome reason: Testing the apt plugin is not supported on this platform.Use parameter -XmyPlatform='container' to enable it
14:08:38 INFO  
</system-out>
	</testcase>
<testcase classname="PySysTest" name="SoftwareManagement.sm_apt_install_remove_multiple">
		<failure message="FAILED: Assert that (False == value) with value=True" type="FAILED" />
		<system-out>14:40:40 INFO  ==============================================================
14:40:40 INFO  Id:    SoftwareManagement.sm_apt_install_remove_multiple
14:40:40 INFO  Dir:   software_management_end_to_end/
14:40:40 INFO  Title: Validate end to end behaviour for the apt plugin for multiple packages
14:40:40 INFO  ==============================================================
14:40:40 INFO  Using sw id database: {'asciijump': '5475369', 'robotfindskitten': '5474869', 'squirrel3': '5475279', 'rolldice': '5152439', 'moon-buggy': '5439204', 'apple': '5495053', 'banana': '5494888', 'cherry': '5495382', 'watermelon': '5494510', 'registry': '8018911', 'hello-world': '8021526', 'docker/getting-started': '8021973', 'alpine': '7991792'}
14:40:40 INFO  EnvironmentC8y Setup
14:40:41 INFO  Executed systemctl&lt;serv_mapper1&gt;, exit status 3
14:40:41 INFO  Restarting mosquitto too frequently in the last 10 seconds. It was only up for 4 seconds
14:40:41 INFO  Delaying execution by 7 seconds
14:41:02 INFO  Executed sudo&lt;tedge_connect_c8y&gt;, exit status 0, duration 14 secs
14:41:03 INFO  Executed sudo&lt;tedge_connect_c8y_test&gt;, exit status 0
14:41:04 INFO  Executed systemctl&lt;serv_mosq2&gt;, exit status 0
14:41:04 INFO  Executed systemctl&lt;serv_mapper3&gt;, exit status 0
14:41:06 INFO  State of current operation: SUCCESSFUL
14:41:06 INFO  Assert that (False == value) with value=False ... passed
14:41:07 INFO  Assert that (False == value) with value=False ... passed
14:41:07 INFO  Assert that (False == value) with value=False ... passed
14:41:07 INFO  Package robotfindskitten is installed
14:41:07 WARN  Assert that (False == value) with value=True ... failed 
14:41:07 INFO  Response status: 201
14:41:07 INFO  Response to action: {
    "creationTime": "2022-07-18T14:41:07.891Z",
    "deviceName": "m32sd10b",
    "deviceId": "21006952",
    "self": "https://t493319102.eu-latest.cumulocity.com/devicecontrol/operations/21015794",
    "id": "21015794",
    "status": "PENDING",
    "description": "Apply software changes, triggered from PySys: [{'action': 'install', 'id': '5475369', 'name': 'asciijump', 'url': ' ', 'version': '::apt'}, {'action': 'install', 'id': '5474869', 'name': 'robotfindskitten', 'url': ' ', 'version': '::apt'}, {'action': 'install', 'id': '5475279', 'name': 'squirrel3', 'url': ' ', 'version': '::apt'}]",
    "c8y_SoftwareUpdate": [
        {
            "name": "asciijump",
            "action": "install",
            "id": "5475369",
            "version": "::apt",
            "url": " "
        },
        {
            "name": "robotfindskitten",
            "action": "install",
            "id": "5474869",
            "version": "::apt",
            "url": " "
        },
        {
            "name": "squirrel3",
            "action": "install",
            "id": "5475279",
            "version": "::apt",
            "url": " "
        }
    ]
}
14:41:07 INFO  Started operation: {'creationTime': '2022-07-18T14:41:07.891Z', 'deviceName': 'm32sd10b', 'deviceId': '21006952', 'self': 'https://t493319102.eu-latest.cumulocity.com/devicecontrol/operations/21015794', 'id': '21015794', 'status': 'PENDING', 'description': "Apply software changes, triggered from PySys: [{'action': 'install', 'id': '5475369', 'name': 'asciijump', 'url': ' ', 'version': '::apt'}, {'action': 'install', 'id': '5474869', 'name': 'robotfindskitten', 'url': ' ', 'version': '::apt'}, {'action': 'install', 'id': '5475279', 'name': 'squirrel3', 'url': ' ', 'version': '::apt'}]", 'c8y_SoftwareUpdate': [{'name': 'asciijump', 'action': 'install', 'id': '5475369', 'version': '::apt', 'url': ' '}, {'name': 'robotfindskitten', 'action': 'install', 'id': '5474869', 'version': '::apt', 'url': ' '}, {'name': 'squirrel3', 'action': 'install', 'id': '5475279', 'version': '::apt', 'url': ' '}]}
14:41:10 INFO  State of operation 21015794 : PENDING
14:41:13 INFO  State of operation 21015794 : EXECUTING
14:41:15 INFO  State of operation 21015794 : EXECUTING
14:41:17 INFO  State of operation 21015794 : EXECUTING
14:41:19 INFO  State of operation 21015794 : EXECUTING
14:41:21 INFO  State of operation 21015794 : EXECUTING
14:41:24 INFO  State of operation 21015794 : EXECUTING
14:41:27 INFO  State of operation 21015794 : EXECUTING
14:41:30 INFO  State of operation 21015794 : EXECUTING
14:41:32 INFO  State of operation 21015794 : EXECUTING
14:41:34 INFO  State of operation 21015794 : EXECUTING
14:41:37 INFO  State of operation 21015794 : EXECUTING
14:41:39 INFO  State of operation 21015794 : EXECUTING
14:41:41 INFO  State of operation 21015794 : EXECUTING
14:41:43 INFO  State of operation 21015794 : EXECUTING
14:41:46 INFO  State of operation 21015794 : EXECUTING
14:41:48 INFO  State of operation 21015794 : EXECUTING
14:41:51 INFO  State of operation 21015794 : EXECUTING
14:41:53 INFO  State of operation 21015794 : EXECUTING
14:41:55 INFO  State of operation 21015794 : EXECUTING
14:41:58 INFO  State of operation 21015794 : EXECUTING
14:42:00 INFO  State of operation 21015794 : EXECUTING
14:42:03 INFO  State of operation 21015794 : EXECUTING
14:42:05 INFO  State of operation 21015794 : EXECUTING
14:42:08 INFO  State of operation 21015794 : EXECUTING
14:42:10 INFO  State of operation 21015794 : EXECUTING
14:42:13 INFO  State of operation 21015794 : EXECUTING
14:42:15 INFO  State of operation 21015794 : EXECUTING
14:42:18 INFO  State of operation 21015794 : EXECUTING
14:42:20 INFO  State of operation 21015794 : EXECUTING
14:42:22 INFO  State of operation 21015794 : EXECUTING
14:42:24 INFO  State of operation 21015794 : EXECUTING
14:42:27 INFO  State of operation 21015794 : EXECUTING
14:42:29 INFO  State of operation 21015794 : SUCCESSFUL
14:42:29 INFO  Assert that (False == value) with value=False ... passed
14:42:29 INFO  Package asciijump is installed
14:42:29 INFO  Assert that (True == value) with value=True ... passed
14:42:30 INFO  Package squirrel3 is installed
14:42:30 INFO  Assert that (True == value) with value=True ... passed
14:42:30 INFO  Package robotfindskitten is installed
14:42:30 INFO  Assert that (True == value) with value=True ... passed
14:42:30 INFO  Response status: 201
14:42:30 INFO  Response to action: {
    "creationTime": "2022-07-18T14:42:30.489Z",
    "deviceName": "m32sd10b",
    "deviceId": "21006952",
    "self": "https://t493319102.eu-latest.cumulocity.com/devicecontrol/operations/21015810",
    "id": "21015810",
    "status": "PENDING",
    "description": "Apply software changes, triggered from PySys: [{'action': 'delete', 'id': '5475369', 'name': 'asciijump', 'url': ' ', 'version': '::apt'}, {'action': 'delete', 'id': '5474869', 'name': 'robotfindskitten', 'url': ' ', 'version': '::apt'}, {'action': 'delete', 'id': '5475279', 'name': 'squirrel3', 'url': ' ', 'version': '::apt'}]",
    "c8y_SoftwareUpdate": [
        {
            "name": "asciijump",
            "action": "delete",
            "id": "5475369",
            "version": "::apt",
            "url": " "
        },
        {
            "name": "robotfindskitten",
            "action": "delete",
            "id": "5474869",
            "version": "::apt",
            "url": " "
        },
        {
            "name": "squirrel3",
            "action": "delete",
            "id": "5475279",
            "version": "::apt",
            "url": " "
        }
    ]
}
14:42:30 INFO  Started operation: {'creationTime': '2022-07-18T14:42:30.489Z', 'deviceName': 'm32sd10b', 'deviceId': '21006952', 'self': 'https://t493319102.eu-latest.cumulocity.com/devicecontrol/operations/21015810', 'id': '21015810', 'status': 'PENDING', 'description': "Apply software changes, triggered from PySys: [{'action': 'delete', 'id': '5475369', 'name': 'asciijump', 'url': ' ', 'version': '::apt'}, {'action': 'delete', 'id': '5474869', 'name': 'robotfindskitten', 'url': ' ', 'version': '::apt'}, {'action': 'delete', 'id': '5475279', 'name': 'squirrel3', 'url': ' ', 'version': '::apt'}]", 'c8y_SoftwareUpdate': [{'name': 'asciijump', 'action': 'delete', 'id': '5475369', 'version': '::apt', 'url': ' '}, {'name': 'robotfindskitten', 'action': 'delete', 'id': '5474869', 'version': '::apt', 'url': ' '}, {'name': 'squirrel3', 'action': 'delete', 'id': '5475279', 'version': '::apt', 'url': ' '}]}
14:42:32 INFO  State of operation 21015810 : PENDING
14:42:35 INFO  State of operation 21015810 : EXECUTING
14:42:37 INFO  State of operation 21015810 : EXECUTING
14:42:39 INFO  State of operation 21015810 : EXECUTING
14:42:41 INFO  State of operation 21015810 : EXECUTING
14:42:43 INFO  State of operation 21015810 : EXECUTING
14:42:46 INFO  State of operation 21015810 : EXECUTING
14:42:49 INFO  State of operation 21015810 : EXECUTING
14:42:51 INFO  State of operation 21015810 : EXECUTING
14:42:54 INFO  State of operation 21015810 : EXECUTING
14:42:56 INFO  State of operation 21015810 : EXECUTING
14:42:58 INFO  State of operation 21015810 : EXECUTING
14:43:01 INFO  State of operation 21015810 : EXECUTING
14:43:03 INFO  State of operation 21015810 : EXECUTING
14:43:05 INFO  State of operation 21015810 : EXECUTING
14:43:07 INFO  State of operation 21015810 : EXECUTING
14:43:10 INFO  State of operation 21015810 : EXECUTING
14:43:13 INFO  State of operation 21015810 : EXECUTING
14:43:15 INFO  State of operation 21015810 : EXECUTING
14:43:17 INFO  State of operation 21015810 : EXECUTING
14:43:19 INFO  State of operation 21015810 : EXECUTING
14:43:22 INFO  State of operation 21015810 : EXECUTING
14:43:24 INFO  State of operation 21015810 : EXECUTING
14:43:26 INFO  State of operation 21015810 : EXECUTING
14:43:29 INFO  State of operation 21015810 : EXECUTING
14:43:31 INFO  State of operation 21015810 : EXECUTING
14:43:33 INFO  State of operation 21015810 : EXECUTING
14:43:36 INFO  State of operation 21015810 : SUCCESSFUL
14:43:36 INFO  Assert that (False == value) with value=False ... passed
14:43:36 INFO  Assert that (False == value) with value=False ... passed
14:43:36 INFO  Assert that (False == value) with value=False ... passed
14:43:37 INFO  Assert that (False == value) with value=False ... passed
14:43:37 INFO  
14:43:37 INFO  cleanup:
14:43:41 INFO  Executed sudo&lt;tedge_disconnect_c8y&gt;, exit status 0
14:43:41 INFO  Executed systemctl&lt;serv_mapper5&gt;, exit status 3
14:43:41 INFO  
14:43:41 INFO  Test duration: 181.28 secs
14:43:41 INFO  Test final outcome:  FAILED
14:43:41 INFO  Test outcome reason: Assert that (False == value) with value=True
14:43:41 INFO  
</system-out>
	</testcase>
<testcase classname="PySysTest" name="SoftwareManagement.sm_apt_install_remove_multiple" />
</testsuite><testsuite name="SoftwareManagement.sm_apt_install_remove_multiple_mixed" tests="3" errors="0" failures="1" skipped="1" time="0"><testcase classname="PySysTest" name="SoftwareManagement.sm_apt_install_remove_multiple_mixed">
		<skipped message="SKIPPED: Testing the apt plugin is not supported on this platform.Use parameter -XmyPlatform='container' to enable it" />
		<system-out>14:08:38 INFO  ==============================================================
14:08:38 INFO  Id:    SoftwareManagement.sm_apt_install_remove_multiple_mixed
14:08:38 INFO  Dir:   software_management_end_to_end/
14:08:38 INFO  Title: Validate end to end behaviour for the apt plugin for multiple packages with mixed versions
14:08:38 INFO  ==============================================================
14:08:38 INFO  Testing the apt plugin is not supported on this platform.Use parameter -XmyPlatform='container' to enable it ... skipped
14:08:38 WARN  Aborted test due to SKIPPED outcome
14:08:38 INFO  
14:08:38 INFO  Test duration: 0.02 secs
14:08:38 INFO  Test final outcome:  SKIPPED
14:08:38 INFO  Test outcome reason: Testing the apt plugin is not supported on this platform.Use parameter -XmyPlatform='container' to enable it
14:08:38 INFO  
</system-out>
	</testcase>
<testcase classname="PySysTest" name="SoftwareManagement.sm_apt_install_remove_multiple_mixed" />
<testcase classname="PySysTest" name="SoftwareManagement.sm_apt_install_remove_multiple_mixed">
		<failure message="BLOCKED: SystemError: Timeout while waiting for status SUCCESSFUL or False" type="BLOCKED" />
		<system-out>15:13:45 INFO  ==============================================================
15:13:45 INFO  Id:    SoftwareManagement.sm_apt_install_remove_multiple_mixed
15:13:45 INFO  Dir:   software_management_end_to_end/
15:13:45 INFO  Title: Validate end to end behaviour for the apt plugin for multiple packages with mixed versions
15:13:45 INFO  ==============================================================
15:13:45 INFO  Using sw id database: {'asciijump': '5475369', 'robotfindskitten': '5474869', 'squirrel3': '5475279', 'rolldice': '5152439', 'moon-buggy': '5439204', 'apple': '5495053', 'banana': '5494888', 'cherry': '5495382', 'watermelon': '5494510', 'registry': '8018911', 'hello-world': '8021526', 'docker/getting-started': '8021973', 'alpine': '7991792'}
15:13:45 INFO  EnvironmentC8y Setup
15:13:46 INFO  Executed systemctl&lt;serv_mapper1&gt;, exit status 3
15:13:46 INFO  Restarting mosquitto too frequently in the last 10 seconds. It was only up for 4 seconds
15:13:46 INFO  Delaying execution by 7 seconds
15:14:07 INFO  Executed sudo&lt;tedge_connect_c8y&gt;, exit status 0, duration 14 secs
15:14:08 INFO  Executed sudo&lt;tedge_connect_c8y_test&gt;, exit status 0
15:14:08 INFO  Executed systemctl&lt;serv_mosq2&gt;, exit status 0
15:14:09 INFO  Executed systemctl&lt;serv_mapper3&gt;, exit status 0
15:14:11 INFO  State of current operation: SUCCESSFUL
15:14:11 INFO  Assert that (False == value) with value=False ... passed
15:14:11 INFO  Assert that (False == value) with value=False ... passed
15:14:12 INFO  Assert that (False == value) with value=False ... passed
15:14:12 INFO  Assert that (False == value) with value=False ... passed
15:14:12 INFO  Assert that (False == value) with value=False ... passed
15:14:14 INFO  Response status: 201
15:14:14 INFO  Response to action: {
    "delivery": {
        "log": [],
        "time": "2022-07-18T15:14:14.113Z",
        "status": "PENDING"
    },
    "creationTime": "2022-07-18T15:14:13.902Z",
    "deviceName": "m32sd10b",
    "deviceId": "21006952",
    "self": "https://t493319102.eu-latest.cumulocity.com/devicecontrol/operations/21016020",
    "id": "21016020",
    "status": "PENDING",
    "description": "Apply software changes, triggered from PySys: [{'action': 'install', 'id': '5475369', 'name': 'asciijump', 'url': ' ', 'version': '::apt'}, {'action': 'install', 'id': '5474869', 'name': 'robotfindskitten', 'url': ' ', 'version': ' '}, {'action': 'install', 'id': '5475279', 'name': 'squirrel3', 'url': ' ', 'version': '3.1-7::apt'}, {'action': 'install', 'id': '5152439', 'name': 'rolldice', 'url': ' ', 'version': '1.16-1+b1'}, {'action': 'install', 'id': '5439204', 'name': 'moon-buggy', 'url': ' ', 'version': '1:1.0.51-12'}, {'action': 'install', 'id': '5475369', 'name': 'asciijump', 'url': ' ', 'version': '::apt'}]",
    "c8y_SoftwareUpdate": [
        {
            "name": "asciijump",
            "action": "install",
            "id": "5475369",
            "version": "::apt",
            "url": " "
        },
        {
            "name": "robotfindskitten",
            "action": "install",
            "id": "5474869",
            "version": " ",
            "url": " "
        },
        {
            "name": "squirrel3",
            "action": "install",
            "id": "5475279",
            "version": "3.1-7::apt",
            "url": " "
        },
        {
            "name": "rolldice",
            "action": "install",
            "id": "5152439",
            "version": "1.16-1+b1",
            "url": " "
        },
        {
            "name": "moon-buggy",
            "action": "install",
            "id": "5439204",
            "version": "1:1.0.51-12",
            "url": " "
        },
        {
            "name": "asciijump",
            "action": "install",
            "id": "5475369",
            "version": "::apt",
            "url": " "
        }
    ]
}
15:14:14 INFO  Started operation: {'delivery': {'log': [], 'time': '2022-07-18T15:14:14.113Z', 'status': 'PENDING'}, 'creationTime': '2022-07-18T15:14:13.902Z', 'deviceName': 'm32sd10b', 'deviceId': '21006952', 'self': 'https://t493319102.eu-latest.cumulocity.com/devicecontrol/operations/21016020', 'id': '21016020', 'status': 'PENDING', 'description': "Apply software changes, triggered from PySys: [{'action': 'install', 'id': '5475369', 'name': 'asciijump', 'url': ' ', 'version': '::apt'}, {'action': 'install', 'id': '5474869', 'name': 'robotfindskitten', 'url': ' ', 'version': ' '}, {'action': 'install', 'id': '5475279', 'name': 'squirrel3', 'url': ' ', 'version': '3.1-7::apt'}, {'action': 'install', 'id': '5152439', 'name': 'rolldice', 'url': ' ', 'version': '1.16-1+b1'}, {'action': 'install', 'id': '5439204', 'name': 'moon-buggy', 'url': ' ', 'version': '1:1.0.51-12'}, {'action': 'install', 'id': '5475369', 'name': 'asciijump', 'url': ' ', 'version': '::apt'}]", 'c8y_SoftwareUpdate': [{'name': 'asciijump', 'action': 'install', 'id': '5475369', 'version': '::apt', 'url': ' '}, {'name': 'robotfindskitten', 'action': 'install', 'id': '5474869', 'version': ' ', 'url': ' '}, {'name': 'squirrel3', 'action': 'install', 'id': '5475279', 'version': '3.1-7::apt', 'url': ' '}, {'name': 'rolldice', 'action': 'install', 'id': '5152439', 'version': '1.16-1+b1', 'url': ' '}, {'name': 'moon-buggy', 'action': 'install', 'id': '5439204', 'version': '1:1.0.51-12', 'url': ' '}, {'name': 'asciijump', 'action': 'install', 'id': '5475369', 'version': '::apt', 'url': ' '}]}
15:14:16 INFO  State of operation 21016020 : PENDING
15:14:18 INFO  State of operation 21016020 : EXECUTING
15:14:20 INFO  State of operation 21016020 : EXECUTING
15:14:23 INFO  State of operation 21016020 : EXECUTING
15:14:25 INFO  State of operation 21016020 : EXECUTING
15:14:27 INFO  State of operation 21016020 : EXECUTING
15:14:30 INFO  State of operation 21016020 : EXECUTING
15:14:33 INFO  State of operation 21016020 : EXECUTING
15:14:35 INFO  State of operation 21016020 : EXECUTING
15:14:37 INFO  State of operation 21016020 : EXECUTING
15:14:40 INFO  State of operation 21016020 : EXECUTING
15:14:42 INFO  State of operation 21016020 : EXECUTING
15:14:44 INFO  State of operation 21016020 : EXECUTING
15:14:46 INFO  State of operation 21016020 : EXECUTING
15:14:49 INFO  State of operation 21016020 : EXECUTING
15:14:51 INFO  State of operation 21016020 : EXECUTING
15:14:53 INFO  State of operation 21016020 : EXECUTING
15:14:56 INFO  State of operation 21016020 : EXECUTING
15:14:58 INFO  State of operation 21016020 : EXECUTING
15:15:01 INFO  State of operation 21016020 : EXECUTING
15:15:03 INFO  State of operation 21016020 : EXECUTING
15:15:05 INFO  State of operation 21016020 : EXECUTING
15:15:08 INFO  State of operation 21016020 : EXECUTING
15:15:10 INFO  State of operation 21016020 : EXECUTING
15:15:13 INFO  State of operation 21016020 : EXECUTING
15:15:15 INFO  State of operation 21016020 : EXECUTING
15:15:17 INFO  State of operation 21016020 : EXECUTING
15:15:19 INFO  State of operation 21016020 : EXECUTING
15:15:22 INFO  State of operation 21016020 : EXECUTING
15:15:24 INFO  State of operation 21016020 : EXECUTING
15:15:26 INFO  State of operation 21016020 : EXECUTING
15:15:29 INFO  State of operation 21016020 : EXECUTING
15:15:31 INFO  State of operation 21016020 : EXECUTING
15:15:33 INFO  State of operation 21016020 : EXECUTING
15:15:35 INFO  State of operation 21016020 : EXECUTING
15:15:38 INFO  State of operation 21016020 : EXECUTING
15:15:40 INFO  State of operation 21016020 : EXECUTING
15:15:42 INFO  State of operation 21016020 : EXECUTING
15:15:45 INFO  State of operation 21016020 : EXECUTING
15:15:47 INFO  State of operation 21016020 : EXECUTING
15:15:50 INFO  State of operation 21016020 : EXECUTING
15:15:52 INFO  State of operation 21016020 : EXECUTING
15:15:55 INFO  State of operation 21016020 : EXECUTING
15:15:57 INFO  State of operation 21016020 : EXECUTING
15:15:59 INFO  State of operation 21016020 : EXECUTING
15:16:01 INFO  State of operation 21016020 : EXECUTING
15:16:03 INFO  State of operation 21016020 : EXECUTING
15:16:06 INFO  State of operation 21016020 : EXECUTING
15:16:08 INFO  State of operation 21016020 : EXECUTING
15:16:10 INFO  State of operation 21016020 : EXECUTING
15:16:13 INFO  State of operation 21016020 : EXECUTING
15:16:16 INFO  State of operation 21016020 : EXECUTING
15:16:18 INFO  State of operation 21016020 : EXECUTING
15:16:21 INFO  State of operation 21016020 : EXECUTING
15:16:23 INFO  State of operation 21016020 : EXECUTING
15:16:25 INFO  State of operation 21016020 : EXECUTING
15:16:27 INFO  State of operation 21016020 : EXECUTING
15:16:29 INFO  State of operation 21016020 : EXECUTING
15:16:32 INFO  State of operation 21016020 : EXECUTING
15:16:34 INFO  State of operation 21016020 : EXECUTING
15:16:37 INFO  State of operation 21016020 : EXECUTING
15:16:39 WARN  SystemError occurred while running test - Timeout while waiting for status SUCCESSFUL or False
Traceback (most recent call last):
  File "/home/pi/env-pysys/lib/python3.7/site-packages/pysys/baserunner.py", line 1294, in __call__
    self.testObj.execute()
  File "/home/pi/actions-runner/_work/thin-edge.io/thin-edge.io/tests/PySys/software_management_end_to_end/sm_apt_install_remove_multiple_mixed/run.py", line 89, in execute
    self.wait_until_succcess()
  File "/home/pi/actions-runner/_work/thin-edge.io/thin-edge.io/tests/PySys/software_management_end_to_end/environment_sm_management.py", line 324, in wait_until_succcess
    self.wait_until_status("SUCCESSFUL")
  File "/home/pi/actions-runner/_work/thin-edge.io/thin-edge.io/tests/PySys/software_management_end_to_end/environment_sm_management.py", line 381, in wait_until_status
    "Timeout while waiting for status %s or %s" % (status, status2)
SystemError: Timeout while waiting for status SUCCESSFUL or False
15:16:39 WARN  SystemError: Timeout while waiting for status SUCCESSFUL or False ... blocked 
15:16:39 INFO  
15:16:39 INFO  cleanup:
15:16:45 INFO  Executed sudo&lt;tedge_disconnect_c8y&gt;, exit status 0
15:16:46 INFO  Executed systemctl&lt;serv_mapper5&gt;, exit status 3
15:16:46 INFO  
15:16:46 INFO  Test duration: 180.57 secs
15:16:46 INFO  Test final outcome:  BLOCKED
15:16:46 INFO  Test outcome reason: SystemError: Timeout while waiting for status SUCCESSFUL or False
15:16:46 INFO  
</system-out>
	</testcase>
</testsuite><testsuite name="SoftwareManagement.sm_apt_install_remove_with_version" tests="3" errors="0" failures="0" skipped="1" time="0"><testcase classname="PySysTest" name="SoftwareManagement.sm_apt_install_remove_with_version">
		<skipped message="SKIPPED: Testing the apt plugin is not supported on this platform.Use parameter -XmyPlatform='container' to enable it" />
		<system-out>14:08:38 INFO  ==============================================================
14:08:38 INFO  Id:    SoftwareManagement.sm_apt_install_remove_with_version
14:08:38 INFO  Dir:   software_management_end_to_end/
14:08:38 INFO  Title: Validate end to end behaviour for the apt plugin for packages with version
14:08:38 INFO  ==============================================================
14:08:38 INFO  Testing the apt plugin is not supported on this platform.Use parameter -XmyPlatform='container' to enable it ... skipped
14:08:38 WARN  Aborted test due to SKIPPED outcome
14:08:38 INFO  
14:08:38 INFO  Test duration: 0.02 secs
14:08:38 INFO  Test final outcome:  SKIPPED
14:08:38 INFO  Test outcome reason: Testing the apt plugin is not supported on this platform.Use parameter -XmyPlatform='container' to enable it
14:08:38 INFO  
</system-out>
	</testcase>
<testcase classname="PySysTest" name="SoftwareManagement.sm_apt_install_remove_with_version" />
<testcase classname="PySysTest" name="SoftwareManagement.sm_apt_install_remove_with_version" />
</testsuite><testsuite name="SoftwareManagement.sm_docker_install_remove_multiple" tests="3" errors="0" failures="0" skipped="1" time="0"><testcase classname="SMDockerInstallRemove" name="SoftwareManagement.sm_docker_install_remove_multiple">
		<skipped message="SKIPPED: Testing the apt plugin is not supported on this platform.Use parameter -XmyPlatform='container' to enable it" />
		<system-out>14:08:38 INFO  ==============================================================
14:08:38 INFO  Id:    SoftwareManagement.sm_docker_install_remove_multiple
14:08:38 INFO  Dir:   software_management_end_to_end/
14:08:38 INFO  Title: Validate end to end behaviour for the docker plugin for multiple docker images with mixed versions
14:08:38 INFO  ==============================================================
14:08:38 INFO  Testing the apt plugin is not supported on this platform.Use parameter -XmyPlatform='container' to enable it ... skipped
14:08:38 WARN  Aborted test due to SKIPPED outcome
14:08:38 INFO  
14:08:38 INFO  Test duration: 0.02 secs
14:08:38 INFO  Test final outcome:  SKIPPED
14:08:38 INFO  Test outcome reason: Testing the apt plugin is not supported on this platform.Use parameter -XmyPlatform='container' to enable it
14:08:38 INFO  
</system-out>
	</testcase>
<testcase classname="SMDockerInstallRemove" name="SoftwareManagement.sm_docker_install_remove_multiple" />
<testcase classname="SMDockerInstallRemove" name="SoftwareManagement.sm_docker_install_remove_multiple" />
</testsuite><testsuite name="SoftwareManagement.sm_fake_install_remove" tests="2" errors="0" failures="0" skipped="1" time="0"><testcase classname="PySysTest" name="SoftwareManagement.sm_fake_install_remove">
		<skipped message="SKIPPED: Testing the fake plugin is not enabled.Use parameter -Xfakeplugin=fakeplugin to enable it" />
		<system-out>14:08:38 INFO  ==============================================================
14:08:38 INFO  Id:    SoftwareManagement.sm_fake_install_remove
14:08:38 INFO  Dir:   software_management_end_to_end/
14:08:38 INFO  Title: Validate end to end behaviour for the dummy plugin for installation and removal of packages
14:08:38 INFO  ==============================================================
14:08:38 INFO  Testing the fake plugin is not enabled.Use parameter -Xfakeplugin=fakeplugin to enable it ... skipped
14:08:38 WARN  Aborted test due to SKIPPED outcome
14:08:38 INFO  
14:08:38 INFO  Test duration: 0.02 secs
14:08:38 INFO  Test final outcome:  SKIPPED
14:08:38 INFO  Test outcome reason: Testing the fake plugin is not enabled.Use parameter -Xfakeplugin=fakeplugin to enable it
14:08:38 INFO  
</system-out>
	</testcase>
<testcase classname="PySysTest" name="SoftwareManagement.sm_fake_install_remove" />
</testsuite><testsuite name="SoftwareManagement.sm_fake_install_remove_multiple" tests="2" errors="0" failures="0" skipped="1" time="0"><testcase classname="PySysTest" name="SoftwareManagement.sm_fake_install_remove_multiple">
		<skipped message="SKIPPED: Testing the fake plugin is not enabled.Use parameter -Xfakeplugin=fakeplugin to enable it" />
		<system-out>14:08:38 INFO  ==============================================================
14:08:38 INFO  Id:    SoftwareManagement.sm_fake_install_remove_multiple
14:08:38 INFO  Dir:   software_management_end_to_end/
14:08:38 INFO  Title: Validate end to end behaviour for the dummy-plugin for multiple packages
14:08:38 INFO  ==============================================================
14:08:38 INFO  Testing the fake plugin is not enabled.Use parameter -Xfakeplugin=fakeplugin to enable it ... skipped
14:08:38 WARN  Aborted test due to SKIPPED outcome
14:08:38 INFO  
14:08:38 INFO  Test duration: 0.02 secs
14:08:38 INFO  Test final outcome:  SKIPPED
14:08:38 INFO  Test outcome reason: Testing the fake plugin is not enabled.Use parameter -Xfakeplugin=fakeplugin to enable it
14:08:38 INFO  
</system-out>
	</testcase>
<testcase classname="PySysTest" name="SoftwareManagement.sm_fake_install_remove_multiple" />
</testsuite><testsuite name="SoftwareManagement.sm_mapper_fail_and_reconnect" tests="2" errors="0" failures="0" skipped="2" time="0"><testcase classname="MapperC8yReceiveLastMessageOnRestart" name="SoftwareManagement.sm_mapper_fail_and_reconnect">
		<skipped message="SKIPPED: instable https://github.com/thin-edge/thin-edge.io/issues/752" />
		<system-out>14:08:38 INFO  ==============================================================
14:08:38 INFO  Id:    SoftwareManagement.sm_mapper_fail_and_reconnect
14:08:38 INFO  Dir:   software_management_end_to_end/
14:08:38 INFO  Title: Validate the tedge-mapper-sm-c8y for receiving the last message on restart
14:08:38 INFO  ==============================================================
14:08:38 INFO  instable https://github.com/thin-edge/thin-edge.io/issues/752 ... skipped
14:08:38 INFO  
14:08:38 INFO  Test duration: 0.02 secs
14:08:38 INFO  Test final outcome:  SKIPPED
14:08:38 INFO  Test outcome reason: instable https://github.com/thin-edge/thin-edge.io/issues/752
14:08:38 INFO  
</system-out>
	</testcase>
<testcase classname="MapperC8yReceiveLastMessageOnRestart" name="SoftwareManagement.sm_mapper_fail_and_reconnect">
		<skipped message="SKIPPED: instable https://github.com/thin-edge/thin-edge.io/issues/752" />
		<system-out>15:23:30 INFO  ==============================================================
15:23:30 INFO  Id:    SoftwareManagement.sm_mapper_fail_and_reconnect
15:23:30 INFO  Dir:   software_management_end_to_end/
15:23:30 INFO  Title: Validate the tedge-mapper-sm-c8y for receiving the last message on restart
15:23:30 INFO  ==============================================================
15:23:30 INFO  instable https://github.com/thin-edge/thin-edge.io/issues/752 ... skipped
15:23:30 INFO  
15:23:30 INFO  Test duration: 0.04 secs
15:23:30 INFO  Test final outcome:  SKIPPED
15:23:30 INFO  Test outcome reason: instable https://github.com/thin-edge/thin-edge.io/issues/752
15:23:30 INFO  
</system-out>
	</testcase>
</testsuite><testsuite name="SoftwareManagement.sm_mixed_install_remove_multiple" tests="2" errors="0" failures="1" skipped="1" time="0"><testcase classname="PySysTest" name="SoftwareManagement.sm_mixed_install_remove_multiple">
		<skipped message="SKIPPED: Testing the fake plugin is not enabled.Use parameter -Xfakeplugin=fakeplugin to enable it" />
		<system-out>14:08:38 INFO  ==============================================================
14:08:38 INFO  Id:    SoftwareManagement.sm_mixed_install_remove_multiple
14:08:38 INFO  Dir:   software_management_end_to_end/
14:08:38 INFO  Title: Validate end to end behaviour for the dummy-plugin for multiple packages with mixed versions
14:08:38 INFO  ==============================================================
14:08:38 INFO  Testing the fake plugin is not enabled.Use parameter -Xfakeplugin=fakeplugin to enable it ... skipped
14:08:38 WARN  Aborted test due to SKIPPED outcome
14:08:38 INFO  
14:08:38 INFO  Test duration: 0.03 secs
14:08:38 INFO  Test final outcome:  SKIPPED
14:08:38 INFO  Test outcome reason: Testing the fake plugin is not enabled.Use parameter -Xfakeplugin=fakeplugin to enable it
14:08:38 INFO  
</system-out>
	</testcase>
<testcase classname="PySysTest" name="SoftwareManagement.sm_mixed_install_remove_multiple">
		<failure message="FAILED: Assert that (False == value) with value=True" type="FAILED" />
		<system-out>15:23:30 INFO  ==============================================================
15:23:30 INFO  Id:    SoftwareManagement.sm_mixed_install_remove_multiple
15:23:30 INFO  Dir:   software_management_end_to_end/
15:23:30 INFO  Title: Validate end to end behaviour for the dummy-plugin for multiple packages with mixed versions
15:23:30 INFO  ==============================================================
15:23:30 INFO  Using sw id database: {'asciijump': '5475369', 'robotfindskitten': '5474869', 'squirrel3': '5475279', 'rolldice': '5152439', 'moon-buggy': '5439204', 'apple': '5495053', 'banana': '5494888', 'cherry': '5495382', 'watermelon': '5494510', 'registry': '8018911', 'hello-world': '8021526', 'docker/getting-started': '8021973', 'alpine': '7991792'}
15:23:30 INFO  EnvironmentC8y Setup
15:23:30 INFO  Executed systemctl&lt;serv_mapper1&gt;, exit status 3
15:23:31 INFO  Restarting mosquitto too frequently in the last 10 seconds. It was only up for 5 seconds
15:23:31 INFO  Delaying execution by 6 seconds
15:23:51 INFO  Executed sudo&lt;tedge_connect_c8y&gt;, exit status 0, duration 14 secs
15:23:51 INFO  Executed sudo&lt;tedge_connect_c8y_test&gt;, exit status 0
15:23:52 INFO  Executed systemctl&lt;serv_mosq2&gt;, exit status 0
15:23:52 INFO  Executed systemctl&lt;serv_mapper3&gt;, exit status 0
15:23:54 INFO  State of current operation: SUCCESSFUL
15:23:55 INFO  Package apple is installed
15:23:55 INFO  Assert that (True == value) with value=True ... passed
15:23:55 INFO  Package banana is installed
15:23:55 INFO  Assert that (True == value) with value=True ... passed
15:23:55 INFO  Package cherry is installed
15:23:55 INFO  Assert that (True == value) with value=True ... passed
15:23:55 INFO  Package asciijump is installed
15:23:56 WARN  Assert that (False == value) with value=True ... failed 
15:23:56 INFO  Assert that (False == value) with value=False ... passed
15:23:56 INFO  Response status: 201
15:23:56 INFO  Response to action: {
    "creationTime": "2022-07-18T15:23:56.596Z",
    "deviceName": "m32sd10b",
    "deviceId": "21006952",
    "self": "https://t493319102.eu-latest.cumulocity.com/devicecontrol/operations/21019138",
    "id": "21019138",
    "status": "PENDING",
    "description": "Apply software changes, triggered from PySys: [{'action': 'install', 'id': '5495053', 'name': 'apple', 'url': ' ', 'version': '::fruits'}, {'action': 'install', 'id': '5494888', 'name': 'banana', 'url': ' ', 'version': '::fruits'}, {'action': 'install', 'id': '5475369', 'name': 'asciijump', 'url': ' ', 'version': '::apt'}, {'action': 'install', 'id': '5495382', 'name': 'cherry', 'url': ' ', 'version': '::fruits'}, {'action': 'install', 'id': '8018911', 'name': 'registry', 'url': ' ', 'version': '::docker'}]",
    "c8y_SoftwareUpdate": [
        {
            "name": "apple",
            "action": "install",
            "id": "5495053",
            "version": "::fruits",
            "url": " "
        },
        {
            "name": "banana",
            "action": "install",
            "id": "5494888",
            "version": "::fruits",
            "url": " "
        },
        {
            "name": "asciijump",
            "action": "install",
            "id": "5475369",
            "version": "::apt",
            "url": " "
        },
        {
            "name": "cherry",
            "action": "install",
            "id": "5495382",
            "version": "::fruits",
            "url": " "
        },
        {
            "name": "registry",
            "action": "install",
            "id": "8018911",
            "version": "::docker",
            "url": " "
        }
    ]
}
15:23:56 INFO  Started operation: {'creationTime': '2022-07-18T15:23:56.596Z', 'deviceName': 'm32sd10b', 'deviceId': '21006952', 'self': 'https://t493319102.eu-latest.cumulocity.com/devicecontrol/operations/21019138', 'id': '21019138', 'status': 'PENDING', 'description': "Apply software changes, triggered from PySys: [{'action': 'install', 'id': '5495053', 'name': 'apple', 'url': ' ', 'version': '::fruits'}, {'action': 'install', 'id': '5494888', 'name': 'banana', 'url': ' ', 'version': '::fruits'}, {'action': 'install', 'id': '5475369', 'name': 'asciijump', 'url': ' ', 'version': '::apt'}, {'action': 'install', 'id': '5495382', 'name': 'cherry', 'url': ' ', 'version': '::fruits'}, {'action': 'install', 'id': '8018911', 'name': 'registry', 'url': ' ', 'version': '::docker'}]", 'c8y_SoftwareUpdate': [{'name': 'apple', 'action': 'install', 'id': '5495053', 'version': '::fruits', 'url': ' '}, {'name': 'banana', 'action': 'install', 'id': '5494888', 'version': '::fruits', 'url': ' '}, {'name': 'asciijump', 'action': 'install', 'id': '5475369', 'version': '::apt', 'url': ' '}, {'name': 'cherry', 'action': 'install', 'id': '5495382', 'version': '::fruits', 'url': ' '}, {'name': 'registry', 'action': 'install', 'id': '8018911', 'version': '::docker', 'url': ' '}]}
15:23:58 INFO  State of operation 21019138 : PENDING
15:24:01 INFO  State of operation 21019138 : EXECUTING
15:24:03 INFO  State of operation 21019138 : EXECUTING
15:24:05 INFO  State of operation 21019138 : EXECUTING
15:24:07 INFO  State of operation 21019138 : EXECUTING
15:24:10 INFO  State of operation 21019138 : EXECUTING
15:24:12 INFO  State of operation 21019138 : EXECUTING
15:24:15 INFO  State of operation 21019138 : EXECUTING
15:24:17 INFO  State of operation 21019138 : EXECUTING
15:24:20 INFO  State of operation 21019138 : EXECUTING
15:24:22 INFO  State of operation 21019138 : EXECUTING
15:24:24 INFO  State of operation 21019138 : EXECUTING
15:24:26 INFO  State of operation 21019138 : EXECUTING
15:24:29 INFO  State of operation 21019138 : EXECUTING
15:24:31 INFO  State of operation 21019138 : EXECUTING
15:24:33 INFO  State of operation 21019138 : EXECUTING
15:24:36 INFO  State of operation 21019138 : EXECUTING
15:24:38 INFO  State of operation 21019138 : EXECUTING
15:24:40 INFO  State of operation 21019138 : EXECUTING
15:24:42 INFO  State of operation 21019138 : EXECUTING
15:24:45 INFO  State of operation 21019138 : EXECUTING
15:24:47 INFO  State of operation 21019138 : EXECUTING
15:24:50 INFO  State of operation 21019138 : EXECUTING
15:24:52 INFO  State of operation 21019138 : EXECUTING
15:24:54 INFO  State of operation 21019138 : EXECUTING
15:24:56 INFO  State of operation 21019138 : SUCCESSFUL
15:24:57 INFO  Package apple is installed
15:24:57 INFO  Assert that (True == value) with value=True ... passed
15:24:57 INFO  Package banana is installed
15:24:57 INFO  Assert that (True == value) with value=True ... passed
15:24:57 INFO  Package cherry is installed
15:24:57 INFO  Assert that (True == value) with value=True ... passed
15:24:57 INFO  Package asciijump is installed
15:24:57 INFO  Assert that (True == value) with value=True ... passed
15:24:58 INFO  Package registry is installed
15:24:58 INFO  Assert that (True == value) with value=True ... passed
15:24:58 INFO  Response status: 201
15:24:58 INFO  Response to action: {
    "creationTime": "2022-07-18T15:24:58.225Z",
    "deviceName": "m32sd10b",
    "deviceId": "21006952",
    "self": "https://t493319102.eu-latest.cumulocity.com/devicecontrol/operations/21019140",
    "id": "21019140",
    "status": "PENDING",
    "description": "Apply software changes, triggered from PySys: [{'action': 'delete', 'id': '5495053', 'name': 'apple', 'url': ' ', 'version': '::fruits'}, {'action': 'delete', 'id': '5494888', 'name': 'banana', 'url': ' ', 'version': '::fruits'}, {'action': 'delete', 'id': '5475369', 'name': 'asciijump', 'url': ' ', 'version': '::apt'}, {'action': 'delete', 'id': '5495382', 'name': 'cherry', 'url': ' ', 'version': '::fruits'}, {'action': 'delete', 'id': '8018911', 'name': 'registry', 'url': ' ', 'version': '::docker'}]",
    "c8y_SoftwareUpdate": [
        {
            "name": "apple",
            "action": "delete",
            "id": "5495053",
            "version": "::fruits",
            "url": " "
        },
        {
            "name": "banana",
            "action": "delete",
            "id": "5494888",
            "version": "::fruits",
            "url": " "
        },
        {
            "name": "asciijump",
            "action": "delete",
            "id": "5475369",
            "version": "::apt",
            "url": " "
        },
        {
            "name": "cherry",
            "action": "delete",
            "id": "5495382",
            "version": "::fruits",
            "url": " "
        },
        {
            "name": "registry",
            "action": "delete",
            "id": "8018911",
            "version": "::docker",
            "url": " "
        }
    ]
}
15:24:58 INFO  Started operation: {'creationTime': '2022-07-18T15:24:58.225Z', 'deviceName': 'm32sd10b', 'deviceId': '21006952', 'self': 'https://t493319102.eu-latest.cumulocity.com/devicecontrol/operations/21019140', 'id': '21019140', 'status': 'PENDING', 'description': "Apply software changes, triggered from PySys: [{'action': 'delete', 'id': '5495053', 'name': 'apple', 'url': ' ', 'version': '::fruits'}, {'action': 'delete', 'id': '5494888', 'name': 'banana', 'url': ' ', 'version': '::fruits'}, {'action': 'delete', 'id': '5475369', 'name': 'asciijump', 'url': ' ', 'version': '::apt'}, {'action': 'delete', 'id': '5495382', 'name': 'cherry', 'url': ' ', 'version': '::fruits'}, {'action': 'delete', 'id': '8018911', 'name': 'registry', 'url': ' ', 'version': '::docker'}]", 'c8y_SoftwareUpdate': [{'name': 'apple', 'action': 'delete', 'id': '5495053', 'version': '::fruits', 'url': ' '}, {'name': 'banana', 'action': 'delete', 'id': '5494888', 'version': '::fruits', 'url': ' '}, {'name': 'asciijump', 'action': 'delete', 'id': '5475369', 'version': '::apt', 'url': ' '}, {'name': 'cherry', 'action': 'delete', 'id': '5495382', 'version': '::fruits', 'url': ' '}, {'name': 'registry', 'action': 'delete', 'id': '8018911', 'version': '::docker', 'url': ' '}]}
15:25:00 INFO  State of operation 21019140 : PENDING
15:25:02 INFO  State of operation 21019140 : EXECUTING
15:25:05 INFO  State of operation 21019140 : EXECUTING
15:25:07 INFO  State of operation 21019140 : EXECUTING
15:25:09 INFO  State of operation 21019140 : EXECUTING
15:25:11 INFO  State of operation 21019140 : EXECUTING
15:25:14 INFO  State of operation 21019140 : EXECUTING
15:25:17 INFO  State of operation 21019140 : EXECUTING
15:25:19 INFO  State of operation 21019140 : EXECUTING
15:25:22 INFO  State of operation 21019140 : EXECUTING
15:25:24 INFO  State of operation 21019140 : EXECUTING
15:25:26 INFO  State of operation 21019140 : EXECUTING
15:25:28 INFO  State of operation 21019140 : EXECUTING
15:25:31 INFO  State of operation 21019140 : EXECUTING
15:25:33 INFO  State of operation 21019140 : EXECUTING
15:25:36 INFO  State of operation 21019140 : EXECUTING
15:25:39 INFO  State of operation 21019140 : EXECUTING
15:25:41 INFO  State of operation 21019140 : EXECUTING
15:25:44 INFO  State of operation 21019140 : EXECUTING
15:25:46 INFO  State of operation 21019140 : EXECUTING
15:25:48 INFO  State of operation 21019140 : EXECUTING
15:25:50 INFO  State of operation 21019140 : EXECUTING
15:25:53 INFO  State of operation 21019140 : EXECUTING
15:25:55 INFO  State of operation 21019140 : EXECUTING
15:25:57 INFO  State of operation 21019140 : EXECUTING
15:26:00 INFO  State of operation 21019140 : EXECUTING
15:26:02 INFO  State of operation 21019140 : EXECUTING
15:26:04 INFO  State of operation 21019140 : EXECUTING
15:26:07 INFO  State of operation 21019140 : EXECUTING
15:26:09 INFO  State of operation 21019140 : SUCCESSFUL
15:26:09 INFO  Package apple is installed
15:26:09 INFO  Assert that (True == value) with value=True ... passed
15:26:09 INFO  Package banana is installed
15:26:09 INFO  Assert that (True == value) with value=True ... passed
15:26:10 INFO  Package cherry is installed
15:26:10 INFO  Assert that (True == value) with value=True ... passed
15:26:10 INFO  Assert that (False == value) with value=False ... passed
15:26:10 INFO  Assert that (False == value) with value=False ... passed
15:26:10 INFO  
15:26:10 INFO  cleanup:
15:26:14 INFO  Executed sudo&lt;tedge_disconnect_c8y&gt;, exit status 0
15:26:15 INFO  Executed systemctl&lt;serv_mapper5&gt;, exit status 3
15:26:15 INFO  
15:26:15 INFO  Test duration: 164.96 secs
15:26:15 INFO  Test final outcome:  FAILED
15:26:15 INFO  Test outcome reason: Assert that (False == value) with value=True
15:26:15 INFO  
</system-out>
	</testcase>
</testsuite><testsuite name="agent_init_session" tests="1" errors="0" failures="0" skipped="0" time="0"><testcase classname="AgentInitSession" name="agent_init_session" />
</testsuite><testsuite name="apt_fail_noarg" tests="2" errors="0" failures="0" skipped="1" time="0"><testcase classname="AptPluginFailNoArg" name="apt_fail_noarg">
		<skipped message="SKIPPED: Testing the apt plugin is not supported on this platform.To run the tests call PySys with -XmyPlatform='container'" />
		<system-out>13:59:00 INFO  ==============================================================
13:59:00 INFO  Id:    apt_fail_noarg
13:59:00 INFO  Dir:   plugin_apt/
13:59:00 INFO  Title: Validate apt plugin fetures(prepare, list, install, remove finalize) without arguments
13:59:00 INFO  ==============================================================
13:59:01 INFO  Testing the apt plugin is not supported on this platform.To run the tests call PySys with -XmyPlatform='container' ... skipped
13:59:01 WARN  Aborted test due to SKIPPED outcome
13:59:01 INFO  
13:59:01 INFO  Test duration: 0.04 secs
13:59:01 INFO  Test final outcome:  SKIPPED
13:59:01 INFO  Test outcome reason: Testing the apt plugin is not supported on this platform.To run the tests call PySys with -XmyPlatform='container'
13:59:01 INFO  
</system-out>
	</testcase>
<testcase classname="AptPluginFailNoArg" name="apt_fail_noarg" />
</testsuite><testsuite name="apt_finalize" tests="2" errors="0" failures="0" skipped="1" time="0"><testcase classname="AptPluginFinalize" name="apt_finalize">
		<skipped message="SKIPPED: Testing the apt plugin is not supported on this platform.To run the tests call PySys with -XmyPlatform='container'" />
		<system-out>13:59:01 INFO  ==============================================================
13:59:01 INFO  Id:    apt_finalize
13:59:01 INFO  Dir:   plugin_apt/
13:59:01 INFO  Title: Validate apt plugin finalize - dense version
13:59:01 INFO  ==============================================================
13:59:01 INFO  Testing the apt plugin is not supported on this platform.To run the tests call PySys with -XmyPlatform='container' ... skipped
13:59:01 WARN  Aborted test due to SKIPPED outcome
13:59:01 INFO  
13:59:01 INFO  Test duration: 0.05 secs
13:59:01 INFO  Test final outcome:  SKIPPED
13:59:01 INFO  Test outcome reason: Testing the apt plugin is not supported on this platform.To run the tests call PySys with -XmyPlatform='container'
13:59:01 INFO  
</system-out>
	</testcase>
<testcase classname="AptPluginFinalize" name="apt_finalize" />
</testsuite><testsuite name="apt_install" tests="2" errors="0" failures="0" skipped="1" time="0"><testcase classname="AptPluginInstallDense" name="apt_install">
		<skipped message="SKIPPED: Testing the apt plugin is not supported on this platform.To run the tests call PySys with -XmyPlatform='container'" />
		<system-out>13:59:01 INFO  ==============================================================
13:59:01 INFO  Id:    apt_install
13:59:01 INFO  Dir:   plugin_apt/
13:59:01 INFO  Title: Validate apt plugin prepare - dense version
13:59:01 INFO  ==============================================================
13:59:01 INFO  Testing the apt plugin is not supported on this platform.To run the tests call PySys with -XmyPlatform='container' ... skipped
13:59:01 WARN  Aborted test due to SKIPPED outcome
13:59:01 INFO  
13:59:01 INFO  Test duration: 0.02 secs
13:59:01 INFO  Test final outcome:  SKIPPED
13:59:01 INFO  Test outcome reason: Testing the apt plugin is not supported on this platform.To run the tests call PySys with -XmyPlatform='container'
13:59:01 INFO  
</system-out>
	</testcase>
<testcase classname="AptPluginInstallDense" name="apt_install" />
</testsuite><testsuite name="apt_install_fail" tests="2" errors="0" failures="0" skipped="1" time="0"><testcase classname="AptPluginInstallFail" name="apt_install_fail">
		<skipped message="SKIPPED: Testing the apt plugin is not supported on this platform.To run the tests call PySys with -XmyPlatform='container'" />
		<system-out>13:59:01 INFO  ==============================================================
13:59:01 INFO  Id:    apt_install_fail
13:59:01 INFO  Dir:   plugin_apt/
13:59:01 INFO  Title: Validate apt plugin prepare - failing
13:59:01 INFO  ==============================================================
13:59:01 INFO  Testing the apt plugin is not supported on this platform.To run the tests call PySys with -XmyPlatform='container' ... skipped
13:59:01 WARN  Aborted test due to SKIPPED outcome
13:59:01 INFO  
13:59:01 INFO  Test duration: 0.02 secs
13:59:01 INFO  Test final outcome:  SKIPPED
13:59:01 INFO  Test outcome reason: Testing the apt plugin is not supported on this platform.To run the tests call PySys with -XmyPlatform='container'
13:59:01 INFO  
</system-out>
	</testcase>
<testcase classname="AptPluginInstallFail" name="apt_install_fail" />
</testsuite><testsuite name="apt_install_local_file" tests="2" errors="0" failures="0" skipped="1" time="0"><testcase classname="AptPluginInstallFromLocalFile" name="apt_install_local_file">
		<skipped message="SKIPPED: Testing the apt plugin is not supported on this platform.To run the tests call PySys with -XmyPlatform='container'" />
		<system-out>13:59:01 INFO  ==============================================================
13:59:01 INFO  Id:    apt_install_local_file
13:59:01 INFO  Dir:   plugin_apt/
13:59:01 INFO  Title: Validate apt plugin install from local file - SUCCESS case
13:59:01 INFO  ==============================================================
13:59:01 INFO  Testing the apt plugin is not supported on this platform.To run the tests call PySys with -XmyPlatform='container' ... skipped
13:59:01 WARN  Aborted test due to SKIPPED outcome
13:59:01 INFO  
13:59:01 INFO  Test duration: 0.02 secs
13:59:01 INFO  Test final outcome:  SKIPPED
13:59:01 INFO  Test outcome reason: Testing the apt plugin is not supported on this platform.To run the tests call PySys with -XmyPlatform='container'
13:59:01 INFO  
</system-out>
	</testcase>
<testcase classname="AptPluginInstallFromLocalFile" name="apt_install_local_file" />
</testsuite><testsuite name="apt_install_local_file_fail" tests="2" errors="0" failures="0" skipped="1" time="0"><testcase classname="AptPluginInstallFromLocalFileFail" name="apt_install_local_file_fail">
		<skipped message="SKIPPED: Testing the apt plugin is not supported on this platform.To run the tests call PySys with -XmyPlatform='container'" />
		<system-out>13:59:01 INFO  ==============================================================
13:59:01 INFO  Id:    apt_install_local_file_fail
13:59:01 INFO  Dir:   plugin_apt/
13:59:01 INFO  Title: Validate apt plugin install from local file - FAIL case
13:59:01 INFO  ==============================================================
13:59:01 INFO  Testing the apt plugin is not supported on this platform.To run the tests call PySys with -XmyPlatform='container' ... skipped
13:59:01 WARN  Aborted test due to SKIPPED outcome
13:59:01 INFO  
13:59:01 INFO  Test duration: 0.02 secs
13:59:01 INFO  Test final outcome:  SKIPPED
13:59:01 INFO  Test outcome reason: Testing the apt plugin is not supported on this platform.To run the tests call PySys with -XmyPlatform='container'
13:59:01 INFO  
</system-out>
	</testcase>
<testcase classname="AptPluginInstallFromLocalFileFail" name="apt_install_local_file_fail" />
</testsuite><testsuite name="apt_install_local_file_with_version" tests="2" errors="0" failures="0" skipped="1" time="0"><testcase classname="AptPluginInstallFromLocalFileWithVersion" name="apt_install_local_file_with_version">
		<skipped message="SKIPPED: Testing the apt plugin is not supported on this platform.To run the tests call PySys with -XmyPlatform='container'" />
		<system-out>13:59:01 INFO  ==============================================================
13:59:01 INFO  Id:    apt_install_local_file_with_version
13:59:01 INFO  Dir:   plugin_apt/
13:59:01 INFO  Title: Validate apt plugin install from local file AND with a version - SUCCESS case
13:59:01 INFO  ==============================================================
13:59:01 INFO  Testing the apt plugin is not supported on this platform.To run the tests call PySys with -XmyPlatform='container' ... skipped
13:59:01 WARN  Aborted test due to SKIPPED outcome
13:59:01 INFO  
13:59:01 INFO  Test duration: 0.02 secs
13:59:01 INFO  Test final outcome:  SKIPPED
13:59:01 INFO  Test outcome reason: Testing the apt plugin is not supported on this platform.To run the tests call PySys with -XmyPlatform='container'
13:59:01 INFO  
</system-out>
	</testcase>
<testcase classname="AptPluginInstallFromLocalFileWithVersion" name="apt_install_local_file_with_version" />
</testsuite><testsuite name="apt_install_local_file_with_version_fail" tests="2" errors="0" failures="0" skipped="1" time="0"><testcase classname="AptPluginInstallFromLocalFileWithVersionFail" name="apt_install_local_file_with_version_fail">
		<skipped message="SKIPPED: Testing the apt plugin is not supported on this platform.To run the tests call PySys with -XmyPlatform='container'" />
		<system-out>13:59:01 INFO  ==============================================================
13:59:01 INFO  Id:    apt_install_local_file_with_version_fail
13:59:01 INFO  Dir:   plugin_apt/
13:59:01 INFO  Title: Validate apt plugin install from local file AND with a version - FAIL case
13:59:01 INFO  ==============================================================
13:59:01 INFO  Testing the apt plugin is not supported on this platform.To run the tests call PySys with -XmyPlatform='container' ... skipped
13:59:01 WARN  Aborted test due to SKIPPED outcome
13:59:01 INFO  
13:59:01 INFO  Test duration: 0.02 secs
13:59:01 INFO  Test final outcome:  SKIPPED
13:59:01 INFO  Test outcome reason: Testing the apt plugin is not supported on this platform.To run the tests call PySys with -XmyPlatform='container'
13:59:01 INFO  
</system-out>
	</testcase>
<testcase classname="AptPluginInstallFromLocalFileWithVersionFail" name="apt_install_local_file_with_version_fail" />
</testsuite><testsuite name="apt_list_format" tests="2" errors="0" failures="0" skipped="0" time="0"><testcase classname="AptPluginListFormat" name="apt_list_format" />
<testcase classname="AptPluginListFormat" name="apt_list_format" />
</testsuite><testsuite name="apt_prepare" tests="2" errors="0" failures="0" skipped="1" time="0"><testcase classname="AptPluginPrepare" name="apt_prepare">
		<skipped message="SKIPPED: Testing the apt plugin is not supported on this platform.To run the tests call PySys with -XmyPlatform='container'" />
		<system-out>13:59:04 INFO  ==============================================================
13:59:04 INFO  Id:    apt_prepare
13:59:04 INFO  Dir:   plugin_apt/
13:59:04 INFO  Title: Validate apt plugin install - dense version
13:59:04 INFO  ==============================================================
13:59:04 INFO  Testing the apt plugin is not supported on this platform.To run the tests call PySys with -XmyPlatform='container' ... skipped
13:59:04 WARN  Aborted test due to SKIPPED outcome
13:59:04 INFO  
13:59:04 INFO  Test duration: 0.02 secs
13:59:04 INFO  Test final outcome:  SKIPPED
13:59:04 INFO  Test outcome reason: Testing the apt plugin is not supported on this platform.To run the tests call PySys with -XmyPlatform='container'
13:59:04 INFO  
</system-out>
	</testcase>
<testcase classname="AptPluginPrepare" name="apt_prepare" />
</testsuite><testsuite name="apt_prepare_install_finalize" tests="2" errors="0" failures="0" skipped="1" time="0"><testcase classname="AptPluginPrepareInstallFinalize" name="apt_prepare_install_finalize">
		<skipped message="SKIPPED: Testing the apt plugin is not supported on this platform.To run the tests call PySys with -XmyPlatform='container'" />
		<system-out>13:59:04 INFO  ==============================================================
13:59:04 INFO  Id:    apt_prepare_install_finalize
13:59:04 INFO  Dir:   plugin_apt/
13:59:04 INFO  Title: Validate apt plugin install use case
13:59:04 INFO  ==============================================================
13:59:04 INFO  Testing the apt plugin is not supported on this platform.To run the tests call PySys with -XmyPlatform='container' ... skipped
13:59:04 WARN  Aborted test due to SKIPPED outcome
13:59:04 INFO  
13:59:04 INFO  Test duration: 0.02 secs
13:59:04 INFO  Test final outcome:  SKIPPED
13:59:04 INFO  Test outcome reason: Testing the apt plugin is not supported on this platform.To run the tests call PySys with -XmyPlatform='container'
13:59:04 INFO  
</system-out>
	</testcase>
<testcase classname="AptPluginPrepareInstallFinalize" name="apt_prepare_install_finalize" />
</testsuite><testsuite name="apt_remove" tests="2" errors="0" failures="0" skipped="1" time="0"><testcase classname="AptPluginRemoveDense" name="apt_remove">
		<skipped message="SKIPPED: Testing the apt plugin is not supported on this platform.To run the tests call PySys with -XmyPlatform='container'" />
		<system-out>13:59:04 INFO  ==============================================================
13:59:04 INFO  Id:    apt_remove
13:59:04 INFO  Dir:   plugin_apt/
13:59:04 INFO  Title: Validate apt plugin prepare - dense version
13:59:04 INFO  ==============================================================
13:59:04 INFO  Testing the apt plugin is not supported on this platform.To run the tests call PySys with -XmyPlatform='container' ... skipped
13:59:04 WARN  Aborted test due to SKIPPED outcome
13:59:04 INFO  
13:59:04 INFO  Test duration: 0.02 secs
13:59:04 INFO  Test final outcome:  SKIPPED
13:59:04 INFO  Test outcome reason: Testing the apt plugin is not supported on this platform.To run the tests call PySys with -XmyPlatform='container'
13:59:04 INFO  
</system-out>
	</testcase>
<testcase classname="AptPluginRemoveDense" name="apt_remove" />
</testsuite><testsuite name="apt_remove_fail" tests="2" errors="0" failures="0" skipped="1" time="0"><testcase classname="AptPluginRemoveFails" name="apt_remove_fail">
		<skipped message="SKIPPED: Testing the apt plugin is not supported on this platform.To run the tests call PySys with -XmyPlatform='container'" />
		<system-out>13:59:04 INFO  ==============================================================
13:59:04 INFO  Id:    apt_remove_fail
13:59:04 INFO  Dir:   plugin_apt/
13:59:04 INFO  Title: Validate apt plugin prepare - failing
13:59:04 INFO  ==============================================================
13:59:04 INFO  Testing the apt plugin is not supported on this platform.To run the tests call PySys with -XmyPlatform='container' ... skipped
13:59:04 WARN  Aborted test due to SKIPPED outcome
13:59:04 INFO  
13:59:04 INFO  Test duration: 0.02 secs
13:59:04 INFO  Test final outcome:  SKIPPED
13:59:04 INFO  Test outcome reason: Testing the apt plugin is not supported on this platform.To run the tests call PySys with -XmyPlatform='container'
13:59:04 INFO  
</system-out>
	</testcase>
<testcase classname="AptPluginRemoveFails" name="apt_remove_fail" />
</testsuite><testsuite name="apt_sequence_install_with_version" tests="2" errors="0" failures="0" skipped="1" time="0"><testcase classname="AptPluginPrepInstallWithVersionFinalize" name="apt_sequence_install_with_version">
		<skipped message="SKIPPED: Testing the apt plugin is not supported on this platform.To run the tests call PySys with -XmyPlatform='container'" />
		<system-out>13:59:04 INFO  ==============================================================
13:59:04 INFO  Id:    apt_sequence_install_with_version
13:59:04 INFO  Dir:   plugin_apt/
13:59:04 INFO  Title: Validate apt plugin install with version use case
13:59:04 INFO  ==============================================================
13:59:04 INFO  Testing the apt plugin is not supported on this platform.To run the tests call PySys with -XmyPlatform='container' ... skipped
13:59:04 WARN  Aborted test due to SKIPPED outcome
13:59:04 INFO  
13:59:04 INFO  Test duration: 0.02 secs
13:59:04 INFO  Test final outcome:  SKIPPED
13:59:04 INFO  Test outcome reason: Testing the apt plugin is not supported on this platform.To run the tests call PySys with -XmyPlatform='container'
13:59:04 INFO  
</system-out>
	</testcase>
<testcase classname="AptPluginPrepInstallWithVersionFinalize" name="apt_sequence_install_with_version" />
</testsuite><testsuite name="apt_sequence_install_with_version_fail" tests="2" errors="0" failures="0" skipped="1" time="0"><testcase classname="AptPluginInstallWithVersionFails" name="apt_sequence_install_with_version_fail">
		<skipped message="SKIPPED: Testing the apt plugin is not supported on this platform.To run the tests call PySys with -XmyPlatform='container'" />
		<system-out>13:59:04 INFO  ==============================================================
13:59:04 INFO  Id:    apt_sequence_install_with_version_fail
13:59:04 INFO  Dir:   plugin_apt/
13:59:04 INFO  Title: Validate apt plugin install with version fails use case
13:59:04 INFO  ==============================================================
13:59:04 INFO  Testing the apt plugin is not supported on this platform.To run the tests call PySys with -XmyPlatform='container' ... skipped
13:59:04 WARN  Aborted test due to SKIPPED outcome
13:59:04 INFO  
13:59:04 INFO  Test duration: 0.02 secs
13:59:04 INFO  Test final outcome:  SKIPPED
13:59:04 INFO  Test outcome reason: Testing the apt plugin is not supported on this platform.To run the tests call PySys with -XmyPlatform='container'
13:59:04 INFO  
</system-out>
	</testcase>
<testcase classname="AptPluginInstallWithVersionFails" name="apt_sequence_install_with_version_fail" />
</testsuite><testsuite name="apt_sequence_remove" tests="2" errors="0" failures="0" skipped="1" time="0"><testcase classname="AptPluginInstallPrepareRemoveFinalize" name="apt_sequence_remove">
		<skipped message="SKIPPED: Testing the apt plugin is not supported on this platform.To run the tests call PySys with -XmyPlatform='container'" />
		<system-out>13:59:04 INFO  ==============================================================
13:59:04 INFO  Id:    apt_sequence_remove
13:59:04 INFO  Dir:   plugin_apt/
13:59:04 INFO  Title: Validate apt plugin prepare install remove finalize use case
13:59:04 INFO  ==============================================================
13:59:04 INFO  Testing the apt plugin is not supported on this platform.To run the tests call PySys with -XmyPlatform='container' ... skipped
13:59:04 WARN  Aborted test due to SKIPPED outcome
13:59:04 INFO  
13:59:04 INFO  Test duration: 0.02 secs
13:59:04 INFO  Test final outcome:  SKIPPED
13:59:04 INFO  Test outcome reason: Testing the apt plugin is not supported on this platform.To run the tests call PySys with -XmyPlatform='container'
13:59:04 INFO  
</system-out>
	</testcase>
<testcase classname="AptPluginInstallPrepareRemoveFinalize" name="apt_sequence_remove" />
</testsuite><testsuite name="apt_sequence_remove_with_version" tests="2" errors="0" failures="0" skipped="1" time="0"><testcase classname="AptPluginRemoveWithVersion" name="apt_sequence_remove_with_version">
		<skipped message="SKIPPED: Testing the apt plugin is not supported on this platform.To run the tests call PySys with -XmyPlatform='container'" />
		<system-out>13:59:04 INFO  ==============================================================
13:59:04 INFO  Id:    apt_sequence_remove_with_version
13:59:04 INFO  Dir:   plugin_apt/
13:59:04 INFO  Title: Validate apt plugin remove with version use case
13:59:04 INFO  ==============================================================
13:59:04 INFO  Testing the apt plugin is not supported on this platform.To run the tests call PySys with -XmyPlatform='container' ... skipped
13:59:04 WARN  Aborted test due to SKIPPED outcome
13:59:04 INFO  
13:59:04 INFO  Test duration: 0.02 secs
13:59:04 INFO  Test final outcome:  SKIPPED
13:59:04 INFO  Test outcome reason: Testing the apt plugin is not supported on this platform.To run the tests call PySys with -XmyPlatform='container'
13:59:04 INFO  
</system-out>
	</testcase>
<testcase classname="AptPluginRemoveWithVersion" name="apt_sequence_remove_with_version" />
</testsuite><testsuite name="apt_sequence_remove_with_version_fail" tests="2" errors="0" failures="0" skipped="1" time="0"><testcase classname="AptPluginRemoveWithVersionFails" name="apt_sequence_remove_with_version_fail">
		<skipped message="SKIPPED: Testing the apt plugin is not supported on this platform.To run the tests call PySys with -XmyPlatform='container'" />
		<system-out>13:59:05 INFO  ==============================================================
13:59:05 INFO  Id:    apt_sequence_remove_with_version_fail
13:59:05 INFO  Dir:   plugin_apt/
13:59:05 INFO  Title: Validate apt plugin remove with version fails when the version not found
13:59:05 INFO  ==============================================================
13:59:05 INFO  Testing the apt plugin is not supported on this platform.To run the tests call PySys with -XmyPlatform='container' ... skipped
13:59:05 WARN  Aborted test due to SKIPPED outcome
13:59:05 INFO  
13:59:05 INFO  Test duration: 0.02 secs
13:59:05 INFO  Test final outcome:  SKIPPED
13:59:05 INFO  Test outcome reason: Testing the apt plugin is not supported on this platform.To run the tests call PySys with -XmyPlatform='container'
13:59:05 INFO  
</system-out>
	</testcase>
<testcase classname="AptPluginRemoveWithVersionFails" name="apt_sequence_remove_with_version_fail" />
</testsuite><testsuite name="apt_update_list" tests="2" errors="0" failures="0" skipped="1" time="0"><testcase classname="AptPluginUpdateList" name="apt_update_list">
		<skipped message="SKIPPED: Testing the apt plugin is not supported on this platform.To run the tests call PySys with -XmyPlatform='container'" />
		<system-out>13:59:05 INFO  ==============================================================
13:59:05 INFO  Id:    apt_update_list
13:59:05 INFO  Dir:   plugin_apt/
13:59:05 INFO  Title: Validate apt plugin update-list command use case
13:59:05 INFO  ==============================================================
13:59:05 INFO  Testing the apt plugin is not supported on this platform.To run the tests call PySys with -XmyPlatform='container' ... skipped
13:59:05 WARN  Aborted test due to SKIPPED outcome
13:59:05 INFO  
13:59:05 INFO  Test duration: 0.02 secs
13:59:05 INFO  Test final outcome:  SKIPPED
13:59:05 INFO  Test outcome reason: Testing the apt plugin is not supported on this platform.To run the tests call PySys with -XmyPlatform='container'
13:59:05 INFO  
</system-out>
	</testcase>
<testcase classname="AptPluginUpdateList" name="apt_update_list" />
</testsuite><testsuite name="apt_wrong_option" tests="2" errors="0" failures="0" skipped="1" time="0"><testcase classname="AptPluginWrongOption" name="apt_wrong_option">
		<skipped message="SKIPPED: Testing the apt plugin is not supported on this platform.To run the tests call PySys with -XmyPlatform='container'" />
		<system-out>13:59:05 INFO  ==============================================================
13:59:05 INFO  Id:    apt_wrong_option
13:59:05 INFO  Dir:   plugin_apt/
13:59:05 INFO  Title: Validate apt plugin install
13:59:05 INFO  ==============================================================
13:59:05 INFO  Testing the apt plugin is not supported on this platform.To run the tests call PySys with -XmyPlatform='container' ... skipped
13:59:05 WARN  Aborted test due to SKIPPED outcome
13:59:05 INFO  
13:59:05 INFO  Test duration: 0.02 secs
13:59:05 INFO  Test final outcome:  SKIPPED
13:59:05 INFO  Test outcome reason: Testing the apt plugin is not supported on this platform.To run the tests call PySys with -XmyPlatform='container'
13:59:05 INFO  
</system-out>
	</testcase>
<testcase classname="AptPluginWrongOption" name="apt_wrong_option" />
</testsuite><testsuite name="c8y_jwt_token_retrieval" tests="1" errors="0" failures="1" skipped="0" time="0"><testcase classname="ValidateJWTTokenRetrieval" name="c8y_jwt_token_retrieval">
		<failure message="FAILED: Grep on resp_jwt.out contains &quot;\[c8y/s/dat\] 71,&quot;" type="FAILED" />
		<system-out>13:56:06 INFO  ==============================================================
13:56:06 INFO  Id:    c8y_jwt_token_retrieval
13:56:06 INFO  Dir:   cloud_c8y/
13:56:06 INFO  Title: Validate the Cumulocity JWT Token Retrieval feature
13:56:06 INFO  ==============================================================
13:56:06 INFO  Executed sudo&lt;tedge_disconnect_c8y&gt;, exit status 0
13:56:21 INFO  Executed sudo&lt;tedge_connect_c8y&gt;, exit status 0, duration 14 secs
13:56:21 INFO  Started sudo&lt;resp_jwt&gt; with process id 21580
13:56:23 INFO  Executed sudo&lt;req_jwt&gt;, exit status 0
13:56:25 INFO  Executed sudo&lt;kill_out&gt;, exit status 0
13:56:25 WARN  Grep on resp_jwt.out contains "\[c8y/s/dat\] 71," ... failed [run.py:60]
13:56:25 INFO  
13:56:25 INFO  cleanup:
13:56:30 INFO  Executed sudo&lt;tedge_disconnect_c8y&gt;, exit status 0
13:56:30 INFO  
13:56:30 INFO  Test duration: 23.75 secs
13:56:30 INFO  Test final outcome:  FAILED
13:56:30 INFO  Test outcome reason: Grep on resp_jwt.out contains "\[c8y/s/dat\] 71,"
13:56:30 INFO  
</system-out>
	</testcase>
</testsuite><testsuite name="c8y_restart_bridge" tests="1" errors="0" failures="0" skipped="0" time="0"><testcase classname="RestartBridge" name="c8y_restart_bridge" />
</testsuite><testsuite name="call_tedge_-V" tests="1" errors="0" failures="0" skipped="0" time="0"><testcase classname="PySysTest" name="call_tedge_-V" />
</testsuite><testsuite name="call_tedge_-h" tests="1" errors="0" failures="0" skipped="0" time="0"><testcase classname="PySysTest" name="call_tedge_-h" />
</testsuite><testsuite name="call_tedge_-h_-V" tests="1" errors="0" failures="1" skipped="0" time="0"><testcase classname="PySysTest" name="call_tedge_-h_-V">
		<failure message="FAILED: Grep on tedge.out contains &quot;tedge 0.6&quot;" type="FAILED" />
		<system-out>14:08:39 INFO  ==============================================================
14:08:39 INFO  Id:    call_tedge_-h_-V
14:08:39 INFO  Dir:   tedge/
14:08:39 INFO  Title: Validate command line option -h -V
14:08:39 INFO  ==============================================================
14:08:39 INFO  Executed tedge, exit status 0
14:08:39 WARN  Grep on tedge.out contains "tedge 0.6" ... failed [run.py:32]
14:08:39 INFO  Grep on file tedge.out ... passed
14:08:39 INFO  
14:08:39 INFO  Test duration: 0.78 secs
14:08:39 INFO  Test final outcome:  FAILED
14:08:39 INFO  Test outcome reason: Grep on tedge.out contains "tedge 0.6"
14:08:39 INFO  
</system-out>
	</testcase>
</testsuite><testsuite name="call_tedge_config_help" tests="1" errors="0" failures="0" skipped="0" time="0"><testcase classname="PySysTest" name="call_tedge_config_help" />
</testsuite><testsuite name="call_tedge_config_list" tests="1" errors="0" failures="0" skipped="0" time="0"><testcase classname="PySysTest" name="call_tedge_config_list" />
</testsuite><testsuite name="custom_init_system" tests="1" errors="0" failures="0" skipped="0" time="0"><testcase classname="CustomInitSystem" name="custom_init_system" />
</testsuite><testsuite name="docker_plugin_finalize" tests="2" errors="0" failures="0" skipped="1" time="0"><testcase classname="DockerPluginFinalizeTest" name="docker_plugin_finalize">
		<skipped message="SKIPPED: Testing the docker plugin is not supported on this platform.To run it, all the test with -XmyPlatform='container'" />
		<system-out>13:59:05 INFO  ==============================================================
13:59:05 INFO  Id:    docker_plugin_finalize
13:59:05 INFO  Dir:   plugin_docker/
13:59:05 INFO  Title: Validate docker plugin finalize command
13:59:05 INFO  ==============================================================
13:59:05 INFO  Testing the docker plugin is not supported on this platform.To run it, all the test with -XmyPlatform='container' ... skipped
13:59:05 WARN  Aborted test due to SKIPPED outcome
13:59:05 INFO  
13:59:05 INFO  Test duration: 0.05 secs
13:59:05 INFO  Test final outcome:  SKIPPED
13:59:05 INFO  Test outcome reason: Testing the docker plugin is not supported on this platform.To run it, all the test with -XmyPlatform='container'
13:59:05 INFO  
</system-out>
	</testcase>
<testcase classname="DockerPluginFinalizeTest" name="docker_plugin_finalize" />
</testsuite><testsuite name="docker_plugin_install" tests="2" errors="0" failures="0" skipped="1" time="0"><testcase classname="DockerPluginInstallTest" name="docker_plugin_install">
		<skipped message="SKIPPED: Testing the docker plugin is not supported on this platform.To run it, all the test with -XmyPlatform='container'" />
		<system-out>13:59:05 INFO  ==============================================================
13:59:05 INFO  Id:    docker_plugin_install
13:59:05 INFO  Dir:   plugin_docker/
13:59:05 INFO  Title: Validate docker plugin install
13:59:05 INFO  ==============================================================
13:59:05 INFO  Testing the docker plugin is not supported on this platform.To run it, all the test with -XmyPlatform='container' ... skipped
13:59:05 WARN  Aborted test due to SKIPPED outcome
13:59:05 INFO  
13:59:05 INFO  Test duration: 0.02 secs
13:59:05 INFO  Test final outcome:  SKIPPED
13:59:05 INFO  Test outcome reason: Testing the docker plugin is not supported on this platform.To run it, all the test with -XmyPlatform='container'
13:59:05 INFO  
</system-out>
	</testcase>
<testcase classname="DockerPluginInstallTest" name="docker_plugin_install" />
</testsuite><testsuite name="docker_plugin_install_with_version" tests="2" errors="0" failures="0" skipped="1" time="0"><testcase classname="DockerPluginInstallWithVersionTest" name="docker_plugin_install_with_version">
		<skipped message="SKIPPED: Testing the docker plugin is not supported on this platform.To run it, all the test with -XmyPlatform='container'" />
		<system-out>13:59:05 INFO  ==============================================================
13:59:05 INFO  Id:    docker_plugin_install_with_version
13:59:05 INFO  Dir:   plugin_docker/
13:59:05 INFO  Title: Validate docker plugin install
13:59:05 INFO  ==============================================================
13:59:05 INFO  Testing the docker plugin is not supported on this platform.To run it, all the test with -XmyPlatform='container' ... skipped
13:59:05 WARN  Aborted test due to SKIPPED outcome
13:59:05 INFO  
13:59:05 INFO  Test duration: 0.02 secs
13:59:05 INFO  Test final outcome:  SKIPPED
13:59:05 INFO  Test outcome reason: Testing the docker plugin is not supported on this platform.To run it, all the test with -XmyPlatform='container'
13:59:05 INFO  
</system-out>
	</testcase>
<testcase classname="DockerPluginInstallWithVersionTest" name="docker_plugin_install_with_version" />
</testsuite><testsuite name="docker_plugin_remove" tests="2" errors="0" failures="0" skipped="1" time="0"><testcase classname="DockerPluginRemoveTest" name="docker_plugin_remove">
		<skipped message="SKIPPED: Testing the docker plugin is not supported on this platform.To run it, all the test with -XmyPlatform='container'" />
		<system-out>13:59:05 INFO  ==============================================================
13:59:05 INFO  Id:    docker_plugin_remove
13:59:05 INFO  Dir:   plugin_docker/
13:59:05 INFO  Title: Validate docker plugin remove
13:59:05 INFO  ==============================================================
13:59:05 INFO  Testing the docker plugin is not supported on this platform.To run it, all the test with -XmyPlatform='container' ... skipped
13:59:05 WARN  Aborted test due to SKIPPED outcome
13:59:05 INFO  
13:59:05 INFO  Test duration: 0.02 secs
13:59:05 INFO  Test final outcome:  SKIPPED
13:59:05 INFO  Test outcome reason: Testing the docker plugin is not supported on this platform.To run it, all the test with -XmyPlatform='container'
13:59:05 INFO  
</system-out>
	</testcase>
<testcase classname="DockerPluginRemoveTest" name="docker_plugin_remove" />
</testsuite><testsuite name="docker_plugin_remove_with_version" tests="2" errors="0" failures="0" skipped="1" time="0"><testcase classname="DockerPluginRemoveWithVersionTest" name="docker_plugin_remove_with_version">
		<skipped message="SKIPPED: Testing the docker plugin is not supported on this platform.To run it, all the test with -XmyPlatform='container'" />
		<system-out>13:59:05 INFO  ==============================================================
13:59:05 INFO  Id:    docker_plugin_remove_with_version
13:59:05 INFO  Dir:   plugin_docker/
13:59:05 INFO  Title: Validate docker plugin remove with version
13:59:05 INFO  ==============================================================
13:59:05 INFO  Testing the docker plugin is not supported on this platform.To run it, all the test with -XmyPlatform='container' ... skipped
13:59:05 WARN  Aborted test due to SKIPPED outcome
13:59:05 INFO  
13:59:05 INFO  Test duration: 0.02 secs
13:59:05 INFO  Test final outcome:  SKIPPED
13:59:05 INFO  Test outcome reason: Testing the docker plugin is not supported on this platform.To run it, all the test with -XmyPlatform='container'
13:59:05 INFO  
</system-out>
	</testcase>
<testcase classname="DockerPluginRemoveWithVersionTest" name="docker_plugin_remove_with_version" />
</testsuite><testsuite name="docker_plugin_update" tests="2" errors="0" failures="0" skipped="1" time="0"><testcase classname="DockerPluginUpdateTest" name="docker_plugin_update">
		<skipped message="SKIPPED: Testing the docker plugin is not supported on this platform.To run it, all the test with -XmyPlatform='container'" />
		<system-out>13:59:05 INFO  ==============================================================
13:59:05 INFO  Id:    docker_plugin_update
13:59:05 INFO  Dir:   plugin_docker/
13:59:05 INFO  Title: Validate docker plugin install updates existing containers
13:59:05 INFO  ==============================================================
13:59:05 INFO  Testing the docker plugin is not supported on this platform.To run it, all the test with -XmyPlatform='container' ... skipped
13:59:05 WARN  Aborted test due to SKIPPED outcome
13:59:05 INFO  
13:59:05 INFO  Test duration: 0.02 secs
13:59:05 INFO  Test final outcome:  SKIPPED
13:59:05 INFO  Test outcome reason: Testing the docker plugin is not supported on this platform.To run it, all the test with -XmyPlatform='container'
13:59:05 INFO  
</system-out>
	</testcase>
<testcase classname="DockerPluginUpdateTest" name="docker_plugin_update" />
</testsuite><testsuite name="invalid_device_id" tests="1" errors="0" failures="0" skipped="0" time="0"><testcase classname="InvalidDeviceId" name="invalid_device_id" />
</testsuite><testsuite name="local_mqtt_pub_sub" tests="1" errors="0" failures="0" skipped="0" time="0"><testcase classname="PySysTest" name="local_mqtt_pub_sub" />
</testsuite><testsuite name="local_mqtt_pub_sub_retain" tests="1" errors="0" failures="0" skipped="0" time="0"><testcase classname="MqttPublishWithRetain" name="local_mqtt_pub_sub_retain" />
</testsuite><testsuite name="log_request_error_messages" tests="1" errors="0" failures="1" skipped="0" time="0"><testcase classname="LogRequestVerifySearchTextError" name="log_request_error_messages">
		<failure message="BLOCKED: TypeError: 'NoneType' object is not subscriptable" type="BLOCKED" />
		<system-out>13:56:38 INFO  ==============================================================
13:56:38 INFO  Id:    log_request_error_messages
13:56:38 INFO  Dir:   log_request_end_to_end/
13:56:38 INFO  Title: Validate end to end behaviour for the log request operation check for error messages
13:56:38 INFO  ==============================================================
13:56:39 INFO  EnvironmentC8y Setup
13:56:40 INFO  Executed systemctl&lt;serv_mapper1&gt;, exit status 3
13:56:55 INFO  Executed sudo&lt;tedge_connect_c8y&gt;, exit status 0, duration 14 secs
13:56:55 INFO  Executed sudo&lt;tedge_connect_c8y_test&gt;, exit status 0
13:56:56 INFO  Executed systemctl&lt;serv_mosq2&gt;, exit status 0
13:56:56 INFO  Executed systemctl&lt;serv_mapper3&gt;, exit status 0
13:56:57 INFO  Executed sudo&lt;rm_logs&gt;, exit status 0
13:56:57 INFO  Executed sudo&lt;move_logs&gt;, exit status 0
13:56:58 INFO  Executed sudo&lt;log_file_daemon&gt;, exit status 0
13:56:59 WARN  TypeError occurred while running test - 'NoneType' object is not subscriptable
Traceback (most recent call last):
  File "/home/pi/env-pysys/lib/python3.7/site-packages/pysys/baserunner.py", line 1294, in __call__
    self.testObj.execute()
  File "/home/pi/actions-runner/_work/thin-edge.io/thin-edge.io/tests/PySys/log_request_end_to_end/log_request_error_messages/run.py", line 47, in execute
    log_file_request_payload, self.project.deviceid
  File "/home/pi/actions-runner/_work/thin-edge.io/thin-edge.io/tests/PySys/environments/cumulocity.py", line 101, in trigger_log_request
    "deviceId": self.device_fragment["id"],
TypeError: 'NoneType' object is not subscriptable
13:56:59 WARN  TypeError: 'NoneType' object is not subscriptable ... blocked 
13:56:59 INFO  
13:56:59 INFO  cleanup:
13:56:59 INFO  Executed sudo&lt;rm_logs&gt;, exit status 0
13:57:00 INFO  Executed sudo&lt;rm_tmp_logs&gt;, exit status 0
13:57:00 INFO  Executed sudo&lt;send_failed&gt;, exit status 0
13:57:01 INFO  Executed sudo&lt;log_file_daemon&gt;, exit status 0
13:57:05 INFO  Executed sudo&lt;tedge_disconnect_c8y&gt;, exit status 0
13:57:05 INFO  Executed systemctl&lt;serv_mapper5&gt;, exit status 3
13:57:05 INFO  
13:57:05 INFO  Test duration: 27.93 secs
13:57:05 INFO  Test final outcome:  BLOCKED
13:57:06 INFO  Test outcome reason: TypeError: 'NoneType' object is not subscriptable
13:57:06 INFO  
</system-out>
	</testcase>
</testsuite><testsuite name="log_request_num_lines" tests="1" errors="0" failures="1" skipped="0" time="0"><testcase classname="LogRequestVerifyNumberOfLines" name="log_request_num_lines">
		<failure message="BLOCKED: TypeError: 'NoneType' object is not subscriptable" type="BLOCKED" />
		<system-out>13:57:06 INFO  ==============================================================
13:57:06 INFO  Id:    log_request_num_lines
13:57:06 INFO  Dir:   log_request_end_to_end/
13:57:06 INFO  Title: Validate end to end behaviour for the log request operation check for number of lines
13:57:06 INFO  ==============================================================
13:57:06 INFO  EnvironmentC8y Setup
13:57:06 INFO  Executed systemctl&lt;serv_mapper1&gt;, exit status 3
13:57:06 INFO  Restarting mosquitto too frequently in the last 10 seconds. It was only up for 5 seconds
13:57:06 INFO  Delaying execution by 6 seconds
13:57:27 INFO  Executed sudo&lt;tedge_connect_c8y&gt;, exit status 0, duration 14 secs
13:57:28 INFO  Executed sudo&lt;tedge_connect_c8y_test&gt;, exit status 0
13:57:28 INFO  Executed systemctl&lt;serv_mosq2&gt;, exit status 0
13:57:29 INFO  Executed systemctl&lt;serv_mapper3&gt;, exit status 0
13:57:29 INFO  Executed sudo&lt;rm_logs&gt;, exit status 0
13:57:30 INFO  Executed sudo&lt;move_logs&gt;, exit status 0
13:57:30 INFO  Executed sudo&lt;log_file_daemon&gt;, exit status 0
13:57:31 WARN  TypeError occurred while running test - 'NoneType' object is not subscriptable
Traceback (most recent call last):
  File "/home/pi/env-pysys/lib/python3.7/site-packages/pysys/baserunner.py", line 1294, in __call__
    self.testObj.execute()
  File "/home/pi/actions-runner/_work/thin-edge.io/thin-edge.io/tests/PySys/log_request_end_to_end/log_request_num_lines/run.py", line 46, in execute
    log_file_request_payload, self.project.deviceid
  File "/home/pi/actions-runner/_work/thin-edge.io/thin-edge.io/tests/PySys/environments/cumulocity.py", line 101, in trigger_log_request
    "deviceId": self.device_fragment["id"],
TypeError: 'NoneType' object is not subscriptable
13:57:31 WARN  TypeError: 'NoneType' object is not subscriptable ... blocked 
13:57:31 INFO  
13:57:31 INFO  cleanup:
13:57:32 INFO  Executed sudo&lt;rm_logs&gt;, exit status 0
13:57:32 INFO  Executed sudo&lt;rm_tmp_logs&gt;, exit status 0
13:57:33 INFO  Executed sudo&lt;send_failed&gt;, exit status 0
13:57:33 INFO  Executed sudo&lt;log_file_daemon&gt;, exit status 0
13:57:37 INFO  Executed sudo&lt;tedge_disconnect_c8y&gt;, exit status 0
13:57:38 INFO  Executed systemctl&lt;serv_mapper5&gt;, exit status 3
13:57:38 INFO  
13:57:38 INFO  Test duration: 32.09 secs
13:57:38 INFO  Test final outcome:  BLOCKED
13:57:38 INFO  Test outcome reason: TypeError: 'NoneType' object is not subscriptable
13:57:38 INFO  
</system-out>
	</testcase>
</testsuite><testsuite name="mapper_awaits_before_reconnect" tests="1" errors="0" failures="1" skipped="0" time="0"><testcase classname="MapperReconnectAwait" name="mapper_awaits_before_reconnect">
		<failure message="FAILED: Line count on tedge_mapper_journal.out for &quot;tedge_mapper::core::mapper: MQTT connection error:&quot; expected &gt;=2 but got 0" type="FAILED" />
		<system-out>14:11:42 INFO  ==============================================================
14:11:42 INFO  Id:    mapper_awaits_before_reconnect
14:11:42 INFO  Dir:   tedge_mapper_c8y/
14:11:42 INFO  Title: Validate mapper doesn't reconnect too often
14:11:42 INFO  ==============================================================
14:11:42 INFO  Started mosquitto_sub with process id 26158
14:11:42 INFO  Waiting for 0.1 seconds
14:11:43 INFO  Executed sudo&lt;tedge_mapper&gt;, exit status 0
14:11:43 INFO  Waiting for 5.0 seconds
14:11:48 INFO  Executed sudo&lt;tedge_mapper&gt;, exit status 0
14:11:51 INFO  Executed sudo&lt;tedge_mapper_journal&gt;, exit status 0
14:11:51 WARN  Grep on tedge_mapper_journal.out contains "ERROR" ... failed [run.py:67]
14:11:51 INFO  Line count on file tedge_mapper_journal.out ... passed
14:11:51 WARN  Line count on tedge_mapper_journal.out for "tedge_mapper::core::mapper: MQTT connection error:" expected &gt;=2 but got 0 ... failed [run.py:78]
14:11:51 WARN  Aborted test due to FAILED outcome
14:11:51 INFO  
14:11:51 INFO  Test duration: 9.14 secs
14:11:51 INFO  Test final outcome:  FAILED
14:11:51 INFO  Test outcome reason: Line count on tedge_mapper_journal.out for "tedge_mapper::core::mapper: MQTT connection error:" expected &gt;=2 but got 0
14:11:51 INFO  
</system-out>
	</testcase>
</testsuite><testsuite name="monitoring_smaller_interval" tests="1" errors="0" failures="1" skipped="0" time="0"><testcase classname="MonitoringSmallInterval" name="monitoring_smaller_interval">
		<failure message="BLOCKED: TypeError: 'int' object is not subscriptable" type="BLOCKED" />
		<system-out>13:58:41 INFO  ==============================================================
13:58:41 INFO  Id:    monitoring_smaller_interval
13:58:41 INFO  Dir:   monitoring/
13:58:41 INFO  Title: Validate the tedge dm agent messages that are produced with smaller sampling interval than the batching window. Here the simulated collectd messages are used
13:58:41 INFO  ==============================================================
13:58:41 INFO  Executed sudo&lt;collectd&gt;, exit status 0
13:58:42 INFO  Executed sudo&lt;collectd_mapper&gt;, exit status 0
13:58:42 INFO  Started sudo&lt;tedge_sub&gt; with process id 22293
13:58:42 INFO  Executed sudo&lt;tedge_temp&gt;, exit status 0
13:58:43 INFO  Executed sudo&lt;tedge_pres&gt;, exit status 0
13:58:44 INFO  Executed sudo&lt;tedge_temp&gt;, exit status 0
13:58:44 INFO  Executed sudo&lt;tedge_pres&gt;, exit status 0
13:58:45 INFO  Executed sudo&lt;tedge_temp&gt;, exit status 0
13:58:45 INFO  Executed sudo&lt;tedge_pres&gt;, exit status 0
13:58:46 INFO  Executed sudo&lt;tedge_temp&gt;, exit status 0
13:58:47 INFO  Executed sudo&lt;tedge_pres&gt;, exit status 0
13:58:47 INFO  Executed sudo&lt;tedge_temp&gt;, exit status 0
13:58:48 INFO  Executed sudo&lt;tedge_pres&gt;, exit status 0
13:58:48 INFO  Executed sudo&lt;tedge_temp&gt;, exit status 0
13:58:49 INFO  Executed sudo&lt;tedge_pres&gt;, exit status 0
13:58:49 INFO  Executed sudo&lt;tedge_temp&gt;, exit status 0
13:58:50 INFO  Executed sudo&lt;tedge_pres&gt;, exit status 0
13:58:51 INFO  Executed sudo&lt;tedge_temp&gt;, exit status 0
13:58:51 INFO  Executed sudo&lt;tedge_pres&gt;, exit status 0
13:58:52 INFO  Executed sudo&lt;tedge_temp&gt;, exit status 0
13:58:52 INFO  Executed sudo&lt;tedge_pres&gt;, exit status 0
13:58:53 INFO  Executed sudo&lt;tedge_temp&gt;, exit status 0
13:58:53 INFO  Executed sudo&lt;tedge_pres&gt;, exit status 0
13:58:55 INFO  Executed sudo&lt;kill_out&gt;, exit status 0
13:58:55 INFO  0

13:58:55 WARN  TypeError occurred while running test - 'int' object is not subscriptable
Traceback (most recent call last):
  File "/home/pi/env-pysys/lib/python3.7/site-packages/pysys/baserunner.py", line 1296, in __call__
    self.testObj.validate()
  File "/home/pi/actions-runner/_work/thin-edge.io/thin-edge.io/tests/PySys/monitoring/monitoring_smaller_interval/run.py", line 104, in validate
    collectd_msg_validation_result=self.validate_json(),
  File "/home/pi/actions-runner/_work/thin-edge.io/thin-edge.io/tests/PySys/monitoring/monitoring_smaller_interval/run.py", line 114, in validate_json
    if not self.validate_time():
  File "/home/pi/actions-runner/_work/thin-edge.io/thin-edge.io/tests/PySys/monitoring/monitoring_smaller_interval/run.py", line 134, in validate_time
    if self.js_msg["time"]:
TypeError: 'int' object is not subscriptable
13:58:55 WARN  TypeError: 'int' object is not subscriptable ... blocked 
13:58:55 INFO  
13:58:55 INFO  cleanup:
13:58:55 INFO  monitoring_cleanup
13:58:56 INFO  Executed sudo&lt;collectd_mapper&gt;, exit status 0
13:58:56 INFO  
13:58:56 INFO  Test duration: 15.05 secs
13:58:56 INFO  Test final outcome:  BLOCKED
13:58:56 INFO  Test outcome reason: TypeError: 'int' object is not subscriptable
13:58:56 INFO  
</system-out>
	</testcase>
</testsuite><testsuite name="monitoring_with_collectd" tests="1" errors="0" failures="0" skipped="1" time="0"><testcase classname="MonitoringWithCollectd" name="monitoring_with_collectd">
		<skipped message="SKIPPED: Test execution disabled due to #792 (instable)" />
		<system-out>13:58:56 INFO  ==============================================================
13:58:56 INFO  Id:    monitoring_with_collectd
13:58:56 INFO  Dir:   monitoring/
13:58:56 INFO  Title: Validate tedge dm agent messages that are produced by batching the collectd messages
13:58:56 INFO  ==============================================================
13:58:56 INFO  Test execution disabled due to #792 (instable) ... skipped
13:58:56 INFO  
13:58:56 INFO  Test duration: 0.02 secs
13:58:56 INFO  Test final outcome:  SKIPPED
13:58:56 INFO  Test outcome reason: Test execution disabled due to #792 (instable)
13:58:56 INFO  
</system-out>
	</testcase>
</testsuite><testsuite name="monitoring_with_simulated_messages" tests="1" errors="0" failures="1" skipped="0" time="0"><testcase classname="MonitoringWithSimulatedMessages" name="monitoring_with_simulated_messages">
		<failure message="BLOCKED: TypeError: 'int' object is not subscriptable" type="BLOCKED" />
		<system-out>13:58:56 INFO  ==============================================================
13:58:56 INFO  Id:    monitoring_with_simulated_messages
13:58:56 INFO  Dir:   monitoring/
13:58:56 INFO  Title: Validate the tedge dm agent messages that are produced from the simulated collectd messages
13:58:56 INFO  ==============================================================
13:58:56 INFO  Executed sudo&lt;collectd&gt;, exit status 0
13:58:57 INFO  Executed sudo&lt;collectd_mapper&gt;, exit status 0
13:58:57 INFO  Started sudo&lt;tedge_sub&gt; with process id 22353
13:58:58 INFO  Executed sudo&lt;tedge_temp&gt;, exit status 0
13:58:58 INFO  Executed sudo&lt;tedge_pres&gt;, exit status 0
13:59:00 INFO  Executed sudo&lt;kill_out&gt;, exit status 0
13:59:00 INFO  0

13:59:00 WARN  TypeError occurred while running test - 'int' object is not subscriptable
Traceback (most recent call last):
  File "/home/pi/env-pysys/lib/python3.7/site-packages/pysys/baserunner.py", line 1296, in __call__
    self.testObj.validate()
  File "/home/pi/actions-runner/_work/thin-edge.io/thin-edge.io/tests/PySys/monitoring/monitoring_with_simulated_messages/run.py", line 98, in validate
    collectd_msg_validation_result=self.validate_json(),
  File "/home/pi/actions-runner/_work/thin-edge.io/thin-edge.io/tests/PySys/monitoring/monitoring_with_simulated_messages/run.py", line 108, in validate_json
    if not self.validate_time():
  File "/home/pi/actions-runner/_work/thin-edge.io/thin-edge.io/tests/PySys/monitoring/monitoring_with_simulated_messages/run.py", line 127, in validate_time
    if self.js_msg["time"]:
TypeError: 'int' object is not subscriptable
13:59:00 WARN  TypeError: 'int' object is not subscriptable ... blocked 
13:59:00 INFO  
13:59:00 INFO  cleanup:
13:59:00 INFO  monitoring_cleanup
13:59:00 INFO  Executed sudo&lt;collectd_mapper&gt;, exit status 0
13:59:00 INFO  
13:59:00 INFO  Test duration: 4.51 secs
13:59:00 INFO  Test final outcome:  BLOCKED
13:59:00 INFO  Test outcome reason: TypeError: 'int' object is not subscriptable
13:59:00 INFO  
</system-out>
	</testcase>
</testsuite><testsuite name="mqtt_port_change_connection_fails" tests="1" errors="0" failures="0" skipped="0" time="0"><testcase classname="MqttPortChangeConnectionFails" name="mqtt_port_change_connection_fails" />
</testsuite><testsuite name="mqtt_port_change_connection_works" tests="1" errors="0" failures="0" skipped="1" time="0"><testcase classname="MqttPortChangeConnectionWorks" name="mqtt_port_change_connection_works">
		<skipped message="SKIPPED: failing intermitently" />
		<system-out>13:58:13 INFO  ==============================================================
13:58:13 INFO  Id:    mqtt_port_change_connection_works
13:58:13 INFO  Dir:   misc_features/
13:58:13 INFO  Title: mqtt port change connection works for all the thin-edge services that use the mosquitto broker
13:58:13 INFO  ==============================================================
13:58:13 INFO  failing intermitently ... skipped
13:58:13 INFO  
13:58:13 INFO  Test duration: 0.02 secs
13:58:13 INFO  Test final outcome:  SKIPPED
13:58:13 INFO  Test outcome reason: failing intermitently
13:58:13 INFO  
</system-out>
	</testcase>
</testsuite><testsuite name="publish_flux" tests="1" errors="0" failures="0" skipped="0" time="0"><testcase classname="PublishFlux" name="publish_flux" />
</testsuite><testsuite name="publish_sawmill" tests="1" errors="0" failures="0" skipped="0" time="0"><testcase classname="PublishSawmill" name="publish_sawmill" />
</testsuite><testsuite name="runtime_start_two_mappers" tests="1" errors="0" failures="0" skipped="0" time="0"><testcase classname="RuntimeMultiMappers" name="runtime_start_two_mappers" />
</testsuite><testsuite name="sm_tedge_mapper_init_session" tests="1" errors="0" failures="0" skipped="0" time="0"><testcase classname="TedgeSMMapperInitSession" name="sm_tedge_mapper_init_session" />
</testsuite><testsuite name="smoketest_json" tests="1" errors="0" failures="0" skipped="0" time="0"><testcase classname="SmokeTestJson" name="smoketest_json" />
</testsuite><testsuite name="smoketest_json_400_samples_10ms" tests="1" errors="0" failures="0" skipped="0" time="0"><testcase classname="SmoketestJson400Samples10ms" name="smoketest_json_400_samples_10ms" />
</testsuite><testsuite name="smoketest_json_400_samples_20ms" tests="1" errors="0" failures="0" skipped="0" time="0"><testcase classname="SmoketestJson400Samples20ms" name="smoketest_json_400_samples_20ms" />
</testsuite><testsuite name="smoketest_smartrest" tests="1" errors="0" failures="0" skipped="0" time="0"><testcase classname="SmoketestSmartRest" name="smoketest_smartrest" />
</testsuite><testsuite name="smoketest_smartrest_400_samples_1Xms" tests="1" errors="0" failures="0" skipped="0" time="0"><testcase classname="SmoketestSmartRest400Samples1Xms" name="smoketest_smartrest_400_samples_1Xms" />
</testsuite><testsuite name="smoketest_smartrest_400_samples_20ms" tests="1" errors="0" failures="0" skipped="0" time="0"><testcase classname="SmoketestSmartRest400Samples20ms" name="smoketest_smartrest_400_samples_20ms" />
</testsuite><testsuite name="tedge_agent_user_sudo_access" tests="1" errors="0" failures="0" skipped="1" time="0"><testcase classname="TedgeAgentUserSudoAccess" name="tedge_agent_user_sudo_access">
		<skipped message="SKIPPED: #955 Observation: Exit code of the apt plugin when called with no arguments" />
		<system-out>14:09:04 INFO  ==============================================================
14:09:04 INFO  Id:    tedge_agent_user_sudo_access
14:09:04 INFO  Dir:   tedge/
14:09:04 INFO  Title: Validate tedge-agent user has a limited sudo right
14:09:04 INFO  ==============================================================
14:09:04 INFO  #955 Observation: Exit code of the apt plugin when called with no arguments ... skipped
14:09:04 INFO  
14:09:04 INFO  Test duration: 0.02 secs
14:09:04 INFO  Test final outcome:  SKIPPED
14:09:04 INFO  Test outcome reason: #955 Observation: Exit code of the apt plugin when called with no arguments
14:09:04 INFO  
</system-out>
	</testcase>
</testsuite><testsuite name="tedge_connect_test_negative" tests="1" errors="0" failures="0" skipped="0" time="0"><testcase classname="TedgeConnectTestNegative" name="tedge_connect_test_negative" />
</testsuite><testsuite name="tedge_connect_test_positive" tests="1" errors="0" failures="0" skipped="0" time="0"><testcase classname="TedgeConnectTestPositive" name="tedge_connect_test_positive" />
</testsuite><testsuite name="tedge_connect_test_sm_services" tests="1" errors="0" failures="0" skipped="0" time="0"><testcase classname="TedgeConnectTestSMServices" name="tedge_connect_test_sm_services" />
</testsuite><testsuite name="tedge_disconnect_test_sm_services" tests="1" errors="0" failures="0" skipped="0" time="0"><testcase classname="TedgeDisConnectTestSMServices" name="tedge_disconnect_test_sm_services" />
</testsuite><testsuite name="tedge_mapper_az_negative" tests="1" errors="0" failures="0" skipped="0" time="0"><testcase classname="TedgeMapperAzError" name="tedge_mapper_az_negative" />
</testsuite><testsuite name="tedge_mapper_az_with_timestamp" tests="1" errors="0" failures="0" skipped="0" time="0"><testcase classname="TedgeMapperAzWithTimestamp" name="tedge_mapper_az_with_timestamp" />
</testsuite><testsuite name="tedge_mapper_az_without_timestamp" tests="1" errors="0" failures="0" skipped="0" time="0"><testcase classname="TedgeMapperAzWithoutTimestamp" name="tedge_mapper_az_without_timestamp" />
</testsuite><testsuite name="tedge_mapper_c8y_alarms" tests="1" errors="0" failures="0" skipped="0" time="0"><testcase classname="TedgeMapperC8yAlarm" name="tedge_mapper_c8y_alarms" />
</testsuite><testsuite name="tedge_mapper_c8y_child_device_measurement" tests="1" errors="0" failures="0" skipped="0" time="0"><testcase classname="TedgeMapperC8yChildDevice" name="tedge_mapper_c8y_child_device_measurement" />
</testsuite><testsuite name="tedge_mapper_c8y_packet_threshold_size" tests="1" errors="0" failures="1" skipped="0" time="0"><testcase classname="TedgeMapperC8yThresholdPacketSize" name="tedge_mapper_c8y_packet_threshold_size">
		<failure message="FAILED: Grep on tedge_sub.out contains &quot;The size of the message received on tedge/measurements is 20489 which is greater than the threshold size of 16184.&quot;" type="FAILED" />
		<system-out>14:13:31 INFO  ==============================================================
14:13:31 INFO  Id:    tedge_mapper_c8y_packet_threshold_size
14:13:31 INFO  Dir:   tedge_mapper_c8y/
14:13:31 INFO  Title: Validate the Cumulocity Mapper accepted threshold packet size when it receives a message on tedge/measurements
14:13:31 INFO  ==============================================================
14:13:31 INFO  Executed sudo&lt;tedge_mapper_c8y&gt;, exit status 0
14:13:31 INFO  Started sudo&lt;tedge_sub&gt; with process id 26760
14:13:32 INFO  Executed sudo&lt;tedge_msg&gt;, exit status 0
14:13:32 INFO  Executed sudo&lt;tedge_pub&gt;, exit status 0
14:13:33 INFO  Executed sudo&lt;kill_out&gt;, exit status 0
14:13:33 WARN  Grep on tedge_sub.out contains "The size of the message received on tedge/measurements is 20489 which is greater than the threshold size of 16184." ... failed [run.py:88]
14:13:33 INFO  
14:13:33 INFO  cleanup:
14:13:33 INFO  mapper_cleanup
14:13:34 INFO  Executed sudo&lt;tedge_mapper_c8y&gt;, exit status 0
14:13:34 INFO  
14:13:34 INFO  Test duration: 2.98 secs
14:13:34 INFO  Test final outcome:  FAILED
14:13:34 INFO  Test outcome reason: Grep on tedge_sub.out contains "The size of the message received on tedge/measurements is 20489 which is greater than the threshold size of 16184."
14:13:34 INFO  
</system-out>
	</testcase>
</testsuite><testsuite name="tedge_software_update" tests="1" errors="0" failures="0" skipped="0" time="0"><testcase classname="PySysTest" name="tedge_software_update" />
</testsuite><testsuite name="valid_device_id" tests="1" errors="0" failures="0" skipped="0" time="0"><testcase classname="ValidateValidDeviceId" name="valid_device_id" />
</testsuite></testsuites>