<?xml version='1.0' encoding='utf-8'?>
<testsuites tests="139" failures="17" errors="0" skipped="45" time="0.0"><testsuite name="SoftwareManagement.Plugin.apama_plugin_install" tests="3" errors="0" failures="0" skipped="1" time="0"><testcase classname="ApamaPluginInstallTest" name="SoftwareManagement.Plugin.apama_plugin_install">
		<skipped message="SKIPPED: Apama plugin tests are disabled by default. Execute `pysys run` with `-XmyPlatform=container` to run these tests" />
		<system-out>22:45:18 INFO  ==============================================================
22:45:18 INFO  Id:    SoftwareManagement.Plugin.apama_plugin_install
22:45:18 INFO  Dir:   plugin_apama/
22:45:18 INFO  Title: Validate apama plugin install
22:45:18 INFO  ==============================================================
22:45:18 INFO  Apama plugin tests are disabled by default. Execute `pysys run` with `-XmyPlatform=container` to run these tests ... skipped
22:45:18 WARN  Aborted test due to SKIPPED outcome
22:45:18 INFO  
22:45:18 INFO  Test duration: 0.05 secs
22:45:18 INFO  Test final outcome:  SKIPPED
22:45:18 INFO  Test outcome reason: Apama plugin tests are disabled by default. Execute `pysys run` with `-XmyPlatform=container` to run these tests
22:45:18 INFO  
</system-out>
	</testcase>
<testcase classname="ApamaPluginInstallTest" name="SoftwareManagement.Plugin.apama_plugin_install" />
<testcase classname="ApamaPluginInstallTest" name="SoftwareManagement.Plugin.apama_plugin_install" />
</testsuite><testsuite name="SoftwareManagement.Plugin.apama_plugin_mon_support" tests="3" errors="0" failures="0" skipped="1" time="0"><testcase classname="ApamaPluginMonSupportTest" name="SoftwareManagement.Plugin.apama_plugin_mon_support">
		<skipped message="SKIPPED: Apama plugin tests are disabled by default. Execute `pysys run` with `-XmyPlatform=container` to run these tests" />
		<system-out>22:45:19 INFO  ==============================================================
22:45:19 INFO  Id:    SoftwareManagement.Plugin.apama_plugin_mon_support
22:45:19 INFO  Dir:   plugin_apama/
22:45:19 INFO  Title: Validate mon file support of apama plugin
22:45:19 INFO  ==============================================================
22:45:19 INFO  Apama plugin tests are disabled by default. Execute `pysys run` with `-XmyPlatform=container` to run these tests ... skipped
22:45:19 WARN  Aborted test due to SKIPPED outcome
22:45:19 INFO  
22:45:19 INFO  Test duration: 0.03 secs
22:45:19 INFO  Test final outcome:  SKIPPED
22:45:19 INFO  Test outcome reason: Apama plugin tests are disabled by default. Execute `pysys run` with `-XmyPlatform=container` to run these tests
22:45:19 INFO  
</system-out>
	</testcase>
<testcase classname="ApamaPluginMonSupportTest" name="SoftwareManagement.Plugin.apama_plugin_mon_support" />
<testcase classname="ApamaPluginMonSupportTest" name="SoftwareManagement.Plugin.apama_plugin_mon_support" />
</testsuite><testsuite name="SoftwareManagement.Plugin.apama_plugin_remove" tests="3" errors="0" failures="0" skipped="1" time="0"><testcase classname="ApamaPluginRemoveTest" name="SoftwareManagement.Plugin.apama_plugin_remove">
		<skipped message="SKIPPED: Apama plugin tests are disabled by default. Execute `pysys run` with `-XmyPlatform=container` to run these tests" />
		<system-out>22:45:19 INFO  ==============================================================
22:45:19 INFO  Id:    SoftwareManagement.Plugin.apama_plugin_remove
22:45:19 INFO  Dir:   plugin_apama/
22:45:19 INFO  Title: Validate apama plugin remove
22:45:19 INFO  ==============================================================
22:45:19 INFO  Apama plugin tests are disabled by default. Execute `pysys run` with `-XmyPlatform=container` to run these tests ... skipped
22:45:19 WARN  Aborted test due to SKIPPED outcome
22:45:19 INFO  
22:45:19 INFO  Test duration: 0.02 secs
22:45:19 INFO  Test final outcome:  SKIPPED
22:45:19 INFO  Test outcome reason: Apama plugin tests are disabled by default. Execute `pysys run` with `-XmyPlatform=container` to run these tests
22:45:19 INFO  
</system-out>
	</testcase>
<testcase classname="ApamaPluginRemoveTest" name="SoftwareManagement.Plugin.apama_plugin_remove" />
<testcase classname="ApamaPluginRemoveTest" name="SoftwareManagement.Plugin.apama_plugin_remove" />
</testsuite><testsuite name="SoftwareManagement.Plugin.apama_plugin_update" tests="3" errors="0" failures="2" skipped="1" time="0"><testcase classname="ApamaPluginUpdateTest" name="SoftwareManagement.Plugin.apama_plugin_update">
		<skipped message="SKIPPED: Apama plugin tests are disabled by default. Execute `pysys run` with `-XmyPlatform=container` to run these tests" />
		<system-out>22:45:19 INFO  ==============================================================
22:45:19 INFO  Id:    SoftwareManagement.Plugin.apama_plugin_update
22:45:19 INFO  Dir:   plugin_apama/
22:45:19 INFO  Title: Validate apama plugin updating one project with another
22:45:19 INFO  ==============================================================
22:45:19 INFO  Apama plugin tests are disabled by default. Execute `pysys run` with `-XmyPlatform=container` to run these tests ... skipped
22:45:19 WARN  Aborted test due to SKIPPED outcome
22:45:19 INFO  
22:45:19 INFO  Test duration: 0.02 secs
22:45:19 INFO  Test final outcome:  SKIPPED
22:45:19 INFO  Test outcome reason: Apama plugin tests are disabled by default. Execute `pysys run` with `-XmyPlatform=container` to run these tests
22:45:19 INFO  
</system-out>
	</testcase>
<testcase classname="ApamaPluginUpdateTest" name="SoftwareManagement.Plugin.apama_plugin_update">
		<failure message="BLOCKED: sudo&lt;plugin_install&gt; returned non-zero exit code 2" type="BLOCKED" />
		<system-out>23:36:31 INFO  ==============================================================
23:36:31 INFO  Id:    SoftwareManagement.Plugin.apama_plugin_update
23:36:31 INFO  Dir:   plugin_apama/
23:36:31 INFO  Title: Validate apama plugin updating one project with another
23:36:31 INFO  ==============================================================
23:36:31 INFO  Assertion that path exists=False for "/etc/tedge/apama/project" ... passed
23:36:32 INFO  Executed sudo&lt;create_project_dir&gt;, exit status 0
23:36:33 INFO  Executed sudo&lt;unzip_apama_project&gt;, exit status 0
23:36:33 INFO  Executed sudo&lt;move_apama_project&gt;, exit status 0
23:36:34 INFO  Executed sudo&lt;restart_apama_service&gt;, exit status 0
23:36:35 INFO  Executed sudo&lt;apama_correlator_wait&gt;, exit status 0
23:36:35 INFO  Assertion that path exists=True for "/etc/tedge/apama/project" ... passed
23:36:35 INFO  Executed sudo&lt;apama_list_monitors&gt;, exit status 0
23:36:35 INFO  Grep on file /home/pi/actions-runner/_work/thin-edge.io/thin-edge.io/tests/PySys/plugin_apama/apama_plugin_update/Output/linux/apama_list_monitors.out ... passed
23:36:36 WARN  Executed sudo&lt;plugin_install&gt;, exit status 2
23:36:36 INFO  Contents of plugin_install.err: 
  ERROR: Directory not empty (os error 39)
  -----

23:36:36 WARN  sudo&lt;plugin_install&gt; returned non-zero exit code 2 ... blocked [run.py:35]
23:36:36 WARN  Aborted test due to BLOCKED outcome
23:36:36 INFO  
23:36:36 INFO  cleanup:
23:36:36 INFO  Removing apama project
23:36:53 INFO  Executed sudo&lt;stop_apama_service&gt;, exit status 0, duration 16 secs
23:36:53 INFO  Executed sudo&lt;remove_apama_project&gt;, exit status 0
23:36:54 INFO  Executed sudo&lt;remove_apama_tmp_dir&gt;, exit status 0
23:36:54 INFO  
23:36:54 INFO  Test duration: 22.22 secs
23:36:54 INFO  Test final outcome:  BLOCKED
23:36:54 INFO  Test outcome reason: sudo&lt;plugin_install&gt; returned non-zero exit code 2
23:36:54 INFO  
</system-out>
	</testcase>
<testcase classname="ApamaPluginUpdateTest" name="SoftwareManagement.Plugin.apama_plugin_update">
		<failure message="BLOCKED: sudo&lt;plugin_install&gt; returned non-zero exit code 2" type="BLOCKED" />
		<system-out>23:45:37 INFO  ==============================================================
23:45:37 INFO  Id:    SoftwareManagement.Plugin.apama_plugin_update
23:45:37 INFO  Dir:   plugin_apama/
23:45:37 INFO  Title: Validate apama plugin updating one project with another
23:45:37 INFO  ==============================================================
23:45:37 INFO  Assertion that path exists=False for "/etc/tedge/apama/project" ... passed
23:45:37 INFO  Executed sudo&lt;create_project_dir&gt;, exit status 0
23:45:38 INFO  Executed sudo&lt;unzip_apama_project&gt;, exit status 0
23:45:38 INFO  Executed sudo&lt;move_apama_project&gt;, exit status 0
23:45:39 INFO  Executed sudo&lt;restart_apama_service&gt;, exit status 0
23:45:40 INFO  Executed sudo&lt;apama_correlator_wait&gt;, exit status 0
23:45:40 INFO  Assertion that path exists=True for "/etc/tedge/apama/project" ... passed
23:45:41 INFO  Executed sudo&lt;apama_list_monitors&gt;, exit status 0
23:45:41 INFO  Grep on file /home/pi/actions-runner/_work/thin-edge.io/thin-edge.io/tests/PySys/plugin_apama/apama_plugin_update/Output/linux/apama_list_monitors.out ... passed
23:45:41 WARN  Executed sudo&lt;plugin_install&gt;, exit status 2
23:45:41 INFO  Contents of plugin_install.err: 
  ERROR: Directory not empty (os error 39)
  -----

23:45:42 WARN  sudo&lt;plugin_install&gt; returned non-zero exit code 2 ... blocked [run.py:35]
23:45:42 WARN  Aborted test due to BLOCKED outcome
23:45:42 INFO  
23:45:42 INFO  cleanup:
23:45:42 INFO  Removing apama project
23:45:59 INFO  Executed sudo&lt;stop_apama_service&gt;, exit status 0, duration 17 secs
23:46:00 INFO  Executed sudo&lt;remove_apama_project&gt;, exit status 0
23:46:00 INFO  Executed sudo&lt;remove_apama_tmp_dir&gt;, exit status 0
23:46:00 INFO  
23:46:00 INFO  Test duration: 23.68 secs
23:46:00 INFO  Test final outcome:  BLOCKED
23:46:00 INFO  Test outcome reason: sudo&lt;plugin_install&gt; returned non-zero exit code 2
23:46:00 INFO  
</system-out>
	</testcase>
</testsuite><testsuite name="SoftwareManagement.sm_apt_install_download_path" tests="3" errors="0" failures="2" skipped="1" time="0"><testcase classname="AptInstallWithDownloadPath" name="SoftwareManagement.sm_apt_install_download_path">
		<skipped message="SKIPPED: Testing the apt plugin is not supported on this platform.Use parameter -XmyPlatform='container' to enable it" />
		<system-out>22:54:54 INFO  ==============================================================
22:54:54 INFO  Id:    SoftwareManagement.sm_apt_install_download_path
22:54:54 INFO  Dir:   software_management_end_to_end/
22:54:54 INFO  Title: Install package to directory specified in tedge config set tmp.path
22:54:54 INFO  ==============================================================
22:54:54 INFO  Testing the apt plugin is not supported on this platform.Use parameter -XmyPlatform='container' to enable it ... skipped
22:54:54 WARN  Aborted test due to SKIPPED outcome
22:54:54 INFO  
22:54:54 INFO  Test duration: 0.06 secs
22:54:54 INFO  Test final outcome:  SKIPPED
22:54:54 INFO  Test outcome reason: Testing the apt plugin is not supported on this platform.Use parameter -XmyPlatform='container' to enable it
22:54:54 INFO  
</system-out>
	</testcase>
<testcase classname="AptInstallWithDownloadPath" name="SoftwareManagement.sm_apt_install_download_path">
		<failure message="BLOCKED: AssertionError:" type="BLOCKED" />
		<system-out>23:18:07 INFO  ==============================================================
23:18:07 INFO  Id:    SoftwareManagement.sm_apt_install_download_path
23:18:07 INFO  Dir:   software_management_end_to_end/
23:18:07 INFO  Title: Install package to directory specified in tedge config set tmp.path
23:18:07 INFO  ==============================================================
23:18:08 INFO  Using sw id database: {'asciijump': '5475369', 'robotfindskitten': '5474869', 'squirrel3': '5475279', 'rolldice': '5152439', 'moon-buggy': '5439204', 'apple': '5495053', 'banana': '5494888', 'cherry': '5495382', 'watermelon': '5494510', 'registry': '8018911', 'hello-world': '8021526', 'docker/getting-started': '8021973', 'alpine': '7991792'}
23:18:08 INFO  EnvironmentC8y Setup
23:18:08 INFO  Executed systemctl&lt;serv_mapper1&gt;, exit status 3
23:18:23 INFO  Executed sudo&lt;tedge_connect_c8y&gt;, exit status 0, duration 14 secs
23:18:24 INFO  Executed sudo&lt;tedge_connect_c8y_test&gt;, exit status 0
23:18:25 INFO  Executed systemctl&lt;serv_mosq2&gt;, exit status 0
23:18:26 INFO  Executed systemctl&lt;serv_mapper3&gt;, exit status 0
23:18:28 INFO  State of current operation: SUCCESSFUL
23:18:28 INFO  Assert that (False == value) with value=False ... passed
23:18:29 INFO  Executed sudo, exit status 0
23:18:29 INFO  Executed sudo, exit status 0
23:18:30 INFO  Executed sudo, exit status 0
23:18:34 INFO  Executed sudo&lt;tedge_disconnect_c8y&gt;, exit status 0
23:18:34 INFO  Restarting mosquitto too frequently in the last 10 seconds. It was only up for 3 seconds
23:18:34 INFO  Delaying execution by 8 seconds
23:18:56 INFO  Executed sudo&lt;tedge_connect_c8y&gt;, exit status 0, duration 13 secs
23:18:56 INFO  Response status: 201
23:18:56 INFO  Response to action: {
    "creationTime": "2022-07-21T23:18:56.792Z",
    "deviceId": "21166555",
    "deviceName": "m32sd10d",
    "self": "https://t493319102.eu-latest.cumulocity.com/devicecontrol/operations/21210579",
    "id": "21210579",
    "status": "PENDING",
    "description": "Apply software changes, triggered from PySys: [{'name': 'rolldice', 'id': '5152439', 'version': '::apt', 'url': 'https://thin-edge-io.eu-latest.cumulocity.com/inventory/binaries/12435463', 'action': 'install'}]",
    "c8y_SoftwareUpdate": [
        {
            "name": "rolldice",
            "action": "install",
            "id": "5152439",
            "version": "::apt",
            "url": "https://thin-edge-io.eu-latest.cumulocity.com/inventory/binaries/12435463"
        }
    ]
}
23:18:56 INFO  Started operation: {'creationTime': '2022-07-21T23:18:56.792Z', 'deviceId': '21166555', 'deviceName': 'm32sd10d', 'self': 'https://t493319102.eu-latest.cumulocity.com/devicecontrol/operations/21210579', 'id': '21210579', 'status': 'PENDING', 'description': "Apply software changes, triggered from PySys: [{'name': 'rolldice', 'id': '5152439', 'version': '::apt', 'url': 'https://thin-edge-io.eu-latest.cumulocity.com/inventory/binaries/12435463', 'action': 'install'}]", 'c8y_SoftwareUpdate': [{'name': 'rolldice', 'action': 'install', 'id': '5152439', 'version': '::apt', 'url': 'https://thin-edge-io.eu-latest.cumulocity.com/inventory/binaries/12435463'}]}
23:18:56 WARN  , retrying in 0.5 seconds...
23:18:57 WARN  , retrying in 0.5 seconds...
23:18:57 WARN  , retrying in 0.5 seconds...
23:18:58 WARN  , retrying in 0.5 seconds...
23:18:58 WARN  , retrying in 0.5 seconds...
23:18:59 WARN  , retrying in 0.5 seconds...
23:18:59 WARN  , retrying in 0.5 seconds...
23:19:00 WARN  , retrying in 0.5 seconds...
23:19:00 WARN  , retrying in 0.5 seconds...
23:19:01 WARN  AssertionError occurred while running test - 
Traceback (most recent call last):
  File "/home/pi/env-pysys/lib/python3.7/site-packages/pysys/baserunner.py", line 1294, in __call__
    self.testObj.execute()
  File "/home/pi/actions-runner/_work/thin-edge.io/thin-edge.io/tests/PySys/software_management_end_to_end/sm_apt_install_download_path/run.py", line 83, in execute
    assert_install_in_download_path(install_directory=self.DOWNLOAD_DIR)
  File "/home/pi/env-pysys/lib/python3.7/site-packages/decorator.py", line 232, in fun
    return caller(func, *(extras + args), **kw)
  File "/home/pi/env-pysys/lib/python3.7/site-packages/retry/api.py", line 74, in retry_decorator
    logger)
  File "/home/pi/env-pysys/lib/python3.7/site-packages/retry/api.py", line 33, in __retry_internal
    return f()
  File "/home/pi/actions-runner/_work/thin-edge.io/thin-edge.io/tests/PySys/software_management_end_to_end/sm_apt_install_download_path/run.py", line 28, in assert_install_in_download_path
    assert "rolldice" in os.listdir(f"{install_directory}")
AssertionError
23:19:02 WARN  AssertionError: ... blocked 
23:19:02 INFO  
23:19:02 INFO  cleanup:
23:19:02 INFO  Executed sudo, exit status 0
23:19:03 INFO  Executed sudo, exit status 0
23:19:07 INFO  Executed sudo&lt;tedge_disconnect_c8y&gt;, exit status 0
23:19:07 INFO  Restarting mosquitto too frequently in the last 10 seconds. It was only up for 3 seconds
23:19:07 INFO  Delaying execution by 8 seconds
23:19:29 INFO  Executed sudo&lt;tedge_connect_c8y&gt;, exit status 0, duration 14 secs
23:19:33 INFO  Executed sudo&lt;tedge_disconnect_c8y&gt;, exit status 0
23:19:34 INFO  Executed systemctl&lt;serv_mapper5&gt;, exit status 3
23:19:34 INFO  
23:19:34 INFO  Test duration: 86.54 secs
23:19:34 INFO  Test final outcome:  BLOCKED
23:19:34 INFO  Test outcome reason: AssertionError:
23:19:34 INFO  
</system-out>
	</testcase>
<testcase classname="AptInstallWithDownloadPath" name="SoftwareManagement.sm_apt_install_download_path">
		<failure message="BLOCKED: AssertionError:" type="BLOCKED" />
		<system-out>23:46:00 INFO  ==============================================================
23:46:00 INFO  Id:    SoftwareManagement.sm_apt_install_download_path
23:46:00 INFO  Dir:   software_management_end_to_end/
23:46:00 INFO  Title: Install package to directory specified in tedge config set tmp.path
23:46:00 INFO  ==============================================================
23:46:02 INFO  Using sw id database: {'asciijump': '5475369', 'robotfindskitten': '5474869', 'squirrel3': '5475279', 'rolldice': '5152439', 'moon-buggy': '5439204', 'apple': '5495053', 'banana': '5494888', 'cherry': '5495382', 'watermelon': '5494510', 'registry': '8018911', 'hello-world': '8021526', 'docker/getting-started': '8021973', 'alpine': '7991792'}
23:46:02 INFO  EnvironmentC8y Setup
23:46:02 INFO  Executed systemctl&lt;serv_mapper1&gt;, exit status 3
23:46:17 INFO  Executed sudo&lt;tedge_connect_c8y&gt;, exit status 0, duration 14 secs
23:46:17 INFO  Executed sudo&lt;tedge_connect_c8y_test&gt;, exit status 0
23:46:18 INFO  Executed systemctl&lt;serv_mosq2&gt;, exit status 0
23:46:18 INFO  Executed systemctl&lt;serv_mapper3&gt;, exit status 0
23:46:20 INFO  State of current operation: SUCCESSFUL
23:46:21 INFO  Assert that (False == value) with value=False ... passed
23:46:21 INFO  Executed sudo, exit status 0
23:46:22 INFO  Executed sudo, exit status 0
23:46:23 INFO  Executed sudo, exit status 0
23:46:27 INFO  Executed sudo&lt;tedge_disconnect_c8y&gt;, exit status 0
23:46:28 INFO  Restarting mosquitto too frequently in the last 10 seconds. It was only up for 3 seconds
23:46:28 INFO  Delaying execution by 8 seconds
23:46:50 INFO  Executed sudo&lt;tedge_connect_c8y&gt;, exit status 0, duration 14 secs
23:46:50 INFO  Response status: 201
23:46:50 INFO  Response to action: {
    "creationTime": "2022-07-21T23:46:50.512Z",
    "deviceId": "21166555",
    "deviceName": "m32sd10d",
    "self": "https://t493319102.eu-latest.cumulocity.com/devicecontrol/operations/21210711",
    "id": "21210711",
    "status": "PENDING",
    "description": "Apply software changes, triggered from PySys: [{'name': 'rolldice', 'id': '5152439', 'version': '::apt', 'url': 'https://thin-edge-io.eu-latest.cumulocity.com/inventory/binaries/12435463', 'action': 'install'}]",
    "c8y_SoftwareUpdate": [
        {
            "name": "rolldice",
            "action": "install",
            "id": "5152439",
            "version": "::apt",
            "url": "https://thin-edge-io.eu-latest.cumulocity.com/inventory/binaries/12435463"
        }
    ]
}
23:46:50 INFO  Started operation: {'creationTime': '2022-07-21T23:46:50.512Z', 'deviceId': '21166555', 'deviceName': 'm32sd10d', 'self': 'https://t493319102.eu-latest.cumulocity.com/devicecontrol/operations/21210711', 'id': '21210711', 'status': 'PENDING', 'description': "Apply software changes, triggered from PySys: [{'name': 'rolldice', 'id': '5152439', 'version': '::apt', 'url': 'https://thin-edge-io.eu-latest.cumulocity.com/inventory/binaries/12435463', 'action': 'install'}]", 'c8y_SoftwareUpdate': [{'name': 'rolldice', 'action': 'install', 'id': '5152439', 'version': '::apt', 'url': 'https://thin-edge-io.eu-latest.cumulocity.com/inventory/binaries/12435463'}]}
23:46:50 WARN  , retrying in 0.5 seconds...
23:46:51 WARN  , retrying in 0.5 seconds...
23:46:51 WARN  , retrying in 0.5 seconds...
23:46:52 WARN  , retrying in 0.5 seconds...
23:46:52 WARN  , retrying in 0.5 seconds...
23:46:53 WARN  , retrying in 0.5 seconds...
23:46:53 WARN  , retrying in 0.5 seconds...
23:46:54 WARN  , retrying in 0.5 seconds...
23:46:54 WARN  , retrying in 0.5 seconds...
23:46:55 WARN  AssertionError occurred while running test - 
Traceback (most recent call last):
  File "/home/pi/env-pysys/lib/python3.7/site-packages/pysys/baserunner.py", line 1294, in __call__
    self.testObj.execute()
  File "/home/pi/actions-runner/_work/thin-edge.io/thin-edge.io/tests/PySys/software_management_end_to_end/sm_apt_install_download_path/run.py", line 83, in execute
    assert_install_in_download_path(install_directory=self.DOWNLOAD_DIR)
  File "/home/pi/env-pysys/lib/python3.7/site-packages/decorator.py", line 232, in fun
    return caller(func, *(extras + args), **kw)
  File "/home/pi/env-pysys/lib/python3.7/site-packages/retry/api.py", line 74, in retry_decorator
    logger)
  File "/home/pi/env-pysys/lib/python3.7/site-packages/retry/api.py", line 33, in __retry_internal
    return f()
  File "/home/pi/actions-runner/_work/thin-edge.io/thin-edge.io/tests/PySys/software_management_end_to_end/sm_apt_install_download_path/run.py", line 28, in assert_install_in_download_path
    assert "rolldice" in os.listdir(f"{install_directory}")
AssertionError
23:46:55 WARN  AssertionError: ... blocked 
23:46:55 INFO  
23:46:55 INFO  cleanup:
23:46:55 INFO  Executed sudo, exit status 0
23:46:56 INFO  Executed sudo, exit status 0
23:47:01 INFO  Executed sudo&lt;tedge_disconnect_c8y&gt;, exit status 0
23:47:01 INFO  Restarting mosquitto too frequently in the last 10 seconds. It was only up for 4 seconds
23:47:01 INFO  Delaying execution by 7 seconds
23:47:23 INFO  Executed sudo&lt;tedge_connect_c8y&gt;, exit status 0, duration 15 secs
23:47:28 INFO  Executed sudo&lt;tedge_disconnect_c8y&gt;, exit status 0
23:47:29 INFO  Executed systemctl&lt;serv_mapper5&gt;, exit status 3
23:47:29 INFO  
23:47:29 INFO  Test duration: 88.24 secs
23:47:29 INFO  Test final outcome:  BLOCKED
23:47:29 INFO  Test outcome reason: AssertionError:
23:47:29 INFO  
</system-out>
	</testcase>
</testsuite><testsuite name="SoftwareManagement.sm_apt_install_fail" tests="3" errors="0" failures="0" skipped="1" time="0"><testcase classname="PySysTest" name="SoftwareManagement.sm_apt_install_fail">
		<skipped message="SKIPPED: Testing the apt plugin is not supported on this platform.Use parameter -XmyPlatform='container' to enable it" />
		<system-out>22:54:54 INFO  ==============================================================
22:54:54 INFO  Id:    SoftwareManagement.sm_apt_install_fail
22:54:54 INFO  Dir:   software_management_end_to_end/
22:54:54 INFO  Title: Validate end to end behaviour for a failing installation
22:54:54 INFO  ==============================================================
22:54:54 INFO  Testing the apt plugin is not supported on this platform.Use parameter -XmyPlatform='container' to enable it ... skipped
22:54:54 WARN  Aborted test due to SKIPPED outcome
22:54:54 INFO  
22:54:54 INFO  Test duration: 0.02 secs
22:54:54 INFO  Test final outcome:  SKIPPED
22:54:54 INFO  Test outcome reason: Testing the apt plugin is not supported on this platform.Use parameter -XmyPlatform='container' to enable it
22:54:54 INFO  
</system-out>
	</testcase>
<testcase classname="PySysTest" name="SoftwareManagement.sm_apt_install_fail" />
<testcase classname="PySysTest" name="SoftwareManagement.sm_apt_install_fail" />
</testsuite><testsuite name="SoftwareManagement.sm_apt_install_remove" tests="3" errors="0" failures="0" skipped="1" time="0"><testcase classname="PySysTest" name="SoftwareManagement.sm_apt_install_remove">
		<skipped message="SKIPPED: Testing the apt plugin is not supported on this platform.Use parameter -XmyPlatform='container' to enable it" />
		<system-out>22:54:54 INFO  ==============================================================
22:54:54 INFO  Id:    SoftwareManagement.sm_apt_install_remove
22:54:54 INFO  Dir:   software_management_end_to_end/
22:54:54 INFO  Title: Validate end to end behaviour for the apt plugin for installation and removal of packages
22:54:54 INFO  ==============================================================
22:54:54 INFO  Testing the apt plugin is not supported on this platform.Use parameter -XmyPlatform='container' to enable it ... skipped
22:54:54 WARN  Aborted test due to SKIPPED outcome
22:54:54 INFO  
22:54:54 INFO  Test duration: 0.02 secs
22:54:54 INFO  Test final outcome:  SKIPPED
22:54:54 INFO  Test outcome reason: Testing the apt plugin is not supported on this platform.Use parameter -XmyPlatform='container' to enable it
22:54:54 INFO  
</system-out>
	</testcase>
<testcase classname="PySysTest" name="SoftwareManagement.sm_apt_install_remove" />
<testcase classname="PySysTest" name="SoftwareManagement.sm_apt_install_remove" />
</testsuite><testsuite name="SoftwareManagement.sm_apt_install_remove_default" tests="3" errors="0" failures="0" skipped="1" time="0"><testcase classname="PySysTest" name="SoftwareManagement.sm_apt_install_remove_default">
		<skipped message="SKIPPED: Testing the apt plugin is not supported on this platform.Use parameter -XmyPlatform='container' to enable it" />
		<system-out>22:54:54 INFO  ==============================================================
22:54:54 INFO  Id:    SoftwareManagement.sm_apt_install_remove_default
22:54:54 INFO  Dir:   software_management_end_to_end/
22:54:54 INFO  Title: Validate end to end behaviour for the default plugin for installation and removal of packages
22:54:54 INFO  ==============================================================
22:54:54 INFO  Testing the apt plugin is not supported on this platform.Use parameter -XmyPlatform='container' to enable it ... skipped
22:54:54 WARN  Aborted test due to SKIPPED outcome
22:54:54 INFO  
22:54:54 INFO  Test duration: 0.02 secs
22:54:54 INFO  Test final outcome:  SKIPPED
22:54:54 INFO  Test outcome reason: Testing the apt plugin is not supported on this platform.Use parameter -XmyPlatform='container' to enable it
22:54:54 INFO  
</system-out>
	</testcase>
<testcase classname="PySysTest" name="SoftwareManagement.sm_apt_install_remove_default" />
<testcase classname="PySysTest" name="SoftwareManagement.sm_apt_install_remove_default" />
</testsuite><testsuite name="SoftwareManagement.sm_apt_install_remove_multiple" tests="3" errors="0" failures="2" skipped="1" time="0"><testcase classname="PySysTest" name="SoftwareManagement.sm_apt_install_remove_multiple">
		<skipped message="SKIPPED: Testing the apt plugin is not supported on this platform.Use parameter -XmyPlatform='container' to enable it" />
		<system-out>22:54:54 INFO  ==============================================================
22:54:54 INFO  Id:    SoftwareManagement.sm_apt_install_remove_multiple
22:54:54 INFO  Dir:   software_management_end_to_end/
22:54:54 INFO  Title: Validate end to end behaviour for the apt plugin for multiple packages
22:54:54 INFO  ==============================================================
22:54:54 INFO  Testing the apt plugin is not supported on this platform.Use parameter -XmyPlatform='container' to enable it ... skipped
22:54:54 WARN  Aborted test due to SKIPPED outcome
22:54:54 INFO  
22:54:54 INFO  Test duration: 0.02 secs
22:54:54 INFO  Test final outcome:  SKIPPED
22:54:54 INFO  Test outcome reason: Testing the apt plugin is not supported on this platform.Use parameter -XmyPlatform='container' to enable it
22:54:54 INFO  
</system-out>
	</testcase>
<testcase classname="PySysTest" name="SoftwareManagement.sm_apt_install_remove_multiple">
		<failure message="FAILED: Assert that (False == value) with value=True" type="FAILED" />
		<system-out>23:26:31 INFO  ==============================================================
23:26:31 INFO  Id:    SoftwareManagement.sm_apt_install_remove_multiple
23:26:31 INFO  Dir:   software_management_end_to_end/
23:26:31 INFO  Title: Validate end to end behaviour for the apt plugin for multiple packages
23:26:31 INFO  ==============================================================
23:26:31 INFO  Using sw id database: {'asciijump': '5475369', 'robotfindskitten': '5474869', 'squirrel3': '5475279', 'rolldice': '5152439', 'moon-buggy': '5439204', 'apple': '5495053', 'banana': '5494888', 'cherry': '5495382', 'watermelon': '5494510', 'registry': '8018911', 'hello-world': '8021526', 'docker/getting-started': '8021973', 'alpine': '7991792'}
23:26:31 INFO  EnvironmentC8y Setup
23:26:31 INFO  Executed systemctl&lt;serv_mapper1&gt;, exit status 3
23:26:31 INFO  Restarting mosquitto too frequently in the last 10 seconds. It was only up for 5 seconds
23:26:31 INFO  Delaying execution by 6 seconds
23:26:52 INFO  Executed sudo&lt;tedge_connect_c8y&gt;, exit status 0, duration 14 secs
23:26:52 INFO  Executed sudo&lt;tedge_connect_c8y_test&gt;, exit status 0
23:26:53 INFO  Executed systemctl&lt;serv_mosq2&gt;, exit status 0
23:26:53 INFO  Executed systemctl&lt;serv_mapper3&gt;, exit status 0
23:26:55 INFO  State of current operation: SUCCESSFUL
23:26:56 INFO  Assert that (False == value) with value=False ... passed
23:26:56 INFO  Assert that (False == value) with value=False ... passed
23:26:56 INFO  Assert that (False == value) with value=False ... passed
23:26:56 INFO  Package robotfindskitten is installed
23:26:56 WARN  Assert that (False == value) with value=True ... failed 
23:26:57 INFO  Response status: 201
23:26:57 INFO  Response to action: {
    "delivery": {
        "log": [],
        "time": "2022-07-21T23:26:57.105Z",
        "status": "PENDING"
    },
    "creationTime": "2022-07-21T23:26:57.091Z",
    "deviceId": "21166555",
    "deviceName": "m32sd10d",
    "self": "https://t493319102.eu-latest.cumulocity.com/devicecontrol/operations/21210591",
    "id": "21210591",
    "status": "PENDING",
    "description": "Apply software changes, triggered from PySys: [{'action': 'install', 'id': '5475369', 'name': 'asciijump', 'url': ' ', 'version': '::apt'}, {'action': 'install', 'id': '5474869', 'name': 'robotfindskitten', 'url': ' ', 'version': '::apt'}, {'action': 'install', 'id': '5475279', 'name': 'squirrel3', 'url': ' ', 'version': '::apt'}]",
    "c8y_SoftwareUpdate": [
        {
            "name": "asciijump",
            "action": "install",
            "id": "5475369",
            "version": "::apt",
            "url": " "
        },
        {
            "name": "robotfindskitten",
            "action": "install",
            "id": "5474869",
            "version": "::apt",
            "url": " "
        },
        {
            "name": "squirrel3",
            "action": "install",
            "id": "5475279",
            "version": "::apt",
            "url": " "
        }
    ]
}
23:26:57 INFO  Started operation: {'delivery': {'log': [], 'time': '2022-07-21T23:26:57.105Z', 'status': 'PENDING'}, 'creationTime': '2022-07-21T23:26:57.091Z', 'deviceId': '21166555', 'deviceName': 'm32sd10d', 'self': 'https://t493319102.eu-latest.cumulocity.com/devicecontrol/operations/21210591', 'id': '21210591', 'status': 'PENDING', 'description': "Apply software changes, triggered from PySys: [{'action': 'install', 'id': '5475369', 'name': 'asciijump', 'url': ' ', 'version': '::apt'}, {'action': 'install', 'id': '5474869', 'name': 'robotfindskitten', 'url': ' ', 'version': '::apt'}, {'action': 'install', 'id': '5475279', 'name': 'squirrel3', 'url': ' ', 'version': '::apt'}]", 'c8y_SoftwareUpdate': [{'name': 'asciijump', 'action': 'install', 'id': '5475369', 'version': '::apt', 'url': ' '}, {'name': 'robotfindskitten', 'action': 'install', 'id': '5474869', 'version': '::apt', 'url': ' '}, {'name': 'squirrel3', 'action': 'install', 'id': '5475279', 'version': '::apt', 'url': ' '}]}
23:26:59 INFO  State of operation 21210591 : PENDING
23:27:01 INFO  State of operation 21210591 : EXECUTING
23:27:03 INFO  State of operation 21210591 : EXECUTING
23:27:06 INFO  State of operation 21210591 : EXECUTING
23:27:08 INFO  State of operation 21210591 : EXECUTING
23:27:10 INFO  State of operation 21210591 : EXECUTING
23:27:13 INFO  State of operation 21210591 : EXECUTING
23:27:16 INFO  State of operation 21210591 : EXECUTING
23:27:18 INFO  State of operation 21210591 : EXECUTING
23:27:20 INFO  State of operation 21210591 : EXECUTING
23:27:22 INFO  State of operation 21210591 : EXECUTING
23:27:25 INFO  State of operation 21210591 : EXECUTING
23:27:27 INFO  State of operation 21210591 : EXECUTING
23:27:29 INFO  State of operation 21210591 : EXECUTING
23:27:31 INFO  State of operation 21210591 : EXECUTING
23:27:34 INFO  State of operation 21210591 : EXECUTING
23:27:36 INFO  State of operation 21210591 : EXECUTING
23:27:39 INFO  State of operation 21210591 : EXECUTING
23:27:41 INFO  State of operation 21210591 : EXECUTING
23:27:43 INFO  State of operation 21210591 : EXECUTING
23:27:46 INFO  State of operation 21210591 : EXECUTING
23:27:48 INFO  State of operation 21210591 : EXECUTING
23:27:50 INFO  State of operation 21210591 : EXECUTING
23:27:54 INFO  State of operation 21210591 : EXECUTING
23:27:56 INFO  State of operation 21210591 : EXECUTING
23:27:59 INFO  State of operation 21210591 : EXECUTING
23:28:01 INFO  State of operation 21210591 : EXECUTING
23:28:03 INFO  State of operation 21210591 : EXECUTING
23:28:06 INFO  State of operation 21210591 : EXECUTING
23:28:08 INFO  State of operation 21210591 : EXECUTING
23:28:10 INFO  State of operation 21210591 : EXECUTING
23:28:13 INFO  State of operation 21210591 : EXECUTING
23:28:15 INFO  State of operation 21210591 : EXECUTING
23:28:17 INFO  State of operation 21210591 : SUCCESSFUL
23:28:17 INFO  Assert that (False == value) with value=False ... passed
23:28:17 INFO  Package asciijump is installed
23:28:17 INFO  Assert that (True == value) with value=True ... passed
23:28:18 INFO  Package squirrel3 is installed
23:28:18 INFO  Assert that (True == value) with value=True ... passed
23:28:18 INFO  Package robotfindskitten is installed
23:28:18 INFO  Assert that (True == value) with value=True ... passed
23:28:18 INFO  Response status: 201
23:28:18 INFO  Response to action: {
    "delivery": {
        "log": [],
        "time": "2022-07-21T23:28:18.614Z",
        "status": "PENDING"
    },
    "creationTime": "2022-07-21T23:28:18.598Z",
    "deviceId": "21166555",
    "deviceName": "m32sd10d",
    "self": "https://t493319102.eu-latest.cumulocity.com/devicecontrol/operations/21210597",
    "id": "21210597",
    "status": "PENDING",
    "description": "Apply software changes, triggered from PySys: [{'action': 'delete', 'id': '5475369', 'name': 'asciijump', 'url': ' ', 'version': '::apt'}, {'action': 'delete', 'id': '5474869', 'name': 'robotfindskitten', 'url': ' ', 'version': '::apt'}, {'action': 'delete', 'id': '5475279', 'name': 'squirrel3', 'url': ' ', 'version': '::apt'}]",
    "c8y_SoftwareUpdate": [
        {
            "name": "asciijump",
            "action": "delete",
            "id": "5475369",
            "version": "::apt",
            "url": " "
        },
        {
            "name": "robotfindskitten",
            "action": "delete",
            "id": "5474869",
            "version": "::apt",
            "url": " "
        },
        {
            "name": "squirrel3",
            "action": "delete",
            "id": "5475279",
            "version": "::apt",
            "url": " "
        }
    ]
}
23:28:18 INFO  Started operation: {'delivery': {'log': [], 'time': '2022-07-21T23:28:18.614Z', 'status': 'PENDING'}, 'creationTime': '2022-07-21T23:28:18.598Z', 'deviceId': '21166555', 'deviceName': 'm32sd10d', 'self': 'https://t493319102.eu-latest.cumulocity.com/devicecontrol/operations/21210597', 'id': '21210597', 'status': 'PENDING', 'description': "Apply software changes, triggered from PySys: [{'action': 'delete', 'id': '5475369', 'name': 'asciijump', 'url': ' ', 'version': '::apt'}, {'action': 'delete', 'id': '5474869', 'name': 'robotfindskitten', 'url': ' ', 'version': '::apt'}, {'action': 'delete', 'id': '5475279', 'name': 'squirrel3', 'url': ' ', 'version': '::apt'}]", 'c8y_SoftwareUpdate': [{'name': 'asciijump', 'action': 'delete', 'id': '5475369', 'version': '::apt', 'url': ' '}, {'name': 'robotfindskitten', 'action': 'delete', 'id': '5474869', 'version': '::apt', 'url': ' '}, {'name': 'squirrel3', 'action': 'delete', 'id': '5475279', 'version': '::apt', 'url': ' '}]}
23:28:20 INFO  State of operation 21210597 : PENDING
23:28:23 INFO  State of operation 21210597 : EXECUTING
23:28:25 INFO  State of operation 21210597 : EXECUTING
23:28:27 INFO  State of operation 21210597 : EXECUTING
23:28:29 INFO  State of operation 21210597 : EXECUTING
23:28:31 INFO  State of operation 21210597 : EXECUTING
23:28:34 INFO  State of operation 21210597 : EXECUTING
23:28:37 INFO  State of operation 21210597 : EXECUTING
23:28:39 INFO  State of operation 21210597 : EXECUTING
23:28:42 INFO  State of operation 21210597 : EXECUTING
23:28:44 INFO  State of operation 21210597 : EXECUTING
23:28:46 INFO  State of operation 21210597 : EXECUTING
23:28:48 INFO  State of operation 21210597 : EXECUTING
23:28:51 INFO  State of operation 21210597 : EXECUTING
23:28:53 INFO  State of operation 21210597 : EXECUTING
23:28:56 INFO  State of operation 21210597 : EXECUTING
23:28:58 INFO  State of operation 21210597 : EXECUTING
23:29:01 INFO  State of operation 21210597 : EXECUTING
23:29:03 INFO  State of operation 21210597 : EXECUTING
23:29:06 INFO  State of operation 21210597 : EXECUTING
23:29:08 INFO  State of operation 21210597 : EXECUTING
23:29:10 INFO  State of operation 21210597 : EXECUTING
23:29:12 INFO  State of operation 21210597 : EXECUTING
23:29:15 INFO  State of operation 21210597 : EXECUTING
23:29:17 INFO  State of operation 21210597 : EXECUTING
23:29:20 INFO  State of operation 21210597 : EXECUTING
23:29:22 INFO  State of operation 21210597 : EXECUTING
23:29:24 INFO  State of operation 21210597 : SUCCESSFUL
23:29:24 INFO  Assert that (False == value) with value=False ... passed
23:29:25 INFO  Assert that (False == value) with value=False ... passed
23:29:25 INFO  Assert that (False == value) with value=False ... passed
23:29:25 INFO  Assert that (False == value) with value=False ... passed
23:29:25 INFO  
23:29:25 INFO  cleanup:
23:29:29 INFO  Executed sudo&lt;tedge_disconnect_c8y&gt;, exit status 0
23:29:30 INFO  Executed systemctl&lt;serv_mapper5&gt;, exit status 3
23:29:30 INFO  
23:29:30 INFO  Test duration: 179.09 secs
23:29:30 INFO  Test final outcome:  FAILED
23:29:30 INFO  Test outcome reason: Assert that (False == value) with value=True
23:29:30 INFO  
</system-out>
	</testcase>
<testcase classname="PySysTest" name="SoftwareManagement.sm_apt_install_remove_multiple">
		<failure message="FAILED: Assert that (False == value) with value=True (+2 other failures)" type="FAILED" />
		<system-out>23:54:07 INFO  ==============================================================
23:54:07 INFO  Id:    SoftwareManagement.sm_apt_install_remove_multiple
23:54:07 INFO  Dir:   software_management_end_to_end/
23:54:07 INFO  Title: Validate end to end behaviour for the apt plugin for multiple packages
23:54:07 INFO  ==============================================================
23:54:07 INFO  Using sw id database: {'asciijump': '5475369', 'robotfindskitten': '5474869', 'squirrel3': '5475279', 'rolldice': '5152439', 'moon-buggy': '5439204', 'apple': '5495053', 'banana': '5494888', 'cherry': '5495382', 'watermelon': '5494510', 'registry': '8018911', 'hello-world': '8021526', 'docker/getting-started': '8021973', 'alpine': '7991792'}
23:54:07 INFO  EnvironmentC8y Setup
23:54:08 INFO  Executed systemctl&lt;serv_mapper1&gt;, exit status 3
23:54:08 INFO  Restarting mosquitto too frequently in the last 10 seconds. It was only up for 6 seconds
23:54:08 INFO  Delaying execution by 5 seconds
23:54:29 INFO  Executed sudo&lt;tedge_connect_c8y&gt;, exit status 0, duration 16 secs
23:54:30 INFO  Executed sudo&lt;tedge_connect_c8y_test&gt;, exit status 0
23:54:30 INFO  Executed systemctl&lt;serv_mosq2&gt;, exit status 0
23:54:31 INFO  Executed systemctl&lt;serv_mapper3&gt;, exit status 0
23:54:33 INFO  State of current operation: SUCCESSFUL
23:54:33 INFO  Assert that (False == value) with value=False ... passed
23:54:33 INFO  Package asciijump is installed
23:54:34 WARN  Assert that (False == value) with value=True ... failed 
23:54:34 INFO  Package squirrel3 is installed
23:54:34 WARN  Assert that (False == value) with value=True ... failed 
23:54:34 INFO  Package robotfindskitten is installed
23:54:34 WARN  Assert that (False == value) with value=True ... failed 
23:54:34 INFO  Response status: 201
23:54:34 INFO  Response to action: {
    "creationTime": "2022-07-21T23:54:34.929Z",
    "deviceId": "21166555",
    "deviceName": "m32sd10d",
    "self": "https://t493319102.eu-latest.cumulocity.com/devicecontrol/operations/21210747",
    "id": "21210747",
    "status": "PENDING",
    "description": "Apply software changes, triggered from PySys: [{'action': 'install', 'id': '5475369', 'name': 'asciijump', 'url': ' ', 'version': '::apt'}, {'action': 'install', 'id': '5474869', 'name': 'robotfindskitten', 'url': ' ', 'version': '::apt'}, {'action': 'install', 'id': '5475279', 'name': 'squirrel3', 'url': ' ', 'version': '::apt'}]",
    "c8y_SoftwareUpdate": [
        {
            "name": "asciijump",
            "action": "install",
            "id": "5475369",
            "version": "::apt",
            "url": " "
        },
        {
            "name": "robotfindskitten",
            "action": "install",
            "id": "5474869",
            "version": "::apt",
            "url": " "
        },
        {
            "name": "squirrel3",
            "action": "install",
            "id": "5475279",
            "version": "::apt",
            "url": " "
        }
    ]
}
23:54:34 INFO  Started operation: {'creationTime': '2022-07-21T23:54:34.929Z', 'deviceId': '21166555', 'deviceName': 'm32sd10d', 'self': 'https://t493319102.eu-latest.cumulocity.com/devicecontrol/operations/21210747', 'id': '21210747', 'status': 'PENDING', 'description': "Apply software changes, triggered from PySys: [{'action': 'install', 'id': '5475369', 'name': 'asciijump', 'url': ' ', 'version': '::apt'}, {'action': 'install', 'id': '5474869', 'name': 'robotfindskitten', 'url': ' ', 'version': '::apt'}, {'action': 'install', 'id': '5475279', 'name': 'squirrel3', 'url': ' ', 'version': '::apt'}]", 'c8y_SoftwareUpdate': [{'name': 'asciijump', 'action': 'install', 'id': '5475369', 'version': '::apt', 'url': ' '}, {'name': 'robotfindskitten', 'action': 'install', 'id': '5474869', 'version': '::apt', 'url': ' '}, {'name': 'squirrel3', 'action': 'install', 'id': '5475279', 'version': '::apt', 'url': ' '}]}
23:54:37 INFO  State of operation 21210747 : PENDING
23:54:39 INFO  State of operation 21210747 : EXECUTING
23:54:41 INFO  State of operation 21210747 : EXECUTING
23:54:43 INFO  State of operation 21210747 : EXECUTING
23:54:46 INFO  State of operation 21210747 : EXECUTING
23:54:48 INFO  State of operation 21210747 : EXECUTING
23:54:51 INFO  State of operation 21210747 : EXECUTING
23:54:54 INFO  State of operation 21210747 : EXECUTING
23:54:56 INFO  State of operation 21210747 : EXECUTING
23:54:58 INFO  State of operation 21210747 : EXECUTING
23:55:01 INFO  State of operation 21210747 : EXECUTING
23:55:03 INFO  State of operation 21210747 : EXECUTING
23:55:05 INFO  State of operation 21210747 : EXECUTING
23:55:07 INFO  State of operation 21210747 : EXECUTING
23:55:09 INFO  State of operation 21210747 : EXECUTING
23:55:12 INFO  State of operation 21210747 : SUCCESSFUL
23:55:12 INFO  Assert that (False == value) with value=False ... passed
23:55:12 INFO  Package asciijump is installed
23:55:12 INFO  Assert that (True == value) with value=True ... passed
23:55:13 INFO  Package squirrel3 is installed
23:55:13 INFO  Assert that (True == value) with value=True ... passed
23:55:13 INFO  Package robotfindskitten is installed
23:55:13 INFO  Assert that (True == value) with value=True ... passed
23:55:13 INFO  Response status: 201
23:55:13 INFO  Response to action: {
    "creationTime": "2022-07-21T23:55:13.447Z",
    "deviceId": "21166555",
    "deviceName": "m32sd10d",
    "self": "https://t493319102.eu-latest.cumulocity.com/devicecontrol/operations/21210751",
    "id": "21210751",
    "status": "PENDING",
    "description": "Apply software changes, triggered from PySys: [{'action': 'delete', 'id': '5475369', 'name': 'asciijump', 'url': ' ', 'version': '::apt'}, {'action': 'delete', 'id': '5474869', 'name': 'robotfindskitten', 'url': ' ', 'version': '::apt'}, {'action': 'delete', 'id': '5475279', 'name': 'squirrel3', 'url': ' ', 'version': '::apt'}]",
    "c8y_SoftwareUpdate": [
        {
            "name": "asciijump",
            "action": "delete",
            "id": "5475369",
            "version": "::apt",
            "url": " "
        },
        {
            "name": "robotfindskitten",
            "action": "delete",
            "id": "5474869",
            "version": "::apt",
            "url": " "
        },
        {
            "name": "squirrel3",
            "action": "delete",
            "id": "5475279",
            "version": "::apt",
            "url": " "
        }
    ]
}
23:55:13 INFO  Started operation: {'creationTime': '2022-07-21T23:55:13.447Z', 'deviceId': '21166555', 'deviceName': 'm32sd10d', 'self': 'https://t493319102.eu-latest.cumulocity.com/devicecontrol/operations/21210751', 'id': '21210751', 'status': 'PENDING', 'description': "Apply software changes, triggered from PySys: [{'action': 'delete', 'id': '5475369', 'name': 'asciijump', 'url': ' ', 'version': '::apt'}, {'action': 'delete', 'id': '5474869', 'name': 'robotfindskitten', 'url': ' ', 'version': '::apt'}, {'action': 'delete', 'id': '5475279', 'name': 'squirrel3', 'url': ' ', 'version': '::apt'}]", 'c8y_SoftwareUpdate': [{'name': 'asciijump', 'action': 'delete', 'id': '5475369', 'version': '::apt', 'url': ' '}, {'name': 'robotfindskitten', 'action': 'delete', 'id': '5474869', 'version': '::apt', 'url': ' '}, {'name': 'squirrel3', 'action': 'delete', 'id': '5475279', 'version': '::apt', 'url': ' '}]}
23:55:15 INFO  State of operation 21210751 : PENDING
23:55:17 INFO  State of operation 21210751 : EXECUTING
23:55:20 INFO  State of operation 21210751 : EXECUTING
23:55:22 INFO  State of operation 21210751 : EXECUTING
23:55:24 INFO  State of operation 21210751 : EXECUTING
23:55:26 INFO  State of operation 21210751 : EXECUTING
23:55:29 INFO  State of operation 21210751 : EXECUTING
23:55:32 INFO  State of operation 21210751 : EXECUTING
23:55:34 INFO  State of operation 21210751 : EXECUTING
23:55:36 INFO  State of operation 21210751 : EXECUTING
23:55:39 INFO  State of operation 21210751 : EXECUTING
23:55:41 INFO  State of operation 21210751 : EXECUTING
23:55:43 INFO  State of operation 21210751 : EXECUTING
23:55:45 INFO  State of operation 21210751 : EXECUTING
23:55:48 INFO  State of operation 21210751 : EXECUTING
23:55:50 INFO  State of operation 21210751 : EXECUTING
23:55:52 INFO  State of operation 21210751 : EXECUTING
23:55:55 INFO  State of operation 21210751 : EXECUTING
23:55:57 INFO  State of operation 21210751 : EXECUTING
23:56:00 INFO  State of operation 21210751 : EXECUTING
23:56:02 INFO  State of operation 21210751 : EXECUTING
23:56:04 INFO  State of operation 21210751 : EXECUTING
23:56:06 INFO  State of operation 21210751 : EXECUTING
23:56:09 INFO  State of operation 21210751 : EXECUTING
23:56:11 INFO  State of operation 21210751 : EXECUTING
23:56:13 INFO  State of operation 21210751 : EXECUTING
23:56:16 INFO  State of operation 21210751 : EXECUTING
23:56:18 INFO  State of operation 21210751 : EXECUTING
23:56:21 INFO  State of operation 21210751 : EXECUTING
23:56:23 INFO  State of operation 21210751 : EXECUTING
23:56:25 INFO  State of operation 21210751 : SUCCESSFUL
23:56:25 INFO  Assert that (False == value) with value=False ... passed
23:56:25 INFO  Assert that (False == value) with value=False ... passed
23:56:26 INFO  Assert that (False == value) with value=False ... passed
23:56:26 INFO  Assert that (False == value) with value=False ... passed
23:56:26 INFO  
23:56:26 INFO  cleanup:
23:56:30 INFO  Executed sudo&lt;tedge_disconnect_c8y&gt;, exit status 0
23:56:31 INFO  Executed systemctl&lt;serv_mapper5&gt;, exit status 3
23:56:31 INFO  
23:56:31 INFO  Test duration: 143.86 secs
23:56:31 INFO  Test final outcome:  FAILED
23:56:31 INFO  Test outcome reason: Assert that (False == value) with value=True (+2 other failures)
23:56:31 INFO  
</system-out>
	</testcase>
</testsuite><testsuite name="SoftwareManagement.sm_apt_install_remove_multiple_mixed" tests="3" errors="0" failures="2" skipped="1" time="0"><testcase classname="PySysTest" name="SoftwareManagement.sm_apt_install_remove_multiple_mixed">
		<skipped message="SKIPPED: Testing the apt plugin is not supported on this platform.Use parameter -XmyPlatform='container' to enable it" />
		<system-out>22:54:54 INFO  ==============================================================
22:54:54 INFO  Id:    SoftwareManagement.sm_apt_install_remove_multiple_mixed
22:54:54 INFO  Dir:   software_management_end_to_end/
22:54:54 INFO  Title: Validate end to end behaviour for the apt plugin for multiple packages with mixed versions
22:54:54 INFO  ==============================================================
22:54:54 INFO  Testing the apt plugin is not supported on this platform.Use parameter -XmyPlatform='container' to enable it ... skipped
22:54:54 WARN  Aborted test due to SKIPPED outcome
22:54:54 INFO  
22:54:54 INFO  Test duration: 0.03 secs
22:54:54 INFO  Test final outcome:  SKIPPED
22:54:54 INFO  Test outcome reason: Testing the apt plugin is not supported on this platform.Use parameter -XmyPlatform='container' to enable it
22:54:54 INFO  
</system-out>
	</testcase>
<testcase classname="PySysTest" name="SoftwareManagement.sm_apt_install_remove_multiple_mixed">
		<failure message="BLOCKED: SystemError: Timeout while waiting for status SUCCESSFUL or False" type="BLOCKED" />
		<system-out>23:29:30 INFO  ==============================================================
23:29:30 INFO  Id:    SoftwareManagement.sm_apt_install_remove_multiple_mixed
23:29:30 INFO  Dir:   software_management_end_to_end/
23:29:30 INFO  Title: Validate end to end behaviour for the apt plugin for multiple packages with mixed versions
23:29:30 INFO  ==============================================================
23:29:30 INFO  Using sw id database: {'asciijump': '5475369', 'robotfindskitten': '5474869', 'squirrel3': '5475279', 'rolldice': '5152439', 'moon-buggy': '5439204', 'apple': '5495053', 'banana': '5494888', 'cherry': '5495382', 'watermelon': '5494510', 'registry': '8018911', 'hello-world': '8021526', 'docker/getting-started': '8021973', 'alpine': '7991792'}
23:29:30 INFO  EnvironmentC8y Setup
23:29:30 INFO  Executed systemctl&lt;serv_mapper1&gt;, exit status 3
23:29:30 INFO  Restarting mosquitto too frequently in the last 10 seconds. It was only up for 4 seconds
23:29:30 INFO  Delaying execution by 7 seconds
23:29:51 INFO  Executed sudo&lt;tedge_connect_c8y&gt;, exit status 0, duration 13 secs
23:29:52 INFO  Executed sudo&lt;tedge_connect_c8y_test&gt;, exit status 0
23:29:52 INFO  Executed systemctl&lt;serv_mosq2&gt;, exit status 0
23:29:53 INFO  Executed systemctl&lt;serv_mapper3&gt;, exit status 0
23:29:55 INFO  State of current operation: SUCCESSFUL
23:29:55 INFO  Assert that (False == value) with value=False ... passed
23:29:55 INFO  Assert that (False == value) with value=False ... passed
23:29:56 INFO  Assert that (False == value) with value=False ... passed
23:29:56 INFO  Assert that (False == value) with value=False ... passed
23:29:56 INFO  Assert that (False == value) with value=False ... passed
23:29:57 INFO  Response status: 201
23:29:57 INFO  Response to action: {
    "creationTime": "2022-07-21T23:29:57.751Z",
    "deviceId": "21166555",
    "deviceName": "m32sd10d",
    "self": "https://t493319102.eu-latest.cumulocity.com/devicecontrol/operations/21210607",
    "id": "21210607",
    "status": "PENDING",
    "description": "Apply software changes, triggered from PySys: [{'action': 'install', 'id': '5475369', 'name': 'asciijump', 'url': ' ', 'version': '::apt'}, {'action': 'install', 'id': '5474869', 'name': 'robotfindskitten', 'url': ' ', 'version': ' '}, {'action': 'install', 'id': '5475279', 'name': 'squirrel3', 'url': ' ', 'version': '3.1-7::apt'}, {'action': 'install', 'id': '5152439', 'name': 'rolldice', 'url': ' ', 'version': '1.16-1+b1'}, {'action': 'install', 'id': '5439204', 'name': 'moon-buggy', 'url': ' ', 'version': '1:1.0.51-12'}, {'action': 'install', 'id': '5475369', 'name': 'asciijump', 'url': ' ', 'version': '::apt'}]",
    "c8y_SoftwareUpdate": [
        {
            "name": "asciijump",
            "action": "install",
            "id": "5475369",
            "version": "::apt",
            "url": " "
        },
        {
            "name": "robotfindskitten",
            "action": "install",
            "id": "5474869",
            "version": " ",
            "url": " "
        },
        {
            "name": "squirrel3",
            "action": "install",
            "id": "5475279",
            "version": "3.1-7::apt",
            "url": " "
        },
        {
            "name": "rolldice",
            "action": "install",
            "id": "5152439",
            "version": "1.16-1+b1",
            "url": " "
        },
        {
            "name": "moon-buggy",
            "action": "install",
            "id": "5439204",
            "version": "1:1.0.51-12",
            "url": " "
        },
        {
            "name": "asciijump",
            "action": "install",
            "id": "5475369",
            "version": "::apt",
            "url": " "
        }
    ]
}
23:29:57 INFO  Started operation: {'creationTime': '2022-07-21T23:29:57.751Z', 'deviceId': '21166555', 'deviceName': 'm32sd10d', 'self': 'https://t493319102.eu-latest.cumulocity.com/devicecontrol/operations/21210607', 'id': '21210607', 'status': 'PENDING', 'description': "Apply software changes, triggered from PySys: [{'action': 'install', 'id': '5475369', 'name': 'asciijump', 'url': ' ', 'version': '::apt'}, {'action': 'install', 'id': '5474869', 'name': 'robotfindskitten', 'url': ' ', 'version': ' '}, {'action': 'install', 'id': '5475279', 'name': 'squirrel3', 'url': ' ', 'version': '3.1-7::apt'}, {'action': 'install', 'id': '5152439', 'name': 'rolldice', 'url': ' ', 'version': '1.16-1+b1'}, {'action': 'install', 'id': '5439204', 'name': 'moon-buggy', 'url': ' ', 'version': '1:1.0.51-12'}, {'action': 'install', 'id': '5475369', 'name': 'asciijump', 'url': ' ', 'version': '::apt'}]", 'c8y_SoftwareUpdate': [{'name': 'asciijump', 'action': 'install', 'id': '5475369', 'version': '::apt', 'url': ' '}, {'name': 'robotfindskitten', 'action': 'install', 'id': '5474869', 'version': ' ', 'url': ' '}, {'name': 'squirrel3', 'action': 'install', 'id': '5475279', 'version': '3.1-7::apt', 'url': ' '}, {'name': 'rolldice', 'action': 'install', 'id': '5152439', 'version': '1.16-1+b1', 'url': ' '}, {'name': 'moon-buggy', 'action': 'install', 'id': '5439204', 'version': '1:1.0.51-12', 'url': ' '}, {'name': 'asciijump', 'action': 'install', 'id': '5475369', 'version': '::apt', 'url': ' '}]}
23:30:00 INFO  State of operation 21210607 : PENDING
23:30:02 INFO  State of operation 21210607 : EXECUTING
23:30:04 INFO  State of operation 21210607 : EXECUTING
23:30:06 INFO  State of operation 21210607 : EXECUTING
23:30:08 INFO  State of operation 21210607 : EXECUTING
23:30:11 INFO  State of operation 21210607 : EXECUTING
23:30:14 INFO  State of operation 21210607 : EXECUTING
23:30:16 INFO  State of operation 21210607 : EXECUTING
23:30:19 INFO  State of operation 21210607 : EXECUTING
23:30:21 INFO  State of operation 21210607 : EXECUTING
23:30:23 INFO  State of operation 21210607 : EXECUTING
23:30:25 INFO  State of operation 21210607 : EXECUTING
23:30:28 INFO  State of operation 21210607 : EXECUTING
23:30:30 INFO  State of operation 21210607 : EXECUTING
23:30:32 INFO  State of operation 21210607 : EXECUTING
23:30:34 INFO  State of operation 21210607 : EXECUTING
23:30:37 INFO  State of operation 21210607 : EXECUTING
23:30:39 INFO  State of operation 21210607 : EXECUTING
23:30:42 INFO  State of operation 21210607 : EXECUTING
23:30:44 INFO  State of operation 21210607 : EXECUTING
23:30:46 INFO  State of operation 21210607 : EXECUTING
23:30:49 INFO  State of operation 21210607 : EXECUTING
23:30:51 INFO  State of operation 21210607 : EXECUTING
23:30:54 INFO  State of operation 21210607 : EXECUTING
23:30:56 INFO  State of operation 21210607 : EXECUTING
23:30:59 INFO  State of operation 21210607 : EXECUTING
23:31:01 INFO  State of operation 21210607 : EXECUTING
23:31:04 INFO  State of operation 21210607 : EXECUTING
23:31:06 INFO  State of operation 21210607 : EXECUTING
23:31:08 INFO  State of operation 21210607 : EXECUTING
23:31:11 INFO  State of operation 21210607 : EXECUTING
23:31:13 INFO  State of operation 21210607 : EXECUTING
23:31:15 INFO  State of operation 21210607 : EXECUTING
23:31:17 INFO  State of operation 21210607 : EXECUTING
23:31:19 INFO  State of operation 21210607 : EXECUTING
23:31:22 INFO  State of operation 21210607 : EXECUTING
23:31:24 INFO  State of operation 21210607 : EXECUTING
23:31:27 INFO  State of operation 21210607 : EXECUTING
23:31:30 INFO  State of operation 21210607 : EXECUTING
23:31:33 INFO  State of operation 21210607 : EXECUTING
23:31:35 INFO  State of operation 21210607 : EXECUTING
23:31:37 INFO  State of operation 21210607 : EXECUTING
23:31:39 INFO  State of operation 21210607 : EXECUTING
23:31:42 INFO  State of operation 21210607 : EXECUTING
23:31:44 INFO  State of operation 21210607 : EXECUTING
23:31:46 INFO  State of operation 21210607 : EXECUTING
23:31:48 INFO  State of operation 21210607 : EXECUTING
23:31:51 INFO  State of operation 21210607 : EXECUTING
23:31:53 INFO  State of operation 21210607 : EXECUTING
23:31:56 INFO  State of operation 21210607 : EXECUTING
23:31:58 INFO  State of operation 21210607 : EXECUTING
23:32:00 INFO  State of operation 21210607 : EXECUTING
23:32:02 INFO  State of operation 21210607 : EXECUTING
23:32:05 INFO  State of operation 21210607 : EXECUTING
23:32:07 INFO  State of operation 21210607 : EXECUTING
23:32:10 INFO  State of operation 21210607 : EXECUTING
23:32:12 INFO  State of operation 21210607 : EXECUTING
23:32:15 INFO  State of operation 21210607 : EXECUTING
23:32:17 INFO  State of operation 21210607 : EXECUTING
23:32:20 INFO  State of operation 21210607 : EXECUTING
23:32:22 INFO  State of operation 21210607 : EXECUTING
23:32:24 WARN  SystemError occurred while running test - Timeout while waiting for status SUCCESSFUL or False
Traceback (most recent call last):
  File "/home/pi/env-pysys/lib/python3.7/site-packages/pysys/baserunner.py", line 1294, in __call__
    self.testObj.execute()
  File "/home/pi/actions-runner/_work/thin-edge.io/thin-edge.io/tests/PySys/software_management_end_to_end/sm_apt_install_remove_multiple_mixed/run.py", line 89, in execute
    self.wait_until_succcess()
  File "/home/pi/actions-runner/_work/thin-edge.io/thin-edge.io/tests/PySys/software_management_end_to_end/environment_sm_management.py", line 324, in wait_until_succcess
    self.wait_until_status("SUCCESSFUL")
  File "/home/pi/actions-runner/_work/thin-edge.io/thin-edge.io/tests/PySys/software_management_end_to_end/environment_sm_management.py", line 381, in wait_until_status
    "Timeout while waiting for status %s or %s" % (status, status2)
SystemError: Timeout while waiting for status SUCCESSFUL or False
23:32:25 WARN  SystemError: Timeout while waiting for status SUCCESSFUL or False ... blocked 
23:32:25 INFO  
23:32:25 INFO  cleanup:
23:32:30 INFO  Executed sudo&lt;tedge_disconnect_c8y&gt;, exit status 0
23:32:30 INFO  Executed systemctl&lt;serv_mapper5&gt;, exit status 3
23:32:30 INFO  
23:32:30 INFO  Test duration: 180.35 secs
23:32:30 INFO  Test final outcome:  BLOCKED
23:32:30 INFO  Test outcome reason: SystemError: Timeout while waiting for status SUCCESSFUL or False
23:32:30 INFO  
</system-out>
	</testcase>
<testcase classname="PySysTest" name="SoftwareManagement.sm_apt_install_remove_multiple_mixed">
		<failure message="BLOCKED: SystemError: Timeout while waiting for status SUCCESSFUL or False (+1 other failures)" type="BLOCKED" />
		<system-out>23:56:31 INFO  ==============================================================
23:56:31 INFO  Id:    SoftwareManagement.sm_apt_install_remove_multiple_mixed
23:56:31 INFO  Dir:   software_management_end_to_end/
23:56:31 INFO  Title: Validate end to end behaviour for the apt plugin for multiple packages with mixed versions
23:56:31 INFO  ==============================================================
23:56:31 INFO  Using sw id database: {'asciijump': '5475369', 'robotfindskitten': '5474869', 'squirrel3': '5475279', 'rolldice': '5152439', 'moon-buggy': '5439204', 'apple': '5495053', 'banana': '5494888', 'cherry': '5495382', 'watermelon': '5494510', 'registry': '8018911', 'hello-world': '8021526', 'docker/getting-started': '8021973', 'alpine': '7991792'}
23:56:31 INFO  EnvironmentC8y Setup
23:56:31 INFO  Executed systemctl&lt;serv_mapper1&gt;, exit status 3
23:56:32 INFO  Restarting mosquitto too frequently in the last 10 seconds. It was only up for 5 seconds
23:56:32 INFO  Delaying execution by 6 seconds
23:56:52 INFO  Executed sudo&lt;tedge_connect_c8y&gt;, exit status 0, duration 14 secs
23:56:52 INFO  Executed sudo&lt;tedge_connect_c8y_test&gt;, exit status 0
23:56:53 INFO  Executed systemctl&lt;serv_mosq2&gt;, exit status 0
23:56:53 INFO  Executed systemctl&lt;serv_mapper3&gt;, exit status 0
23:56:56 INFO  State of current operation: SUCCESSFUL
23:56:56 INFO  Assert that (False == value) with value=False ... passed
23:56:56 INFO  Assert that (False == value) with value=False ... passed
23:56:56 INFO  Assert that (False == value) with value=False ... passed
23:56:56 INFO  Assert that (False == value) with value=False ... passed
23:56:57 INFO  Package moon-buggy is installed
23:56:57 WARN  Assert that (False == value) with value=True ... failed 
23:56:58 INFO  Response status: 201
23:56:58 INFO  Response to action: {
    "creationTime": "2022-07-21T23:56:58.429Z",
    "deviceId": "21166555",
    "deviceName": "m32sd10d",
    "self": "https://t493319102.eu-latest.cumulocity.com/devicecontrol/operations/21210759",
    "id": "21210759",
    "status": "PENDING",
    "description": "Apply software changes, triggered from PySys: [{'action': 'install', 'id': '5475369', 'name': 'asciijump', 'url': ' ', 'version': '::apt'}, {'action': 'install', 'id': '5474869', 'name': 'robotfindskitten', 'url': ' ', 'version': ' '}, {'action': 'install', 'id': '5475279', 'name': 'squirrel3', 'url': ' ', 'version': '3.1-7::apt'}, {'action': 'install', 'id': '5152439', 'name': 'rolldice', 'url': ' ', 'version': '1.16-1+b1'}, {'action': 'install', 'id': '5439204', 'name': 'moon-buggy', 'url': ' ', 'version': '1:1.0.51-12'}, {'action': 'install', 'id': '5475369', 'name': 'asciijump', 'url': ' ', 'version': '::apt'}]",
    "c8y_SoftwareUpdate": [
        {
            "name": "asciijump",
            "action": "install",
            "id": "5475369",
            "version": "::apt",
            "url": " "
        },
        {
            "name": "robotfindskitten",
            "action": "install",
            "id": "5474869",
            "version": " ",
            "url": " "
        },
        {
            "name": "squirrel3",
            "action": "install",
            "id": "5475279",
            "version": "3.1-7::apt",
            "url": " "
        },
        {
            "name": "rolldice",
            "action": "install",
            "id": "5152439",
            "version": "1.16-1+b1",
            "url": " "
        },
        {
            "name": "moon-buggy",
            "action": "install",
            "id": "5439204",
            "version": "1:1.0.51-12",
            "url": " "
        },
        {
            "name": "asciijump",
            "action": "install",
            "id": "5475369",
            "version": "::apt",
            "url": " "
        }
    ]
}
23:56:58 INFO  Started operation: {'creationTime': '2022-07-21T23:56:58.429Z', 'deviceId': '21166555', 'deviceName': 'm32sd10d', 'self': 'https://t493319102.eu-latest.cumulocity.com/devicecontrol/operations/21210759', 'id': '21210759', 'status': 'PENDING', 'description': "Apply software changes, triggered from PySys: [{'action': 'install', 'id': '5475369', 'name': 'asciijump', 'url': ' ', 'version': '::apt'}, {'action': 'install', 'id': '5474869', 'name': 'robotfindskitten', 'url': ' ', 'version': ' '}, {'action': 'install', 'id': '5475279', 'name': 'squirrel3', 'url': ' ', 'version': '3.1-7::apt'}, {'action': 'install', 'id': '5152439', 'name': 'rolldice', 'url': ' ', 'version': '1.16-1+b1'}, {'action': 'install', 'id': '5439204', 'name': 'moon-buggy', 'url': ' ', 'version': '1:1.0.51-12'}, {'action': 'install', 'id': '5475369', 'name': 'asciijump', 'url': ' ', 'version': '::apt'}]", 'c8y_SoftwareUpdate': [{'name': 'asciijump', 'action': 'install', 'id': '5475369', 'version': '::apt', 'url': ' '}, {'name': 'robotfindskitten', 'action': 'install', 'id': '5474869', 'version': ' ', 'url': ' '}, {'name': 'squirrel3', 'action': 'install', 'id': '5475279', 'version': '3.1-7::apt', 'url': ' '}, {'name': 'rolldice', 'action': 'install', 'id': '5152439', 'version': '1.16-1+b1', 'url': ' '}, {'name': 'moon-buggy', 'action': 'install', 'id': '5439204', 'version': '1:1.0.51-12', 'url': ' '}, {'name': 'asciijump', 'action': 'install', 'id': '5475369', 'version': '::apt', 'url': ' '}]}
23:57:00 INFO  State of operation 21210759 : PENDING
23:57:03 INFO  State of operation 21210759 : EXECUTING
23:57:05 INFO  State of operation 21210759 : EXECUTING
23:57:07 INFO  State of operation 21210759 : EXECUTING
23:57:09 INFO  State of operation 21210759 : EXECUTING
23:57:12 INFO  State of operation 21210759 : EXECUTING
23:57:14 INFO  State of operation 21210759 : EXECUTING
23:57:17 INFO  State of operation 21210759 : EXECUTING
23:57:20 INFO  State of operation 21210759 : EXECUTING
23:57:22 INFO  State of operation 21210759 : EXECUTING
23:57:24 INFO  State of operation 21210759 : EXECUTING
23:57:26 INFO  State of operation 21210759 : EXECUTING
23:57:29 INFO  State of operation 21210759 : EXECUTING
23:57:31 INFO  State of operation 21210759 : EXECUTING
23:57:33 INFO  State of operation 21210759 : EXECUTING
23:57:35 INFO  State of operation 21210759 : EXECUTING
23:57:38 INFO  State of operation 21210759 : EXECUTING
23:57:40 INFO  State of operation 21210759 : EXECUTING
23:57:43 INFO  State of operation 21210759 : EXECUTING
23:57:45 INFO  State of operation 21210759 : EXECUTING
23:57:47 INFO  State of operation 21210759 : EXECUTING
23:57:49 INFO  State of operation 21210759 : EXECUTING
23:57:52 INFO  State of operation 21210759 : EXECUTING
23:57:54 INFO  State of operation 21210759 : EXECUTING
23:57:58 INFO  State of operation 21210759 : EXECUTING
23:58:00 INFO  State of operation 21210759 : EXECUTING
23:58:03 INFO  State of operation 21210759 : EXECUTING
23:58:05 INFO  State of operation 21210759 : EXECUTING
23:58:07 INFO  State of operation 21210759 : EXECUTING
23:58:10 INFO  State of operation 21210759 : EXECUTING
23:58:12 INFO  State of operation 21210759 : EXECUTING
23:58:14 INFO  State of operation 21210759 : EXECUTING
23:58:17 INFO  State of operation 21210759 : EXECUTING
23:58:19 INFO  State of operation 21210759 : EXECUTING
23:58:21 INFO  State of operation 21210759 : EXECUTING
23:58:24 INFO  State of operation 21210759 : EXECUTING
23:58:26 INFO  State of operation 21210759 : EXECUTING
23:58:28 INFO  State of operation 21210759 : EXECUTING
23:58:31 INFO  State of operation 21210759 : EXECUTING
23:58:33 INFO  State of operation 21210759 : EXECUTING
23:58:36 INFO  State of operation 21210759 : EXECUTING
23:58:38 INFO  State of operation 21210759 : EXECUTING
23:58:40 INFO  State of operation 21210759 : EXECUTING
23:58:43 INFO  State of operation 21210759 : EXECUTING
23:58:45 INFO  State of operation 21210759 : EXECUTING
23:58:47 INFO  State of operation 21210759 : EXECUTING
23:58:49 INFO  State of operation 21210759 : EXECUTING
23:58:52 INFO  State of operation 21210759 : EXECUTING
23:58:54 INFO  State of operation 21210759 : EXECUTING
23:58:57 INFO  State of operation 21210759 : EXECUTING
23:58:59 INFO  State of operation 21210759 : EXECUTING
23:59:01 INFO  State of operation 21210759 : EXECUTING
23:59:04 INFO  State of operation 21210759 : EXECUTING
23:59:06 INFO  State of operation 21210759 : EXECUTING
23:59:09 INFO  State of operation 21210759 : EXECUTING
23:59:11 INFO  State of operation 21210759 : EXECUTING
23:59:14 INFO  State of operation 21210759 : EXECUTING
23:59:16 INFO  State of operation 21210759 : EXECUTING
23:59:19 INFO  State of operation 21210759 : EXECUTING
23:59:21 INFO  State of operation 21210759 : EXECUTING
23:59:23 INFO  State of operation 21210759 : EXECUTING
23:59:25 WARN  SystemError occurred while running test - Timeout while waiting for status SUCCESSFUL or False
Traceback (most recent call last):
  File "/home/pi/env-pysys/lib/python3.7/site-packages/pysys/baserunner.py", line 1294, in __call__
    self.testObj.execute()
  File "/home/pi/actions-runner/_work/thin-edge.io/thin-edge.io/tests/PySys/software_management_end_to_end/sm_apt_install_remove_multiple_mixed/run.py", line 89, in execute
    self.wait_until_succcess()
  File "/home/pi/actions-runner/_work/thin-edge.io/thin-edge.io/tests/PySys/software_management_end_to_end/environment_sm_management.py", line 324, in wait_until_succcess
    self.wait_until_status("SUCCESSFUL")
  File "/home/pi/actions-runner/_work/thin-edge.io/thin-edge.io/tests/PySys/software_management_end_to_end/environment_sm_management.py", line 381, in wait_until_status
    "Timeout while waiting for status %s or %s" % (status, status2)
SystemError: Timeout while waiting for status SUCCESSFUL or False
23:59:25 WARN  SystemError: Timeout while waiting for status SUCCESSFUL or False ... blocked 
23:59:25 INFO  
23:59:25 INFO  cleanup:
23:59:30 INFO  Executed sudo&lt;tedge_disconnect_c8y&gt;, exit status 0
23:59:30 INFO  Executed systemctl&lt;serv_mapper5&gt;, exit status 3
23:59:30 INFO  
23:59:30 INFO  Test duration: 179.60 secs
23:59:30 INFO  Test final outcome:  BLOCKED
23:59:30 INFO  Test outcome reason: SystemError: Timeout while waiting for status SUCCESSFUL or False (+1 other failures)
23:59:30 INFO  
</system-out>
	</testcase>
</testsuite><testsuite name="SoftwareManagement.sm_apt_install_remove_with_version" tests="3" errors="0" failures="0" skipped="1" time="0"><testcase classname="PySysTest" name="SoftwareManagement.sm_apt_install_remove_with_version">
		<skipped message="SKIPPED: Testing the apt plugin is not supported on this platform.Use parameter -XmyPlatform='container' to enable it" />
		<system-out>22:54:54 INFO  ==============================================================
22:54:54 INFO  Id:    SoftwareManagement.sm_apt_install_remove_with_version
22:54:54 INFO  Dir:   software_management_end_to_end/
22:54:54 INFO  Title: Validate end to end behaviour for the apt plugin for packages with version
22:54:54 INFO  ==============================================================
22:54:54 INFO  Testing the apt plugin is not supported on this platform.Use parameter -XmyPlatform='container' to enable it ... skipped
22:54:54 WARN  Aborted test due to SKIPPED outcome
22:54:54 INFO  
22:54:54 INFO  Test duration: 0.02 secs
22:54:54 INFO  Test final outcome:  SKIPPED
22:54:54 INFO  Test outcome reason: Testing the apt plugin is not supported on this platform.Use parameter -XmyPlatform='container' to enable it
22:54:54 INFO  
</system-out>
	</testcase>
<testcase classname="PySysTest" name="SoftwareManagement.sm_apt_install_remove_with_version" />
<testcase classname="PySysTest" name="SoftwareManagement.sm_apt_install_remove_with_version" />
</testsuite><testsuite name="SoftwareManagement.sm_docker_install_remove_multiple" tests="3" errors="0" failures="0" skipped="1" time="0"><testcase classname="SMDockerInstallRemove" name="SoftwareManagement.sm_docker_install_remove_multiple">
		<skipped message="SKIPPED: Testing the apt plugin is not supported on this platform.Use parameter -XmyPlatform='container' to enable it" />
		<system-out>22:54:54 INFO  ==============================================================
22:54:54 INFO  Id:    SoftwareManagement.sm_docker_install_remove_multiple
22:54:54 INFO  Dir:   software_management_end_to_end/
22:54:54 INFO  Title: Validate end to end behaviour for the docker plugin for multiple docker images with mixed versions
22:54:54 INFO  ==============================================================
22:54:54 INFO  Testing the apt plugin is not supported on this platform.Use parameter -XmyPlatform='container' to enable it ... skipped
22:54:54 WARN  Aborted test due to SKIPPED outcome
22:54:54 INFO  
22:54:54 INFO  Test duration: 0.02 secs
22:54:54 INFO  Test final outcome:  SKIPPED
22:54:54 INFO  Test outcome reason: Testing the apt plugin is not supported on this platform.Use parameter -XmyPlatform='container' to enable it
22:54:54 INFO  
</system-out>
	</testcase>
<testcase classname="SMDockerInstallRemove" name="SoftwareManagement.sm_docker_install_remove_multiple" />
<testcase classname="SMDockerInstallRemove" name="SoftwareManagement.sm_docker_install_remove_multiple" />
</testsuite><testsuite name="SoftwareManagement.sm_fake_install_remove" tests="2" errors="0" failures="0" skipped="1" time="0"><testcase classname="PySysTest" name="SoftwareManagement.sm_fake_install_remove">
		<skipped message="SKIPPED: Testing the fake plugin is not enabled.Use parameter -Xfakeplugin=fakeplugin to enable it" />
		<system-out>22:54:54 INFO  ==============================================================
22:54:54 INFO  Id:    SoftwareManagement.sm_fake_install_remove
22:54:54 INFO  Dir:   software_management_end_to_end/
22:54:54 INFO  Title: Validate end to end behaviour for the dummy plugin for installation and removal of packages
22:54:54 INFO  ==============================================================
22:54:54 INFO  Testing the fake plugin is not enabled.Use parameter -Xfakeplugin=fakeplugin to enable it ... skipped
22:54:54 WARN  Aborted test due to SKIPPED outcome
22:54:54 INFO  
22:54:54 INFO  Test duration: 0.02 secs
22:54:54 INFO  Test final outcome:  SKIPPED
22:54:54 INFO  Test outcome reason: Testing the fake plugin is not enabled.Use parameter -Xfakeplugin=fakeplugin to enable it
22:54:54 INFO  
</system-out>
	</testcase>
<testcase classname="PySysTest" name="SoftwareManagement.sm_fake_install_remove" />
</testsuite><testsuite name="SoftwareManagement.sm_fake_install_remove_multiple" tests="2" errors="0" failures="0" skipped="1" time="0"><testcase classname="PySysTest" name="SoftwareManagement.sm_fake_install_remove_multiple">
		<skipped message="SKIPPED: Testing the fake plugin is not enabled.Use parameter -Xfakeplugin=fakeplugin to enable it" />
		<system-out>22:54:54 INFO  ==============================================================
22:54:54 INFO  Id:    SoftwareManagement.sm_fake_install_remove_multiple
22:54:54 INFO  Dir:   software_management_end_to_end/
22:54:54 INFO  Title: Validate end to end behaviour for the dummy-plugin for multiple packages
22:54:54 INFO  ==============================================================
22:54:54 INFO  Testing the fake plugin is not enabled.Use parameter -Xfakeplugin=fakeplugin to enable it ... skipped
22:54:54 WARN  Aborted test due to SKIPPED outcome
22:54:54 INFO  
22:54:54 INFO  Test duration: 0.02 secs
22:54:54 INFO  Test final outcome:  SKIPPED
22:54:54 INFO  Test outcome reason: Testing the fake plugin is not enabled.Use parameter -Xfakeplugin=fakeplugin to enable it
22:54:54 INFO  
</system-out>
	</testcase>
<testcase classname="PySysTest" name="SoftwareManagement.sm_fake_install_remove_multiple" />
</testsuite><testsuite name="SoftwareManagement.sm_mapper_fail_and_reconnect" tests="2" errors="0" failures="0" skipped="2" time="0"><testcase classname="MapperC8yReceiveLastMessageOnRestart" name="SoftwareManagement.sm_mapper_fail_and_reconnect">
		<skipped message="SKIPPED: instable https://github.com/thin-edge/thin-edge.io/issues/752" />
		<system-out>22:54:54 INFO  ==============================================================
22:54:54 INFO  Id:    SoftwareManagement.sm_mapper_fail_and_reconnect
22:54:54 INFO  Dir:   software_management_end_to_end/
22:54:54 INFO  Title: Validate the tedge-mapper-sm-c8y for receiving the last message on restart
22:54:54 INFO  ==============================================================
22:54:54 INFO  instable https://github.com/thin-edge/thin-edge.io/issues/752 ... skipped
22:54:54 INFO  
22:54:54 INFO  Test duration: 0.02 secs
22:54:54 INFO  Test final outcome:  SKIPPED
22:54:54 INFO  Test outcome reason: instable https://github.com/thin-edge/thin-edge.io/issues/752
22:54:54 INFO  
</system-out>
	</testcase>
<testcase classname="MapperC8yReceiveLastMessageOnRestart" name="SoftwareManagement.sm_mapper_fail_and_reconnect">
		<skipped message="SKIPPED: instable https://github.com/thin-edge/thin-edge.io/issues/752" />
		<system-out>00:07:13 INFO  ==============================================================
00:07:13 INFO  Id:    SoftwareManagement.sm_mapper_fail_and_reconnect
00:07:13 INFO  Dir:   software_management_end_to_end/
00:07:13 INFO  Title: Validate the tedge-mapper-sm-c8y for receiving the last message on restart
00:07:13 INFO  ==============================================================
00:07:13 INFO  instable https://github.com/thin-edge/thin-edge.io/issues/752 ... skipped
00:07:13 INFO  
00:07:13 INFO  Test duration: 0.03 secs
00:07:13 INFO  Test final outcome:  SKIPPED
00:07:13 INFO  Test outcome reason: instable https://github.com/thin-edge/thin-edge.io/issues/752
00:07:13 INFO  
</system-out>
	</testcase>
</testsuite><testsuite name="SoftwareManagement.sm_mixed_install_remove_multiple" tests="2" errors="0" failures="1" skipped="1" time="0"><testcase classname="PySysTest" name="SoftwareManagement.sm_mixed_install_remove_multiple">
		<skipped message="SKIPPED: Testing the fake plugin is not enabled.Use parameter -Xfakeplugin=fakeplugin to enable it" />
		<system-out>22:54:55 INFO  ==============================================================
22:54:55 INFO  Id:    SoftwareManagement.sm_mixed_install_remove_multiple
22:54:55 INFO  Dir:   software_management_end_to_end/
22:54:55 INFO  Title: Validate end to end behaviour for the dummy-plugin for multiple packages with mixed versions
22:54:55 INFO  ==============================================================
22:54:55 INFO  Testing the fake plugin is not enabled.Use parameter -Xfakeplugin=fakeplugin to enable it ... skipped
22:54:55 WARN  Aborted test due to SKIPPED outcome
22:54:55 INFO  
22:54:55 INFO  Test duration: 0.02 secs
22:54:55 INFO  Test final outcome:  SKIPPED
22:54:55 INFO  Test outcome reason: Testing the fake plugin is not enabled.Use parameter -Xfakeplugin=fakeplugin to enable it
22:54:55 INFO  
</system-out>
	</testcase>
<testcase classname="PySysTest" name="SoftwareManagement.sm_mixed_install_remove_multiple">
		<failure message="FAILED: Assert that (False == value) with value=True" type="FAILED" />
		<system-out>00:07:13 INFO  ==============================================================
00:07:13 INFO  Id:    SoftwareManagement.sm_mixed_install_remove_multiple
00:07:13 INFO  Dir:   software_management_end_to_end/
00:07:13 INFO  Title: Validate end to end behaviour for the dummy-plugin for multiple packages with mixed versions
00:07:13 INFO  ==============================================================
00:07:13 INFO  Using sw id database: {'asciijump': '5475369', 'robotfindskitten': '5474869', 'squirrel3': '5475279', 'rolldice': '5152439', 'moon-buggy': '5439204', 'apple': '5495053', 'banana': '5494888', 'cherry': '5495382', 'watermelon': '5494510', 'registry': '8018911', 'hello-world': '8021526', 'docker/getting-started': '8021973', 'alpine': '7991792'}
00:07:13 INFO  EnvironmentC8y Setup
00:07:14 INFO  Executed systemctl&lt;serv_mapper1&gt;, exit status 3
00:07:14 INFO  Restarting mosquitto too frequently in the last 10 seconds. It was only up for 5 seconds
00:07:14 INFO  Delaying execution by 6 seconds
00:07:34 INFO  Executed sudo&lt;tedge_connect_c8y&gt;, exit status 0, duration 14 secs
00:07:35 INFO  Executed sudo&lt;tedge_connect_c8y_test&gt;, exit status 0
00:07:36 INFO  Executed systemctl&lt;serv_mosq2&gt;, exit status 0
00:07:36 INFO  Executed systemctl&lt;serv_mapper3&gt;, exit status 0
00:07:38 INFO  State of current operation: SUCCESSFUL
00:07:39 INFO  Package apple is installed
00:07:39 INFO  Assert that (True == value) with value=True ... passed
00:07:39 INFO  Package banana is installed
00:07:39 INFO  Assert that (True == value) with value=True ... passed
00:07:39 INFO  Package cherry is installed
00:07:39 INFO  Assert that (True == value) with value=True ... passed
00:07:39 INFO  Package asciijump is installed
00:07:39 WARN  Assert that (False == value) with value=True ... failed 
00:07:40 INFO  Assert that (False == value) with value=False ... passed
00:07:40 INFO  Response status: 201
00:07:40 INFO  Response to action: {
    "creationTime": "2022-07-22T00:07:40.186Z",
    "deviceId": "21166555",
    "deviceName": "m32sd10d",
    "self": "https://t493319102.eu-latest.cumulocity.com/devicecontrol/operations/21210848",
    "id": "21210848",
    "status": "PENDING",
    "description": "Apply software changes, triggered from PySys: [{'action': 'install', 'id': '5495053', 'name': 'apple', 'url': ' ', 'version': '::fruits'}, {'action': 'install', 'id': '5494888', 'name': 'banana', 'url': ' ', 'version': '::fruits'}, {'action': 'install', 'id': '5475369', 'name': 'asciijump', 'url': ' ', 'version': '::apt'}, {'action': 'install', 'id': '5495382', 'name': 'cherry', 'url': ' ', 'version': '::fruits'}, {'action': 'install', 'id': '8018911', 'name': 'registry', 'url': ' ', 'version': '::docker'}]",
    "c8y_SoftwareUpdate": [
        {
            "name": "apple",
            "action": "install",
            "id": "5495053",
            "version": "::fruits",
            "url": " "
        },
        {
            "name": "banana",
            "action": "install",
            "id": "5494888",
            "version": "::fruits",
            "url": " "
        },
        {
            "name": "asciijump",
            "action": "install",
            "id": "5475369",
            "version": "::apt",
            "url": " "
        },
        {
            "name": "cherry",
            "action": "install",
            "id": "5495382",
            "version": "::fruits",
            "url": " "
        },
        {
            "name": "registry",
            "action": "install",
            "id": "8018911",
            "version": "::docker",
            "url": " "
        }
    ]
}
00:07:40 INFO  Started operation: {'creationTime': '2022-07-22T00:07:40.186Z', 'deviceId': '21166555', 'deviceName': 'm32sd10d', 'self': 'https://t493319102.eu-latest.cumulocity.com/devicecontrol/operations/21210848', 'id': '21210848', 'status': 'PENDING', 'description': "Apply software changes, triggered from PySys: [{'action': 'install', 'id': '5495053', 'name': 'apple', 'url': ' ', 'version': '::fruits'}, {'action': 'install', 'id': '5494888', 'name': 'banana', 'url': ' ', 'version': '::fruits'}, {'action': 'install', 'id': '5475369', 'name': 'asciijump', 'url': ' ', 'version': '::apt'}, {'action': 'install', 'id': '5495382', 'name': 'cherry', 'url': ' ', 'version': '::fruits'}, {'action': 'install', 'id': '8018911', 'name': 'registry', 'url': ' ', 'version': '::docker'}]", 'c8y_SoftwareUpdate': [{'name': 'apple', 'action': 'install', 'id': '5495053', 'version': '::fruits', 'url': ' '}, {'name': 'banana', 'action': 'install', 'id': '5494888', 'version': '::fruits', 'url': ' '}, {'name': 'asciijump', 'action': 'install', 'id': '5475369', 'version': '::apt', 'url': ' '}, {'name': 'cherry', 'action': 'install', 'id': '5495382', 'version': '::fruits', 'url': ' '}, {'name': 'registry', 'action': 'install', 'id': '8018911', 'version': '::docker', 'url': ' '}]}
00:07:42 INFO  State of operation 21210848 : PENDING
00:07:44 INFO  State of operation 21210848 : EXECUTING
00:07:46 INFO  State of operation 21210848 : EXECUTING
00:07:49 INFO  State of operation 21210848 : EXECUTING
00:07:51 INFO  State of operation 21210848 : EXECUTING
00:07:53 INFO  State of operation 21210848 : EXECUTING
00:07:55 INFO  State of operation 21210848 : EXECUTING
00:07:58 INFO  State of operation 21210848 : EXECUTING
00:08:01 INFO  State of operation 21210848 : EXECUTING
00:08:04 INFO  State of operation 21210848 : EXECUTING
00:08:06 INFO  State of operation 21210848 : EXECUTING
00:08:08 INFO  State of operation 21210848 : EXECUTING
00:08:10 INFO  State of operation 21210848 : EXECUTING
00:08:13 INFO  State of operation 21210848 : EXECUTING
00:08:15 INFO  State of operation 21210848 : EXECUTING
00:08:17 INFO  State of operation 21210848 : EXECUTING
00:08:19 INFO  State of operation 21210848 : EXECUTING
00:08:22 INFO  State of operation 21210848 : EXECUTING
00:08:24 INFO  State of operation 21210848 : EXECUTING
00:08:26 INFO  State of operation 21210848 : EXECUTING
00:08:28 INFO  State of operation 21210848 : EXECUTING
00:08:31 INFO  State of operation 21210848 : EXECUTING
00:08:33 INFO  State of operation 21210848 : EXECUTING
00:08:36 INFO  State of operation 21210848 : EXECUTING
00:08:38 INFO  State of operation 21210848 : EXECUTING
00:08:40 INFO  State of operation 21210848 : EXECUTING
00:08:42 INFO  State of operation 21210848 : SUCCESSFUL
00:08:43 INFO  Package apple is installed
00:08:43 INFO  Assert that (True == value) with value=True ... passed
00:08:43 INFO  Package banana is installed
00:08:43 INFO  Assert that (True == value) with value=True ... passed
00:08:43 INFO  Package cherry is installed
00:08:43 INFO  Assert that (True == value) with value=True ... passed
00:08:43 INFO  Package asciijump is installed
00:08:43 INFO  Assert that (True == value) with value=True ... passed
00:08:44 INFO  Package registry is installed
00:08:44 INFO  Assert that (True == value) with value=True ... passed
00:08:44 INFO  Response status: 201
00:08:44 INFO  Response to action: {
    "creationTime": "2022-07-22T00:08:44.192Z",
    "deviceId": "21166555",
    "deviceName": "m32sd10d",
    "self": "https://t493319102.eu-latest.cumulocity.com/devicecontrol/operations/21210854",
    "id": "21210854",
    "status": "PENDING",
    "description": "Apply software changes, triggered from PySys: [{'action': 'delete', 'id': '5495053', 'name': 'apple', 'url': ' ', 'version': '::fruits'}, {'action': 'delete', 'id': '5494888', 'name': 'banana', 'url': ' ', 'version': '::fruits'}, {'action': 'delete', 'id': '5475369', 'name': 'asciijump', 'url': ' ', 'version': '::apt'}, {'action': 'delete', 'id': '5495382', 'name': 'cherry', 'url': ' ', 'version': '::fruits'}, {'action': 'delete', 'id': '8018911', 'name': 'registry', 'url': ' ', 'version': '::docker'}]",
    "c8y_SoftwareUpdate": [
        {
            "name": "apple",
            "action": "delete",
            "id": "5495053",
            "version": "::fruits",
            "url": " "
        },
        {
            "name": "banana",
            "action": "delete",
            "id": "5494888",
            "version": "::fruits",
            "url": " "
        },
        {
            "name": "asciijump",
            "action": "delete",
            "id": "5475369",
            "version": "::apt",
            "url": " "
        },
        {
            "name": "cherry",
            "action": "delete",
            "id": "5495382",
            "version": "::fruits",
            "url": " "
        },
        {
            "name": "registry",
            "action": "delete",
            "id": "8018911",
            "version": "::docker",
            "url": " "
        }
    ]
}
00:08:44 INFO  Started operation: {'creationTime': '2022-07-22T00:08:44.192Z', 'deviceId': '21166555', 'deviceName': 'm32sd10d', 'self': 'https://t493319102.eu-latest.cumulocity.com/devicecontrol/operations/21210854', 'id': '21210854', 'status': 'PENDING', 'description': "Apply software changes, triggered from PySys: [{'action': 'delete', 'id': '5495053', 'name': 'apple', 'url': ' ', 'version': '::fruits'}, {'action': 'delete', 'id': '5494888', 'name': 'banana', 'url': ' ', 'version': '::fruits'}, {'action': 'delete', 'id': '5475369', 'name': 'asciijump', 'url': ' ', 'version': '::apt'}, {'action': 'delete', 'id': '5495382', 'name': 'cherry', 'url': ' ', 'version': '::fruits'}, {'action': 'delete', 'id': '8018911', 'name': 'registry', 'url': ' ', 'version': '::docker'}]", 'c8y_SoftwareUpdate': [{'name': 'apple', 'action': 'delete', 'id': '5495053', 'version': '::fruits', 'url': ' '}, {'name': 'banana', 'action': 'delete', 'id': '5494888', 'version': '::fruits', 'url': ' '}, {'name': 'asciijump', 'action': 'delete', 'id': '5475369', 'version': '::apt', 'url': ' '}, {'name': 'cherry', 'action': 'delete', 'id': '5495382', 'version': '::fruits', 'url': ' '}, {'name': 'registry', 'action': 'delete', 'id': '8018911', 'version': '::docker', 'url': ' '}]}
00:08:46 INFO  State of operation 21210854 : PENDING
00:08:48 INFO  State of operation 21210854 : EXECUTING
00:08:50 INFO  State of operation 21210854 : EXECUTING
00:08:53 INFO  State of operation 21210854 : EXECUTING
00:08:55 INFO  State of operation 21210854 : EXECUTING
00:08:57 INFO  State of operation 21210854 : EXECUTING
00:09:00 INFO  State of operation 21210854 : EXECUTING
00:09:03 INFO  State of operation 21210854 : EXECUTING
00:09:06 INFO  State of operation 21210854 : EXECUTING
00:09:08 INFO  State of operation 21210854 : EXECUTING
00:09:10 INFO  State of operation 21210854 : EXECUTING
00:09:12 INFO  State of operation 21210854 : EXECUTING
00:09:14 INFO  State of operation 21210854 : EXECUTING
00:09:17 INFO  State of operation 21210854 : EXECUTING
00:09:19 INFO  State of operation 21210854 : EXECUTING
00:09:21 INFO  State of operation 21210854 : EXECUTING
00:09:24 INFO  State of operation 21210854 : EXECUTING
00:09:26 INFO  State of operation 21210854 : EXECUTING
00:09:29 INFO  State of operation 21210854 : EXECUTING
00:09:31 INFO  State of operation 21210854 : EXECUTING
00:09:33 INFO  State of operation 21210854 : EXECUTING
00:09:36 INFO  State of operation 21210854 : EXECUTING
00:09:38 INFO  State of operation 21210854 : EXECUTING
00:09:41 INFO  State of operation 21210854 : EXECUTING
00:09:43 INFO  State of operation 21210854 : EXECUTING
00:09:45 INFO  State of operation 21210854 : EXECUTING
00:09:47 INFO  State of operation 21210854 : EXECUTING
00:09:50 INFO  State of operation 21210854 : EXECUTING
00:09:52 INFO  State of operation 21210854 : EXECUTING
00:09:54 INFO  State of operation 21210854 : EXECUTING
00:09:57 INFO  State of operation 21210854 : SUCCESSFUL
00:09:57 INFO  Package apple is installed
00:09:57 INFO  Assert that (True == value) with value=True ... passed
00:09:57 INFO  Package banana is installed
00:09:57 INFO  Assert that (True == value) with value=True ... passed
00:09:57 INFO  Package cherry is installed
00:09:57 INFO  Assert that (True == value) with value=True ... passed
00:09:57 INFO  Assert that (False == value) with value=False ... passed
00:09:58 INFO  Assert that (False == value) with value=False ... passed
00:09:58 INFO  
00:09:58 INFO  cleanup:
00:10:02 INFO  Executed sudo&lt;tedge_disconnect_c8y&gt;, exit status 0
00:10:03 INFO  Executed systemctl&lt;serv_mapper5&gt;, exit status 3
00:10:03 INFO  
00:10:03 INFO  Test duration: 169.55 secs
00:10:03 INFO  Test final outcome:  FAILED
00:10:03 INFO  Test outcome reason: Assert that (False == value) with value=True
00:10:03 INFO  
</system-out>
	</testcase>
</testsuite><testsuite name="agent_init_session" tests="1" errors="0" failures="1" skipped="0" time="0"><testcase classname="AgentInitSession" name="agent_init_session">
		<failure message="FAILED: Grep on sub_resp.out contains &quot;Ld3KgqpcLDlrYH6sfpG7w&quot;" type="FAILED" />
		<system-out>22:55:46 INFO  ==============================================================
22:55:46 INFO  Id:    agent_init_session
22:55:46 INFO  Dir:   tedge_agent/
22:55:46 INFO  Title: Validate tedge agent init session feature
22:55:46 INFO  ==============================================================
22:55:47 INFO  Executed sudo&lt;remove_lock&gt;, exit status 0
22:55:47 INFO  Executed sudo&lt;agent_clear&gt;, exit status 0
22:55:48 INFO  Executed sudo&lt;agent_init&gt;, exit status 0
22:55:48 INFO  Executed sudo&lt;pub_req&gt;, exit status 0
22:55:48 INFO  Started sudo&lt;sub_resp&gt; with process id 25411
22:55:49 INFO  Executed sudo&lt;agent_start&gt;, exit status 0
22:55:49 INFO  Waiting for 2.0 seconds
22:55:51 INFO  Executed sudo&lt;agent_stop&gt;, exit status 0
22:55:52 INFO  Executed sudo&lt;sub_stop&gt;, exit status 0
22:55:52 WARN  Grep on sub_resp.out contains "Ld3KgqpcLDlrYH6sfpG7w" ... failed [run.py:87]
22:55:52 INFO  
22:55:52 INFO  Test duration: 5.85 secs
22:55:52 INFO  Test final outcome:  FAILED
22:55:52 INFO  Test outcome reason: Grep on sub_resp.out contains "Ld3KgqpcLDlrYH6sfpG7w"
22:55:52 INFO  
</system-out>
	</testcase>
</testsuite><testsuite name="apt_fail_noarg" tests="2" errors="0" failures="0" skipped="1" time="0"><testcase classname="AptPluginFailNoArg" name="apt_fail_noarg">
		<skipped message="SKIPPED: Testing the apt plugin is not supported on this platform.To run the tests call PySys with -XmyPlatform='container'" />
		<system-out>22:45:19 INFO  ==============================================================
22:45:19 INFO  Id:    apt_fail_noarg
22:45:19 INFO  Dir:   plugin_apt/
22:45:19 INFO  Title: Validate apt plugin fetures(prepare, list, install, remove finalize) without arguments
22:45:19 INFO  ==============================================================
22:45:19 INFO  Testing the apt plugin is not supported on this platform.To run the tests call PySys with -XmyPlatform='container' ... skipped
22:45:19 WARN  Aborted test due to SKIPPED outcome
22:45:19 INFO  
22:45:19 INFO  Test duration: 0.07 secs
22:45:19 INFO  Test final outcome:  SKIPPED
22:45:19 INFO  Test outcome reason: Testing the apt plugin is not supported on this platform.To run the tests call PySys with -XmyPlatform='container'
22:45:19 INFO  
</system-out>
	</testcase>
<testcase classname="AptPluginFailNoArg" name="apt_fail_noarg" />
</testsuite><testsuite name="apt_finalize" tests="2" errors="0" failures="0" skipped="1" time="0"><testcase classname="AptPluginFinalize" name="apt_finalize">
		<skipped message="SKIPPED: Testing the apt plugin is not supported on this platform.To run the tests call PySys with -XmyPlatform='container'" />
		<system-out>22:45:19 INFO  ==============================================================
22:45:19 INFO  Id:    apt_finalize
22:45:19 INFO  Dir:   plugin_apt/
22:45:19 INFO  Title: Validate apt plugin finalize - dense version
22:45:19 INFO  ==============================================================
22:45:19 INFO  Testing the apt plugin is not supported on this platform.To run the tests call PySys with -XmyPlatform='container' ... skipped
22:45:19 WARN  Aborted test due to SKIPPED outcome
22:45:19 INFO  
22:45:19 INFO  Test duration: 0.02 secs
22:45:19 INFO  Test final outcome:  SKIPPED
22:45:19 INFO  Test outcome reason: Testing the apt plugin is not supported on this platform.To run the tests call PySys with -XmyPlatform='container'
22:45:19 INFO  
</system-out>
	</testcase>
<testcase classname="AptPluginFinalize" name="apt_finalize" />
</testsuite><testsuite name="apt_install" tests="2" errors="0" failures="0" skipped="1" time="0"><testcase classname="AptPluginInstallDense" name="apt_install">
		<skipped message="SKIPPED: Testing the apt plugin is not supported on this platform.To run the tests call PySys with -XmyPlatform='container'" />
		<system-out>22:45:19 INFO  ==============================================================
22:45:19 INFO  Id:    apt_install
22:45:19 INFO  Dir:   plugin_apt/
22:45:19 INFO  Title: Validate apt plugin prepare - dense version
22:45:19 INFO  ==============================================================
22:45:19 INFO  Testing the apt plugin is not supported on this platform.To run the tests call PySys with -XmyPlatform='container' ... skipped
22:45:19 WARN  Aborted test due to SKIPPED outcome
22:45:19 INFO  
22:45:19 INFO  Test duration: 0.02 secs
22:45:19 INFO  Test final outcome:  SKIPPED
22:45:19 INFO  Test outcome reason: Testing the apt plugin is not supported on this platform.To run the tests call PySys with -XmyPlatform='container'
22:45:19 INFO  
</system-out>
	</testcase>
<testcase classname="AptPluginInstallDense" name="apt_install" />
</testsuite><testsuite name="apt_install_fail" tests="2" errors="0" failures="0" skipped="1" time="0"><testcase classname="AptPluginInstallFail" name="apt_install_fail">
		<skipped message="SKIPPED: Testing the apt plugin is not supported on this platform.To run the tests call PySys with -XmyPlatform='container'" />
		<system-out>22:45:19 INFO  ==============================================================
22:45:19 INFO  Id:    apt_install_fail
22:45:19 INFO  Dir:   plugin_apt/
22:45:19 INFO  Title: Validate apt plugin prepare - failing
22:45:19 INFO  ==============================================================
22:45:19 INFO  Testing the apt plugin is not supported on this platform.To run the tests call PySys with -XmyPlatform='container' ... skipped
22:45:19 WARN  Aborted test due to SKIPPED outcome
22:45:19 INFO  
22:45:19 INFO  Test duration: 0.02 secs
22:45:19 INFO  Test final outcome:  SKIPPED
22:45:19 INFO  Test outcome reason: Testing the apt plugin is not supported on this platform.To run the tests call PySys with -XmyPlatform='container'
22:45:19 INFO  
</system-out>
	</testcase>
<testcase classname="AptPluginInstallFail" name="apt_install_fail" />
</testsuite><testsuite name="apt_install_local_file" tests="2" errors="0" failures="0" skipped="1" time="0"><testcase classname="AptPluginInstallFromLocalFile" name="apt_install_local_file">
		<skipped message="SKIPPED: Testing the apt plugin is not supported on this platform.To run the tests call PySys with -XmyPlatform='container'" />
		<system-out>22:45:19 INFO  ==============================================================
22:45:19 INFO  Id:    apt_install_local_file
22:45:19 INFO  Dir:   plugin_apt/
22:45:19 INFO  Title: Validate apt plugin install from local file - SUCCESS case
22:45:19 INFO  ==============================================================
22:45:19 INFO  Testing the apt plugin is not supported on this platform.To run the tests call PySys with -XmyPlatform='container' ... skipped
22:45:19 WARN  Aborted test due to SKIPPED outcome
22:45:19 INFO  
22:45:19 INFO  Test duration: 0.02 secs
22:45:19 INFO  Test final outcome:  SKIPPED
22:45:19 INFO  Test outcome reason: Testing the apt plugin is not supported on this platform.To run the tests call PySys with -XmyPlatform='container'
22:45:19 INFO  
</system-out>
	</testcase>
<testcase classname="AptPluginInstallFromLocalFile" name="apt_install_local_file" />
</testsuite><testsuite name="apt_install_local_file_fail" tests="2" errors="0" failures="0" skipped="1" time="0"><testcase classname="AptPluginInstallFromLocalFileFail" name="apt_install_local_file_fail">
		<skipped message="SKIPPED: Testing the apt plugin is not supported on this platform.To run the tests call PySys with -XmyPlatform='container'" />
		<system-out>22:45:19 INFO  ==============================================================
22:45:19 INFO  Id:    apt_install_local_file_fail
22:45:19 INFO  Dir:   plugin_apt/
22:45:19 INFO  Title: Validate apt plugin install from local file - FAIL case
22:45:19 INFO  ==============================================================
22:45:19 INFO  Testing the apt plugin is not supported on this platform.To run the tests call PySys with -XmyPlatform='container' ... skipped
22:45:19 WARN  Aborted test due to SKIPPED outcome
22:45:19 INFO  
22:45:19 INFO  Test duration: 0.03 secs
22:45:19 INFO  Test final outcome:  SKIPPED
22:45:19 INFO  Test outcome reason: Testing the apt plugin is not supported on this platform.To run the tests call PySys with -XmyPlatform='container'
22:45:19 INFO  
</system-out>
	</testcase>
<testcase classname="AptPluginInstallFromLocalFileFail" name="apt_install_local_file_fail" />
</testsuite><testsuite name="apt_install_local_file_with_version" tests="2" errors="0" failures="0" skipped="1" time="0"><testcase classname="AptPluginInstallFromLocalFileWithVersion" name="apt_install_local_file_with_version">
		<skipped message="SKIPPED: Testing the apt plugin is not supported on this platform.To run the tests call PySys with -XmyPlatform='container'" />
		<system-out>22:45:19 INFO  ==============================================================
22:45:19 INFO  Id:    apt_install_local_file_with_version
22:45:19 INFO  Dir:   plugin_apt/
22:45:19 INFO  Title: Validate apt plugin install from local file AND with a version - SUCCESS case
22:45:19 INFO  ==============================================================
22:45:19 INFO  Testing the apt plugin is not supported on this platform.To run the tests call PySys with -XmyPlatform='container' ... skipped
22:45:19 WARN  Aborted test due to SKIPPED outcome
22:45:19 INFO  
22:45:19 INFO  Test duration: 0.02 secs
22:45:19 INFO  Test final outcome:  SKIPPED
22:45:19 INFO  Test outcome reason: Testing the apt plugin is not supported on this platform.To run the tests call PySys with -XmyPlatform='container'
22:45:19 INFO  
</system-out>
	</testcase>
<testcase classname="AptPluginInstallFromLocalFileWithVersion" name="apt_install_local_file_with_version" />
</testsuite><testsuite name="apt_install_local_file_with_version_fail" tests="2" errors="0" failures="0" skipped="1" time="0"><testcase classname="AptPluginInstallFromLocalFileWithVersionFail" name="apt_install_local_file_with_version_fail">
		<skipped message="SKIPPED: Testing the apt plugin is not supported on this platform.To run the tests call PySys with -XmyPlatform='container'" />
		<system-out>22:45:19 INFO  ==============================================================
22:45:19 INFO  Id:    apt_install_local_file_with_version_fail
22:45:19 INFO  Dir:   plugin_apt/
22:45:19 INFO  Title: Validate apt plugin install from local file AND with a version - FAIL case
22:45:19 INFO  ==============================================================
22:45:19 INFO  Testing the apt plugin is not supported on this platform.To run the tests call PySys with -XmyPlatform='container' ... skipped
22:45:19 WARN  Aborted test due to SKIPPED outcome
22:45:19 INFO  
22:45:19 INFO  Test duration: 0.03 secs
22:45:19 INFO  Test final outcome:  SKIPPED
22:45:19 INFO  Test outcome reason: Testing the apt plugin is not supported on this platform.To run the tests call PySys with -XmyPlatform='container'
22:45:19 INFO  
</system-out>
	</testcase>
<testcase classname="AptPluginInstallFromLocalFileWithVersionFail" name="apt_install_local_file_with_version_fail" />
</testsuite><testsuite name="apt_list_format" tests="2" errors="0" failures="0" skipped="0" time="0"><testcase classname="AptPluginListFormat" name="apt_list_format" />
<testcase classname="AptPluginListFormat" name="apt_list_format" />
</testsuite><testsuite name="apt_prepare" tests="2" errors="0" failures="0" skipped="1" time="0"><testcase classname="AptPluginPrepare" name="apt_prepare">
		<skipped message="SKIPPED: Testing the apt plugin is not supported on this platform.To run the tests call PySys with -XmyPlatform='container'" />
		<system-out>22:45:22 INFO  ==============================================================
22:45:22 INFO  Id:    apt_prepare
22:45:22 INFO  Dir:   plugin_apt/
22:45:22 INFO  Title: Validate apt plugin install - dense version
22:45:22 INFO  ==============================================================
22:45:22 INFO  Testing the apt plugin is not supported on this platform.To run the tests call PySys with -XmyPlatform='container' ... skipped
22:45:22 WARN  Aborted test due to SKIPPED outcome
22:45:22 INFO  
22:45:22 INFO  Test duration: 0.02 secs
22:45:22 INFO  Test final outcome:  SKIPPED
22:45:22 INFO  Test outcome reason: Testing the apt plugin is not supported on this platform.To run the tests call PySys with -XmyPlatform='container'
22:45:22 INFO  
</system-out>
	</testcase>
<testcase classname="AptPluginPrepare" name="apt_prepare" />
</testsuite><testsuite name="apt_prepare_install_finalize" tests="2" errors="0" failures="0" skipped="1" time="0"><testcase classname="AptPluginPrepareInstallFinalize" name="apt_prepare_install_finalize">
		<skipped message="SKIPPED: Testing the apt plugin is not supported on this platform.To run the tests call PySys with -XmyPlatform='container'" />
		<system-out>22:45:22 INFO  ==============================================================
22:45:22 INFO  Id:    apt_prepare_install_finalize
22:45:22 INFO  Dir:   plugin_apt/
22:45:22 INFO  Title: Validate apt plugin install use case
22:45:22 INFO  ==============================================================
22:45:22 INFO  Testing the apt plugin is not supported on this platform.To run the tests call PySys with -XmyPlatform='container' ... skipped
22:45:22 WARN  Aborted test due to SKIPPED outcome
22:45:22 INFO  
22:45:22 INFO  Test duration: 0.02 secs
22:45:22 INFO  Test final outcome:  SKIPPED
22:45:22 INFO  Test outcome reason: Testing the apt plugin is not supported on this platform.To run the tests call PySys with -XmyPlatform='container'
22:45:22 INFO  
</system-out>
	</testcase>
<testcase classname="AptPluginPrepareInstallFinalize" name="apt_prepare_install_finalize" />
</testsuite><testsuite name="apt_remove" tests="2" errors="0" failures="0" skipped="1" time="0"><testcase classname="AptPluginRemoveDense" name="apt_remove">
		<skipped message="SKIPPED: Testing the apt plugin is not supported on this platform.To run the tests call PySys with -XmyPlatform='container'" />
		<system-out>22:45:22 INFO  ==============================================================
22:45:22 INFO  Id:    apt_remove
22:45:22 INFO  Dir:   plugin_apt/
22:45:22 INFO  Title: Validate apt plugin prepare - dense version
22:45:22 INFO  ==============================================================
22:45:22 INFO  Testing the apt plugin is not supported on this platform.To run the tests call PySys with -XmyPlatform='container' ... skipped
22:45:22 WARN  Aborted test due to SKIPPED outcome
22:45:22 INFO  
22:45:22 INFO  Test duration: 0.02 secs
22:45:22 INFO  Test final outcome:  SKIPPED
22:45:22 INFO  Test outcome reason: Testing the apt plugin is not supported on this platform.To run the tests call PySys with -XmyPlatform='container'
22:45:22 INFO  
</system-out>
	</testcase>
<testcase classname="AptPluginRemoveDense" name="apt_remove" />
</testsuite><testsuite name="apt_remove_fail" tests="2" errors="0" failures="0" skipped="1" time="0"><testcase classname="AptPluginRemoveFails" name="apt_remove_fail">
		<skipped message="SKIPPED: Testing the apt plugin is not supported on this platform.To run the tests call PySys with -XmyPlatform='container'" />
		<system-out>22:45:22 INFO  ==============================================================
22:45:22 INFO  Id:    apt_remove_fail
22:45:22 INFO  Dir:   plugin_apt/
22:45:22 INFO  Title: Validate apt plugin prepare - failing
22:45:22 INFO  ==============================================================
22:45:22 INFO  Testing the apt plugin is not supported on this platform.To run the tests call PySys with -XmyPlatform='container' ... skipped
22:45:22 WARN  Aborted test due to SKIPPED outcome
22:45:22 INFO  
22:45:22 INFO  Test duration: 0.02 secs
22:45:22 INFO  Test final outcome:  SKIPPED
22:45:22 INFO  Test outcome reason: Testing the apt plugin is not supported on this platform.To run the tests call PySys with -XmyPlatform='container'
22:45:22 INFO  
</system-out>
	</testcase>
<testcase classname="AptPluginRemoveFails" name="apt_remove_fail" />
</testsuite><testsuite name="apt_sequence_install_with_version" tests="2" errors="0" failures="0" skipped="1" time="0"><testcase classname="AptPluginPrepInstallWithVersionFinalize" name="apt_sequence_install_with_version">
		<skipped message="SKIPPED: Testing the apt plugin is not supported on this platform.To run the tests call PySys with -XmyPlatform='container'" />
		<system-out>22:45:23 INFO  ==============================================================
22:45:23 INFO  Id:    apt_sequence_install_with_version
22:45:23 INFO  Dir:   plugin_apt/
22:45:23 INFO  Title: Validate apt plugin install with version use case
22:45:23 INFO  ==============================================================
22:45:23 INFO  Testing the apt plugin is not supported on this platform.To run the tests call PySys with -XmyPlatform='container' ... skipped
22:45:23 WARN  Aborted test due to SKIPPED outcome
22:45:23 INFO  
22:45:23 INFO  Test duration: 0.02 secs
22:45:23 INFO  Test final outcome:  SKIPPED
22:45:23 INFO  Test outcome reason: Testing the apt plugin is not supported on this platform.To run the tests call PySys with -XmyPlatform='container'
22:45:23 INFO  
</system-out>
	</testcase>
<testcase classname="AptPluginPrepInstallWithVersionFinalize" name="apt_sequence_install_with_version" />
</testsuite><testsuite name="apt_sequence_install_with_version_fail" tests="2" errors="0" failures="0" skipped="1" time="0"><testcase classname="AptPluginInstallWithVersionFails" name="apt_sequence_install_with_version_fail">
		<skipped message="SKIPPED: Testing the apt plugin is not supported on this platform.To run the tests call PySys with -XmyPlatform='container'" />
		<system-out>22:45:23 INFO  ==============================================================
22:45:23 INFO  Id:    apt_sequence_install_with_version_fail
22:45:23 INFO  Dir:   plugin_apt/
22:45:23 INFO  Title: Validate apt plugin install with version fails use case
22:45:23 INFO  ==============================================================
22:45:23 INFO  Testing the apt plugin is not supported on this platform.To run the tests call PySys with -XmyPlatform='container' ... skipped
22:45:23 WARN  Aborted test due to SKIPPED outcome
22:45:23 INFO  
22:45:23 INFO  Test duration: 0.02 secs
22:45:23 INFO  Test final outcome:  SKIPPED
22:45:23 INFO  Test outcome reason: Testing the apt plugin is not supported on this platform.To run the tests call PySys with -XmyPlatform='container'
22:45:23 INFO  
</system-out>
	</testcase>
<testcase classname="AptPluginInstallWithVersionFails" name="apt_sequence_install_with_version_fail" />
</testsuite><testsuite name="apt_sequence_remove" tests="2" errors="0" failures="0" skipped="1" time="0"><testcase classname="AptPluginInstallPrepareRemoveFinalize" name="apt_sequence_remove">
		<skipped message="SKIPPED: Testing the apt plugin is not supported on this platform.To run the tests call PySys with -XmyPlatform='container'" />
		<system-out>22:45:23 INFO  ==============================================================
22:45:23 INFO  Id:    apt_sequence_remove
22:45:23 INFO  Dir:   plugin_apt/
22:45:23 INFO  Title: Validate apt plugin prepare install remove finalize use case
22:45:23 INFO  ==============================================================
22:45:23 INFO  Testing the apt plugin is not supported on this platform.To run the tests call PySys with -XmyPlatform='container' ... skipped
22:45:23 WARN  Aborted test due to SKIPPED outcome
22:45:23 INFO  
22:45:23 INFO  Test duration: 0.02 secs
22:45:23 INFO  Test final outcome:  SKIPPED
22:45:23 INFO  Test outcome reason: Testing the apt plugin is not supported on this platform.To run the tests call PySys with -XmyPlatform='container'
22:45:23 INFO  
</system-out>
	</testcase>
<testcase classname="AptPluginInstallPrepareRemoveFinalize" name="apt_sequence_remove" />
</testsuite><testsuite name="apt_sequence_remove_with_version" tests="2" errors="0" failures="0" skipped="1" time="0"><testcase classname="AptPluginRemoveWithVersion" name="apt_sequence_remove_with_version">
		<skipped message="SKIPPED: Testing the apt plugin is not supported on this platform.To run the tests call PySys with -XmyPlatform='container'" />
		<system-out>22:45:23 INFO  ==============================================================
22:45:23 INFO  Id:    apt_sequence_remove_with_version
22:45:23 INFO  Dir:   plugin_apt/
22:45:23 INFO  Title: Validate apt plugin remove with version use case
22:45:23 INFO  ==============================================================
22:45:23 INFO  Testing the apt plugin is not supported on this platform.To run the tests call PySys with -XmyPlatform='container' ... skipped
22:45:23 WARN  Aborted test due to SKIPPED outcome
22:45:23 INFO  
22:45:23 INFO  Test duration: 0.02 secs
22:45:23 INFO  Test final outcome:  SKIPPED
22:45:23 INFO  Test outcome reason: Testing the apt plugin is not supported on this platform.To run the tests call PySys with -XmyPlatform='container'
22:45:23 INFO  
</system-out>
	</testcase>
<testcase classname="AptPluginRemoveWithVersion" name="apt_sequence_remove_with_version" />
</testsuite><testsuite name="apt_sequence_remove_with_version_fail" tests="2" errors="0" failures="0" skipped="1" time="0"><testcase classname="AptPluginRemoveWithVersionFails" name="apt_sequence_remove_with_version_fail">
		<skipped message="SKIPPED: Testing the apt plugin is not supported on this platform.To run the tests call PySys with -XmyPlatform='container'" />
		<system-out>22:45:23 INFO  ==============================================================
22:45:23 INFO  Id:    apt_sequence_remove_with_version_fail
22:45:23 INFO  Dir:   plugin_apt/
22:45:23 INFO  Title: Validate apt plugin remove with version fails when the version not found
22:45:23 INFO  ==============================================================
22:45:23 INFO  Testing the apt plugin is not supported on this platform.To run the tests call PySys with -XmyPlatform='container' ... skipped
22:45:23 WARN  Aborted test due to SKIPPED outcome
22:45:23 INFO  
22:45:23 INFO  Test duration: 0.02 secs
22:45:23 INFO  Test final outcome:  SKIPPED
22:45:23 INFO  Test outcome reason: Testing the apt plugin is not supported on this platform.To run the tests call PySys with -XmyPlatform='container'
22:45:23 INFO  
</system-out>
	</testcase>
<testcase classname="AptPluginRemoveWithVersionFails" name="apt_sequence_remove_with_version_fail" />
</testsuite><testsuite name="apt_update_list" tests="2" errors="0" failures="0" skipped="1" time="0"><testcase classname="AptPluginUpdateList" name="apt_update_list">
		<skipped message="SKIPPED: Testing the apt plugin is not supported on this platform.To run the tests call PySys with -XmyPlatform='container'" />
		<system-out>22:45:23 INFO  ==============================================================
22:45:23 INFO  Id:    apt_update_list
22:45:23 INFO  Dir:   plugin_apt/
22:45:23 INFO  Title: Validate apt plugin update-list command use case
22:45:23 INFO  ==============================================================
22:45:23 INFO  Testing the apt plugin is not supported on this platform.To run the tests call PySys with -XmyPlatform='container' ... skipped
22:45:23 WARN  Aborted test due to SKIPPED outcome
22:45:23 INFO  
22:45:23 INFO  Test duration: 0.02 secs
22:45:23 INFO  Test final outcome:  SKIPPED
22:45:23 INFO  Test outcome reason: Testing the apt plugin is not supported on this platform.To run the tests call PySys with -XmyPlatform='container'
22:45:23 INFO  
</system-out>
	</testcase>
<testcase classname="AptPluginUpdateList" name="apt_update_list" />
</testsuite><testsuite name="apt_wrong_option" tests="2" errors="0" failures="0" skipped="1" time="0"><testcase classname="AptPluginWrongOption" name="apt_wrong_option">
		<skipped message="SKIPPED: Testing the apt plugin is not supported on this platform.To run the tests call PySys with -XmyPlatform='container'" />
		<system-out>22:45:23 INFO  ==============================================================
22:45:23 INFO  Id:    apt_wrong_option
22:45:23 INFO  Dir:   plugin_apt/
22:45:23 INFO  Title: Validate apt plugin install
22:45:23 INFO  ==============================================================
22:45:23 INFO  Testing the apt plugin is not supported on this platform.To run the tests call PySys with -XmyPlatform='container' ... skipped
22:45:23 WARN  Aborted test due to SKIPPED outcome
22:45:23 INFO  
22:45:23 INFO  Test duration: 0.02 secs
22:45:23 INFO  Test final outcome:  SKIPPED
22:45:23 INFO  Test outcome reason: Testing the apt plugin is not supported on this platform.To run the tests call PySys with -XmyPlatform='container'
22:45:23 INFO  
</system-out>
	</testcase>
<testcase classname="AptPluginWrongOption" name="apt_wrong_option" />
</testsuite><testsuite name="c8y_jwt_token_retrieval" tests="1" errors="0" failures="0" skipped="0" time="0"><testcase classname="ValidateJWTTokenRetrieval" name="c8y_jwt_token_retrieval" />
</testsuite><testsuite name="c8y_restart_bridge" tests="1" errors="0" failures="0" skipped="0" time="0"><testcase classname="RestartBridge" name="c8y_restart_bridge" />
</testsuite><testsuite name="call_tedge_-V" tests="1" errors="0" failures="0" skipped="0" time="0"><testcase classname="PySysTest" name="call_tedge_-V" />
</testsuite><testsuite name="call_tedge_-h" tests="1" errors="0" failures="0" skipped="0" time="0"><testcase classname="PySysTest" name="call_tedge_-h" />
</testsuite><testsuite name="call_tedge_-h_-V" tests="1" errors="0" failures="1" skipped="0" time="0"><testcase classname="PySysTest" name="call_tedge_-h_-V">
		<failure message="FAILED: Grep on tedge.out contains &quot;tedge 0.6&quot;" type="FAILED" />
		<system-out>22:54:55 INFO  ==============================================================
22:54:55 INFO  Id:    call_tedge_-h_-V
22:54:55 INFO  Dir:   tedge/
22:54:55 INFO  Title: Validate command line option -h -V
22:54:55 INFO  ==============================================================
22:54:56 INFO  Executed tedge, exit status 0
22:54:56 WARN  Grep on tedge.out contains "tedge 0.6" ... failed [run.py:32]
22:54:56 INFO  Grep on file tedge.out ... passed
22:54:56 INFO  
22:54:56 INFO  Test duration: 0.48 secs
22:54:56 INFO  Test final outcome:  FAILED
22:54:56 INFO  Test outcome reason: Grep on tedge.out contains "tedge 0.6"
22:54:56 INFO  
</system-out>
	</testcase>
</testsuite><testsuite name="call_tedge_config_help" tests="1" errors="0" failures="0" skipped="0" time="0"><testcase classname="PySysTest" name="call_tedge_config_help" />
</testsuite><testsuite name="call_tedge_config_list" tests="1" errors="0" failures="0" skipped="0" time="0"><testcase classname="PySysTest" name="call_tedge_config_list" />
</testsuite><testsuite name="custom_init_system" tests="1" errors="0" failures="0" skipped="0" time="0"><testcase classname="CustomInitSystem" name="custom_init_system" />
</testsuite><testsuite name="docker_plugin_finalize" tests="2" errors="0" failures="0" skipped="1" time="0"><testcase classname="DockerPluginFinalizeTest" name="docker_plugin_finalize">
		<skipped message="SKIPPED: Testing the docker plugin is not supported on this platform.To run it, all the test with -XmyPlatform='container'" />
		<system-out>22:45:23 INFO  ==============================================================
22:45:23 INFO  Id:    docker_plugin_finalize
22:45:23 INFO  Dir:   plugin_docker/
22:45:23 INFO  Title: Validate docker plugin finalize command
22:45:23 INFO  ==============================================================
22:45:23 INFO  Testing the docker plugin is not supported on this platform.To run it, all the test with -XmyPlatform='container' ... skipped
22:45:23 WARN  Aborted test due to SKIPPED outcome
22:45:23 INFO  
22:45:23 INFO  Test duration: 0.04 secs
22:45:23 INFO  Test final outcome:  SKIPPED
22:45:23 INFO  Test outcome reason: Testing the docker plugin is not supported on this platform.To run it, all the test with -XmyPlatform='container'
22:45:23 INFO  
</system-out>
	</testcase>
<testcase classname="DockerPluginFinalizeTest" name="docker_plugin_finalize" />
</testsuite><testsuite name="docker_plugin_install" tests="2" errors="0" failures="0" skipped="1" time="0"><testcase classname="DockerPluginInstallTest" name="docker_plugin_install">
		<skipped message="SKIPPED: Testing the docker plugin is not supported on this platform.To run it, all the test with -XmyPlatform='container'" />
		<system-out>22:45:23 INFO  ==============================================================
22:45:23 INFO  Id:    docker_plugin_install
22:45:23 INFO  Dir:   plugin_docker/
22:45:23 INFO  Title: Validate docker plugin install
22:45:23 INFO  ==============================================================
22:45:23 INFO  Testing the docker plugin is not supported on this platform.To run it, all the test with -XmyPlatform='container' ... skipped
22:45:23 WARN  Aborted test due to SKIPPED outcome
22:45:23 INFO  
22:45:23 INFO  Test duration: 0.02 secs
22:45:23 INFO  Test final outcome:  SKIPPED
22:45:23 INFO  Test outcome reason: Testing the docker plugin is not supported on this platform.To run it, all the test with -XmyPlatform='container'
22:45:23 INFO  
</system-out>
	</testcase>
<testcase classname="DockerPluginInstallTest" name="docker_plugin_install" />
</testsuite><testsuite name="docker_plugin_install_with_version" tests="2" errors="0" failures="0" skipped="1" time="0"><testcase classname="DockerPluginInstallWithVersionTest" name="docker_plugin_install_with_version">
		<skipped message="SKIPPED: Testing the docker plugin is not supported on this platform.To run it, all the test with -XmyPlatform='container'" />
		<system-out>22:45:23 INFO  ==============================================================
22:45:23 INFO  Id:    docker_plugin_install_with_version
22:45:23 INFO  Dir:   plugin_docker/
22:45:23 INFO  Title: Validate docker plugin install
22:45:23 INFO  ==============================================================
22:45:23 INFO  Testing the docker plugin is not supported on this platform.To run it, all the test with -XmyPlatform='container' ... skipped
22:45:23 WARN  Aborted test due to SKIPPED outcome
22:45:23 INFO  
22:45:23 INFO  Test duration: 0.02 secs
22:45:23 INFO  Test final outcome:  SKIPPED
22:45:23 INFO  Test outcome reason: Testing the docker plugin is not supported on this platform.To run it, all the test with -XmyPlatform='container'
22:45:23 INFO  
</system-out>
	</testcase>
<testcase classname="DockerPluginInstallWithVersionTest" name="docker_plugin_install_with_version" />
</testsuite><testsuite name="docker_plugin_remove" tests="2" errors="0" failures="0" skipped="1" time="0"><testcase classname="DockerPluginRemoveTest" name="docker_plugin_remove">
		<skipped message="SKIPPED: Testing the docker plugin is not supported on this platform.To run it, all the test with -XmyPlatform='container'" />
		<system-out>22:45:23 INFO  ==============================================================
22:45:23 INFO  Id:    docker_plugin_remove
22:45:23 INFO  Dir:   plugin_docker/
22:45:23 INFO  Title: Validate docker plugin remove
22:45:23 INFO  ==============================================================
22:45:23 INFO  Testing the docker plugin is not supported on this platform.To run it, all the test with -XmyPlatform='container' ... skipped
22:45:23 WARN  Aborted test due to SKIPPED outcome
22:45:23 INFO  
22:45:23 INFO  Test duration: 0.02 secs
22:45:23 INFO  Test final outcome:  SKIPPED
22:45:23 INFO  Test outcome reason: Testing the docker plugin is not supported on this platform.To run it, all the test with -XmyPlatform='container'
22:45:23 INFO  
</system-out>
	</testcase>
<testcase classname="DockerPluginRemoveTest" name="docker_plugin_remove" />
</testsuite><testsuite name="docker_plugin_remove_with_version" tests="2" errors="0" failures="0" skipped="1" time="0"><testcase classname="DockerPluginRemoveWithVersionTest" name="docker_plugin_remove_with_version">
		<skipped message="SKIPPED: Testing the docker plugin is not supported on this platform.To run it, all the test with -XmyPlatform='container'" />
		<system-out>22:45:23 INFO  ==============================================================
22:45:23 INFO  Id:    docker_plugin_remove_with_version
22:45:23 INFO  Dir:   plugin_docker/
22:45:23 INFO  Title: Validate docker plugin remove with version
22:45:23 INFO  ==============================================================
22:45:23 INFO  Testing the docker plugin is not supported on this platform.To run it, all the test with -XmyPlatform='container' ... skipped
22:45:23 WARN  Aborted test due to SKIPPED outcome
22:45:23 INFO  
22:45:23 INFO  Test duration: 0.02 secs
22:45:23 INFO  Test final outcome:  SKIPPED
22:45:23 INFO  Test outcome reason: Testing the docker plugin is not supported on this platform.To run it, all the test with -XmyPlatform='container'
22:45:23 INFO  
</system-out>
	</testcase>
<testcase classname="DockerPluginRemoveWithVersionTest" name="docker_plugin_remove_with_version" />
</testsuite><testsuite name="docker_plugin_update" tests="2" errors="0" failures="0" skipped="1" time="0"><testcase classname="DockerPluginUpdateTest" name="docker_plugin_update">
		<skipped message="SKIPPED: Testing the docker plugin is not supported on this platform.To run it, all the test with -XmyPlatform='container'" />
		<system-out>22:45:23 INFO  ==============================================================
22:45:23 INFO  Id:    docker_plugin_update
22:45:23 INFO  Dir:   plugin_docker/
22:45:23 INFO  Title: Validate docker plugin install updates existing containers
22:45:23 INFO  ==============================================================
22:45:23 INFO  Testing the docker plugin is not supported on this platform.To run it, all the test with -XmyPlatform='container' ... skipped
22:45:23 WARN  Aborted test due to SKIPPED outcome
22:45:23 INFO  
22:45:23 INFO  Test duration: 0.02 secs
22:45:23 INFO  Test final outcome:  SKIPPED
22:45:23 INFO  Test outcome reason: Testing the docker plugin is not supported on this platform.To run it, all the test with -XmyPlatform='container'
22:45:23 INFO  
</system-out>
	</testcase>
<testcase classname="DockerPluginUpdateTest" name="docker_plugin_update" />
</testsuite><testsuite name="invalid_device_id" tests="1" errors="0" failures="0" skipped="0" time="0"><testcase classname="InvalidDeviceId" name="invalid_device_id" />
</testsuite><testsuite name="local_mqtt_pub_sub" tests="1" errors="0" failures="0" skipped="0" time="0"><testcase classname="PySysTest" name="local_mqtt_pub_sub" />
</testsuite><testsuite name="local_mqtt_pub_sub_retain" tests="1" errors="0" failures="0" skipped="0" time="0"><testcase classname="MqttPublishWithRetain" name="local_mqtt_pub_sub_retain" />
</testsuite><testsuite name="log_request_error_messages" tests="1" errors="0" failures="1" skipped="0" time="0"><testcase classname="LogRequestVerifySearchTextError" name="log_request_error_messages">
		<failure message="BLOCKED: TypeError: 'NoneType' object is not subscriptable" type="BLOCKED" />
		<system-out>22:42:59 INFO  ==============================================================
22:42:59 INFO  Id:    log_request_error_messages
22:42:59 INFO  Dir:   log_request_end_to_end/
22:42:59 INFO  Title: Validate end to end behaviour for the log request operation check for error messages
22:42:59 INFO  ==============================================================
22:43:01 INFO  EnvironmentC8y Setup
22:43:01 INFO  Executed systemctl&lt;serv_mapper1&gt;, exit status 3
22:43:15 INFO  Executed sudo&lt;tedge_connect_c8y&gt;, exit status 0, duration 13 secs
22:43:16 INFO  Executed sudo&lt;tedge_connect_c8y_test&gt;, exit status 0
22:43:16 INFO  Executed systemctl&lt;serv_mosq2&gt;, exit status 0
22:43:17 INFO  Executed systemctl&lt;serv_mapper3&gt;, exit status 0
22:43:17 INFO  Executed sudo&lt;rm_logs&gt;, exit status 0
22:43:18 INFO  Executed sudo&lt;move_logs&gt;, exit status 0
22:43:18 INFO  Executed sudo&lt;log_file_daemon&gt;, exit status 0
22:43:19 WARN  TypeError occurred while running test - 'NoneType' object is not subscriptable
Traceback (most recent call last):
  File "/home/pi/env-pysys/lib/python3.7/site-packages/pysys/baserunner.py", line 1294, in __call__
    self.testObj.execute()
  File "/home/pi/actions-runner/_work/thin-edge.io/thin-edge.io/tests/PySys/log_request_end_to_end/log_request_error_messages/run.py", line 47, in execute
    log_file_request_payload, self.project.deviceid
  File "/home/pi/actions-runner/_work/thin-edge.io/thin-edge.io/tests/PySys/environments/cumulocity.py", line 101, in trigger_log_request
    "deviceId": self.device_fragment["id"],
TypeError: 'NoneType' object is not subscriptable
22:43:20 WARN  TypeError: 'NoneType' object is not subscriptable ... blocked 
22:43:20 INFO  
22:43:20 INFO  cleanup:
22:43:20 INFO  Executed sudo&lt;rm_logs&gt;, exit status 0
22:43:21 INFO  Executed sudo&lt;rm_tmp_logs&gt;, exit status 0
22:43:21 INFO  Executed sudo&lt;send_failed&gt;, exit status 0
22:43:22 INFO  Executed sudo&lt;log_file_daemon&gt;, exit status 0
22:43:26 INFO  Executed sudo&lt;tedge_disconnect_c8y&gt;, exit status 0
22:43:26 INFO  Executed systemctl&lt;serv_mapper5&gt;, exit status 3
22:43:26 INFO  
22:43:26 INFO  Test duration: 26.86 secs
22:43:26 INFO  Test final outcome:  BLOCKED
22:43:26 INFO  Test outcome reason: TypeError: 'NoneType' object is not subscriptable
22:43:26 INFO  
</system-out>
	</testcase>
</testsuite><testsuite name="log_request_num_lines" tests="1" errors="0" failures="1" skipped="0" time="0"><testcase classname="LogRequestVerifyNumberOfLines" name="log_request_num_lines">
		<failure message="BLOCKED: TypeError: 'NoneType' object is not subscriptable" type="BLOCKED" />
		<system-out>22:43:26 INFO  ==============================================================
22:43:26 INFO  Id:    log_request_num_lines
22:43:26 INFO  Dir:   log_request_end_to_end/
22:43:26 INFO  Title: Validate end to end behaviour for the log request operation check for number of lines
22:43:26 INFO  ==============================================================
22:43:26 INFO  EnvironmentC8y Setup
22:43:27 INFO  Executed systemctl&lt;serv_mapper1&gt;, exit status 3
22:43:27 INFO  Restarting mosquitto too frequently in the last 10 seconds. It was only up for 5 seconds
22:43:27 INFO  Delaying execution by 6 seconds
22:43:47 INFO  Executed sudo&lt;tedge_connect_c8y&gt;, exit status 0, duration 14 secs
22:43:48 INFO  Executed sudo&lt;tedge_connect_c8y_test&gt;, exit status 0
22:43:48 INFO  Executed systemctl&lt;serv_mosq2&gt;, exit status 0
22:43:49 INFO  Executed systemctl&lt;serv_mapper3&gt;, exit status 0
22:43:49 INFO  Executed sudo&lt;rm_logs&gt;, exit status 0
22:43:50 INFO  Executed sudo&lt;move_logs&gt;, exit status 0
22:43:51 INFO  Executed sudo&lt;log_file_daemon&gt;, exit status 0
22:43:51 WARN  TypeError occurred while running test - 'NoneType' object is not subscriptable
Traceback (most recent call last):
  File "/home/pi/env-pysys/lib/python3.7/site-packages/pysys/baserunner.py", line 1294, in __call__
    self.testObj.execute()
  File "/home/pi/actions-runner/_work/thin-edge.io/thin-edge.io/tests/PySys/log_request_end_to_end/log_request_num_lines/run.py", line 46, in execute
    log_file_request_payload, self.project.deviceid
  File "/home/pi/actions-runner/_work/thin-edge.io/thin-edge.io/tests/PySys/environments/cumulocity.py", line 101, in trigger_log_request
    "deviceId": self.device_fragment["id"],
TypeError: 'NoneType' object is not subscriptable
22:43:51 WARN  TypeError: 'NoneType' object is not subscriptable ... blocked 
22:43:51 INFO  
22:43:51 INFO  cleanup:
22:43:52 INFO  Executed sudo&lt;rm_logs&gt;, exit status 0
22:43:52 INFO  Executed sudo&lt;rm_tmp_logs&gt;, exit status 0
22:43:53 INFO  Executed sudo&lt;send_failed&gt;, exit status 0
22:43:53 INFO  Executed sudo&lt;log_file_daemon&gt;, exit status 0
22:43:57 INFO  Executed sudo&lt;tedge_disconnect_c8y&gt;, exit status 0
22:43:58 INFO  Executed systemctl&lt;serv_mapper5&gt;, exit status 3
22:43:58 INFO  
22:43:58 INFO  Test duration: 31.71 secs
22:43:58 INFO  Test final outcome:  BLOCKED
22:43:58 INFO  Test outcome reason: TypeError: 'NoneType' object is not subscriptable
22:43:58 INFO  
</system-out>
	</testcase>
</testsuite><testsuite name="mapper_awaits_before_reconnect" tests="1" errors="0" failures="1" skipped="0" time="0"><testcase classname="MapperReconnectAwait" name="mapper_awaits_before_reconnect">
		<failure message="FAILED: Line count on tedge_mapper_journal.out for &quot;tedge_mapper::core::mapper: MQTT connection error:&quot; expected &gt;=2 but got 0" type="FAILED" />
		<system-out>22:57:57 INFO  ==============================================================
22:57:57 INFO  Id:    mapper_awaits_before_reconnect
22:57:57 INFO  Dir:   tedge_mapper_c8y/
22:57:57 INFO  Title: Validate mapper doesn't reconnect too often
22:57:57 INFO  ==============================================================
22:57:57 INFO  Started mosquitto_sub with process id 26162
22:57:57 INFO  Waiting for 0.1 seconds
22:57:58 INFO  Executed sudo&lt;tedge_mapper&gt;, exit status 0
22:57:58 INFO  Waiting for 5.0 seconds
22:58:03 INFO  Executed sudo&lt;tedge_mapper&gt;, exit status 0
22:58:06 INFO  Executed sudo&lt;tedge_mapper_journal&gt;, exit status 0
22:58:06 WARN  Grep on tedge_mapper_journal.out contains "ERROR" ... failed [run.py:67]
22:58:06 INFO  Line count on file tedge_mapper_journal.out ... passed
22:58:06 WARN  Line count on tedge_mapper_journal.out for "tedge_mapper::core::mapper: MQTT connection error:" expected &gt;=2 but got 0 ... failed [run.py:78]
22:58:06 WARN  Aborted test due to FAILED outcome
22:58:06 INFO  
22:58:06 INFO  Test duration: 8.76 secs
22:58:06 INFO  Test final outcome:  FAILED
22:58:06 INFO  Test outcome reason: Line count on tedge_mapper_journal.out for "tedge_mapper::core::mapper: MQTT connection error:" expected &gt;=2 but got 0
22:58:06 INFO  
</system-out>
	</testcase>
</testsuite><testsuite name="monitoring_smaller_interval" tests="1" errors="0" failures="1" skipped="0" time="0"><testcase classname="MonitoringSmallInterval" name="monitoring_smaller_interval">
		<failure message="BLOCKED: TypeError: 'int' object is not subscriptable" type="BLOCKED" />
		<system-out>22:44:59 INFO  ==============================================================
22:44:59 INFO  Id:    monitoring_smaller_interval
22:44:59 INFO  Dir:   monitoring/
22:44:59 INFO  Title: Validate the tedge dm agent messages that are produced with smaller sampling interval than the batching window. Here the simulated collectd messages are used
22:44:59 INFO  ==============================================================
22:45:00 INFO  Executed sudo&lt;collectd&gt;, exit status 0
22:45:00 INFO  Executed sudo&lt;collectd_mapper&gt;, exit status 0
22:45:00 INFO  Started sudo&lt;tedge_sub&gt; with process id 22299
22:45:01 INFO  Executed sudo&lt;tedge_temp&gt;, exit status 0
22:45:01 INFO  Executed sudo&lt;tedge_pres&gt;, exit status 0
22:45:02 INFO  Executed sudo&lt;tedge_temp&gt;, exit status 0
22:45:03 INFO  Executed sudo&lt;tedge_pres&gt;, exit status 0
22:45:03 INFO  Executed sudo&lt;tedge_temp&gt;, exit status 0
22:45:04 INFO  Executed sudo&lt;tedge_pres&gt;, exit status 0
22:45:04 INFO  Executed sudo&lt;tedge_temp&gt;, exit status 0
22:45:05 INFO  Executed sudo&lt;tedge_pres&gt;, exit status 0
22:45:05 INFO  Executed sudo&lt;tedge_temp&gt;, exit status 0
22:45:06 INFO  Executed sudo&lt;tedge_pres&gt;, exit status 0
22:45:07 INFO  Executed sudo&lt;tedge_temp&gt;, exit status 0
22:45:07 INFO  Executed sudo&lt;tedge_pres&gt;, exit status 0
22:45:08 INFO  Executed sudo&lt;tedge_temp&gt;, exit status 0
22:45:08 INFO  Executed sudo&lt;tedge_pres&gt;, exit status 0
22:45:09 INFO  Executed sudo&lt;tedge_temp&gt;, exit status 0
22:45:09 INFO  Executed sudo&lt;tedge_pres&gt;, exit status 0
22:45:10 INFO  Executed sudo&lt;tedge_temp&gt;, exit status 0
22:45:11 INFO  Executed sudo&lt;tedge_pres&gt;, exit status 0
22:45:11 INFO  Executed sudo&lt;tedge_temp&gt;, exit status 0
22:45:12 INFO  Executed sudo&lt;tedge_pres&gt;, exit status 0
22:45:13 INFO  Executed sudo&lt;kill_out&gt;, exit status 0
22:45:13 INFO  0

22:45:13 WARN  TypeError occurred while running test - 'int' object is not subscriptable
Traceback (most recent call last):
  File "/home/pi/env-pysys/lib/python3.7/site-packages/pysys/baserunner.py", line 1296, in __call__
    self.testObj.validate()
  File "/home/pi/actions-runner/_work/thin-edge.io/thin-edge.io/tests/PySys/monitoring/monitoring_smaller_interval/run.py", line 104, in validate
    collectd_msg_validation_result=self.validate_json(),
  File "/home/pi/actions-runner/_work/thin-edge.io/thin-edge.io/tests/PySys/monitoring/monitoring_smaller_interval/run.py", line 114, in validate_json
    if not self.validate_time():
  File "/home/pi/actions-runner/_work/thin-edge.io/thin-edge.io/tests/PySys/monitoring/monitoring_smaller_interval/run.py", line 134, in validate_time
    if self.js_msg["time"]:
TypeError: 'int' object is not subscriptable
22:45:13 WARN  TypeError: 'int' object is not subscriptable ... blocked 
22:45:13 INFO  
22:45:13 INFO  cleanup:
22:45:13 INFO  monitoring_cleanup
22:45:14 INFO  Executed sudo&lt;collectd_mapper&gt;, exit status 0
22:45:14 INFO  
22:45:14 INFO  Test duration: 14.68 secs
22:45:14 INFO  Test final outcome:  BLOCKED
22:45:14 INFO  Test outcome reason: TypeError: 'int' object is not subscriptable
22:45:14 INFO  
</system-out>
	</testcase>
</testsuite><testsuite name="monitoring_with_collectd" tests="1" errors="0" failures="0" skipped="1" time="0"><testcase classname="MonitoringWithCollectd" name="monitoring_with_collectd">
		<skipped message="SKIPPED: Test execution disabled due to #792 (instable)" />
		<system-out>22:45:14 INFO  ==============================================================
22:45:14 INFO  Id:    monitoring_with_collectd
22:45:14 INFO  Dir:   monitoring/
22:45:14 INFO  Title: Validate tedge dm agent messages that are produced by batching the collectd messages
22:45:14 INFO  ==============================================================
22:45:14 INFO  Test execution disabled due to #792 (instable) ... skipped
22:45:14 INFO  
22:45:14 INFO  Test duration: 0.02 secs
22:45:14 INFO  Test final outcome:  SKIPPED
22:45:14 INFO  Test outcome reason: Test execution disabled due to #792 (instable)
22:45:14 INFO  
</system-out>
	</testcase>
</testsuite><testsuite name="monitoring_with_simulated_messages" tests="1" errors="0" failures="1" skipped="0" time="0"><testcase classname="MonitoringWithSimulatedMessages" name="monitoring_with_simulated_messages">
		<failure message="BLOCKED: TypeError: 'int' object is not subscriptable" type="BLOCKED" />
		<system-out>22:45:14 INFO  ==============================================================
22:45:14 INFO  Id:    monitoring_with_simulated_messages
22:45:14 INFO  Dir:   monitoring/
22:45:14 INFO  Title: Validate the tedge dm agent messages that are produced from the simulated collectd messages
22:45:14 INFO  ==============================================================
22:45:15 INFO  Executed sudo&lt;collectd&gt;, exit status 0
22:45:15 INFO  Executed sudo&lt;collectd_mapper&gt;, exit status 0
22:45:15 INFO  Started sudo&lt;tedge_sub&gt; with process id 22351
22:45:16 INFO  Executed sudo&lt;tedge_temp&gt;, exit status 0
22:45:16 INFO  Executed sudo&lt;tedge_pres&gt;, exit status 0
22:45:18 INFO  Executed sudo&lt;kill_out&gt;, exit status 0
22:45:18 INFO  0

22:45:18 WARN  TypeError occurred while running test - 'int' object is not subscriptable
Traceback (most recent call last):
  File "/home/pi/env-pysys/lib/python3.7/site-packages/pysys/baserunner.py", line 1296, in __call__
    self.testObj.validate()
  File "/home/pi/actions-runner/_work/thin-edge.io/thin-edge.io/tests/PySys/monitoring/monitoring_with_simulated_messages/run.py", line 98, in validate
    collectd_msg_validation_result=self.validate_json(),
  File "/home/pi/actions-runner/_work/thin-edge.io/thin-edge.io/tests/PySys/monitoring/monitoring_with_simulated_messages/run.py", line 108, in validate_json
    if not self.validate_time():
  File "/home/pi/actions-runner/_work/thin-edge.io/thin-edge.io/tests/PySys/monitoring/monitoring_with_simulated_messages/run.py", line 127, in validate_time
    if self.js_msg["time"]:
TypeError: 'int' object is not subscriptable
22:45:18 WARN  TypeError: 'int' object is not subscriptable ... blocked 
22:45:18 INFO  
22:45:18 INFO  cleanup:
22:45:18 INFO  monitoring_cleanup
22:45:18 INFO  Executed sudo&lt;collectd_mapper&gt;, exit status 0
22:45:18 INFO  
22:45:18 INFO  Test duration: 4.43 secs
22:45:18 INFO  Test final outcome:  BLOCKED
22:45:18 INFO  Test outcome reason: TypeError: 'int' object is not subscriptable
22:45:18 INFO  
</system-out>
	</testcase>
</testsuite><testsuite name="mqtt_port_change_connection_fails" tests="1" errors="0" failures="0" skipped="0" time="0"><testcase classname="MqttPortChangeConnectionFails" name="mqtt_port_change_connection_fails" />
</testsuite><testsuite name="mqtt_port_change_connection_works" tests="1" errors="0" failures="0" skipped="1" time="0"><testcase classname="MqttPortChangeConnectionWorks" name="mqtt_port_change_connection_works">
		<skipped message="SKIPPED: failing intermitently" />
		<system-out>22:44:33 INFO  ==============================================================
22:44:33 INFO  Id:    mqtt_port_change_connection_works
22:44:33 INFO  Dir:   misc_features/
22:44:33 INFO  Title: mqtt port change connection works for all the thin-edge services that use the mosquitto broker
22:44:33 INFO  ==============================================================
22:44:33 INFO  failing intermitently ... skipped
22:44:33 INFO  
22:44:33 INFO  Test duration: 0.02 secs
22:44:33 INFO  Test final outcome:  SKIPPED
22:44:33 INFO  Test outcome reason: failing intermitently
22:44:33 INFO  
</system-out>
	</testcase>
</testsuite><testsuite name="publish_flux" tests="1" errors="0" failures="0" skipped="0" time="0"><testcase classname="PublishFlux" name="publish_flux" />
</testsuite><testsuite name="publish_sawmill" tests="1" errors="0" failures="0" skipped="0" time="0"><testcase classname="PublishSawmill" name="publish_sawmill" />
</testsuite><testsuite name="runtime_start_two_mappers" tests="1" errors="0" failures="0" skipped="0" time="0"><testcase classname="RuntimeMultiMappers" name="runtime_start_two_mappers" />
</testsuite><testsuite name="sm_tedge_mapper_init_session" tests="1" errors="0" failures="0" skipped="0" time="0"><testcase classname="TedgeSMMapperInitSession" name="sm_tedge_mapper_init_session" />
</testsuite><testsuite name="smoketest_json" tests="1" errors="0" failures="0" skipped="0" time="0"><testcase classname="SmokeTestJson" name="smoketest_json" />
</testsuite><testsuite name="smoketest_json_400_samples_10ms" tests="1" errors="0" failures="0" skipped="0" time="0"><testcase classname="SmoketestJson400Samples10ms" name="smoketest_json_400_samples_10ms" />
</testsuite><testsuite name="smoketest_json_400_samples_20ms" tests="1" errors="0" failures="0" skipped="0" time="0"><testcase classname="SmoketestJson400Samples20ms" name="smoketest_json_400_samples_20ms" />
</testsuite><testsuite name="smoketest_smartrest" tests="1" errors="0" failures="0" skipped="0" time="0"><testcase classname="SmoketestSmartRest" name="smoketest_smartrest" />
</testsuite><testsuite name="smoketest_smartrest_400_samples_1Xms" tests="1" errors="0" failures="0" skipped="0" time="0"><testcase classname="SmoketestSmartRest400Samples1Xms" name="smoketest_smartrest_400_samples_1Xms" />
</testsuite><testsuite name="smoketest_smartrest_400_samples_20ms" tests="1" errors="0" failures="0" skipped="0" time="0"><testcase classname="SmoketestSmartRest400Samples20ms" name="smoketest_smartrest_400_samples_20ms" />
</testsuite><testsuite name="tedge_agent_user_sudo_access" tests="1" errors="0" failures="0" skipped="1" time="0"><testcase classname="TedgeAgentUserSudoAccess" name="tedge_agent_user_sudo_access">
		<skipped message="SKIPPED: #955 Observation: Exit code of the apt plugin when called with no arguments" />
		<system-out>22:55:20 INFO  ==============================================================
22:55:20 INFO  Id:    tedge_agent_user_sudo_access
22:55:20 INFO  Dir:   tedge/
22:55:20 INFO  Title: Validate tedge-agent user has a limited sudo right
22:55:20 INFO  ==============================================================
22:55:20 INFO  #955 Observation: Exit code of the apt plugin when called with no arguments ... skipped
22:55:20 INFO  
22:55:20 INFO  Test duration: 0.02 secs
22:55:20 INFO  Test final outcome:  SKIPPED
22:55:20 INFO  Test outcome reason: #955 Observation: Exit code of the apt plugin when called with no arguments
22:55:20 INFO  
</system-out>
	</testcase>
</testsuite><testsuite name="tedge_connect_test_negative" tests="1" errors="0" failures="0" skipped="0" time="0"><testcase classname="TedgeConnectTestNegative" name="tedge_connect_test_negative" />
</testsuite><testsuite name="tedge_connect_test_positive" tests="1" errors="0" failures="0" skipped="0" time="0"><testcase classname="TedgeConnectTestPositive" name="tedge_connect_test_positive" />
</testsuite><testsuite name="tedge_connect_test_sm_services" tests="1" errors="0" failures="0" skipped="0" time="0"><testcase classname="TedgeConnectTestSMServices" name="tedge_connect_test_sm_services" />
</testsuite><testsuite name="tedge_disconnect_test_sm_services" tests="1" errors="0" failures="0" skipped="0" time="0"><testcase classname="TedgeDisConnectTestSMServices" name="tedge_disconnect_test_sm_services" />
</testsuite><testsuite name="tedge_mapper_az_negative" tests="1" errors="0" failures="0" skipped="0" time="0"><testcase classname="TedgeMapperAzError" name="tedge_mapper_az_negative" />
</testsuite><testsuite name="tedge_mapper_az_with_timestamp" tests="1" errors="0" failures="0" skipped="0" time="0"><testcase classname="TedgeMapperAzWithTimestamp" name="tedge_mapper_az_with_timestamp" />
</testsuite><testsuite name="tedge_mapper_az_without_timestamp" tests="1" errors="0" failures="0" skipped="0" time="0"><testcase classname="TedgeMapperAzWithoutTimestamp" name="tedge_mapper_az_without_timestamp" />
</testsuite><testsuite name="tedge_mapper_c8y_alarms" tests="1" errors="0" failures="0" skipped="0" time="0"><testcase classname="TedgeMapperC8yAlarm" name="tedge_mapper_c8y_alarms" />
</testsuite><testsuite name="tedge_mapper_c8y_child_device_measurement" tests="1" errors="0" failures="0" skipped="0" time="0"><testcase classname="TedgeMapperC8yChildDevice" name="tedge_mapper_c8y_child_device_measurement" />
</testsuite><testsuite name="tedge_mapper_c8y_packet_threshold_size" tests="1" errors="0" failures="1" skipped="0" time="0"><testcase classname="TedgeMapperC8yThresholdPacketSize" name="tedge_mapper_c8y_packet_threshold_size">
		<failure message="FAILED: Grep on tedge_sub.out contains &quot;The size of the message received on tedge/measurements is 20489 which is greater than the threshold size of 16184.&quot;" type="FAILED" />
		<system-out>22:59:43 INFO  ==============================================================
22:59:43 INFO  Id:    tedge_mapper_c8y_packet_threshold_size
22:59:43 INFO  Dir:   tedge_mapper_c8y/
22:59:43 INFO  Title: Validate the Cumulocity Mapper accepted threshold packet size when it receives a message on tedge/measurements
22:59:43 INFO  ==============================================================
22:59:44 INFO  Executed sudo&lt;tedge_mapper_c8y&gt;, exit status 0
22:59:44 INFO  Started sudo&lt;tedge_sub&gt; with process id 26751
22:59:44 INFO  Executed sudo&lt;tedge_msg&gt;, exit status 0
22:59:45 INFO  Executed sudo&lt;tedge_pub&gt;, exit status 0
22:59:45 INFO  Executed sudo&lt;kill_out&gt;, exit status 0
22:59:45 WARN  Grep on tedge_sub.out contains "The size of the message received on tedge/measurements is 20489 which is greater than the threshold size of 16184." ... failed [run.py:88]
22:59:45 INFO  
22:59:45 INFO  cleanup:
22:59:45 INFO  mapper_cleanup
22:59:46 INFO  Executed sudo&lt;tedge_mapper_c8y&gt;, exit status 0
22:59:46 INFO  
22:59:46 INFO  Test duration: 2.95 secs
22:59:46 INFO  Test final outcome:  FAILED
22:59:46 INFO  Test outcome reason: Grep on tedge_sub.out contains "The size of the message received on tedge/measurements is 20489 which is greater than the threshold size of 16184."
22:59:46 INFO  
</system-out>
	</testcase>
</testsuite><testsuite name="tedge_software_update" tests="1" errors="0" failures="0" skipped="0" time="0"><testcase classname="PySysTest" name="tedge_software_update" />
</testsuite><testsuite name="valid_device_id" tests="1" errors="0" failures="0" skipped="0" time="0"><testcase classname="ValidateValidDeviceId" name="valid_device_id" />
</testsuite></testsuites>