<?xml version='1.0' encoding='utf-8'?>
<testsuites tests="139" failures="15" errors="0" skipped="45" time="0.0"><testsuite name="SoftwareManagement.Plugin.apama_plugin_install" tests="3" errors="0" failures="0" skipped="1" time="0"><testcase classname="ApamaPluginInstallTest" name="SoftwareManagement.Plugin.apama_plugin_install">
		<skipped message="SKIPPED: Apama plugin tests are disabled by default. Execute `pysys run` with `-XmyPlatform=container` to run these tests" />
		<system-out>11:30:19 INFO  ==============================================================
11:30:19 INFO  Id:    SoftwareManagement.Plugin.apama_plugin_install
11:30:19 INFO  Dir:   plugin_apama/
11:30:19 INFO  Title: Validate apama plugin install
11:30:19 INFO  ==============================================================
11:30:19 INFO  Apama plugin tests are disabled by default. Execute `pysys run` with `-XmyPlatform=container` to run these tests ... skipped
11:30:19 WARN  Aborted test due to SKIPPED outcome
11:30:19 INFO  
11:30:19 INFO  Test duration: 0.06 secs
11:30:19 INFO  Test final outcome:  SKIPPED
11:30:19 INFO  Test outcome reason: Apama plugin tests are disabled by default. Execute `pysys run` with `-XmyPlatform=container` to run these tests
11:30:19 INFO  
</system-out>
	</testcase>
<testcase classname="ApamaPluginInstallTest" name="SoftwareManagement.Plugin.apama_plugin_install" />
<testcase classname="ApamaPluginInstallTest" name="SoftwareManagement.Plugin.apama_plugin_install" />
</testsuite><testsuite name="SoftwareManagement.Plugin.apama_plugin_mon_support" tests="3" errors="0" failures="0" skipped="1" time="0"><testcase classname="ApamaPluginMonSupportTest" name="SoftwareManagement.Plugin.apama_plugin_mon_support">
		<skipped message="SKIPPED: Apama plugin tests are disabled by default. Execute `pysys run` with `-XmyPlatform=container` to run these tests" />
		<system-out>11:30:19 INFO  ==============================================================
11:30:19 INFO  Id:    SoftwareManagement.Plugin.apama_plugin_mon_support
11:30:19 INFO  Dir:   plugin_apama/
11:30:19 INFO  Title: Validate mon file support of apama plugin
11:30:19 INFO  ==============================================================
11:30:19 INFO  Apama plugin tests are disabled by default. Execute `pysys run` with `-XmyPlatform=container` to run these tests ... skipped
11:30:19 WARN  Aborted test due to SKIPPED outcome
11:30:19 INFO  
11:30:19 INFO  Test duration: 0.02 secs
11:30:19 INFO  Test final outcome:  SKIPPED
11:30:19 INFO  Test outcome reason: Apama plugin tests are disabled by default. Execute `pysys run` with `-XmyPlatform=container` to run these tests
11:30:19 INFO  
</system-out>
	</testcase>
<testcase classname="ApamaPluginMonSupportTest" name="SoftwareManagement.Plugin.apama_plugin_mon_support" />
<testcase classname="ApamaPluginMonSupportTest" name="SoftwareManagement.Plugin.apama_plugin_mon_support" />
</testsuite><testsuite name="SoftwareManagement.Plugin.apama_plugin_remove" tests="3" errors="0" failures="0" skipped="1" time="0"><testcase classname="ApamaPluginRemoveTest" name="SoftwareManagement.Plugin.apama_plugin_remove">
		<skipped message="SKIPPED: Apama plugin tests are disabled by default. Execute `pysys run` with `-XmyPlatform=container` to run these tests" />
		<system-out>11:30:19 INFO  ==============================================================
11:30:19 INFO  Id:    SoftwareManagement.Plugin.apama_plugin_remove
11:30:19 INFO  Dir:   plugin_apama/
11:30:19 INFO  Title: Validate apama plugin remove
11:30:19 INFO  ==============================================================
11:30:19 INFO  Apama plugin tests are disabled by default. Execute `pysys run` with `-XmyPlatform=container` to run these tests ... skipped
11:30:19 WARN  Aborted test due to SKIPPED outcome
11:30:19 INFO  
11:30:19 INFO  Test duration: 0.02 secs
11:30:19 INFO  Test final outcome:  SKIPPED
11:30:19 INFO  Test outcome reason: Apama plugin tests are disabled by default. Execute `pysys run` with `-XmyPlatform=container` to run these tests
11:30:19 INFO  
</system-out>
	</testcase>
<testcase classname="ApamaPluginRemoveTest" name="SoftwareManagement.Plugin.apama_plugin_remove" />
<testcase classname="ApamaPluginRemoveTest" name="SoftwareManagement.Plugin.apama_plugin_remove" />
</testsuite><testsuite name="SoftwareManagement.Plugin.apama_plugin_update" tests="3" errors="0" failures="2" skipped="1" time="0"><testcase classname="ApamaPluginUpdateTest" name="SoftwareManagement.Plugin.apama_plugin_update">
		<skipped message="SKIPPED: Apama plugin tests are disabled by default. Execute `pysys run` with `-XmyPlatform=container` to run these tests" />
		<system-out>11:30:19 INFO  ==============================================================
11:30:19 INFO  Id:    SoftwareManagement.Plugin.apama_plugin_update
11:30:19 INFO  Dir:   plugin_apama/
11:30:19 INFO  Title: Validate apama plugin updating one project with another
11:30:19 INFO  ==============================================================
11:30:19 INFO  Apama plugin tests are disabled by default. Execute `pysys run` with `-XmyPlatform=container` to run these tests ... skipped
11:30:19 WARN  Aborted test due to SKIPPED outcome
11:30:19 INFO  
11:30:19 INFO  Test duration: 0.03 secs
11:30:19 INFO  Test final outcome:  SKIPPED
11:30:19 INFO  Test outcome reason: Apama plugin tests are disabled by default. Execute `pysys run` with `-XmyPlatform=container` to run these tests
11:30:19 INFO  
</system-out>
	</testcase>
<testcase classname="ApamaPluginUpdateTest" name="SoftwareManagement.Plugin.apama_plugin_update">
		<failure message="BLOCKED: sudo&lt;plugin_install&gt; returned non-zero exit code 2" type="BLOCKED" />
		<system-out>12:25:36 INFO  ==============================================================
12:25:36 INFO  Id:    SoftwareManagement.Plugin.apama_plugin_update
12:25:36 INFO  Dir:   plugin_apama/
12:25:36 INFO  Title: Validate apama plugin updating one project with another
12:25:36 INFO  ==============================================================
12:25:36 INFO  Assertion that path exists=False for "/etc/tedge/apama/project" ... passed
12:25:36 INFO  Executed sudo&lt;create_project_dir&gt;, exit status 0
12:25:37 INFO  Executed sudo&lt;unzip_apama_project&gt;, exit status 0
12:25:38 INFO  Executed sudo&lt;move_apama_project&gt;, exit status 0
12:25:38 INFO  Executed sudo&lt;restart_apama_service&gt;, exit status 0
12:25:39 INFO  Executed sudo&lt;apama_correlator_wait&gt;, exit status 0
12:25:39 INFO  Assertion that path exists=True for "/etc/tedge/apama/project" ... passed
12:25:40 INFO  Executed sudo&lt;apama_list_monitors&gt;, exit status 0
12:25:40 INFO  Grep on file /home/pi/actions-runner/_work/thin-edge.io/thin-edge.io/tests/PySys/plugin_apama/apama_plugin_update/Output/linux/apama_list_monitors.out ... passed
12:25:41 WARN  Executed sudo&lt;plugin_install&gt;, exit status 2
12:25:41 INFO  Contents of plugin_install.err: 
  ERROR: Directory not empty (os error 39)
  -----

12:25:41 WARN  sudo&lt;plugin_install&gt; returned non-zero exit code 2 ... blocked [run.py:35]
12:25:41 WARN  Aborted test due to BLOCKED outcome
12:25:41 INFO  
12:25:41 INFO  cleanup:
12:25:41 INFO  Removing apama project
12:25:57 INFO  Executed sudo&lt;stop_apama_service&gt;, exit status 0, duration 16 secs
12:25:58 INFO  Executed sudo&lt;remove_apama_project&gt;, exit status 0
12:25:58 INFO  Executed sudo&lt;remove_apama_tmp_dir&gt;, exit status 0
12:25:58 INFO  
12:25:58 INFO  Test duration: 22.26 secs
12:25:58 INFO  Test final outcome:  BLOCKED
12:25:58 INFO  Test outcome reason: sudo&lt;plugin_install&gt; returned non-zero exit code 2
12:25:58 INFO  
</system-out>
	</testcase>
<testcase classname="ApamaPluginUpdateTest" name="SoftwareManagement.Plugin.apama_plugin_update">
		<failure message="BLOCKED: sudo&lt;plugin_install&gt; returned non-zero exit code 2" type="BLOCKED" />
		<system-out>12:34:34 INFO  ==============================================================
12:34:34 INFO  Id:    SoftwareManagement.Plugin.apama_plugin_update
12:34:34 INFO  Dir:   plugin_apama/
12:34:34 INFO  Title: Validate apama plugin updating one project with another
12:34:34 INFO  ==============================================================
12:34:34 INFO  Assertion that path exists=False for "/etc/tedge/apama/project" ... passed
12:34:34 INFO  Executed sudo&lt;create_project_dir&gt;, exit status 0
12:34:35 INFO  Executed sudo&lt;unzip_apama_project&gt;, exit status 0
12:34:35 INFO  Executed sudo&lt;move_apama_project&gt;, exit status 0
12:34:36 INFO  Executed sudo&lt;restart_apama_service&gt;, exit status 0
12:34:37 INFO  Executed sudo&lt;apama_correlator_wait&gt;, exit status 0
12:34:37 INFO  Assertion that path exists=True for "/etc/tedge/apama/project" ... passed
12:34:38 INFO  Executed sudo&lt;apama_list_monitors&gt;, exit status 0
12:34:38 INFO  Grep on file /home/pi/actions-runner/_work/thin-edge.io/thin-edge.io/tests/PySys/plugin_apama/apama_plugin_update/Output/linux/apama_list_monitors.out ... passed
12:34:38 WARN  Executed sudo&lt;plugin_install&gt;, exit status 2
12:34:38 INFO  Contents of plugin_install.err: 
  ERROR: Directory not empty (os error 39)
  -----

12:34:39 WARN  sudo&lt;plugin_install&gt; returned non-zero exit code 2 ... blocked [run.py:35]
12:34:39 WARN  Aborted test due to BLOCKED outcome
12:34:39 INFO  
12:34:39 INFO  cleanup:
12:34:39 INFO  Removing apama project
12:34:54 INFO  Executed sudo&lt;stop_apama_service&gt;, exit status 0, duration 15 secs
12:34:55 INFO  Executed sudo&lt;remove_apama_project&gt;, exit status 0
12:34:56 INFO  Executed sudo&lt;remove_apama_tmp_dir&gt;, exit status 0
12:34:56 INFO  
12:34:56 INFO  Test duration: 21.93 secs
12:34:56 INFO  Test final outcome:  BLOCKED
12:34:56 INFO  Test outcome reason: sudo&lt;plugin_install&gt; returned non-zero exit code 2
12:34:56 INFO  
</system-out>
	</testcase>
</testsuite><testsuite name="SoftwareManagement.sm_apt_install_download_path" tests="3" errors="0" failures="2" skipped="1" time="0"><testcase classname="AptInstallWithDownloadPath" name="SoftwareManagement.sm_apt_install_download_path">
		<skipped message="SKIPPED: Testing the apt plugin is not supported on this platform.Use parameter -XmyPlatform='container' to enable it" />
		<system-out>11:40:08 INFO  ==============================================================
11:40:08 INFO  Id:    SoftwareManagement.sm_apt_install_download_path
11:40:08 INFO  Dir:   software_management_end_to_end/
11:40:08 INFO  Title: Install package to directory specified in tedge config set tmp.path
11:40:08 INFO  ==============================================================
11:40:09 INFO  Testing the apt plugin is not supported on this platform.Use parameter -XmyPlatform='container' to enable it ... skipped
11:40:09 WARN  Aborted test due to SKIPPED outcome
11:40:09 INFO  
11:40:09 INFO  Test duration: 0.07 secs
11:40:09 INFO  Test final outcome:  SKIPPED
11:40:09 INFO  Test outcome reason: Testing the apt plugin is not supported on this platform.Use parameter -XmyPlatform='container' to enable it
11:40:09 INFO  
</system-out>
	</testcase>
<testcase classname="AptInstallWithDownloadPath" name="SoftwareManagement.sm_apt_install_download_path">
		<failure message="BLOCKED: AssertionError:" type="BLOCKED" />
		<system-out>12:03:54 INFO  ==============================================================
12:03:54 INFO  Id:    SoftwareManagement.sm_apt_install_download_path
12:03:54 INFO  Dir:   software_management_end_to_end/
12:03:54 INFO  Title: Install package to directory specified in tedge config set tmp.path
12:03:54 INFO  ==============================================================
12:03:55 INFO  Using sw id database: {'asciijump': '5475369', 'robotfindskitten': '5474869', 'squirrel3': '5475279', 'rolldice': '5152439', 'moon-buggy': '5439204', 'apple': '5495053', 'banana': '5494888', 'cherry': '5495382', 'watermelon': '5494510', 'registry': '8018911', 'hello-world': '8021526', 'docker/getting-started': '8021973', 'alpine': '7991792'}
12:03:55 INFO  EnvironmentC8y Setup
12:03:55 INFO  Executed systemctl&lt;serv_mapper1&gt;, exit status 3
12:04:10 INFO  Executed sudo&lt;tedge_connect_c8y&gt;, exit status 0, duration 14 secs
12:04:12 INFO  Executed sudo&lt;tedge_connect_c8y_test&gt;, exit status 0
12:04:13 INFO  Executed systemctl&lt;serv_mosq2&gt;, exit status 0
12:04:14 INFO  Executed systemctl&lt;serv_mapper3&gt;, exit status 0
12:04:16 ERROR No operations found, assuming it passed
12:04:16 INFO  Assert that (False == value) with value=False ... passed
12:04:17 INFO  Executed sudo, exit status 0
12:04:17 INFO  Executed sudo, exit status 0
12:04:18 INFO  Executed sudo, exit status 0
12:04:22 INFO  Executed sudo&lt;tedge_disconnect_c8y&gt;, exit status 0
12:04:22 INFO  Restarting mosquitto too frequently in the last 10 seconds. It was only up for 4 seconds
12:04:22 INFO  Delaying execution by 7 seconds
12:04:43 INFO  Executed sudo&lt;tedge_connect_c8y&gt;, exit status 0, duration 13 secs
12:04:43 INFO  Response status: 201
12:04:43 INFO  Response to action: {
    "creationTime": "2022-07-16T12:04:43.910Z",
    "deviceName": "m32sd10a",
    "deviceId": "20928064",
    "self": "https://t493319102.eu-latest.cumulocity.com/devicecontrol/operations/20954002",
    "id": "20954002",
    "status": "PENDING",
    "description": "Apply software changes, triggered from PySys: [{'name': 'rolldice', 'id': '5152439', 'version': '::apt', 'url': 'https://thin-edge-io.eu-latest.cumulocity.com/inventory/binaries/12435463', 'action': 'install'}]",
    "c8y_SoftwareUpdate": [
        {
            "name": "rolldice",
            "action": "install",
            "id": "5152439",
            "version": "::apt",
            "url": "https://thin-edge-io.eu-latest.cumulocity.com/inventory/binaries/12435463"
        }
    ]
}
12:04:43 INFO  Started operation: {'creationTime': '2022-07-16T12:04:43.910Z', 'deviceName': 'm32sd10a', 'deviceId': '20928064', 'self': 'https://t493319102.eu-latest.cumulocity.com/devicecontrol/operations/20954002', 'id': '20954002', 'status': 'PENDING', 'description': "Apply software changes, triggered from PySys: [{'name': 'rolldice', 'id': '5152439', 'version': '::apt', 'url': 'https://thin-edge-io.eu-latest.cumulocity.com/inventory/binaries/12435463', 'action': 'install'}]", 'c8y_SoftwareUpdate': [{'name': 'rolldice', 'action': 'install', 'id': '5152439', 'version': '::apt', 'url': 'https://thin-edge-io.eu-latest.cumulocity.com/inventory/binaries/12435463'}]}
12:04:44 WARN  , retrying in 0.5 seconds...
12:04:44 WARN  , retrying in 0.5 seconds...
12:04:45 WARN  , retrying in 0.5 seconds...
12:04:45 WARN  , retrying in 0.5 seconds...
12:04:46 WARN  , retrying in 0.5 seconds...
12:04:46 WARN  , retrying in 0.5 seconds...
12:04:47 WARN  , retrying in 0.5 seconds...
12:04:47 WARN  , retrying in 0.5 seconds...
12:04:48 WARN  , retrying in 0.5 seconds...
12:04:48 WARN  AssertionError occurred while running test - 
Traceback (most recent call last):
  File "/home/pi/env-pysys/lib/python3.7/site-packages/pysys/baserunner.py", line 1294, in __call__
    self.testObj.execute()
  File "/home/pi/actions-runner/_work/thin-edge.io/thin-edge.io/tests/PySys/software_management_end_to_end/sm_apt_install_download_path/run.py", line 83, in execute
    assert_install_in_download_path(install_directory=self.DOWNLOAD_DIR)
  File "/home/pi/env-pysys/lib/python3.7/site-packages/decorator.py", line 232, in fun
    return caller(func, *(extras + args), **kw)
  File "/home/pi/env-pysys/lib/python3.7/site-packages/retry/api.py", line 74, in retry_decorator
    logger)
  File "/home/pi/env-pysys/lib/python3.7/site-packages/retry/api.py", line 33, in __retry_internal
    return f()
  File "/home/pi/actions-runner/_work/thin-edge.io/thin-edge.io/tests/PySys/software_management_end_to_end/sm_apt_install_download_path/run.py", line 28, in assert_install_in_download_path
    assert "rolldice" in os.listdir(f"{install_directory}")
AssertionError
12:04:49 WARN  AssertionError: ... blocked 
12:04:49 INFO  
12:04:49 INFO  cleanup:
12:04:49 INFO  Executed sudo, exit status 0
12:04:50 INFO  Executed sudo, exit status 0
12:04:54 INFO  Executed sudo&lt;tedge_disconnect_c8y&gt;, exit status 0
12:04:54 INFO  Restarting mosquitto too frequently in the last 10 seconds. It was only up for 4 seconds
12:04:54 INFO  Delaying execution by 7 seconds
12:05:16 INFO  Executed sudo&lt;tedge_connect_c8y&gt;, exit status 0, duration 14 secs
12:05:20 INFO  Executed sudo&lt;tedge_disconnect_c8y&gt;, exit status 0
12:05:21 INFO  Executed systemctl&lt;serv_mapper5&gt;, exit status 3
12:05:21 INFO  
12:05:21 INFO  Test duration: 86.59 secs
12:05:21 INFO  Test final outcome:  BLOCKED
12:05:21 INFO  Test outcome reason: AssertionError:
12:05:21 INFO  
</system-out>
	</testcase>
<testcase classname="AptInstallWithDownloadPath" name="SoftwareManagement.sm_apt_install_download_path">
		<failure message="BLOCKED: AssertionError:" type="BLOCKED" />
		<system-out>12:34:56 INFO  ==============================================================
12:34:56 INFO  Id:    SoftwareManagement.sm_apt_install_download_path
12:34:56 INFO  Dir:   software_management_end_to_end/
12:34:56 INFO  Title: Install package to directory specified in tedge config set tmp.path
12:34:56 INFO  ==============================================================
12:34:57 INFO  Using sw id database: {'asciijump': '5475369', 'robotfindskitten': '5474869', 'squirrel3': '5475279', 'rolldice': '5152439', 'moon-buggy': '5439204', 'apple': '5495053', 'banana': '5494888', 'cherry': '5495382', 'watermelon': '5494510', 'registry': '8018911', 'hello-world': '8021526', 'docker/getting-started': '8021973', 'alpine': '7991792'}
12:34:57 INFO  EnvironmentC8y Setup
12:34:57 INFO  Executed systemctl&lt;serv_mapper1&gt;, exit status 3
12:35:12 INFO  Executed sudo&lt;tedge_connect_c8y&gt;, exit status 0, duration 14 secs
12:35:12 INFO  Executed sudo&lt;tedge_connect_c8y_test&gt;, exit status 0
12:35:13 INFO  Executed systemctl&lt;serv_mosq2&gt;, exit status 0
12:35:13 INFO  Executed systemctl&lt;serv_mapper3&gt;, exit status 0
12:35:15 INFO  State of current operation: SUCCESSFUL
12:35:16 INFO  Assert that (False == value) with value=False ... passed
12:35:16 INFO  Executed sudo, exit status 0
12:35:17 INFO  Executed sudo, exit status 0
12:35:17 INFO  Executed sudo, exit status 0
12:35:21 INFO  Executed sudo&lt;tedge_disconnect_c8y&gt;, exit status 0
12:35:21 INFO  Restarting mosquitto too frequently in the last 10 seconds. It was only up for 3 seconds
12:35:21 INFO  Delaying execution by 8 seconds
12:35:43 INFO  Executed sudo&lt;tedge_connect_c8y&gt;, exit status 0, duration 13 secs
12:35:44 INFO  Response status: 201
12:35:44 INFO  Response to action: {
    "delivery": {
        "log": [],
        "time": "2022-07-16T12:35:44.084Z",
        "status": "PENDING"
    },
    "creationTime": "2022-07-16T12:35:44.070Z",
    "deviceName": "m32sd10a",
    "deviceId": "20928064",
    "self": "https://t493319102.eu-latest.cumulocity.com/devicecontrol/operations/20961197",
    "id": "20961197",
    "status": "PENDING",
    "description": "Apply software changes, triggered from PySys: [{'name': 'rolldice', 'id': '5152439', 'version': '::apt', 'url': 'https://thin-edge-io.eu-latest.cumulocity.com/inventory/binaries/12435463', 'action': 'install'}]",
    "c8y_SoftwareUpdate": [
        {
            "name": "rolldice",
            "action": "install",
            "id": "5152439",
            "version": "::apt",
            "url": "https://thin-edge-io.eu-latest.cumulocity.com/inventory/binaries/12435463"
        }
    ]
}
12:35:44 INFO  Started operation: {'delivery': {'log': [], 'time': '2022-07-16T12:35:44.084Z', 'status': 'PENDING'}, 'creationTime': '2022-07-16T12:35:44.070Z', 'deviceName': 'm32sd10a', 'deviceId': '20928064', 'self': 'https://t493319102.eu-latest.cumulocity.com/devicecontrol/operations/20961197', 'id': '20961197', 'status': 'PENDING', 'description': "Apply software changes, triggered from PySys: [{'name': 'rolldice', 'id': '5152439', 'version': '::apt', 'url': 'https://thin-edge-io.eu-latest.cumulocity.com/inventory/binaries/12435463', 'action': 'install'}]", 'c8y_SoftwareUpdate': [{'name': 'rolldice', 'action': 'install', 'id': '5152439', 'version': '::apt', 'url': 'https://thin-edge-io.eu-latest.cumulocity.com/inventory/binaries/12435463'}]}
12:35:44 WARN  , retrying in 0.5 seconds...
12:35:44 WARN  , retrying in 0.5 seconds...
12:35:45 WARN  , retrying in 0.5 seconds...
12:35:45 WARN  , retrying in 0.5 seconds...
12:35:46 WARN  , retrying in 0.5 seconds...
12:35:46 WARN  , retrying in 0.5 seconds...
12:35:47 WARN  , retrying in 0.5 seconds...
12:35:47 WARN  , retrying in 0.5 seconds...
12:35:48 WARN  , retrying in 0.5 seconds...
12:35:48 WARN  AssertionError occurred while running test - 
Traceback (most recent call last):
  File "/home/pi/env-pysys/lib/python3.7/site-packages/pysys/baserunner.py", line 1294, in __call__
    self.testObj.execute()
  File "/home/pi/actions-runner/_work/thin-edge.io/thin-edge.io/tests/PySys/software_management_end_to_end/sm_apt_install_download_path/run.py", line 83, in execute
    assert_install_in_download_path(install_directory=self.DOWNLOAD_DIR)
  File "/home/pi/env-pysys/lib/python3.7/site-packages/decorator.py", line 232, in fun
    return caller(func, *(extras + args), **kw)
  File "/home/pi/env-pysys/lib/python3.7/site-packages/retry/api.py", line 74, in retry_decorator
    logger)
  File "/home/pi/env-pysys/lib/python3.7/site-packages/retry/api.py", line 33, in __retry_internal
    return f()
  File "/home/pi/actions-runner/_work/thin-edge.io/thin-edge.io/tests/PySys/software_management_end_to_end/sm_apt_install_download_path/run.py", line 28, in assert_install_in_download_path
    assert "rolldice" in os.listdir(f"{install_directory}")
AssertionError
12:35:48 WARN  AssertionError: ... blocked 
12:35:48 INFO  
12:35:48 INFO  cleanup:
12:35:49 INFO  Executed sudo, exit status 0
12:35:49 INFO  Executed sudo, exit status 0
12:35:54 INFO  Executed sudo&lt;tedge_disconnect_c8y&gt;, exit status 0
12:35:54 INFO  Restarting mosquitto too frequently in the last 10 seconds. It was only up for 4 seconds
12:35:54 INFO  Delaying execution by 7 seconds
12:36:15 INFO  Executed sudo&lt;tedge_connect_c8y&gt;, exit status 0, duration 14 secs
12:36:19 INFO  Executed sudo&lt;tedge_disconnect_c8y&gt;, exit status 0
12:36:20 INFO  Executed systemctl&lt;serv_mapper5&gt;, exit status 3
12:36:20 INFO  
12:36:20 INFO  Test duration: 84.30 secs
12:36:20 INFO  Test final outcome:  BLOCKED
12:36:20 INFO  Test outcome reason: AssertionError:
12:36:20 INFO  
</system-out>
	</testcase>
</testsuite><testsuite name="SoftwareManagement.sm_apt_install_fail" tests="3" errors="0" failures="0" skipped="1" time="0"><testcase classname="PySysTest" name="SoftwareManagement.sm_apt_install_fail">
		<skipped message="SKIPPED: Testing the apt plugin is not supported on this platform.Use parameter -XmyPlatform='container' to enable it" />
		<system-out>11:40:09 INFO  ==============================================================
11:40:09 INFO  Id:    SoftwareManagement.sm_apt_install_fail
11:40:09 INFO  Dir:   software_management_end_to_end/
11:40:09 INFO  Title: Validate end to end behaviour for a failing installation
11:40:09 INFO  ==============================================================
11:40:09 INFO  Testing the apt plugin is not supported on this platform.Use parameter -XmyPlatform='container' to enable it ... skipped
11:40:09 WARN  Aborted test due to SKIPPED outcome
11:40:09 INFO  
11:40:09 INFO  Test duration: 0.02 secs
11:40:09 INFO  Test final outcome:  SKIPPED
11:40:09 INFO  Test outcome reason: Testing the apt plugin is not supported on this platform.Use parameter -XmyPlatform='container' to enable it
11:40:09 INFO  
</system-out>
	</testcase>
<testcase classname="PySysTest" name="SoftwareManagement.sm_apt_install_fail" />
<testcase classname="PySysTest" name="SoftwareManagement.sm_apt_install_fail" />
</testsuite><testsuite name="SoftwareManagement.sm_apt_install_remove" tests="3" errors="0" failures="0" skipped="1" time="0"><testcase classname="PySysTest" name="SoftwareManagement.sm_apt_install_remove">
		<skipped message="SKIPPED: Testing the apt plugin is not supported on this platform.Use parameter -XmyPlatform='container' to enable it" />
		<system-out>11:40:09 INFO  ==============================================================
11:40:09 INFO  Id:    SoftwareManagement.sm_apt_install_remove
11:40:09 INFO  Dir:   software_management_end_to_end/
11:40:09 INFO  Title: Validate end to end behaviour for the apt plugin for installation and removal of packages
11:40:09 INFO  ==============================================================
11:40:09 INFO  Testing the apt plugin is not supported on this platform.Use parameter -XmyPlatform='container' to enable it ... skipped
11:40:09 WARN  Aborted test due to SKIPPED outcome
11:40:09 INFO  
11:40:09 INFO  Test duration: 0.02 secs
11:40:09 INFO  Test final outcome:  SKIPPED
11:40:09 INFO  Test outcome reason: Testing the apt plugin is not supported on this platform.Use parameter -XmyPlatform='container' to enable it
11:40:09 INFO  
</system-out>
	</testcase>
<testcase classname="PySysTest" name="SoftwareManagement.sm_apt_install_remove" />
<testcase classname="PySysTest" name="SoftwareManagement.sm_apt_install_remove" />
</testsuite><testsuite name="SoftwareManagement.sm_apt_install_remove_default" tests="3" errors="0" failures="0" skipped="1" time="0"><testcase classname="PySysTest" name="SoftwareManagement.sm_apt_install_remove_default">
		<skipped message="SKIPPED: Testing the apt plugin is not supported on this platform.Use parameter -XmyPlatform='container' to enable it" />
		<system-out>11:40:09 INFO  ==============================================================
11:40:09 INFO  Id:    SoftwareManagement.sm_apt_install_remove_default
11:40:09 INFO  Dir:   software_management_end_to_end/
11:40:09 INFO  Title: Validate end to end behaviour for the default plugin for installation and removal of packages
11:40:09 INFO  ==============================================================
11:40:09 INFO  Testing the apt plugin is not supported on this platform.Use parameter -XmyPlatform='container' to enable it ... skipped
11:40:09 WARN  Aborted test due to SKIPPED outcome
11:40:09 INFO  
11:40:09 INFO  Test duration: 0.02 secs
11:40:09 INFO  Test final outcome:  SKIPPED
11:40:09 INFO  Test outcome reason: Testing the apt plugin is not supported on this platform.Use parameter -XmyPlatform='container' to enable it
11:40:09 INFO  
</system-out>
	</testcase>
<testcase classname="PySysTest" name="SoftwareManagement.sm_apt_install_remove_default" />
<testcase classname="PySysTest" name="SoftwareManagement.sm_apt_install_remove_default" />
</testsuite><testsuite name="SoftwareManagement.sm_apt_install_remove_multiple" tests="3" errors="0" failures="0" skipped="1" time="0"><testcase classname="PySysTest" name="SoftwareManagement.sm_apt_install_remove_multiple">
		<skipped message="SKIPPED: Testing the apt plugin is not supported on this platform.Use parameter -XmyPlatform='container' to enable it" />
		<system-out>11:40:09 INFO  ==============================================================
11:40:09 INFO  Id:    SoftwareManagement.sm_apt_install_remove_multiple
11:40:09 INFO  Dir:   software_management_end_to_end/
11:40:09 INFO  Title: Validate end to end behaviour for the apt plugin for multiple packages
11:40:09 INFO  ==============================================================
11:40:09 INFO  Testing the apt plugin is not supported on this platform.Use parameter -XmyPlatform='container' to enable it ... skipped
11:40:09 WARN  Aborted test due to SKIPPED outcome
11:40:09 INFO  
11:40:09 INFO  Test duration: 0.04 secs
11:40:09 INFO  Test final outcome:  SKIPPED
11:40:09 INFO  Test outcome reason: Testing the apt plugin is not supported on this platform.Use parameter -XmyPlatform='container' to enable it
11:40:09 INFO  
</system-out>
	</testcase>
<testcase classname="PySysTest" name="SoftwareManagement.sm_apt_install_remove_multiple" />
<testcase classname="PySysTest" name="SoftwareManagement.sm_apt_install_remove_multiple" />
</testsuite><testsuite name="SoftwareManagement.sm_apt_install_remove_multiple_mixed" tests="3" errors="0" failures="1" skipped="1" time="0"><testcase classname="PySysTest" name="SoftwareManagement.sm_apt_install_remove_multiple_mixed">
		<skipped message="SKIPPED: Testing the apt plugin is not supported on this platform.Use parameter -XmyPlatform='container' to enable it" />
		<system-out>11:40:09 INFO  ==============================================================
11:40:09 INFO  Id:    SoftwareManagement.sm_apt_install_remove_multiple_mixed
11:40:09 INFO  Dir:   software_management_end_to_end/
11:40:09 INFO  Title: Validate end to end behaviour for the apt plugin for multiple packages with mixed versions
11:40:09 INFO  ==============================================================
11:40:09 INFO  Testing the apt plugin is not supported on this platform.Use parameter -XmyPlatform='container' to enable it ... skipped
11:40:09 WARN  Aborted test due to SKIPPED outcome
11:40:09 INFO  
11:40:09 INFO  Test duration: 0.03 secs
11:40:09 INFO  Test final outcome:  SKIPPED
11:40:09 INFO  Test outcome reason: Testing the apt plugin is not supported on this platform.Use parameter -XmyPlatform='container' to enable it
11:40:09 INFO  
</system-out>
	</testcase>
<testcase classname="PySysTest" name="SoftwareManagement.sm_apt_install_remove_multiple_mixed" />
<testcase classname="PySysTest" name="SoftwareManagement.sm_apt_install_remove_multiple_mixed">
		<failure message="BLOCKED: SystemError: Timeout while waiting for status SUCCESSFUL or False" type="BLOCKED" />
		<system-out>12:46:09 INFO  ==============================================================
12:46:09 INFO  Id:    SoftwareManagement.sm_apt_install_remove_multiple_mixed
12:46:09 INFO  Dir:   software_management_end_to_end/
12:46:09 INFO  Title: Validate end to end behaviour for the apt plugin for multiple packages with mixed versions
12:46:09 INFO  ==============================================================
12:46:09 INFO  Using sw id database: {'asciijump': '5475369', 'robotfindskitten': '5474869', 'squirrel3': '5475279', 'rolldice': '5152439', 'moon-buggy': '5439204', 'apple': '5495053', 'banana': '5494888', 'cherry': '5495382', 'watermelon': '5494510', 'registry': '8018911', 'hello-world': '8021526', 'docker/getting-started': '8021973', 'alpine': '7991792'}
12:46:09 INFO  EnvironmentC8y Setup
12:46:09 INFO  Executed systemctl&lt;serv_mapper1&gt;, exit status 3
12:46:09 INFO  Restarting mosquitto too frequently in the last 10 seconds. It was only up for 5 seconds
12:46:09 INFO  Delaying execution by 6 seconds
12:46:29 INFO  Executed sudo&lt;tedge_connect_c8y&gt;, exit status 0, duration 14 secs
12:46:30 INFO  Executed sudo&lt;tedge_connect_c8y_test&gt;, exit status 0
12:46:31 INFO  Executed systemctl&lt;serv_mosq2&gt;, exit status 0
12:46:31 INFO  Executed systemctl&lt;serv_mapper3&gt;, exit status 0
12:46:33 INFO  State of current operation: SUCCESSFUL
12:46:34 INFO  Assert that (False == value) with value=False ... passed
12:46:34 INFO  Assert that (False == value) with value=False ... passed
12:46:34 INFO  Assert that (False == value) with value=False ... passed
12:46:34 INFO  Assert that (False == value) with value=False ... passed
12:46:35 INFO  Assert that (False == value) with value=False ... passed
12:46:36 INFO  Response status: 201
12:46:36 INFO  Response to action: {
    "creationTime": "2022-07-16T12:46:36.262Z",
    "deviceName": "m32sd10a",
    "deviceId": "20928064",
    "self": "https://t493319102.eu-latest.cumulocity.com/devicecontrol/operations/20961285",
    "id": "20961285",
    "status": "PENDING",
    "description": "Apply software changes, triggered from PySys: [{'action': 'install', 'id': '5475369', 'name': 'asciijump', 'url': ' ', 'version': '::apt'}, {'action': 'install', 'id': '5474869', 'name': 'robotfindskitten', 'url': ' ', 'version': ' '}, {'action': 'install', 'id': '5475279', 'name': 'squirrel3', 'url': ' ', 'version': '3.1-7::apt'}, {'action': 'install', 'id': '5152439', 'name': 'rolldice', 'url': ' ', 'version': '1.16-1+b1'}, {'action': 'install', 'id': '5439204', 'name': 'moon-buggy', 'url': ' ', 'version': '1:1.0.51-12'}, {'action': 'install', 'id': '5475369', 'name': 'asciijump', 'url': ' ', 'version': '::apt'}]",
    "c8y_SoftwareUpdate": [
        {
            "name": "asciijump",
            "action": "install",
            "id": "5475369",
            "version": "::apt",
            "url": " "
        },
        {
            "name": "robotfindskitten",
            "action": "install",
            "id": "5474869",
            "version": " ",
            "url": " "
        },
        {
            "name": "squirrel3",
            "action": "install",
            "id": "5475279",
            "version": "3.1-7::apt",
            "url": " "
        },
        {
            "name": "rolldice",
            "action": "install",
            "id": "5152439",
            "version": "1.16-1+b1",
            "url": " "
        },
        {
            "name": "moon-buggy",
            "action": "install",
            "id": "5439204",
            "version": "1:1.0.51-12",
            "url": " "
        },
        {
            "name": "asciijump",
            "action": "install",
            "id": "5475369",
            "version": "::apt",
            "url": " "
        }
    ]
}
12:46:36 INFO  Started operation: {'creationTime': '2022-07-16T12:46:36.262Z', 'deviceName': 'm32sd10a', 'deviceId': '20928064', 'self': 'https://t493319102.eu-latest.cumulocity.com/devicecontrol/operations/20961285', 'id': '20961285', 'status': 'PENDING', 'description': "Apply software changes, triggered from PySys: [{'action': 'install', 'id': '5475369', 'name': 'asciijump', 'url': ' ', 'version': '::apt'}, {'action': 'install', 'id': '5474869', 'name': 'robotfindskitten', 'url': ' ', 'version': ' '}, {'action': 'install', 'id': '5475279', 'name': 'squirrel3', 'url': ' ', 'version': '3.1-7::apt'}, {'action': 'install', 'id': '5152439', 'name': 'rolldice', 'url': ' ', 'version': '1.16-1+b1'}, {'action': 'install', 'id': '5439204', 'name': 'moon-buggy', 'url': ' ', 'version': '1:1.0.51-12'}, {'action': 'install', 'id': '5475369', 'name': 'asciijump', 'url': ' ', 'version': '::apt'}]", 'c8y_SoftwareUpdate': [{'name': 'asciijump', 'action': 'install', 'id': '5475369', 'version': '::apt', 'url': ' '}, {'name': 'robotfindskitten', 'action': 'install', 'id': '5474869', 'version': ' ', 'url': ' '}, {'name': 'squirrel3', 'action': 'install', 'id': '5475279', 'version': '3.1-7::apt', 'url': ' '}, {'name': 'rolldice', 'action': 'install', 'id': '5152439', 'version': '1.16-1+b1', 'url': ' '}, {'name': 'moon-buggy', 'action': 'install', 'id': '5439204', 'version': '1:1.0.51-12', 'url': ' '}, {'name': 'asciijump', 'action': 'install', 'id': '5475369', 'version': '::apt', 'url': ' '}]}
12:46:38 INFO  State of operation 20961285 : PENDING
12:46:40 INFO  State of operation 20961285 : EXECUTING
12:46:43 INFO  State of operation 20961285 : EXECUTING
12:46:45 INFO  State of operation 20961285 : EXECUTING
12:46:47 INFO  State of operation 20961285 : EXECUTING
12:46:49 INFO  State of operation 20961285 : EXECUTING
12:46:52 INFO  State of operation 20961285 : EXECUTING
12:46:55 INFO  State of operation 20961285 : EXECUTING
12:46:58 INFO  State of operation 20961285 : EXECUTING
12:47:00 INFO  State of operation 20961285 : EXECUTING
12:47:02 INFO  State of operation 20961285 : EXECUTING
12:47:05 INFO  State of operation 20961285 : EXECUTING
12:47:07 INFO  State of operation 20961285 : EXECUTING
12:47:09 INFO  State of operation 20961285 : EXECUTING
12:47:11 INFO  State of operation 20961285 : EXECUTING
12:47:14 INFO  State of operation 20961285 : EXECUTING
12:47:16 INFO  State of operation 20961285 : EXECUTING
12:47:19 INFO  State of operation 20961285 : EXECUTING
12:47:21 INFO  State of operation 20961285 : EXECUTING
12:47:23 INFO  State of operation 20961285 : EXECUTING
12:47:26 INFO  State of operation 20961285 : EXECUTING
12:47:28 INFO  State of operation 20961285 : EXECUTING
12:47:31 INFO  State of operation 20961285 : EXECUTING
12:47:33 INFO  State of operation 20961285 : EXECUTING
12:47:36 INFO  State of operation 20961285 : EXECUTING
12:47:38 INFO  State of operation 20961285 : EXECUTING
12:47:40 INFO  State of operation 20961285 : EXECUTING
12:47:42 INFO  State of operation 20961285 : EXECUTING
12:47:45 INFO  State of operation 20961285 : EXECUTING
12:47:47 INFO  State of operation 20961285 : EXECUTING
12:47:49 INFO  State of operation 20961285 : EXECUTING
12:47:52 INFO  State of operation 20961285 : EXECUTING
12:47:54 INFO  State of operation 20961285 : EXECUTING
12:47:56 INFO  State of operation 20961285 : EXECUTING
12:47:58 INFO  State of operation 20961285 : EXECUTING
12:48:00 INFO  State of operation 20961285 : EXECUTING
12:48:03 INFO  State of operation 20961285 : EXECUTING
12:48:05 INFO  State of operation 20961285 : EXECUTING
12:48:08 INFO  State of operation 20961285 : EXECUTING
12:48:11 INFO  State of operation 20961285 : EXECUTING
12:48:13 INFO  State of operation 20961285 : EXECUTING
12:48:15 INFO  State of operation 20961285 : EXECUTING
12:48:18 INFO  State of operation 20961285 : EXECUTING
12:48:20 INFO  State of operation 20961285 : EXECUTING
12:48:22 INFO  State of operation 20961285 : EXECUTING
12:48:24 INFO  State of operation 20961285 : EXECUTING
12:48:27 INFO  State of operation 20961285 : EXECUTING
12:48:29 INFO  State of operation 20961285 : EXECUTING
12:48:31 INFO  State of operation 20961285 : EXECUTING
12:48:34 INFO  State of operation 20961285 : EXECUTING
12:48:36 INFO  State of operation 20961285 : EXECUTING
12:48:38 INFO  State of operation 20961285 : EXECUTING
12:48:41 INFO  State of operation 20961285 : EXECUTING
12:48:43 INFO  State of operation 20961285 : EXECUTING
12:48:46 INFO  State of operation 20961285 : EXECUTING
12:48:49 INFO  State of operation 20961285 : EXECUTING
12:48:51 INFO  State of operation 20961285 : EXECUTING
12:48:53 INFO  State of operation 20961285 : EXECUTING
12:48:55 INFO  State of operation 20961285 : EXECUTING
12:48:57 INFO  State of operation 20961285 : EXECUTING
12:49:00 INFO  State of operation 20961285 : EXECUTING
12:49:02 WARN  SystemError occurred while running test - Timeout while waiting for status SUCCESSFUL or False
Traceback (most recent call last):
  File "/home/pi/env-pysys/lib/python3.7/site-packages/pysys/baserunner.py", line 1294, in __call__
    self.testObj.execute()
  File "/home/pi/actions-runner/_work/thin-edge.io/thin-edge.io/tests/PySys/software_management_end_to_end/sm_apt_install_remove_multiple_mixed/run.py", line 89, in execute
    self.wait_until_succcess()
  File "/home/pi/actions-runner/_work/thin-edge.io/thin-edge.io/tests/PySys/software_management_end_to_end/environment_sm_management.py", line 324, in wait_until_succcess
    self.wait_until_status("SUCCESSFUL")
  File "/home/pi/actions-runner/_work/thin-edge.io/thin-edge.io/tests/PySys/software_management_end_to_end/environment_sm_management.py", line 381, in wait_until_status
    "Timeout while waiting for status %s or %s" % (status, status2)
SystemError: Timeout while waiting for status SUCCESSFUL or False
12:49:02 WARN  SystemError: Timeout while waiting for status SUCCESSFUL or False ... blocked 
12:49:02 INFO  
12:49:02 INFO  cleanup:
12:49:08 INFO  Executed sudo&lt;tedge_disconnect_c8y&gt;, exit status 0
12:49:09 INFO  Executed systemctl&lt;serv_mapper5&gt;, exit status 3
12:49:09 INFO  
12:49:09 INFO  Test duration: 180.01 secs
12:49:09 INFO  Test final outcome:  BLOCKED
12:49:09 INFO  Test outcome reason: SystemError: Timeout while waiting for status SUCCESSFUL or False
12:49:09 INFO  
</system-out>
	</testcase>
</testsuite><testsuite name="SoftwareManagement.sm_apt_install_remove_with_version" tests="3" errors="0" failures="0" skipped="1" time="0"><testcase classname="PySysTest" name="SoftwareManagement.sm_apt_install_remove_with_version">
		<skipped message="SKIPPED: Testing the apt plugin is not supported on this platform.Use parameter -XmyPlatform='container' to enable it" />
		<system-out>11:40:09 INFO  ==============================================================
11:40:09 INFO  Id:    SoftwareManagement.sm_apt_install_remove_with_version
11:40:09 INFO  Dir:   software_management_end_to_end/
11:40:09 INFO  Title: Validate end to end behaviour for the apt plugin for packages with version
11:40:09 INFO  ==============================================================
11:40:09 INFO  Testing the apt plugin is not supported on this platform.Use parameter -XmyPlatform='container' to enable it ... skipped
11:40:09 WARN  Aborted test due to SKIPPED outcome
11:40:09 INFO  
11:40:09 INFO  Test duration: 0.02 secs
11:40:09 INFO  Test final outcome:  SKIPPED
11:40:09 INFO  Test outcome reason: Testing the apt plugin is not supported on this platform.Use parameter -XmyPlatform='container' to enable it
11:40:09 INFO  
</system-out>
	</testcase>
<testcase classname="PySysTest" name="SoftwareManagement.sm_apt_install_remove_with_version" />
<testcase classname="PySysTest" name="SoftwareManagement.sm_apt_install_remove_with_version" />
</testsuite><testsuite name="SoftwareManagement.sm_docker_install_remove_multiple" tests="3" errors="0" failures="0" skipped="1" time="0"><testcase classname="SMDockerInstallRemove" name="SoftwareManagement.sm_docker_install_remove_multiple">
		<skipped message="SKIPPED: Testing the apt plugin is not supported on this platform.Use parameter -XmyPlatform='container' to enable it" />
		<system-out>11:40:09 INFO  ==============================================================
11:40:09 INFO  Id:    SoftwareManagement.sm_docker_install_remove_multiple
11:40:09 INFO  Dir:   software_management_end_to_end/
11:40:09 INFO  Title: Validate end to end behaviour for the docker plugin for multiple docker images with mixed versions
11:40:09 INFO  ==============================================================
11:40:09 INFO  Testing the apt plugin is not supported on this platform.Use parameter -XmyPlatform='container' to enable it ... skipped
11:40:09 WARN  Aborted test due to SKIPPED outcome
11:40:09 INFO  
11:40:09 INFO  Test duration: 0.03 secs
11:40:09 INFO  Test final outcome:  SKIPPED
11:40:09 INFO  Test outcome reason: Testing the apt plugin is not supported on this platform.Use parameter -XmyPlatform='container' to enable it
11:40:09 INFO  
</system-out>
	</testcase>
<testcase classname="SMDockerInstallRemove" name="SoftwareManagement.sm_docker_install_remove_multiple" />
<testcase classname="SMDockerInstallRemove" name="SoftwareManagement.sm_docker_install_remove_multiple" />
</testsuite><testsuite name="SoftwareManagement.sm_fake_install_remove" tests="2" errors="0" failures="0" skipped="1" time="0"><testcase classname="PySysTest" name="SoftwareManagement.sm_fake_install_remove">
		<skipped message="SKIPPED: Testing the fake plugin is not enabled.Use parameter -Xfakeplugin=fakeplugin to enable it" />
		<system-out>11:40:09 INFO  ==============================================================
11:40:09 INFO  Id:    SoftwareManagement.sm_fake_install_remove
11:40:09 INFO  Dir:   software_management_end_to_end/
11:40:09 INFO  Title: Validate end to end behaviour for the dummy plugin for installation and removal of packages
11:40:09 INFO  ==============================================================
11:40:09 INFO  Testing the fake plugin is not enabled.Use parameter -Xfakeplugin=fakeplugin to enable it ... skipped
11:40:09 WARN  Aborted test due to SKIPPED outcome
11:40:09 INFO  
11:40:09 INFO  Test duration: 0.02 secs
11:40:09 INFO  Test final outcome:  SKIPPED
11:40:09 INFO  Test outcome reason: Testing the fake plugin is not enabled.Use parameter -Xfakeplugin=fakeplugin to enable it
11:40:09 INFO  
</system-out>
	</testcase>
<testcase classname="PySysTest" name="SoftwareManagement.sm_fake_install_remove" />
</testsuite><testsuite name="SoftwareManagement.sm_fake_install_remove_multiple" tests="2" errors="0" failures="0" skipped="1" time="0"><testcase classname="PySysTest" name="SoftwareManagement.sm_fake_install_remove_multiple">
		<skipped message="SKIPPED: Testing the fake plugin is not enabled.Use parameter -Xfakeplugin=fakeplugin to enable it" />
		<system-out>11:40:09 INFO  ==============================================================
11:40:09 INFO  Id:    SoftwareManagement.sm_fake_install_remove_multiple
11:40:09 INFO  Dir:   software_management_end_to_end/
11:40:09 INFO  Title: Validate end to end behaviour for the dummy-plugin for multiple packages
11:40:09 INFO  ==============================================================
11:40:09 INFO  Testing the fake plugin is not enabled.Use parameter -Xfakeplugin=fakeplugin to enable it ... skipped
11:40:09 WARN  Aborted test due to SKIPPED outcome
11:40:09 INFO  
11:40:09 INFO  Test duration: 0.02 secs
11:40:09 INFO  Test final outcome:  SKIPPED
11:40:09 INFO  Test outcome reason: Testing the fake plugin is not enabled.Use parameter -Xfakeplugin=fakeplugin to enable it
11:40:09 INFO  
</system-out>
	</testcase>
<testcase classname="PySysTest" name="SoftwareManagement.sm_fake_install_remove_multiple" />
</testsuite><testsuite name="SoftwareManagement.sm_mapper_fail_and_reconnect" tests="2" errors="0" failures="0" skipped="2" time="0"><testcase classname="MapperC8yReceiveLastMessageOnRestart" name="SoftwareManagement.sm_mapper_fail_and_reconnect">
		<skipped message="SKIPPED: instable https://github.com/thin-edge/thin-edge.io/issues/752" />
		<system-out>11:40:09 INFO  ==============================================================
11:40:09 INFO  Id:    SoftwareManagement.sm_mapper_fail_and_reconnect
11:40:09 INFO  Dir:   software_management_end_to_end/
11:40:09 INFO  Title: Validate the tedge-mapper-sm-c8y for receiving the last message on restart
11:40:09 INFO  ==============================================================
11:40:09 INFO  instable https://github.com/thin-edge/thin-edge.io/issues/752 ... skipped
11:40:09 INFO  
11:40:09 INFO  Test duration: 0.02 secs
11:40:09 INFO  Test final outcome:  SKIPPED
11:40:09 INFO  Test outcome reason: instable https://github.com/thin-edge/thin-edge.io/issues/752
11:40:09 INFO  
</system-out>
	</testcase>
<testcase classname="MapperC8yReceiveLastMessageOnRestart" name="SoftwareManagement.sm_mapper_fail_and_reconnect">
		<skipped message="SKIPPED: instable https://github.com/thin-edge/thin-edge.io/issues/752" />
		<system-out>12:55:58 INFO  ==============================================================
12:55:58 INFO  Id:    SoftwareManagement.sm_mapper_fail_and_reconnect
12:55:58 INFO  Dir:   software_management_end_to_end/
12:55:58 INFO  Title: Validate the tedge-mapper-sm-c8y for receiving the last message on restart
12:55:58 INFO  ==============================================================
12:55:58 INFO  instable https://github.com/thin-edge/thin-edge.io/issues/752 ... skipped
12:55:58 INFO  
12:55:58 INFO  Test duration: 0.04 secs
12:55:58 INFO  Test final outcome:  SKIPPED
12:55:58 INFO  Test outcome reason: instable https://github.com/thin-edge/thin-edge.io/issues/752
12:55:58 INFO  
</system-out>
	</testcase>
</testsuite><testsuite name="SoftwareManagement.sm_mixed_install_remove_multiple" tests="2" errors="0" failures="1" skipped="1" time="0"><testcase classname="PySysTest" name="SoftwareManagement.sm_mixed_install_remove_multiple">
		<skipped message="SKIPPED: Testing the fake plugin is not enabled.Use parameter -Xfakeplugin=fakeplugin to enable it" />
		<system-out>11:40:09 INFO  ==============================================================
11:40:09 INFO  Id:    SoftwareManagement.sm_mixed_install_remove_multiple
11:40:09 INFO  Dir:   software_management_end_to_end/
11:40:09 INFO  Title: Validate end to end behaviour for the dummy-plugin for multiple packages with mixed versions
11:40:09 INFO  ==============================================================
11:40:09 INFO  Testing the fake plugin is not enabled.Use parameter -Xfakeplugin=fakeplugin to enable it ... skipped
11:40:09 WARN  Aborted test due to SKIPPED outcome
11:40:09 INFO  
11:40:09 INFO  Test duration: 0.02 secs
11:40:09 INFO  Test final outcome:  SKIPPED
11:40:09 INFO  Test outcome reason: Testing the fake plugin is not enabled.Use parameter -Xfakeplugin=fakeplugin to enable it
11:40:09 INFO  
</system-out>
	</testcase>
<testcase classname="PySysTest" name="SoftwareManagement.sm_mixed_install_remove_multiple">
		<failure message="FAILED: Assert that (False == value) with value=True" type="FAILED" />
		<system-out>12:55:58 INFO  ==============================================================
12:55:58 INFO  Id:    SoftwareManagement.sm_mixed_install_remove_multiple
12:55:58 INFO  Dir:   software_management_end_to_end/
12:55:58 INFO  Title: Validate end to end behaviour for the dummy-plugin for multiple packages with mixed versions
12:55:58 INFO  ==============================================================
12:55:58 INFO  Using sw id database: {'asciijump': '5475369', 'robotfindskitten': '5474869', 'squirrel3': '5475279', 'rolldice': '5152439', 'moon-buggy': '5439204', 'apple': '5495053', 'banana': '5494888', 'cherry': '5495382', 'watermelon': '5494510', 'registry': '8018911', 'hello-world': '8021526', 'docker/getting-started': '8021973', 'alpine': '7991792'}
12:55:58 INFO  EnvironmentC8y Setup
12:55:59 INFO  Executed systemctl&lt;serv_mapper1&gt;, exit status 3
12:55:59 INFO  Restarting mosquitto too frequently in the last 10 seconds. It was only up for 5 seconds
12:55:59 INFO  Delaying execution by 6 seconds
12:56:21 INFO  Executed sudo&lt;tedge_connect_c8y&gt;, exit status 0, duration 15 secs
12:56:22 INFO  Executed sudo&lt;tedge_connect_c8y_test&gt;, exit status 0
12:56:22 INFO  Executed systemctl&lt;serv_mosq2&gt;, exit status 0
12:56:23 INFO  Executed systemctl&lt;serv_mapper3&gt;, exit status 0
12:56:25 INFO  State of current operation: SUCCESSFUL
12:56:25 INFO  Package apple is installed
12:56:25 INFO  Assert that (True == value) with value=True ... passed
12:56:25 INFO  Package banana is installed
12:56:25 INFO  Assert that (True == value) with value=True ... passed
12:56:26 INFO  Package cherry is installed
12:56:26 INFO  Assert that (True == value) with value=True ... passed
12:56:26 INFO  Package asciijump is installed
12:56:26 WARN  Assert that (False == value) with value=True ... failed 
12:56:26 INFO  Assert that (False == value) with value=False ... passed
12:56:27 INFO  Response status: 201
12:56:27 INFO  Response to action: {
    "creationTime": "2022-07-16T12:56:27.167Z",
    "deviceName": "m32sd10a",
    "deviceId": "20928064",
    "self": "https://t493319102.eu-latest.cumulocity.com/devicecontrol/operations/20961407",
    "id": "20961407",
    "status": "PENDING",
    "description": "Apply software changes, triggered from PySys: [{'action': 'install', 'id': '5495053', 'name': 'apple', 'url': ' ', 'version': '::fruits'}, {'action': 'install', 'id': '5494888', 'name': 'banana', 'url': ' ', 'version': '::fruits'}, {'action': 'install', 'id': '5475369', 'name': 'asciijump', 'url': ' ', 'version': '::apt'}, {'action': 'install', 'id': '5495382', 'name': 'cherry', 'url': ' ', 'version': '::fruits'}, {'action': 'install', 'id': '8018911', 'name': 'registry', 'url': ' ', 'version': '::docker'}]",
    "c8y_SoftwareUpdate": [
        {
            "name": "apple",
            "action": "install",
            "id": "5495053",
            "version": "::fruits",
            "url": " "
        },
        {
            "name": "banana",
            "action": "install",
            "id": "5494888",
            "version": "::fruits",
            "url": " "
        },
        {
            "name": "asciijump",
            "action": "install",
            "id": "5475369",
            "version": "::apt",
            "url": " "
        },
        {
            "name": "cherry",
            "action": "install",
            "id": "5495382",
            "version": "::fruits",
            "url": " "
        },
        {
            "name": "registry",
            "action": "install",
            "id": "8018911",
            "version": "::docker",
            "url": " "
        }
    ]
}
12:56:27 INFO  Started operation: {'creationTime': '2022-07-16T12:56:27.167Z', 'deviceName': 'm32sd10a', 'deviceId': '20928064', 'self': 'https://t493319102.eu-latest.cumulocity.com/devicecontrol/operations/20961407', 'id': '20961407', 'status': 'PENDING', 'description': "Apply software changes, triggered from PySys: [{'action': 'install', 'id': '5495053', 'name': 'apple', 'url': ' ', 'version': '::fruits'}, {'action': 'install', 'id': '5494888', 'name': 'banana', 'url': ' ', 'version': '::fruits'}, {'action': 'install', 'id': '5475369', 'name': 'asciijump', 'url': ' ', 'version': '::apt'}, {'action': 'install', 'id': '5495382', 'name': 'cherry', 'url': ' ', 'version': '::fruits'}, {'action': 'install', 'id': '8018911', 'name': 'registry', 'url': ' ', 'version': '::docker'}]", 'c8y_SoftwareUpdate': [{'name': 'apple', 'action': 'install', 'id': '5495053', 'version': '::fruits', 'url': ' '}, {'name': 'banana', 'action': 'install', 'id': '5494888', 'version': '::fruits', 'url': ' '}, {'name': 'asciijump', 'action': 'install', 'id': '5475369', 'version': '::apt', 'url': ' '}, {'name': 'cherry', 'action': 'install', 'id': '5495382', 'version': '::fruits', 'url': ' '}, {'name': 'registry', 'action': 'install', 'id': '8018911', 'version': '::docker', 'url': ' '}]}
12:56:29 INFO  State of operation 20961407 : PENDING
12:56:31 INFO  State of operation 20961407 : EXECUTING
12:56:33 INFO  State of operation 20961407 : EXECUTING
12:56:36 INFO  State of operation 20961407 : EXECUTING
12:56:38 INFO  State of operation 20961407 : EXECUTING
12:56:40 INFO  State of operation 20961407 : EXECUTING
12:56:42 INFO  State of operation 20961407 : EXECUTING
12:56:45 INFO  State of operation 20961407 : EXECUTING
12:56:47 INFO  State of operation 20961407 : EXECUTING
12:56:50 INFO  State of operation 20961407 : EXECUTING
12:56:52 INFO  State of operation 20961407 : EXECUTING
12:56:54 INFO  State of operation 20961407 : EXECUTING
12:56:58 INFO  State of operation 20961407 : EXECUTING
12:57:00 INFO  State of operation 20961407 : EXECUTING
12:57:02 INFO  State of operation 20961407 : EXECUTING
12:57:05 INFO  State of operation 20961407 : EXECUTING
12:57:07 INFO  State of operation 20961407 : EXECUTING
12:57:09 INFO  State of operation 20961407 : EXECUTING
12:57:12 INFO  State of operation 20961407 : EXECUTING
12:57:14 INFO  State of operation 20961407 : EXECUTING
12:57:16 INFO  State of operation 20961407 : EXECUTING
12:57:19 INFO  State of operation 20961407 : EXECUTING
12:57:21 INFO  State of operation 20961407 : EXECUTING
12:57:24 INFO  State of operation 20961407 : EXECUTING
12:57:26 INFO  State of operation 20961407 : EXECUTING
12:57:28 INFO  State of operation 20961407 : EXECUTING
12:57:30 INFO  State of operation 20961407 : SUCCESSFUL
12:57:30 INFO  Package apple is installed
12:57:30 INFO  Assert that (True == value) with value=True ... passed
12:57:31 INFO  Package banana is installed
12:57:31 INFO  Assert that (True == value) with value=True ... passed
12:57:31 INFO  Package cherry is installed
12:57:31 INFO  Assert that (True == value) with value=True ... passed
12:57:31 INFO  Package asciijump is installed
12:57:31 INFO  Assert that (True == value) with value=True ... passed
12:57:31 INFO  Package registry is installed
12:57:31 INFO  Assert that (True == value) with value=True ... passed
12:57:32 INFO  Response status: 201
12:57:32 INFO  Response to action: {
    "creationTime": "2022-07-16T12:57:32.122Z",
    "deviceName": "m32sd10a",
    "deviceId": "20928064",
    "self": "https://t493319102.eu-latest.cumulocity.com/devicecontrol/operations/20961409",
    "id": "20961409",
    "status": "PENDING",
    "description": "Apply software changes, triggered from PySys: [{'action': 'delete', 'id': '5495053', 'name': 'apple', 'url': ' ', 'version': '::fruits'}, {'action': 'delete', 'id': '5494888', 'name': 'banana', 'url': ' ', 'version': '::fruits'}, {'action': 'delete', 'id': '5475369', 'name': 'asciijump', 'url': ' ', 'version': '::apt'}, {'action': 'delete', 'id': '5495382', 'name': 'cherry', 'url': ' ', 'version': '::fruits'}, {'action': 'delete', 'id': '8018911', 'name': 'registry', 'url': ' ', 'version': '::docker'}]",
    "c8y_SoftwareUpdate": [
        {
            "name": "apple",
            "action": "delete",
            "id": "5495053",
            "version": "::fruits",
            "url": " "
        },
        {
            "name": "banana",
            "action": "delete",
            "id": "5494888",
            "version": "::fruits",
            "url": " "
        },
        {
            "name": "asciijump",
            "action": "delete",
            "id": "5475369",
            "version": "::apt",
            "url": " "
        },
        {
            "name": "cherry",
            "action": "delete",
            "id": "5495382",
            "version": "::fruits",
            "url": " "
        },
        {
            "name": "registry",
            "action": "delete",
            "id": "8018911",
            "version": "::docker",
            "url": " "
        }
    ]
}
12:57:32 INFO  Started operation: {'creationTime': '2022-07-16T12:57:32.122Z', 'deviceName': 'm32sd10a', 'deviceId': '20928064', 'self': 'https://t493319102.eu-latest.cumulocity.com/devicecontrol/operations/20961409', 'id': '20961409', 'status': 'PENDING', 'description': "Apply software changes, triggered from PySys: [{'action': 'delete', 'id': '5495053', 'name': 'apple', 'url': ' ', 'version': '::fruits'}, {'action': 'delete', 'id': '5494888', 'name': 'banana', 'url': ' ', 'version': '::fruits'}, {'action': 'delete', 'id': '5475369', 'name': 'asciijump', 'url': ' ', 'version': '::apt'}, {'action': 'delete', 'id': '5495382', 'name': 'cherry', 'url': ' ', 'version': '::fruits'}, {'action': 'delete', 'id': '8018911', 'name': 'registry', 'url': ' ', 'version': '::docker'}]", 'c8y_SoftwareUpdate': [{'name': 'apple', 'action': 'delete', 'id': '5495053', 'version': '::fruits', 'url': ' '}, {'name': 'banana', 'action': 'delete', 'id': '5494888', 'version': '::fruits', 'url': ' '}, {'name': 'asciijump', 'action': 'delete', 'id': '5475369', 'version': '::apt', 'url': ' '}, {'name': 'cherry', 'action': 'delete', 'id': '5495382', 'version': '::fruits', 'url': ' '}, {'name': 'registry', 'action': 'delete', 'id': '8018911', 'version': '::docker', 'url': ' '}]}
12:57:35 INFO  State of operation 20961409 : PENDING
12:57:37 INFO  State of operation 20961409 : EXECUTING
12:57:39 INFO  State of operation 20961409 : EXECUTING
12:57:42 INFO  State of operation 20961409 : EXECUTING
12:57:45 INFO  State of operation 20961409 : EXECUTING
12:57:47 INFO  State of operation 20961409 : EXECUTING
12:57:50 INFO  State of operation 20961409 : EXECUTING
12:57:53 INFO  State of operation 20961409 : EXECUTING
12:57:56 INFO  State of operation 20961409 : EXECUTING
12:57:58 INFO  State of operation 20961409 : EXECUTING
12:58:00 INFO  State of operation 20961409 : EXECUTING
12:58:02 INFO  State of operation 20961409 : EXECUTING
12:58:05 INFO  State of operation 20961409 : EXECUTING
12:58:07 INFO  State of operation 20961409 : EXECUTING
12:58:09 INFO  State of operation 20961409 : EXECUTING
12:58:12 INFO  State of operation 20961409 : EXECUTING
12:58:14 INFO  State of operation 20961409 : EXECUTING
12:58:17 INFO  State of operation 20961409 : EXECUTING
12:58:19 INFO  State of operation 20961409 : EXECUTING
12:58:21 INFO  State of operation 20961409 : EXECUTING
12:58:23 INFO  State of operation 20961409 : EXECUTING
12:58:26 INFO  State of operation 20961409 : EXECUTING
12:58:29 INFO  State of operation 20961409 : EXECUTING
12:58:31 INFO  State of operation 20961409 : EXECUTING
12:58:33 INFO  State of operation 20961409 : EXECUTING
12:58:36 INFO  State of operation 20961409 : EXECUTING
12:58:38 INFO  State of operation 20961409 : EXECUTING
12:58:40 INFO  State of operation 20961409 : EXECUTING
12:58:42 INFO  State of operation 20961409 : EXECUTING
12:58:45 INFO  State of operation 20961409 : SUCCESSFUL
12:58:45 INFO  Package apple is installed
12:58:45 INFO  Assert that (True == value) with value=True ... passed
12:58:45 INFO  Package banana is installed
12:58:45 INFO  Assert that (True == value) with value=True ... passed
12:58:46 INFO  Package cherry is installed
12:58:46 INFO  Assert that (True == value) with value=True ... passed
12:58:46 INFO  Assert that (False == value) with value=False ... passed
12:58:46 INFO  Assert that (False == value) with value=False ... passed
12:58:46 INFO  
12:58:46 INFO  cleanup:
12:58:50 INFO  Executed sudo&lt;tedge_disconnect_c8y&gt;, exit status 0
12:58:51 INFO  Executed systemctl&lt;serv_mapper5&gt;, exit status 3
12:58:51 INFO  
12:58:51 INFO  Test duration: 172.42 secs
12:58:51 INFO  Test final outcome:  FAILED
12:58:51 INFO  Test outcome reason: Assert that (False == value) with value=True
12:58:51 INFO  
</system-out>
	</testcase>
</testsuite><testsuite name="agent_init_session" tests="1" errors="0" failures="1" skipped="0" time="0"><testcase classname="AgentInitSession" name="agent_init_session">
		<failure message="FAILED: Grep on sub_resp.out contains &quot;Ld3KgqpcLDlrYH6sfpG7w&quot;" type="FAILED" />
		<system-out>11:41:03 INFO  ==============================================================
11:41:03 INFO  Id:    agent_init_session
11:41:03 INFO  Dir:   tedge_agent/
11:41:03 INFO  Title: Validate tedge agent init session feature
11:41:03 INFO  ==============================================================
11:41:04 INFO  Executed sudo&lt;remove_lock&gt;, exit status 0
11:41:04 INFO  Executed sudo&lt;agent_clear&gt;, exit status 0
11:41:05 INFO  Executed sudo&lt;agent_init&gt;, exit status 0
11:41:05 INFO  Executed sudo&lt;pub_req&gt;, exit status 0
11:41:05 INFO  Started sudo&lt;sub_resp&gt; with process id 15783
11:41:06 INFO  Executed sudo&lt;agent_start&gt;, exit status 0
11:41:06 INFO  Waiting for 2.0 seconds
11:41:09 INFO  Executed sudo&lt;agent_stop&gt;, exit status 0
11:41:09 INFO  Executed sudo&lt;sub_stop&gt;, exit status 0
11:41:09 WARN  Grep on sub_resp.out contains "Ld3KgqpcLDlrYH6sfpG7w" ... failed [run.py:87]
11:41:09 INFO  
11:41:09 INFO  Test duration: 6.15 secs
11:41:09 INFO  Test final outcome:  FAILED
11:41:09 INFO  Test outcome reason: Grep on sub_resp.out contains "Ld3KgqpcLDlrYH6sfpG7w"
11:41:09 INFO  
</system-out>
	</testcase>
</testsuite><testsuite name="apt_fail_noarg" tests="2" errors="0" failures="0" skipped="1" time="0"><testcase classname="AptPluginFailNoArg" name="apt_fail_noarg">
		<skipped message="SKIPPED: Testing the apt plugin is not supported on this platform.To run the tests call PySys with -XmyPlatform='container'" />
		<system-out>11:30:19 INFO  ==============================================================
11:30:19 INFO  Id:    apt_fail_noarg
11:30:19 INFO  Dir:   plugin_apt/
11:30:19 INFO  Title: Validate apt plugin fetures(prepare, list, install, remove finalize) without arguments
11:30:19 INFO  ==============================================================
11:30:20 INFO  Testing the apt plugin is not supported on this platform.To run the tests call PySys with -XmyPlatform='container' ... skipped
11:30:20 WARN  Aborted test due to SKIPPED outcome
11:30:20 INFO  
11:30:20 INFO  Test duration: 0.06 secs
11:30:20 INFO  Test final outcome:  SKIPPED
11:30:20 INFO  Test outcome reason: Testing the apt plugin is not supported on this platform.To run the tests call PySys with -XmyPlatform='container'
11:30:20 INFO  
</system-out>
	</testcase>
<testcase classname="AptPluginFailNoArg" name="apt_fail_noarg" />
</testsuite><testsuite name="apt_finalize" tests="2" errors="0" failures="0" skipped="1" time="0"><testcase classname="AptPluginFinalize" name="apt_finalize">
		<skipped message="SKIPPED: Testing the apt plugin is not supported on this platform.To run the tests call PySys with -XmyPlatform='container'" />
		<system-out>11:30:20 INFO  ==============================================================
11:30:20 INFO  Id:    apt_finalize
11:30:20 INFO  Dir:   plugin_apt/
11:30:20 INFO  Title: Validate apt plugin finalize - dense version
11:30:20 INFO  ==============================================================
11:30:20 INFO  Testing the apt plugin is not supported on this platform.To run the tests call PySys with -XmyPlatform='container' ... skipped
11:30:20 WARN  Aborted test due to SKIPPED outcome
11:30:20 INFO  
11:30:20 INFO  Test duration: 0.03 secs
11:30:20 INFO  Test final outcome:  SKIPPED
11:30:20 INFO  Test outcome reason: Testing the apt plugin is not supported on this platform.To run the tests call PySys with -XmyPlatform='container'
11:30:20 INFO  
</system-out>
	</testcase>
<testcase classname="AptPluginFinalize" name="apt_finalize" />
</testsuite><testsuite name="apt_install" tests="2" errors="0" failures="0" skipped="1" time="0"><testcase classname="AptPluginInstallDense" name="apt_install">
		<skipped message="SKIPPED: Testing the apt plugin is not supported on this platform.To run the tests call PySys with -XmyPlatform='container'" />
		<system-out>11:30:20 INFO  ==============================================================
11:30:20 INFO  Id:    apt_install
11:30:20 INFO  Dir:   plugin_apt/
11:30:20 INFO  Title: Validate apt plugin prepare - dense version
11:30:20 INFO  ==============================================================
11:30:20 INFO  Testing the apt plugin is not supported on this platform.To run the tests call PySys with -XmyPlatform='container' ... skipped
11:30:20 WARN  Aborted test due to SKIPPED outcome
11:30:20 INFO  
11:30:20 INFO  Test duration: 0.02 secs
11:30:20 INFO  Test final outcome:  SKIPPED
11:30:20 INFO  Test outcome reason: Testing the apt plugin is not supported on this platform.To run the tests call PySys with -XmyPlatform='container'
11:30:20 INFO  
</system-out>
	</testcase>
<testcase classname="AptPluginInstallDense" name="apt_install" />
</testsuite><testsuite name="apt_install_fail" tests="2" errors="0" failures="0" skipped="1" time="0"><testcase classname="AptPluginInstallFail" name="apt_install_fail">
		<skipped message="SKIPPED: Testing the apt plugin is not supported on this platform.To run the tests call PySys with -XmyPlatform='container'" />
		<system-out>11:30:20 INFO  ==============================================================
11:30:20 INFO  Id:    apt_install_fail
11:30:20 INFO  Dir:   plugin_apt/
11:30:20 INFO  Title: Validate apt plugin prepare - failing
11:30:20 INFO  ==============================================================
11:30:20 INFO  Testing the apt plugin is not supported on this platform.To run the tests call PySys with -XmyPlatform='container' ... skipped
11:30:20 WARN  Aborted test due to SKIPPED outcome
11:30:20 INFO  
11:30:20 INFO  Test duration: 0.03 secs
11:30:20 INFO  Test final outcome:  SKIPPED
11:30:20 INFO  Test outcome reason: Testing the apt plugin is not supported on this platform.To run the tests call PySys with -XmyPlatform='container'
11:30:20 INFO  
</system-out>
	</testcase>
<testcase classname="AptPluginInstallFail" name="apt_install_fail" />
</testsuite><testsuite name="apt_install_local_file" tests="2" errors="0" failures="0" skipped="1" time="0"><testcase classname="AptPluginInstallFromLocalFile" name="apt_install_local_file">
		<skipped message="SKIPPED: Testing the apt plugin is not supported on this platform.To run the tests call PySys with -XmyPlatform='container'" />
		<system-out>11:30:20 INFO  ==============================================================
11:30:20 INFO  Id:    apt_install_local_file
11:30:20 INFO  Dir:   plugin_apt/
11:30:20 INFO  Title: Validate apt plugin install from local file - SUCCESS case
11:30:20 INFO  ==============================================================
11:30:20 INFO  Testing the apt plugin is not supported on this platform.To run the tests call PySys with -XmyPlatform='container' ... skipped
11:30:20 WARN  Aborted test due to SKIPPED outcome
11:30:20 INFO  
11:30:20 INFO  Test duration: 0.02 secs
11:30:20 INFO  Test final outcome:  SKIPPED
11:30:20 INFO  Test outcome reason: Testing the apt plugin is not supported on this platform.To run the tests call PySys with -XmyPlatform='container'
11:30:20 INFO  
</system-out>
	</testcase>
<testcase classname="AptPluginInstallFromLocalFile" name="apt_install_local_file" />
</testsuite><testsuite name="apt_install_local_file_fail" tests="2" errors="0" failures="0" skipped="1" time="0"><testcase classname="AptPluginInstallFromLocalFileFail" name="apt_install_local_file_fail">
		<skipped message="SKIPPED: Testing the apt plugin is not supported on this platform.To run the tests call PySys with -XmyPlatform='container'" />
		<system-out>11:30:20 INFO  ==============================================================
11:30:20 INFO  Id:    apt_install_local_file_fail
11:30:20 INFO  Dir:   plugin_apt/
11:30:20 INFO  Title: Validate apt plugin install from local file - FAIL case
11:30:20 INFO  ==============================================================
11:30:20 INFO  Testing the apt plugin is not supported on this platform.To run the tests call PySys with -XmyPlatform='container' ... skipped
11:30:20 WARN  Aborted test due to SKIPPED outcome
11:30:20 INFO  
11:30:20 INFO  Test duration: 0.04 secs
11:30:20 INFO  Test final outcome:  SKIPPED
11:30:20 INFO  Test outcome reason: Testing the apt plugin is not supported on this platform.To run the tests call PySys with -XmyPlatform='container'
11:30:20 INFO  
</system-out>
	</testcase>
<testcase classname="AptPluginInstallFromLocalFileFail" name="apt_install_local_file_fail" />
</testsuite><testsuite name="apt_install_local_file_with_version" tests="2" errors="0" failures="0" skipped="1" time="0"><testcase classname="AptPluginInstallFromLocalFileWithVersion" name="apt_install_local_file_with_version">
		<skipped message="SKIPPED: Testing the apt plugin is not supported on this platform.To run the tests call PySys with -XmyPlatform='container'" />
		<system-out>11:30:20 INFO  ==============================================================
11:30:20 INFO  Id:    apt_install_local_file_with_version
11:30:20 INFO  Dir:   plugin_apt/
11:30:20 INFO  Title: Validate apt plugin install from local file AND with a version - SUCCESS case
11:30:20 INFO  ==============================================================
11:30:20 INFO  Testing the apt plugin is not supported on this platform.To run the tests call PySys with -XmyPlatform='container' ... skipped
11:30:20 WARN  Aborted test due to SKIPPED outcome
11:30:20 INFO  
11:30:20 INFO  Test duration: 0.04 secs
11:30:20 INFO  Test final outcome:  SKIPPED
11:30:20 INFO  Test outcome reason: Testing the apt plugin is not supported on this platform.To run the tests call PySys with -XmyPlatform='container'
11:30:20 INFO  
</system-out>
	</testcase>
<testcase classname="AptPluginInstallFromLocalFileWithVersion" name="apt_install_local_file_with_version" />
</testsuite><testsuite name="apt_install_local_file_with_version_fail" tests="2" errors="0" failures="0" skipped="1" time="0"><testcase classname="AptPluginInstallFromLocalFileWithVersionFail" name="apt_install_local_file_with_version_fail">
		<skipped message="SKIPPED: Testing the apt plugin is not supported on this platform.To run the tests call PySys with -XmyPlatform='container'" />
		<system-out>11:30:20 INFO  ==============================================================
11:30:20 INFO  Id:    apt_install_local_file_with_version_fail
11:30:20 INFO  Dir:   plugin_apt/
11:30:20 INFO  Title: Validate apt plugin install from local file AND with a version - FAIL case
11:30:20 INFO  ==============================================================
11:30:20 INFO  Testing the apt plugin is not supported on this platform.To run the tests call PySys with -XmyPlatform='container' ... skipped
11:30:20 WARN  Aborted test due to SKIPPED outcome
11:30:20 INFO  
11:30:20 INFO  Test duration: 0.02 secs
11:30:20 INFO  Test final outcome:  SKIPPED
11:30:20 INFO  Test outcome reason: Testing the apt plugin is not supported on this platform.To run the tests call PySys with -XmyPlatform='container'
11:30:20 INFO  
</system-out>
	</testcase>
<testcase classname="AptPluginInstallFromLocalFileWithVersionFail" name="apt_install_local_file_with_version_fail" />
</testsuite><testsuite name="apt_list_format" tests="2" errors="0" failures="0" skipped="0" time="0"><testcase classname="AptPluginListFormat" name="apt_list_format" />
<testcase classname="AptPluginListFormat" name="apt_list_format" />
</testsuite><testsuite name="apt_prepare" tests="2" errors="0" failures="0" skipped="1" time="0"><testcase classname="AptPluginPrepare" name="apt_prepare">
		<skipped message="SKIPPED: Testing the apt plugin is not supported on this platform.To run the tests call PySys with -XmyPlatform='container'" />
		<system-out>11:30:23 INFO  ==============================================================
11:30:23 INFO  Id:    apt_prepare
11:30:23 INFO  Dir:   plugin_apt/
11:30:23 INFO  Title: Validate apt plugin install - dense version
11:30:23 INFO  ==============================================================
11:30:23 INFO  Testing the apt plugin is not supported on this platform.To run the tests call PySys with -XmyPlatform='container' ... skipped
11:30:23 WARN  Aborted test due to SKIPPED outcome
11:30:23 INFO  
11:30:23 INFO  Test duration: 0.02 secs
11:30:23 INFO  Test final outcome:  SKIPPED
11:30:23 INFO  Test outcome reason: Testing the apt plugin is not supported on this platform.To run the tests call PySys with -XmyPlatform='container'
11:30:23 INFO  
</system-out>
	</testcase>
<testcase classname="AptPluginPrepare" name="apt_prepare" />
</testsuite><testsuite name="apt_prepare_install_finalize" tests="2" errors="0" failures="0" skipped="1" time="0"><testcase classname="AptPluginPrepareInstallFinalize" name="apt_prepare_install_finalize">
		<skipped message="SKIPPED: Testing the apt plugin is not supported on this platform.To run the tests call PySys with -XmyPlatform='container'" />
		<system-out>11:30:23 INFO  ==============================================================
11:30:23 INFO  Id:    apt_prepare_install_finalize
11:30:23 INFO  Dir:   plugin_apt/
11:30:23 INFO  Title: Validate apt plugin install use case
11:30:23 INFO  ==============================================================
11:30:23 INFO  Testing the apt plugin is not supported on this platform.To run the tests call PySys with -XmyPlatform='container' ... skipped
11:30:23 WARN  Aborted test due to SKIPPED outcome
11:30:23 INFO  
11:30:23 INFO  Test duration: 0.02 secs
11:30:23 INFO  Test final outcome:  SKIPPED
11:30:23 INFO  Test outcome reason: Testing the apt plugin is not supported on this platform.To run the tests call PySys with -XmyPlatform='container'
11:30:23 INFO  
</system-out>
	</testcase>
<testcase classname="AptPluginPrepareInstallFinalize" name="apt_prepare_install_finalize" />
</testsuite><testsuite name="apt_remove" tests="2" errors="0" failures="0" skipped="1" time="0"><testcase classname="AptPluginRemoveDense" name="apt_remove">
		<skipped message="SKIPPED: Testing the apt plugin is not supported on this platform.To run the tests call PySys with -XmyPlatform='container'" />
		<system-out>11:30:23 INFO  ==============================================================
11:30:23 INFO  Id:    apt_remove
11:30:23 INFO  Dir:   plugin_apt/
11:30:23 INFO  Title: Validate apt plugin prepare - dense version
11:30:23 INFO  ==============================================================
11:30:23 INFO  Testing the apt plugin is not supported on this platform.To run the tests call PySys with -XmyPlatform='container' ... skipped
11:30:23 WARN  Aborted test due to SKIPPED outcome
11:30:23 INFO  
11:30:23 INFO  Test duration: 0.03 secs
11:30:23 INFO  Test final outcome:  SKIPPED
11:30:23 INFO  Test outcome reason: Testing the apt plugin is not supported on this platform.To run the tests call PySys with -XmyPlatform='container'
11:30:23 INFO  
</system-out>
	</testcase>
<testcase classname="AptPluginRemoveDense" name="apt_remove" />
</testsuite><testsuite name="apt_remove_fail" tests="2" errors="0" failures="0" skipped="1" time="0"><testcase classname="AptPluginRemoveFails" name="apt_remove_fail">
		<skipped message="SKIPPED: Testing the apt plugin is not supported on this platform.To run the tests call PySys with -XmyPlatform='container'" />
		<system-out>11:30:23 INFO  ==============================================================
11:30:23 INFO  Id:    apt_remove_fail
11:30:23 INFO  Dir:   plugin_apt/
11:30:23 INFO  Title: Validate apt plugin prepare - failing
11:30:23 INFO  ==============================================================
11:30:23 INFO  Testing the apt plugin is not supported on this platform.To run the tests call PySys with -XmyPlatform='container' ... skipped
11:30:23 WARN  Aborted test due to SKIPPED outcome
11:30:23 INFO  
11:30:23 INFO  Test duration: 0.03 secs
11:30:23 INFO  Test final outcome:  SKIPPED
11:30:23 INFO  Test outcome reason: Testing the apt plugin is not supported on this platform.To run the tests call PySys with -XmyPlatform='container'
11:30:23 INFO  
</system-out>
	</testcase>
<testcase classname="AptPluginRemoveFails" name="apt_remove_fail" />
</testsuite><testsuite name="apt_sequence_install_with_version" tests="2" errors="0" failures="0" skipped="1" time="0"><testcase classname="AptPluginPrepInstallWithVersionFinalize" name="apt_sequence_install_with_version">
		<skipped message="SKIPPED: Testing the apt plugin is not supported on this platform.To run the tests call PySys with -XmyPlatform='container'" />
		<system-out>11:30:23 INFO  ==============================================================
11:30:23 INFO  Id:    apt_sequence_install_with_version
11:30:23 INFO  Dir:   plugin_apt/
11:30:23 INFO  Title: Validate apt plugin install with version use case
11:30:23 INFO  ==============================================================
11:30:23 INFO  Testing the apt plugin is not supported on this platform.To run the tests call PySys with -XmyPlatform='container' ... skipped
11:30:23 WARN  Aborted test due to SKIPPED outcome
11:30:23 INFO  
11:30:23 INFO  Test duration: 0.02 secs
11:30:23 INFO  Test final outcome:  SKIPPED
11:30:23 INFO  Test outcome reason: Testing the apt plugin is not supported on this platform.To run the tests call PySys with -XmyPlatform='container'
11:30:23 INFO  
</system-out>
	</testcase>
<testcase classname="AptPluginPrepInstallWithVersionFinalize" name="apt_sequence_install_with_version" />
</testsuite><testsuite name="apt_sequence_install_with_version_fail" tests="2" errors="0" failures="0" skipped="1" time="0"><testcase classname="AptPluginInstallWithVersionFails" name="apt_sequence_install_with_version_fail">
		<skipped message="SKIPPED: Testing the apt plugin is not supported on this platform.To run the tests call PySys with -XmyPlatform='container'" />
		<system-out>11:30:23 INFO  ==============================================================
11:30:23 INFO  Id:    apt_sequence_install_with_version_fail
11:30:23 INFO  Dir:   plugin_apt/
11:30:23 INFO  Title: Validate apt plugin install with version fails use case
11:30:23 INFO  ==============================================================
11:30:24 INFO  Testing the apt plugin is not supported on this platform.To run the tests call PySys with -XmyPlatform='container' ... skipped
11:30:24 WARN  Aborted test due to SKIPPED outcome
11:30:24 INFO  
11:30:24 INFO  Test duration: 0.02 secs
11:30:24 INFO  Test final outcome:  SKIPPED
11:30:24 INFO  Test outcome reason: Testing the apt plugin is not supported on this platform.To run the tests call PySys with -XmyPlatform='container'
11:30:24 INFO  
</system-out>
	</testcase>
<testcase classname="AptPluginInstallWithVersionFails" name="apt_sequence_install_with_version_fail" />
</testsuite><testsuite name="apt_sequence_remove" tests="2" errors="0" failures="0" skipped="1" time="0"><testcase classname="AptPluginInstallPrepareRemoveFinalize" name="apt_sequence_remove">
		<skipped message="SKIPPED: Testing the apt plugin is not supported on this platform.To run the tests call PySys with -XmyPlatform='container'" />
		<system-out>11:30:24 INFO  ==============================================================
11:30:24 INFO  Id:    apt_sequence_remove
11:30:24 INFO  Dir:   plugin_apt/
11:30:24 INFO  Title: Validate apt plugin prepare install remove finalize use case
11:30:24 INFO  ==============================================================
11:30:24 INFO  Testing the apt plugin is not supported on this platform.To run the tests call PySys with -XmyPlatform='container' ... skipped
11:30:24 WARN  Aborted test due to SKIPPED outcome
11:30:24 INFO  
11:30:24 INFO  Test duration: 0.02 secs
11:30:24 INFO  Test final outcome:  SKIPPED
11:30:24 INFO  Test outcome reason: Testing the apt plugin is not supported on this platform.To run the tests call PySys with -XmyPlatform='container'
11:30:24 INFO  
</system-out>
	</testcase>
<testcase classname="AptPluginInstallPrepareRemoveFinalize" name="apt_sequence_remove" />
</testsuite><testsuite name="apt_sequence_remove_with_version" tests="2" errors="0" failures="0" skipped="1" time="0"><testcase classname="AptPluginRemoveWithVersion" name="apt_sequence_remove_with_version">
		<skipped message="SKIPPED: Testing the apt plugin is not supported on this platform.To run the tests call PySys with -XmyPlatform='container'" />
		<system-out>11:30:24 INFO  ==============================================================
11:30:24 INFO  Id:    apt_sequence_remove_with_version
11:30:24 INFO  Dir:   plugin_apt/
11:30:24 INFO  Title: Validate apt plugin remove with version use case
11:30:24 INFO  ==============================================================
11:30:24 INFO  Testing the apt plugin is not supported on this platform.To run the tests call PySys with -XmyPlatform='container' ... skipped
11:30:24 WARN  Aborted test due to SKIPPED outcome
11:30:24 INFO  
11:30:24 INFO  Test duration: 0.02 secs
11:30:24 INFO  Test final outcome:  SKIPPED
11:30:24 INFO  Test outcome reason: Testing the apt plugin is not supported on this platform.To run the tests call PySys with -XmyPlatform='container'
11:30:24 INFO  
</system-out>
	</testcase>
<testcase classname="AptPluginRemoveWithVersion" name="apt_sequence_remove_with_version" />
</testsuite><testsuite name="apt_sequence_remove_with_version_fail" tests="2" errors="0" failures="0" skipped="1" time="0"><testcase classname="AptPluginRemoveWithVersionFails" name="apt_sequence_remove_with_version_fail">
		<skipped message="SKIPPED: Testing the apt plugin is not supported on this platform.To run the tests call PySys with -XmyPlatform='container'" />
		<system-out>11:30:24 INFO  ==============================================================
11:30:24 INFO  Id:    apt_sequence_remove_with_version_fail
11:30:24 INFO  Dir:   plugin_apt/
11:30:24 INFO  Title: Validate apt plugin remove with version fails when the version not found
11:30:24 INFO  ==============================================================
11:30:24 INFO  Testing the apt plugin is not supported on this platform.To run the tests call PySys with -XmyPlatform='container' ... skipped
11:30:24 WARN  Aborted test due to SKIPPED outcome
11:30:24 INFO  
11:30:24 INFO  Test duration: 0.02 secs
11:30:24 INFO  Test final outcome:  SKIPPED
11:30:24 INFO  Test outcome reason: Testing the apt plugin is not supported on this platform.To run the tests call PySys with -XmyPlatform='container'
11:30:24 INFO  
</system-out>
	</testcase>
<testcase classname="AptPluginRemoveWithVersionFails" name="apt_sequence_remove_with_version_fail" />
</testsuite><testsuite name="apt_update_list" tests="2" errors="0" failures="0" skipped="1" time="0"><testcase classname="AptPluginUpdateList" name="apt_update_list">
		<skipped message="SKIPPED: Testing the apt plugin is not supported on this platform.To run the tests call PySys with -XmyPlatform='container'" />
		<system-out>11:30:24 INFO  ==============================================================
11:30:24 INFO  Id:    apt_update_list
11:30:24 INFO  Dir:   plugin_apt/
11:30:24 INFO  Title: Validate apt plugin update-list command use case
11:30:24 INFO  ==============================================================
11:30:24 INFO  Testing the apt plugin is not supported on this platform.To run the tests call PySys with -XmyPlatform='container' ... skipped
11:30:24 WARN  Aborted test due to SKIPPED outcome
11:30:24 INFO  
11:30:24 INFO  Test duration: 0.02 secs
11:30:24 INFO  Test final outcome:  SKIPPED
11:30:24 INFO  Test outcome reason: Testing the apt plugin is not supported on this platform.To run the tests call PySys with -XmyPlatform='container'
11:30:24 INFO  
</system-out>
	</testcase>
<testcase classname="AptPluginUpdateList" name="apt_update_list" />
</testsuite><testsuite name="apt_wrong_option" tests="2" errors="0" failures="0" skipped="1" time="0"><testcase classname="AptPluginWrongOption" name="apt_wrong_option">
		<skipped message="SKIPPED: Testing the apt plugin is not supported on this platform.To run the tests call PySys with -XmyPlatform='container'" />
		<system-out>11:30:24 INFO  ==============================================================
11:30:24 INFO  Id:    apt_wrong_option
11:30:24 INFO  Dir:   plugin_apt/
11:30:24 INFO  Title: Validate apt plugin install
11:30:24 INFO  ==============================================================
11:30:24 INFO  Testing the apt plugin is not supported on this platform.To run the tests call PySys with -XmyPlatform='container' ... skipped
11:30:24 WARN  Aborted test due to SKIPPED outcome
11:30:24 INFO  
11:30:24 INFO  Test duration: 0.02 secs
11:30:24 INFO  Test final outcome:  SKIPPED
11:30:24 INFO  Test outcome reason: Testing the apt plugin is not supported on this platform.To run the tests call PySys with -XmyPlatform='container'
11:30:24 INFO  
</system-out>
	</testcase>
<testcase classname="AptPluginWrongOption" name="apt_wrong_option" />
</testsuite><testsuite name="c8y_jwt_token_retrieval" tests="1" errors="0" failures="0" skipped="0" time="0"><testcase classname="ValidateJWTTokenRetrieval" name="c8y_jwt_token_retrieval" />
</testsuite><testsuite name="c8y_restart_bridge" tests="1" errors="0" failures="0" skipped="0" time="0"><testcase classname="RestartBridge" name="c8y_restart_bridge" />
</testsuite><testsuite name="call_tedge_-V" tests="1" errors="0" failures="0" skipped="0" time="0"><testcase classname="PySysTest" name="call_tedge_-V" />
</testsuite><testsuite name="call_tedge_-h" tests="1" errors="0" failures="0" skipped="0" time="0"><testcase classname="PySysTest" name="call_tedge_-h" />
</testsuite><testsuite name="call_tedge_-h_-V" tests="1" errors="0" failures="1" skipped="0" time="0"><testcase classname="PySysTest" name="call_tedge_-h_-V">
		<failure message="FAILED: Grep on tedge.out contains &quot;tedge 0.6&quot;" type="FAILED" />
		<system-out>11:40:10 INFO  ==============================================================
11:40:10 INFO  Id:    call_tedge_-h_-V
11:40:10 INFO  Dir:   tedge/
11:40:10 INFO  Title: Validate command line option -h -V
11:40:10 INFO  ==============================================================
11:40:10 INFO  Executed tedge, exit status 0
11:40:11 WARN  Grep on tedge.out contains "tedge 0.6" ... failed [run.py:32]
11:40:11 INFO  Grep on file tedge.out ... passed
11:40:11 INFO  
11:40:11 INFO  Test duration: 0.51 secs
11:40:11 INFO  Test final outcome:  FAILED
11:40:11 INFO  Test outcome reason: Grep on tedge.out contains "tedge 0.6"
11:40:11 INFO  
</system-out>
	</testcase>
</testsuite><testsuite name="call_tedge_config_help" tests="1" errors="0" failures="0" skipped="0" time="0"><testcase classname="PySysTest" name="call_tedge_config_help" />
</testsuite><testsuite name="call_tedge_config_list" tests="1" errors="0" failures="0" skipped="0" time="0"><testcase classname="PySysTest" name="call_tedge_config_list" />
</testsuite><testsuite name="custom_init_system" tests="1" errors="0" failures="0" skipped="0" time="0"><testcase classname="CustomInitSystem" name="custom_init_system" />
</testsuite><testsuite name="docker_plugin_finalize" tests="2" errors="0" failures="0" skipped="1" time="0"><testcase classname="DockerPluginFinalizeTest" name="docker_plugin_finalize">
		<skipped message="SKIPPED: Testing the docker plugin is not supported on this platform.To run it, all the test with -XmyPlatform='container'" />
		<system-out>11:30:24 INFO  ==============================================================
11:30:24 INFO  Id:    docker_plugin_finalize
11:30:24 INFO  Dir:   plugin_docker/
11:30:24 INFO  Title: Validate docker plugin finalize command
11:30:24 INFO  ==============================================================
11:30:24 INFO  Testing the docker plugin is not supported on this platform.To run it, all the test with -XmyPlatform='container' ... skipped
11:30:24 WARN  Aborted test due to SKIPPED outcome
11:30:24 INFO  
11:30:24 INFO  Test duration: 0.07 secs
11:30:24 INFO  Test final outcome:  SKIPPED
11:30:24 INFO  Test outcome reason: Testing the docker plugin is not supported on this platform.To run it, all the test with -XmyPlatform='container'
11:30:24 INFO  
</system-out>
	</testcase>
<testcase classname="DockerPluginFinalizeTest" name="docker_plugin_finalize" />
</testsuite><testsuite name="docker_plugin_install" tests="2" errors="0" failures="0" skipped="1" time="0"><testcase classname="DockerPluginInstallTest" name="docker_plugin_install">
		<skipped message="SKIPPED: Testing the docker plugin is not supported on this platform.To run it, all the test with -XmyPlatform='container'" />
		<system-out>11:30:24 INFO  ==============================================================
11:30:24 INFO  Id:    docker_plugin_install
11:30:24 INFO  Dir:   plugin_docker/
11:30:24 INFO  Title: Validate docker plugin install
11:30:24 INFO  ==============================================================
11:30:24 INFO  Testing the docker plugin is not supported on this platform.To run it, all the test with -XmyPlatform='container' ... skipped
11:30:24 WARN  Aborted test due to SKIPPED outcome
11:30:24 INFO  
11:30:24 INFO  Test duration: 0.02 secs
11:30:24 INFO  Test final outcome:  SKIPPED
11:30:24 INFO  Test outcome reason: Testing the docker plugin is not supported on this platform.To run it, all the test with -XmyPlatform='container'
11:30:24 INFO  
</system-out>
	</testcase>
<testcase classname="DockerPluginInstallTest" name="docker_plugin_install" />
</testsuite><testsuite name="docker_plugin_install_with_version" tests="2" errors="0" failures="0" skipped="1" time="0"><testcase classname="DockerPluginInstallWithVersionTest" name="docker_plugin_install_with_version">
		<skipped message="SKIPPED: Testing the docker plugin is not supported on this platform.To run it, all the test with -XmyPlatform='container'" />
		<system-out>11:30:24 INFO  ==============================================================
11:30:24 INFO  Id:    docker_plugin_install_with_version
11:30:24 INFO  Dir:   plugin_docker/
11:30:24 INFO  Title: Validate docker plugin install
11:30:24 INFO  ==============================================================
11:30:24 INFO  Testing the docker plugin is not supported on this platform.To run it, all the test with -XmyPlatform='container' ... skipped
11:30:24 WARN  Aborted test due to SKIPPED outcome
11:30:24 INFO  
11:30:24 INFO  Test duration: 0.02 secs
11:30:24 INFO  Test final outcome:  SKIPPED
11:30:24 INFO  Test outcome reason: Testing the docker plugin is not supported on this platform.To run it, all the test with -XmyPlatform='container'
11:30:24 INFO  
</system-out>
	</testcase>
<testcase classname="DockerPluginInstallWithVersionTest" name="docker_plugin_install_with_version" />
</testsuite><testsuite name="docker_plugin_remove" tests="2" errors="0" failures="0" skipped="1" time="0"><testcase classname="DockerPluginRemoveTest" name="docker_plugin_remove">
		<skipped message="SKIPPED: Testing the docker plugin is not supported on this platform.To run it, all the test with -XmyPlatform='container'" />
		<system-out>11:30:24 INFO  ==============================================================
11:30:24 INFO  Id:    docker_plugin_remove
11:30:24 INFO  Dir:   plugin_docker/
11:30:24 INFO  Title: Validate docker plugin remove
11:30:24 INFO  ==============================================================
11:30:24 INFO  Testing the docker plugin is not supported on this platform.To run it, all the test with -XmyPlatform='container' ... skipped
11:30:24 WARN  Aborted test due to SKIPPED outcome
11:30:24 INFO  
11:30:24 INFO  Test duration: 0.02 secs
11:30:24 INFO  Test final outcome:  SKIPPED
11:30:24 INFO  Test outcome reason: Testing the docker plugin is not supported on this platform.To run it, all the test with -XmyPlatform='container'
11:30:24 INFO  
</system-out>
	</testcase>
<testcase classname="DockerPluginRemoveTest" name="docker_plugin_remove" />
</testsuite><testsuite name="docker_plugin_remove_with_version" tests="2" errors="0" failures="0" skipped="1" time="0"><testcase classname="DockerPluginRemoveWithVersionTest" name="docker_plugin_remove_with_version">
		<skipped message="SKIPPED: Testing the docker plugin is not supported on this platform.To run it, all the test with -XmyPlatform='container'" />
		<system-out>11:30:24 INFO  ==============================================================
11:30:24 INFO  Id:    docker_plugin_remove_with_version
11:30:24 INFO  Dir:   plugin_docker/
11:30:24 INFO  Title: Validate docker plugin remove with version
11:30:24 INFO  ==============================================================
11:30:24 INFO  Testing the docker plugin is not supported on this platform.To run it, all the test with -XmyPlatform='container' ... skipped
11:30:24 WARN  Aborted test due to SKIPPED outcome
11:30:24 INFO  
11:30:24 INFO  Test duration: 0.02 secs
11:30:24 INFO  Test final outcome:  SKIPPED
11:30:24 INFO  Test outcome reason: Testing the docker plugin is not supported on this platform.To run it, all the test with -XmyPlatform='container'
11:30:24 INFO  
</system-out>
	</testcase>
<testcase classname="DockerPluginRemoveWithVersionTest" name="docker_plugin_remove_with_version" />
</testsuite><testsuite name="docker_plugin_update" tests="2" errors="0" failures="0" skipped="1" time="0"><testcase classname="DockerPluginUpdateTest" name="docker_plugin_update">
		<skipped message="SKIPPED: Testing the docker plugin is not supported on this platform.To run it, all the test with -XmyPlatform='container'" />
		<system-out>11:30:24 INFO  ==============================================================
11:30:24 INFO  Id:    docker_plugin_update
11:30:24 INFO  Dir:   plugin_docker/
11:30:24 INFO  Title: Validate docker plugin install updates existing containers
11:30:24 INFO  ==============================================================
11:30:24 INFO  Testing the docker plugin is not supported on this platform.To run it, all the test with -XmyPlatform='container' ... skipped
11:30:24 WARN  Aborted test due to SKIPPED outcome
11:30:24 INFO  
11:30:24 INFO  Test duration: 0.02 secs
11:30:24 INFO  Test final outcome:  SKIPPED
11:30:24 INFO  Test outcome reason: Testing the docker plugin is not supported on this platform.To run it, all the test with -XmyPlatform='container'
11:30:24 INFO  
</system-out>
	</testcase>
<testcase classname="DockerPluginUpdateTest" name="docker_plugin_update" />
</testsuite><testsuite name="invalid_device_id" tests="1" errors="0" failures="0" skipped="0" time="0"><testcase classname="InvalidDeviceId" name="invalid_device_id" />
</testsuite><testsuite name="local_mqtt_pub_sub" tests="1" errors="0" failures="0" skipped="0" time="0"><testcase classname="PySysTest" name="local_mqtt_pub_sub" />
</testsuite><testsuite name="local_mqtt_pub_sub_retain" tests="1" errors="0" failures="0" skipped="0" time="0"><testcase classname="MqttPublishWithRetain" name="local_mqtt_pub_sub_retain" />
</testsuite><testsuite name="log_request_error_messages" tests="1" errors="0" failures="1" skipped="0" time="0"><testcase classname="LogRequestVerifySearchTextError" name="log_request_error_messages">
		<failure message="BLOCKED: TypeError: 'NoneType' object is not subscriptable" type="BLOCKED" />
		<system-out>11:28:08 INFO  ==============================================================
11:28:08 INFO  Id:    log_request_error_messages
11:28:08 INFO  Dir:   log_request_end_to_end/
11:28:08 INFO  Title: Validate end to end behaviour for the log request operation check for error messages
11:28:08 INFO  ==============================================================
11:28:13 INFO  EnvironmentC8y Setup
11:28:13 INFO  Executed systemctl&lt;serv_mapper1&gt;, exit status 3
11:28:28 INFO  Executed sudo&lt;tedge_connect_c8y&gt;, exit status 0, duration 14 secs
11:28:29 INFO  Executed sudo&lt;tedge_connect_c8y_test&gt;, exit status 0
11:28:29 INFO  Executed systemctl&lt;serv_mosq2&gt;, exit status 0
11:28:30 INFO  Executed systemctl&lt;serv_mapper3&gt;, exit status 0
11:28:30 INFO  Executed sudo&lt;rm_logs&gt;, exit status 0
11:28:31 INFO  Executed sudo&lt;move_logs&gt;, exit status 0
11:28:31 INFO  Executed sudo&lt;log_file_daemon&gt;, exit status 0
11:28:32 WARN  TypeError occurred while running test - 'NoneType' object is not subscriptable
Traceback (most recent call last):
  File "/home/pi/env-pysys/lib/python3.7/site-packages/pysys/baserunner.py", line 1294, in __call__
    self.testObj.execute()
  File "/home/pi/actions-runner/_work/thin-edge.io/thin-edge.io/tests/PySys/log_request_end_to_end/log_request_error_messages/run.py", line 47, in execute
    log_file_request_payload, self.project.deviceid
  File "/home/pi/actions-runner/_work/thin-edge.io/thin-edge.io/tests/PySys/environments/cumulocity.py", line 101, in trigger_log_request
    "deviceId": self.device_fragment["id"],
TypeError: 'NoneType' object is not subscriptable
11:28:33 WARN  TypeError: 'NoneType' object is not subscriptable ... blocked 
11:28:33 INFO  
11:28:33 INFO  cleanup:
11:28:33 INFO  Executed sudo&lt;rm_logs&gt;, exit status 0
11:28:34 INFO  Executed sudo&lt;rm_tmp_logs&gt;, exit status 0
11:28:34 INFO  Executed sudo&lt;send_failed&gt;, exit status 0
11:28:35 INFO  Executed sudo&lt;log_file_daemon&gt;, exit status 0
11:28:39 INFO  Executed sudo&lt;tedge_disconnect_c8y&gt;, exit status 0
11:28:39 INFO  Executed systemctl&lt;serv_mapper5&gt;, exit status 3
11:28:39 INFO  
11:28:39 INFO  Test duration: 31.34 secs
11:28:39 INFO  Test final outcome:  BLOCKED
11:28:39 INFO  Test outcome reason: TypeError: 'NoneType' object is not subscriptable
11:28:39 INFO  
</system-out>
	</testcase>
</testsuite><testsuite name="log_request_num_lines" tests="1" errors="0" failures="1" skipped="0" time="0"><testcase classname="LogRequestVerifyNumberOfLines" name="log_request_num_lines">
		<failure message="BLOCKED: TypeError: 'NoneType' object is not subscriptable" type="BLOCKED" />
		<system-out>11:28:39 INFO  ==============================================================
11:28:39 INFO  Id:    log_request_num_lines
11:28:39 INFO  Dir:   log_request_end_to_end/
11:28:39 INFO  Title: Validate end to end behaviour for the log request operation check for number of lines
11:28:39 INFO  ==============================================================
11:28:40 INFO  EnvironmentC8y Setup
11:28:40 INFO  Executed systemctl&lt;serv_mapper1&gt;, exit status 3
11:28:40 INFO  Restarting mosquitto too frequently in the last 10 seconds. It was only up for 5 seconds
11:28:40 INFO  Delaying execution by 6 seconds
11:29:01 INFO  Executed sudo&lt;tedge_connect_c8y&gt;, exit status 0, duration 14 secs
11:29:03 INFO  Executed sudo&lt;tedge_connect_c8y_test&gt;, exit status 0
11:29:04 INFO  Executed systemctl&lt;serv_mosq2&gt;, exit status 0
11:29:04 INFO  Executed systemctl&lt;serv_mapper3&gt;, exit status 0
11:29:05 INFO  Executed sudo&lt;rm_logs&gt;, exit status 0
11:29:05 INFO  Executed sudo&lt;move_logs&gt;, exit status 0
11:29:06 INFO  Executed sudo&lt;log_file_daemon&gt;, exit status 0
11:29:06 WARN  TypeError occurred while running test - 'NoneType' object is not subscriptable
Traceback (most recent call last):
  File "/home/pi/env-pysys/lib/python3.7/site-packages/pysys/baserunner.py", line 1294, in __call__
    self.testObj.execute()
  File "/home/pi/actions-runner/_work/thin-edge.io/thin-edge.io/tests/PySys/log_request_end_to_end/log_request_num_lines/run.py", line 46, in execute
    log_file_request_payload, self.project.deviceid
  File "/home/pi/actions-runner/_work/thin-edge.io/thin-edge.io/tests/PySys/environments/cumulocity.py", line 101, in trigger_log_request
    "deviceId": self.device_fragment["id"],
TypeError: 'NoneType' object is not subscriptable
11:29:06 WARN  TypeError: 'NoneType' object is not subscriptable ... blocked 
11:29:06 INFO  
11:29:06 INFO  cleanup:
11:29:07 INFO  Executed sudo&lt;rm_logs&gt;, exit status 0
11:29:07 INFO  Executed sudo&lt;rm_tmp_logs&gt;, exit status 0
11:29:08 INFO  Executed sudo&lt;send_failed&gt;, exit status 0
11:29:09 INFO  Executed sudo&lt;log_file_daemon&gt;, exit status 0
11:29:12 INFO  Executed sudo&lt;tedge_disconnect_c8y&gt;, exit status 0
11:29:13 INFO  Executed systemctl&lt;serv_mapper5&gt;, exit status 3
11:29:13 INFO  
11:29:13 INFO  Test duration: 33.50 secs
11:29:13 INFO  Test final outcome:  BLOCKED
11:29:13 INFO  Test outcome reason: TypeError: 'NoneType' object is not subscriptable
11:29:13 INFO  
</system-out>
	</testcase>
</testsuite><testsuite name="mapper_awaits_before_reconnect" tests="1" errors="0" failures="1" skipped="0" time="0"><testcase classname="MapperReconnectAwait" name="mapper_awaits_before_reconnect">
		<failure message="FAILED: Line count on tedge_mapper_journal.out for &quot;tedge_mapper::core::mapper: MQTT connection error:&quot; expected &gt;=2 but got 0" type="FAILED" />
		<system-out>11:43:20 INFO  ==============================================================
11:43:20 INFO  Id:    mapper_awaits_before_reconnect
11:43:20 INFO  Dir:   tedge_mapper_c8y/
11:43:20 INFO  Title: Validate mapper doesn't reconnect too often
11:43:20 INFO  ==============================================================
11:43:20 INFO  Started mosquitto_sub with process id 16557
11:43:20 INFO  Waiting for 0.1 seconds
11:43:21 INFO  Executed sudo&lt;tedge_mapper&gt;, exit status 0
11:43:21 INFO  Waiting for 5.0 seconds
11:43:26 INFO  Executed sudo&lt;tedge_mapper&gt;, exit status 0
11:43:32 INFO  Executed sudo&lt;tedge_mapper_journal&gt;, exit status 0
11:43:32 WARN  Grep on tedge_mapper_journal.out contains "ERROR" ... failed [run.py:67]
11:43:32 INFO  Line count on file tedge_mapper_journal.out ... passed
11:43:32 WARN  Line count on tedge_mapper_journal.out for "tedge_mapper::core::mapper: MQTT connection error:" expected &gt;=2 but got 0 ... failed [run.py:78]
11:43:32 WARN  Aborted test due to FAILED outcome
11:43:32 INFO  
11:43:32 INFO  Test duration: 11.76 secs
11:43:32 INFO  Test final outcome:  FAILED
11:43:32 INFO  Test outcome reason: Line count on tedge_mapper_journal.out for "tedge_mapper::core::mapper: MQTT connection error:" expected &gt;=2 but got 0
11:43:32 INFO  
</system-out>
	</testcase>
</testsuite><testsuite name="monitoring_smaller_interval" tests="1" errors="0" failures="1" skipped="0" time="0"><testcase classname="MonitoringSmallInterval" name="monitoring_smaller_interval">
		<failure message="BLOCKED: TypeError: 'int' object is not subscriptable" type="BLOCKED" />
		<system-out>11:30:00 INFO  ==============================================================
11:30:00 INFO  Id:    monitoring_smaller_interval
11:30:00 INFO  Dir:   monitoring/
11:30:00 INFO  Title: Validate the tedge dm agent messages that are produced with smaller sampling interval than the batching window. Here the simulated collectd messages are used
11:30:00 INFO  ==============================================================
11:30:00 INFO  Executed sudo&lt;collectd&gt;, exit status 0
11:30:01 INFO  Executed sudo&lt;collectd_mapper&gt;, exit status 0
11:30:01 INFO  Started sudo&lt;tedge_sub&gt; with process id 12619
11:30:01 INFO  Executed sudo&lt;tedge_temp&gt;, exit status 0
11:30:02 INFO  Executed sudo&lt;tedge_pres&gt;, exit status 0
11:30:03 INFO  Executed sudo&lt;tedge_temp&gt;, exit status 0
11:30:03 INFO  Executed sudo&lt;tedge_pres&gt;, exit status 0
11:30:04 INFO  Executed sudo&lt;tedge_temp&gt;, exit status 0
11:30:04 INFO  Executed sudo&lt;tedge_pres&gt;, exit status 0
11:30:05 INFO  Executed sudo&lt;tedge_temp&gt;, exit status 0
11:30:05 INFO  Executed sudo&lt;tedge_pres&gt;, exit status 0
11:30:06 INFO  Executed sudo&lt;tedge_temp&gt;, exit status 0
11:30:07 INFO  Executed sudo&lt;tedge_pres&gt;, exit status 0
11:30:07 INFO  Executed sudo&lt;tedge_temp&gt;, exit status 0
11:30:08 INFO  Executed sudo&lt;tedge_pres&gt;, exit status 0
11:30:08 INFO  Executed sudo&lt;tedge_temp&gt;, exit status 0
11:30:09 INFO  Executed sudo&lt;tedge_pres&gt;, exit status 0
11:30:09 INFO  Executed sudo&lt;tedge_temp&gt;, exit status 0
11:30:10 INFO  Executed sudo&lt;tedge_pres&gt;, exit status 0
11:30:11 INFO  Executed sudo&lt;tedge_temp&gt;, exit status 0
11:30:11 INFO  Executed sudo&lt;tedge_pres&gt;, exit status 0
11:30:12 INFO  Executed sudo&lt;tedge_temp&gt;, exit status 0
11:30:12 INFO  Executed sudo&lt;tedge_pres&gt;, exit status 0
11:30:14 INFO  Executed sudo&lt;kill_out&gt;, exit status 0
11:30:14 INFO  0

11:30:14 WARN  TypeError occurred while running test - 'int' object is not subscriptable
Traceback (most recent call last):
  File "/home/pi/env-pysys/lib/python3.7/site-packages/pysys/baserunner.py", line 1296, in __call__
    self.testObj.validate()
  File "/home/pi/actions-runner/_work/thin-edge.io/thin-edge.io/tests/PySys/monitoring/monitoring_smaller_interval/run.py", line 104, in validate
    collectd_msg_validation_result=self.validate_json(),
  File "/home/pi/actions-runner/_work/thin-edge.io/thin-edge.io/tests/PySys/monitoring/monitoring_smaller_interval/run.py", line 114, in validate_json
    if not self.validate_time():
  File "/home/pi/actions-runner/_work/thin-edge.io/thin-edge.io/tests/PySys/monitoring/monitoring_smaller_interval/run.py", line 134, in validate_time
    if self.js_msg["time"]:
TypeError: 'int' object is not subscriptable
11:30:14 WARN  TypeError: 'int' object is not subscriptable ... blocked 
11:30:14 INFO  
11:30:14 INFO  cleanup:
11:30:14 INFO  monitoring_cleanup
11:30:15 INFO  Executed sudo&lt;collectd_mapper&gt;, exit status 0
11:30:15 INFO  
11:30:15 INFO  Test duration: 14.97 secs
11:30:15 INFO  Test final outcome:  BLOCKED
11:30:15 INFO  Test outcome reason: TypeError: 'int' object is not subscriptable
11:30:15 INFO  
</system-out>
	</testcase>
</testsuite><testsuite name="monitoring_with_collectd" tests="1" errors="0" failures="0" skipped="1" time="0"><testcase classname="MonitoringWithCollectd" name="monitoring_with_collectd">
		<skipped message="SKIPPED: Test execution disabled due to #792 (instable)" />
		<system-out>11:30:15 INFO  ==============================================================
11:30:15 INFO  Id:    monitoring_with_collectd
11:30:15 INFO  Dir:   monitoring/
11:30:15 INFO  Title: Validate tedge dm agent messages that are produced by batching the collectd messages
11:30:15 INFO  ==============================================================
11:30:15 INFO  Test execution disabled due to #792 (instable) ... skipped
11:30:15 INFO  
11:30:15 INFO  Test duration: 0.04 secs
11:30:15 INFO  Test final outcome:  SKIPPED
11:30:15 INFO  Test outcome reason: Test execution disabled due to #792 (instable)
11:30:15 INFO  
</system-out>
	</testcase>
</testsuite><testsuite name="monitoring_with_simulated_messages" tests="1" errors="0" failures="1" skipped="0" time="0"><testcase classname="MonitoringWithSimulatedMessages" name="monitoring_with_simulated_messages">
		<failure message="BLOCKED: TypeError: 'int' object is not subscriptable" type="BLOCKED" />
		<system-out>11:30:15 INFO  ==============================================================
11:30:15 INFO  Id:    monitoring_with_simulated_messages
11:30:15 INFO  Dir:   monitoring/
11:30:15 INFO  Title: Validate the tedge dm agent messages that are produced from the simulated collectd messages
11:30:15 INFO  ==============================================================
11:30:15 INFO  Executed sudo&lt;collectd&gt;, exit status 0
11:30:16 INFO  Executed sudo&lt;collectd_mapper&gt;, exit status 0
11:30:16 INFO  Started sudo&lt;tedge_sub&gt; with process id 12687
11:30:16 INFO  Executed sudo&lt;tedge_temp&gt;, exit status 0
11:30:17 INFO  Executed sudo&lt;tedge_pres&gt;, exit status 0
11:30:19 INFO  Executed sudo&lt;kill_out&gt;, exit status 0
11:30:19 INFO  0

11:30:19 WARN  TypeError occurred while running test - 'int' object is not subscriptable
Traceback (most recent call last):
  File "/home/pi/env-pysys/lib/python3.7/site-packages/pysys/baserunner.py", line 1296, in __call__
    self.testObj.validate()
  File "/home/pi/actions-runner/_work/thin-edge.io/thin-edge.io/tests/PySys/monitoring/monitoring_with_simulated_messages/run.py", line 98, in validate
    collectd_msg_validation_result=self.validate_json(),
  File "/home/pi/actions-runner/_work/thin-edge.io/thin-edge.io/tests/PySys/monitoring/monitoring_with_simulated_messages/run.py", line 108, in validate_json
    if not self.validate_time():
  File "/home/pi/actions-runner/_work/thin-edge.io/thin-edge.io/tests/PySys/monitoring/monitoring_with_simulated_messages/run.py", line 127, in validate_time
    if self.js_msg["time"]:
TypeError: 'int' object is not subscriptable
11:30:19 WARN  TypeError: 'int' object is not subscriptable ... blocked 
11:30:19 INFO  
11:30:19 INFO  cleanup:
11:30:19 INFO  monitoring_cleanup
11:30:19 INFO  Executed sudo&lt;collectd_mapper&gt;, exit status 0
11:30:19 INFO  
11:30:19 INFO  Test duration: 4.54 secs
11:30:19 INFO  Test final outcome:  BLOCKED
11:30:19 INFO  Test outcome reason: TypeError: 'int' object is not subscriptable
11:30:19 INFO  
</system-out>
	</testcase>
</testsuite><testsuite name="mqtt_port_change_connection_fails" tests="1" errors="0" failures="0" skipped="0" time="0"><testcase classname="MqttPortChangeConnectionFails" name="mqtt_port_change_connection_fails" />
</testsuite><testsuite name="mqtt_port_change_connection_works" tests="1" errors="0" failures="0" skipped="1" time="0"><testcase classname="MqttPortChangeConnectionWorks" name="mqtt_port_change_connection_works">
		<skipped message="SKIPPED: failing intermitently" />
		<system-out>11:29:49 INFO  ==============================================================
11:29:49 INFO  Id:    mqtt_port_change_connection_works
11:29:49 INFO  Dir:   misc_features/
11:29:49 INFO  Title: mqtt port change connection works for all the thin-edge services that use the mosquitto broker
11:29:49 INFO  ==============================================================
11:29:49 INFO  failing intermitently ... skipped
11:29:49 INFO  
11:29:49 INFO  Test duration: 0.03 secs
11:29:49 INFO  Test final outcome:  SKIPPED
11:29:49 INFO  Test outcome reason: failing intermitently
11:29:49 INFO  
</system-out>
	</testcase>
</testsuite><testsuite name="publish_flux" tests="1" errors="0" failures="0" skipped="0" time="0"><testcase classname="PublishFlux" name="publish_flux" />
</testsuite><testsuite name="publish_sawmill" tests="1" errors="0" failures="0" skipped="0" time="0"><testcase classname="PublishSawmill" name="publish_sawmill" />
</testsuite><testsuite name="runtime_start_two_mappers" tests="1" errors="0" failures="0" skipped="0" time="0"><testcase classname="RuntimeMultiMappers" name="runtime_start_two_mappers" />
</testsuite><testsuite name="sm_tedge_mapper_init_session" tests="1" errors="0" failures="0" skipped="0" time="0"><testcase classname="TedgeSMMapperInitSession" name="sm_tedge_mapper_init_session" />
</testsuite><testsuite name="smoketest_json" tests="1" errors="0" failures="0" skipped="0" time="0"><testcase classname="SmokeTestJson" name="smoketest_json" />
</testsuite><testsuite name="smoketest_json_400_samples_10ms" tests="1" errors="0" failures="0" skipped="0" time="0"><testcase classname="SmoketestJson400Samples10ms" name="smoketest_json_400_samples_10ms" />
</testsuite><testsuite name="smoketest_json_400_samples_20ms" tests="1" errors="0" failures="0" skipped="0" time="0"><testcase classname="SmoketestJson400Samples20ms" name="smoketest_json_400_samples_20ms" />
</testsuite><testsuite name="smoketest_smartrest" tests="1" errors="0" failures="0" skipped="0" time="0"><testcase classname="SmoketestSmartRest" name="smoketest_smartrest" />
</testsuite><testsuite name="smoketest_smartrest_400_samples_1Xms" tests="1" errors="0" failures="0" skipped="0" time="0"><testcase classname="SmoketestSmartRest400Samples1Xms" name="smoketest_smartrest_400_samples_1Xms" />
</testsuite><testsuite name="smoketest_smartrest_400_samples_20ms" tests="1" errors="0" failures="0" skipped="0" time="0"><testcase classname="SmoketestSmartRest400Samples20ms" name="smoketest_smartrest_400_samples_20ms" />
</testsuite><testsuite name="tedge_agent_user_sudo_access" tests="1" errors="0" failures="0" skipped="1" time="0"><testcase classname="TedgeAgentUserSudoAccess" name="tedge_agent_user_sudo_access">
		<skipped message="SKIPPED: #955 Observation: Exit code of the apt plugin when called with no arguments" />
		<system-out>11:40:37 INFO  ==============================================================
11:40:37 INFO  Id:    tedge_agent_user_sudo_access
11:40:37 INFO  Dir:   tedge/
11:40:37 INFO  Title: Validate tedge-agent user has a limited sudo right
11:40:37 INFO  ==============================================================
11:40:37 INFO  #955 Observation: Exit code of the apt plugin when called with no arguments ... skipped
11:40:37 INFO  
11:40:37 INFO  Test duration: 0.02 secs
11:40:37 INFO  Test final outcome:  SKIPPED
11:40:37 INFO  Test outcome reason: #955 Observation: Exit code of the apt plugin when called with no arguments
11:40:37 INFO  
</system-out>
	</testcase>
</testsuite><testsuite name="tedge_connect_test_negative" tests="1" errors="0" failures="0" skipped="0" time="0"><testcase classname="TedgeConnectTestNegative" name="tedge_connect_test_negative" />
</testsuite><testsuite name="tedge_connect_test_positive" tests="1" errors="0" failures="0" skipped="0" time="0"><testcase classname="TedgeConnectTestPositive" name="tedge_connect_test_positive" />
</testsuite><testsuite name="tedge_connect_test_sm_services" tests="1" errors="0" failures="0" skipped="0" time="0"><testcase classname="TedgeConnectTestSMServices" name="tedge_connect_test_sm_services" />
</testsuite><testsuite name="tedge_disconnect_test_sm_services" tests="1" errors="0" failures="0" skipped="0" time="0"><testcase classname="TedgeDisConnectTestSMServices" name="tedge_disconnect_test_sm_services" />
</testsuite><testsuite name="tedge_mapper_az_negative" tests="1" errors="0" failures="0" skipped="0" time="0"><testcase classname="TedgeMapperAzError" name="tedge_mapper_az_negative" />
</testsuite><testsuite name="tedge_mapper_az_with_timestamp" tests="1" errors="0" failures="0" skipped="0" time="0"><testcase classname="TedgeMapperAzWithTimestamp" name="tedge_mapper_az_with_timestamp" />
</testsuite><testsuite name="tedge_mapper_az_without_timestamp" tests="1" errors="0" failures="0" skipped="0" time="0"><testcase classname="TedgeMapperAzWithoutTimestamp" name="tedge_mapper_az_without_timestamp" />
</testsuite><testsuite name="tedge_mapper_c8y_alarms" tests="1" errors="0" failures="0" skipped="0" time="0"><testcase classname="TedgeMapperC8yAlarm" name="tedge_mapper_c8y_alarms" />
</testsuite><testsuite name="tedge_mapper_c8y_child_device_measurement" tests="1" errors="0" failures="0" skipped="0" time="0"><testcase classname="TedgeMapperC8yChildDevice" name="tedge_mapper_c8y_child_device_measurement" />
</testsuite><testsuite name="tedge_mapper_c8y_packet_threshold_size" tests="1" errors="0" failures="1" skipped="0" time="0"><testcase classname="TedgeMapperC8yThresholdPacketSize" name="tedge_mapper_c8y_packet_threshold_size">
		<failure message="FAILED: Grep on tedge_sub.out contains &quot;The size of the message received on tedge/measurements is 20489 which is greater than the threshold size of 16184.&quot;" type="FAILED" />
		<system-out>11:45:11 INFO  ==============================================================
11:45:11 INFO  Id:    tedge_mapper_c8y_packet_threshold_size
11:45:11 INFO  Dir:   tedge_mapper_c8y/
11:45:11 INFO  Title: Validate the Cumulocity Mapper accepted threshold packet size when it receives a message on tedge/measurements
11:45:11 INFO  ==============================================================
11:45:11 INFO  Executed sudo&lt;tedge_mapper_c8y&gt;, exit status 0
11:45:11 INFO  Started sudo&lt;tedge_sub&gt; with process id 17169
11:45:12 INFO  Executed sudo&lt;tedge_msg&gt;, exit status 0
11:45:12 INFO  Executed sudo&lt;tedge_pub&gt;, exit status 0
11:45:13 INFO  Executed sudo&lt;kill_out&gt;, exit status 0
11:45:13 WARN  Grep on tedge_sub.out contains "The size of the message received on tedge/measurements is 20489 which is greater than the threshold size of 16184." ... failed [run.py:88]
11:45:13 INFO  
11:45:13 INFO  cleanup:
11:45:13 INFO  mapper_cleanup
11:45:14 INFO  Executed sudo&lt;tedge_mapper_c8y&gt;, exit status 0
11:45:14 INFO  
11:45:14 INFO  Test duration: 3.00 secs
11:45:14 INFO  Test final outcome:  FAILED
11:45:14 INFO  Test outcome reason: Grep on tedge_sub.out contains "The size of the message received on tedge/measurements is 20489 which is greater than the threshold size of 16184."
11:45:14 INFO  
</system-out>
	</testcase>
</testsuite><testsuite name="tedge_software_update" tests="1" errors="0" failures="0" skipped="0" time="0"><testcase classname="PySysTest" name="tedge_software_update" />
</testsuite><testsuite name="valid_device_id" tests="1" errors="0" failures="1" skipped="0" time="0"><testcase classname="ValidateValidDeviceId" name="valid_device_id">
		<failure message="BLOCKED: sudo&lt;tedge_connect_c8y&gt; returned non-zero exit code 1" type="BLOCKED" />
		<system-out>11:29:49 INFO  ==============================================================
11:29:49 INFO  Id:    valid_device_id
11:29:49 INFO  Dir:   misc_features/
11:29:49 INFO  Title: Valid device ID
11:29:49 INFO  ==============================================================
11:29:49 INFO  Executed sudo&lt;tedge_disconnect_c8y&gt;, exit status 0
11:29:50 INFO  Executed sudo&lt;create_cert_dir&gt;, exit status 0
11:29:50 INFO  Executed sudo&lt;change_owner_of_dir&gt;, exit status 0
11:29:51 INFO  Executed sudo&lt;set_cert_path&gt;, exit status 0
11:29:51 INFO  Executed sudo&lt;set_key_path&gt;, exit status 0
11:29:52 INFO  Executed sudo&lt;cert_create&gt;, exit status 0
11:29:54 INFO  Executed sudo&lt;cert_upload&gt;, exit status 0
11:29:57 WARN  Executed sudo&lt;tedge_connect_c8y&gt;, exit status 1
11:29:57 INFO  Contents of tedge_connect_c8y.err: 
  ERROR: MqttState(Io(Custom { kind: ConnectionAborted, error: "connection closed by peer" }))
  Error: failed to connect Cumulocity cloud.
  Caused by:
      Connection check failed
  -----

11:29:57 WARN  sudo&lt;tedge_connect_c8y&gt; returned non-zero exit code 1 ... blocked [environment_tedge.py:58,run.py:100]
11:29:57 WARN  Aborted test due to BLOCKED outcome
11:29:57 INFO  
11:29:57 INFO  cleanup:
11:29:58 INFO  Executed sudo&lt;tedge_disconnect_c8y&gt;, exit status 0
11:29:58 INFO  Executed sudo&lt;unset_cert_path&gt;, exit status 0
11:29:59 INFO  Executed sudo&lt;unset_key_path&gt;, exit status 0
11:29:59 INFO  Executed sudo&lt;remove_cert_dir&gt;, exit status 0
11:29:59 INFO  
11:29:59 INFO  Test duration: 10.84 secs
11:29:59 INFO  Test final outcome:  BLOCKED
11:29:59 INFO  Test outcome reason: sudo&lt;tedge_connect_c8y&gt; returned non-zero exit code 1
11:29:59 INFO  
</system-out>
	</testcase>
</testsuite></testsuites>