<?xml version="1.0" encoding="utf-8"?>
<testsuite failures="1" name="c8y_jwt_token_retrieval" skipped="0" tests="1" time="21.65" timestamp="2022-07-25T13:30:11">
	<testcase classname="ValidateJWTTokenRetrieval" name="c8y_jwt_token_retrieval">
		<failure message="FAILED: Grep on resp_jwt.out contains &quot;\[c8y/s/dat\] 71,&quot;" type="FAILED"/>
		<system-out>13:29:50 INFO  ==============================================================
13:29:50 INFO  Id:    c8y_jwt_token_retrieval
13:29:50 INFO  Dir:   cloud_c8y/
13:29:50 INFO  Title: Validate the Cumulocity JWT Token Retrieval feature
13:29:50 INFO  ==============================================================
13:29:50 INFO  Executed sudo&lt;tedge_disconnect_c8y&gt;, exit status 0
13:30:05 INFO  Executed sudo&lt;tedge_connect_c8y&gt;, exit status 0, duration 14 secs
13:30:05 INFO  Started sudo&lt;resp_jwt&gt; with process id 31935
13:30:06 INFO  Executed sudo&lt;req_jwt&gt;, exit status 0
13:30:07 INFO  Executed sudo&lt;kill_out&gt;, exit status 0
13:30:07 WARN  Grep on resp_jwt.out contains &quot;\[c8y/s/dat\] 71,&quot; ... failed [run.py:60]
13:30:07 INFO  
13:30:07 INFO  cleanup:
13:30:11 INFO  Executed sudo&lt;tedge_disconnect_c8y&gt;, exit status 0
13:30:11 INFO  
13:30:11 INFO  Test duration: 21.65 secs
13:30:11 INFO  Test final outcome:  FAILED
13:30:11 INFO  Test outcome reason: Grep on resp_jwt.out contains &quot;\[c8y/s/dat\] 71,&quot;
13:30:11 INFO  
</system-out>
	</testcase>
</testsuite>
