<?xml version="1.0" encoding="utf-8"?>
<testsuite failures="1" name="monitoring_with_simulated_messages" skipped="0" tests="1" time="4.47" timestamp="2022-07-25T13:33:00">
	<testcase classname="MonitoringWithSimulatedMessages" name="monitoring_with_simulated_messages">
		<failure message="BLOCKED: TypeError: 'int' object is not subscriptable" type="BLOCKED"/>
		<system-out>13:32:55 INFO  ==============================================================
13:32:55 INFO  Id:    monitoring_with_simulated_messages
13:32:55 INFO  Dir:   monitoring/
13:32:55 INFO  Title: Validate the tedge dm agent messages that are produced from the simulated collectd messages
13:32:55 INFO  ==============================================================
13:32:56 INFO  Executed sudo&lt;collectd&gt;, exit status 0
13:32:57 INFO  Executed sudo&lt;collectd_mapper&gt;, exit status 0
13:32:57 INFO  Started sudo&lt;tedge_sub&gt; with process id 32714
13:32:57 INFO  Executed sudo&lt;tedge_temp&gt;, exit status 0
13:32:58 INFO  Executed sudo&lt;tedge_pres&gt;, exit status 0
13:32:59 INFO  Executed sudo&lt;kill_out&gt;, exit status 0
13:32:59 INFO  0

13:32:59 WARN  TypeError occurred while running test - 'int' object is not subscriptable
Traceback (most recent call last):
  File &quot;/home/pi/env-pysys/lib/python3.7/site-packages/pysys/baserunner.py&quot;, line 1296, in __call__
    self.testObj.validate()
  File &quot;/home/pi/actions-runner/_work/thin-edge.io/thin-edge.io/tests/PySys/monitoring/monitoring_with_simulated_messages/run.py&quot;, line 98, in validate
    collectd_msg_validation_result=self.validate_json(),
  File &quot;/home/pi/actions-runner/_work/thin-edge.io/thin-edge.io/tests/PySys/monitoring/monitoring_with_simulated_messages/run.py&quot;, line 108, in validate_json
    if not self.validate_time():
  File &quot;/home/pi/actions-runner/_work/thin-edge.io/thin-edge.io/tests/PySys/monitoring/monitoring_with_simulated_messages/run.py&quot;, line 127, in validate_time
    if self.js_msg[&quot;time&quot;]:
TypeError: 'int' object is not subscriptable
13:32:59 WARN  TypeError: 'int' object is not subscriptable ... blocked 
13:32:59 INFO  
13:32:59 INFO  cleanup:
13:32:59 INFO  monitoring_cleanup
13:33:00 INFO  Executed sudo&lt;collectd_mapper&gt;, exit status 0
13:33:00 INFO  
13:33:00 INFO  Test duration: 4.47 secs
13:33:00 INFO  Test final outcome:  BLOCKED
13:33:00 INFO  Test outcome reason: TypeError: 'int' object is not subscriptable
13:33:00 INFO  
</system-out>
	</testcase>
</testsuite>
