<?xml version="1.0" encoding="utf-8"?>
<testsuite failures="1" name="local_mqtt_pub_sub_retain" skipped="0" tests="1" time="6.21" timestamp="2022-07-13T11:33:16">
	<testcase classname="MqttPublishWithRetain" name="local_mqtt_pub_sub_retain">
		<failure message="FAILED: Grep on temp_sensor_sub.out contains &quot;\[test/alarms/temp_sensor\] alarm msg 2&quot; (+1 other failures)" type="FAILED"/>
		<system-out>11:33:09 INFO  ==============================================================
11:33:09 INFO  Id:    local_mqtt_pub_sub_retain
11:33:09 INFO  Dir:   local_mqtt/
11:33:09 INFO  Title: Validate local publishing with retain flag
11:33:09 INFO  ==============================================================
11:33:10 INFO  Executed tedge&lt;pub_to_set_alarm&gt;, exit status 0
11:33:10 INFO  Executed tedge&lt;pub_to_set_alarm&gt;, exit status 0
11:33:11 INFO  Started tedge&lt;temp_sensor_sub&gt; with process id 32109
11:33:12 INFO  Executed tedge&lt;pub_to_clear_alarm&gt;, exit status 0
11:33:13 INFO  Executed sudo&lt;kill_out&gt;, exit status 0
11:33:14 INFO  Executed tedge&lt;pub_to_clear_alarm&gt;, exit status 0
11:33:14 INFO  Started tedge&lt;temp_sensor_empty_message&gt; with process id 32114
11:33:15 INFO  Executed sudo&lt;kill_out&gt;, exit status 0
11:33:15 WARN  Grep on temp_sensor_sub.out contains &quot;\[test/alarms/temp_sensor\] alarm msg 2&quot; ... failed [run.py:139]
11:33:15 WARN  Grep on temp_sensor_sub.out contains &quot;\[test/alarms/temp_sensor\] &quot; ... failed [run.py:142]
11:33:15 INFO  Grep on file temp_sensor_empty_message.out ... passed
11:33:16 INFO  
11:33:16 INFO  Test duration: 6.21 secs
11:33:16 INFO  Test final outcome:  FAILED
11:33:16 INFO  Test outcome reason: Grep on temp_sensor_sub.out contains &quot;\[test/alarms/temp_sensor\] alarm msg 2&quot; (+1 other failures)
11:33:16 INFO  
</system-out>
	</testcase>
</testsuite>
